Fri Nov 03 17:33:30 UTC 2023 - Executing "{openroad -exit -no_init -python /openlane/scripts/odbpy/lefutil.py get_metal_layers -o /openlane/openlane/pes_vedic_mul/runs/run_4/tmp/layers.list /home/vardhan/.volare/sky130A/libs.ref/sky130_fd_sc_hd/techlef/sky130_fd_sc_hd__nom.tlef}"

Fri Nov 03 17:33:34 UTC 2023 - Executing "{/openlane/scripts/mergeLef.py -o /openlane/openlane/pes_vedic_mul/runs/run_4/tmp/merged.nom.lef -i /home/vardhan/.volare/sky130A/libs.ref/sky130_fd_sc_hd/techlef/sky130_fd_sc_hd__nom.tlef {/home/vardhan/.volare/sky130A/libs.ref/sky130_fd_sc_hd/lef/sky130_ef_sc_hd.lef /home/vardhan/.volare/sky130A/libs.ref/sky130_fd_sc_hd/lef/sky130_fd_sc_hd.lef} |& tee /dev/null}"

Fri Nov 03 17:33:35 UTC 2023 - Executing "{/openlane/scripts/mergeLef.py -o /openlane/openlane/pes_vedic_mul/runs/run_4/tmp/merged.min.lef -i /home/vardhan/.volare/sky130A/libs.ref/sky130_fd_sc_hd/techlef/sky130_fd_sc_hd__min.tlef {/home/vardhan/.volare/sky130A/libs.ref/sky130_fd_sc_hd/lef/sky130_ef_sc_hd.lef /home/vardhan/.volare/sky130A/libs.ref/sky130_fd_sc_hd/lef/sky130_fd_sc_hd.lef} |& tee /dev/null}"

Fri Nov 03 17:33:35 UTC 2023 - Executing "{/openlane/scripts/mergeLef.py -o /openlane/openlane/pes_vedic_mul/runs/run_4/tmp/merged.max.lef -i /home/vardhan/.volare/sky130A/libs.ref/sky130_fd_sc_hd/techlef/sky130_fd_sc_hd__max.tlef {/home/vardhan/.volare/sky130A/libs.ref/sky130_fd_sc_hd/lef/sky130_ef_sc_hd.lef /home/vardhan/.volare/sky130A/libs.ref/sky130_fd_sc_hd/lef/sky130_fd_sc_hd.lef} |& tee /dev/null}"

Fri Nov 03 17:33:35 UTC 2023 - Executing "{python3 /openlane/scripts/mergeLib.py --output /openlane/openlane/pes_vedic_mul/runs/run_4/tmp/synthesis/merged.lib --name sky130A_merged /home/vardhan/.volare/sky130A/libs.ref/sky130_fd_sc_hd/lib/sky130_fd_sc_hd__tt_025C_1v80.lib}"

Fri Nov 03 17:33:36 UTC 2023 - Executing "{python3 /openlane/scripts/libtrim.py --cell-file /openlane/openlane/pes_vedic_mul/runs/run_4/tmp/synthesis/trimmed.lib.exclude.list --output /openlane/openlane/pes_vedic_mul/runs/run_4/tmp/synthesis/trimmed.lib /openlane/openlane/pes_vedic_mul/runs/run_4/tmp/synthesis/merged.lib}"

Fri Nov 03 17:33:36 UTC 2023 - Executing "{python3 /openlane/scripts/libtrim.py --cell-file /openlane/openlane/pes_vedic_mul/runs/run_4/tmp/cts/cts.lib.exclude.list --output /openlane/openlane/pes_vedic_mul/runs/run_4/tmp/cts/cts.lib /home/vardhan/.volare/sky130A/libs.ref/sky130_fd_sc_hd/lib/sky130_fd_sc_hd__tt_025C_1v80.lib}"

Fri Nov 03 17:33:36 UTC 2023 - Executing "{python3 /openlane/scripts/libtrim.py --cell-file /openlane/openlane/pes_vedic_mul/runs/run_4/tmp/cts/cts-fastest.lib.exclude.list --output /openlane/openlane/pes_vedic_mul/runs/run_4/tmp/cts/cts-fastest.lib /home/vardhan/.volare/sky130A/libs.ref/sky130_fd_sc_hd/lib/sky130_fd_sc_hd__ff_n40C_1v95.lib}"

Fri Nov 03 17:33:38 UTC 2023 - Executing "{python3 /openlane/scripts/libtrim.py --cell-file /openlane/openlane/pes_vedic_mul/runs/run_4/tmp/cts/cts-slowest.lib.exclude.list --output /openlane/openlane/pes_vedic_mul/runs/run_4/tmp/cts/cts-slowest.lib /home/vardhan/.volare/sky130A/libs.ref/sky130_fd_sc_hd/lib/sky130_fd_sc_hd__ss_100C_1v60.lib}"

Fri Nov 03 17:33:40 UTC 2023 - Executing "{python3 /openlane/scripts/new_tracks.py -i /home/vardhan/.volare/sky130A/libs.tech/openlane/sky130_fd_sc_hd/tracks.info -o /openlane/openlane/pes_vedic_mul/runs/run_4/tmp/routing/config.tracks}"

Fri Nov 03 17:33:40 UTC 2023 - Executing "{echo {OpenLane 6ab36bf20edfd4d111b7a59b21f4050622a03f5a} > /openlane/openlane/pes_vedic_mul/runs/run_4/OPENLANE_VERSION}"

Fri Nov 03 17:33:40 UTC 2023 - Executing "{yosys -c /openlane/scripts/yosys/blackbox.tcl}"

Fri Nov 03 17:33:41 UTC 2023 - Executing "{verilator -Wall --lint-only --Wno-DECLFILENAME --top-module pes_vedic_mul /openlane/openlane/pes_vedic_mul/runs/run_4/tmp/synthesis/blackbox/sky130_fd_sc_hd__blackbox.v /openlane/openlane/pes_vedic_mul/src/pes_vedic_mul.v -Wno-fatal --relative-includes |& tee /openlane/openlane/pes_vedic_mul/runs/run_4/logs/synthesis/linter.log /dev/null}"

Fri Nov 03 17:33:43 UTC 2023 - Executing "{sed -E {s/^([[:space:]]+)pg_pin(.*)/\1pin\2\n\1    direction : "inout";/g} /home/vardhan/.volare/sky130A/libs.ref/sky130_fd_sc_hd/lib/sky130_fd_sc_hd__tt_025C_1v80.lib > /openlane/openlane/pes_vedic_mul/runs/run_4/tmp/synthesis/1-sky130_fd_sc_hd__tt_025C_1v80.no_pg.lib}"

Fri Nov 03 17:33:43 UTC 2023 - Executing "{sed -E {s/^([[:space:]]+)pg_pin(.*)/\1pin\2\n\1    direction : "inout";/g} /openlane/openlane/pes_vedic_mul/runs/run_4/tmp/synthesis/trimmed.lib > /openlane/openlane/pes_vedic_mul/runs/run_4/tmp/synthesis/1-trimmed.no_pg.lib}"

Fri Nov 03 17:33:43 UTC 2023 - Executing "yosys -c /openlane/scripts/yosys/synth.tcl |& tee /dev/null /openlane/openlane/pes_vedic_mul/runs/run_4/logs/synthesis/1-synthesis.log"

Fri Nov 03 17:33:43 UTC 2023 - Executing "{yosys -c /openlane/scripts/yosys/synth.tcl |& tee /dev/null /openlane/openlane/pes_vedic_mul/runs/run_4/logs/synthesis/1-synthesis.log}"

Fri Nov 03 17:33:48 UTC 2023 - Executing "{sed -i.bak -e {s/\(set ::env(CURRENT_NETLIST)\).*/\1 \/openlane\/openlane\/pes_vedic_mul\/runs\/run_4\/results\/synthesis\/pes_vedic_mul.v/} /openlane/openlane/pes_vedic_mul/runs/run_4/config.tcl}"

Fri Nov 03 17:33:48 UTC 2023 - Executing "{sed -i.bak /defparam/d /openlane/openlane/pes_vedic_mul/runs/run_4/results/synthesis/pes_vedic_mul.v}"

Fri Nov 03 17:33:48 UTC 2023 - Executing "sta -exit -no_init /openlane/scripts/openroad/sta/multi_corner.tcl |& tee /dev/null /openlane/openlane/pes_vedic_mul/runs/run_4/logs/synthesis/2-sta.log"

Fri Nov 03 17:33:48 UTC 2023 - Executing "{sta -exit -no_init /openlane/scripts/openroad/sta/multi_corner.tcl |& tee /dev/null /openlane/openlane/pes_vedic_mul/runs/run_4/logs/synthesis/2-sta.log}"

Fri Nov 03 17:33:49 UTC 2023 - Executing "openroad -exit /openlane/scripts/openroad/floorplan.tcl |& tee /dev/null /openlane/openlane/pes_vedic_mul/runs/run_4/logs/floorplan/3-initial_fp.log"

Fri Nov 03 17:33:49 UTC 2023 - Executing "{openroad -exit /openlane/scripts/openroad/floorplan.tcl |& tee /dev/null /openlane/openlane/pes_vedic_mul/runs/run_4/logs/floorplan/3-initial_fp.log}"

Fri Nov 03 17:33:52 UTC 2023 - Executing "{openroad -exit -no_init -python /openlane/scripts/odbpy/snap_to_grid.py --output /openlane/openlane/pes_vedic_mul/runs/run_4/tmp/floorplan/3-minimized_pdn.txt --input-lef /openlane/openlane/pes_vedic_mul/runs/run_4/tmp/merged.nom.lef 9.545 9.520000000000001 19.09 19.040000000000003}"

Fri Nov 03 17:33:53 UTC 2023 - Executing "{openroad -exit -no_init -python /openlane/scripts/odbpy/defutil.py extract_core_dims --output-data /openlane/openlane/pes_vedic_mul/runs/run_4/tmp/dimensions.txt --input-lef /openlane/openlane/pes_vedic_mul/runs/run_4/tmp/merged.nom.lef /openlane/openlane/pes_vedic_mul/runs/run_4/tmp/floorplan/3-initial_fp.def}"

Fri Nov 03 17:33:53 UTC 2023 - Executing "openroad -exit /openlane/scripts/openroad/ioplacer.tcl |& tee /dev/null /openlane/openlane/pes_vedic_mul/runs/run_4/logs/floorplan/4-io.log"

Fri Nov 03 17:33:54 UTC 2023 - Executing "{openroad -exit /openlane/scripts/openroad/ioplacer.tcl |& tee /dev/null /openlane/openlane/pes_vedic_mul/runs/run_4/logs/floorplan/4-io.log}"

Fri Nov 03 17:33:54 UTC 2023 - Executing "openroad -exit /openlane/scripts/openroad/tapcell.tcl |& tee /dev/null /openlane/openlane/pes_vedic_mul/runs/run_4/logs/floorplan/5-tap.log"

Fri Nov 03 17:33:54 UTC 2023 - Executing "{openroad -exit /openlane/scripts/openroad/tapcell.tcl |& tee /dev/null /openlane/openlane/pes_vedic_mul/runs/run_4/logs/floorplan/5-tap.log}"

Fri Nov 03 17:33:55 UTC 2023 - Executing "openroad -exit /openlane/scripts/openroad/pdn.tcl |& tee /dev/null /openlane/openlane/pes_vedic_mul/runs/run_4/logs/floorplan/6-pdn.log"

Fri Nov 03 17:33:55 UTC 2023 - Executing "{openroad -exit /openlane/scripts/openroad/pdn.tcl |& tee /dev/null /openlane/openlane/pes_vedic_mul/runs/run_4/logs/floorplan/6-pdn.log}"

Fri Nov 03 17:33:56 UTC 2023 - Executing "openroad -exit /openlane/scripts/openroad/gpl.tcl |& tee /dev/null /openlane/openlane/pes_vedic_mul/runs/run_4/logs/placement/7-global_skip_io.log"

Fri Nov 03 17:33:57 UTC 2023 - Executing "{openroad -exit /openlane/scripts/openroad/gpl.tcl |& tee /dev/null /openlane/openlane/pes_vedic_mul/runs/run_4/logs/placement/7-global_skip_io.log}"

Fri Nov 03 17:33:57 UTC 2023 - Executing "{sed -i.bak -e {s/\(set ::env(CURRENT_NETLIST)\).*/\1 \/openlane\/openlane\/pes_vedic_mul\/runs\/run_4\/tmp\/placement\/7-global_skip_io.nl.v/} /openlane/openlane/pes_vedic_mul/runs/run_4/config.tcl}"

Fri Nov 03 17:33:57 UTC 2023 - Executing "openroad -exit /openlane/scripts/openroad/sta/multi_corner.tcl |& tee /dev/null /openlane/openlane/pes_vedic_mul/runs/run_4/logs/placement/8-gpl_sta.log"

Fri Nov 03 17:33:57 UTC 2023 - Executing "{openroad -exit /openlane/scripts/openroad/sta/multi_corner.tcl |& tee /dev/null /openlane/openlane/pes_vedic_mul/runs/run_4/logs/placement/8-gpl_sta.log}"

Fri Nov 03 17:33:59 UTC 2023 - Executing "openroad -exit /openlane/scripts/openroad/ioplacer.tcl |& tee /dev/null /openlane/openlane/pes_vedic_mul/runs/run_4/logs/placement/9-io.log"

Fri Nov 03 17:33:59 UTC 2023 - Executing "{openroad -exit /openlane/scripts/openroad/ioplacer.tcl |& tee /dev/null /openlane/openlane/pes_vedic_mul/runs/run_4/logs/placement/9-io.log}"

Fri Nov 03 17:33:59 UTC 2023 - Executing "openroad -exit /openlane/scripts/openroad/gpl.tcl |& tee /dev/null /openlane/openlane/pes_vedic_mul/runs/run_4/logs/placement/10-global.log"

Fri Nov 03 17:33:59 UTC 2023 - Executing "{openroad -exit /openlane/scripts/openroad/gpl.tcl |& tee /dev/null /openlane/openlane/pes_vedic_mul/runs/run_4/logs/placement/10-global.log}"

Fri Nov 03 17:34:00 UTC 2023 - Executing "{sed -i.bak -e {s/\(set ::env(CURRENT_NETLIST)\).*/\1 \/openlane\/openlane\/pes_vedic_mul\/runs\/run_4\/tmp\/placement\/10-global.nl.v/} /openlane/openlane/pes_vedic_mul/runs/run_4/config.tcl}"

Fri Nov 03 17:34:00 UTC 2023 - Executing "openroad -exit /openlane/scripts/openroad/sta/multi_corner.tcl |& tee /dev/null /openlane/openlane/pes_vedic_mul/runs/run_4/logs/placement/11-gpl_sta.log"

Fri Nov 03 17:34:00 UTC 2023 - Executing "{openroad -exit /openlane/scripts/openroad/sta/multi_corner.tcl |& tee /dev/null /openlane/openlane/pes_vedic_mul/runs/run_4/logs/placement/11-gpl_sta.log}"

Fri Nov 03 17:34:01 UTC 2023 - Executing "openroad -exit /openlane/scripts/openroad/resizer.tcl |& tee /dev/null /openlane/openlane/pes_vedic_mul/runs/run_4/logs/placement/12-resizer.log"

Fri Nov 03 17:34:01 UTC 2023 - Executing "{openroad -exit /openlane/scripts/openroad/resizer.tcl |& tee /dev/null /openlane/openlane/pes_vedic_mul/runs/run_4/logs/placement/12-resizer.log}"

Fri Nov 03 17:34:04 UTC 2023 - Executing "{sed -i.bak -e {s/\(set ::env(CURRENT_NETLIST)\).*/\1 \/openlane\/openlane\/pes_vedic_mul\/runs\/run_4\/tmp\/placement\/12-resizer.nl.v/} /openlane/openlane/pes_vedic_mul/runs/run_4/config.tcl}"

Fri Nov 03 17:34:04 UTC 2023 - Executing "openroad -exit /openlane/scripts/openroad/dpl.tcl |& tee /dev/null /openlane/openlane/pes_vedic_mul/runs/run_4/logs/placement/13-detailed.log"

Fri Nov 03 17:34:04 UTC 2023 - Executing "{openroad -exit /openlane/scripts/openroad/dpl.tcl |& tee /dev/null /openlane/openlane/pes_vedic_mul/runs/run_4/logs/placement/13-detailed.log}"

Fri Nov 03 17:34:05 UTC 2023 - Executing "{sed -i.bak -e {s/\(set ::env(CURRENT_NETLIST)\).*/\1 \/openlane\/openlane\/pes_vedic_mul\/runs\/run_4\/results\/placement\/pes_vedic_mul.nl.v/} /openlane/openlane/pes_vedic_mul/runs/run_4/config.tcl}"

Fri Nov 03 17:34:05 UTC 2023 - Executing "openroad -exit /openlane/scripts/openroad/sta/multi_corner.tcl |& tee /dev/null /openlane/openlane/pes_vedic_mul/runs/run_4/logs/placement/14-dpl_sta.log"

Fri Nov 03 17:34:05 UTC 2023 - Executing "{openroad -exit /openlane/scripts/openroad/sta/multi_corner.tcl |& tee /dev/null /openlane/openlane/pes_vedic_mul/runs/run_4/logs/placement/14-dpl_sta.log}"

Fri Nov 03 17:34:06 UTC 2023 - Executing "openroad -exit /openlane/scripts/openroad/cts.tcl |& tee /dev/null /openlane/openlane/pes_vedic_mul/runs/run_4/logs/cts/15-cts.log"

Fri Nov 03 17:34:06 UTC 2023 - Executing "{openroad -exit /openlane/scripts/openroad/cts.tcl |& tee /dev/null /openlane/openlane/pes_vedic_mul/runs/run_4/logs/cts/15-cts.log}"

Fri Nov 03 17:34:41 UTC 2023 - Executing "openroad -exit /openlane/scripts/openroad/sta/multi_corner.tcl |& tee /dev/null /openlane/openlane/pes_vedic_mul/runs/run_4/logs/cts/16-cts_sta.log"

Fri Nov 03 17:34:41 UTC 2023 - Executing "{openroad -exit /openlane/scripts/openroad/sta/multi_corner.tcl |& tee /dev/null /openlane/openlane/pes_vedic_mul/runs/run_4/logs/cts/16-cts_sta.log}"

Fri Nov 03 17:34:42 UTC 2023 - Executing "openroad -exit /openlane/scripts/openroad/resizer_timing.tcl |& tee /dev/null /openlane/openlane/pes_vedic_mul/runs/run_4/logs/cts/17-resizer.log"

Fri Nov 03 17:34:42 UTC 2023 - Executing "{openroad -exit /openlane/scripts/openroad/resizer_timing.tcl |& tee /dev/null /openlane/openlane/pes_vedic_mul/runs/run_4/logs/cts/17-resizer.log}"

Fri Nov 03 17:34:45 UTC 2023 - Executing "{sed -i.bak -e {s/\(set ::env(CURRENT_NETLIST)\).*/\1 \/openlane\/openlane\/pes_vedic_mul\/runs\/run_4\/tmp\/cts\/17-pes_vedic_mul.resized.nl.v/} /openlane/openlane/pes_vedic_mul/runs/run_4/config.tcl}"

Fri Nov 03 17:34:45 UTC 2023 - Executing "openroad -exit /openlane/scripts/openroad/resizer_routing_design.tcl |& tee /dev/null /openlane/openlane/pes_vedic_mul/runs/run_4/logs/routing/18-resizer_design.log"

Fri Nov 03 17:34:45 UTC 2023 - Executing "{openroad -exit /openlane/scripts/openroad/resizer_routing_design.tcl |& tee /dev/null /openlane/openlane/pes_vedic_mul/runs/run_4/logs/routing/18-resizer_design.log}"

Fri Nov 03 17:34:48 UTC 2023 - Executing "{sed -i.bak -e {s/\(set ::env(CURRENT_NETLIST)\).*/\1 \/openlane\/openlane\/pes_vedic_mul\/runs\/run_4\/tmp\/18-pes_vedic_mul.nl.v/} /openlane/openlane/pes_vedic_mul/runs/run_4/config.tcl}"

Fri Nov 03 17:34:48 UTC 2023 - Executing "openroad -exit /openlane/scripts/openroad/sta/multi_corner.tcl |& tee /dev/null /openlane/openlane/pes_vedic_mul/runs/run_4/logs/routing/19-rsz_design_sta.log"

Fri Nov 03 17:34:48 UTC 2023 - Executing "{openroad -exit /openlane/scripts/openroad/sta/multi_corner.tcl |& tee /dev/null /openlane/openlane/pes_vedic_mul/runs/run_4/logs/routing/19-rsz_design_sta.log}"

Fri Nov 03 17:34:49 UTC 2023 - Executing "openroad -exit /openlane/scripts/openroad/resizer_routing_timing.tcl |& tee /dev/null /openlane/openlane/pes_vedic_mul/runs/run_4/logs/routing/20-resizer_timing.log"

Fri Nov 03 17:34:49 UTC 2023 - Executing "{openroad -exit /openlane/scripts/openroad/resizer_routing_timing.tcl |& tee /dev/null /openlane/openlane/pes_vedic_mul/runs/run_4/logs/routing/20-resizer_timing.log}"

Fri Nov 03 17:34:52 UTC 2023 - Executing "{sed -i.bak -e {s/\(set ::env(CURRENT_NETLIST)\).*/\1 \/openlane\/openlane\/pes_vedic_mul\/runs\/run_4\/tmp\/20-pes_vedic_mul.nl.v/} /openlane/openlane/pes_vedic_mul/runs/run_4/config.tcl}"

Fri Nov 03 17:34:52 UTC 2023 - Executing "openroad -exit /openlane/scripts/openroad/sta/multi_corner.tcl |& tee /dev/null /openlane/openlane/pes_vedic_mul/runs/run_4/logs/routing/21-rsz_timing_sta.log"

Fri Nov 03 17:34:52 UTC 2023 - Executing "{openroad -exit /openlane/scripts/openroad/sta/multi_corner.tcl |& tee /dev/null /openlane/openlane/pes_vedic_mul/runs/run_4/logs/routing/21-rsz_timing_sta.log}"

Fri Nov 03 17:34:53 UTC 2023 - Executing "openroad -exit /openlane/scripts/openroad/repair_antennas.tcl |& tee /dev/null /openlane/openlane/pes_vedic_mul/runs/run_4/logs/routing/22-global.log"

Fri Nov 03 17:34:53 UTC 2023 - Executing "{openroad -exit /openlane/scripts/openroad/repair_antennas.tcl |& tee /dev/null /openlane/openlane/pes_vedic_mul/runs/run_4/logs/routing/22-global.log}"

Fri Nov 03 17:34:54 UTC 2023 - Executing "openroad -exit /openlane/scripts/openroad/write_views.tcl |& tee /dev/null /openlane/openlane/pes_vedic_mul/runs/run_4/logs/routing/22-global_write_netlist.log"

Fri Nov 03 17:34:54 UTC 2023 - Executing "{openroad -exit /openlane/scripts/openroad/write_views.tcl |& tee /dev/null /openlane/openlane/pes_vedic_mul/runs/run_4/logs/routing/22-global_write_netlist.log}"

Fri Nov 03 17:34:54 UTC 2023 - Executing "{sed -i.bak -e {s/\(set ::env(CURRENT_NETLIST)\).*/\1 \/openlane\/openlane\/pes_vedic_mul\/runs\/run_4\/tmp\/routing\/global.nl.v/} /openlane/openlane/pes_vedic_mul/runs/run_4/config.tcl}"

Fri Nov 03 17:34:55 UTC 2023 - Executing "openroad -exit /openlane/scripts/openroad/sta/multi_corner.tcl |& tee /dev/null /openlane/openlane/pes_vedic_mul/runs/run_4/logs/routing/24-grt_sta.log"

Fri Nov 03 17:34:55 UTC 2023 - Executing "{openroad -exit /openlane/scripts/openroad/sta/multi_corner.tcl |& tee /dev/null /openlane/openlane/pes_vedic_mul/runs/run_4/logs/routing/24-grt_sta.log}"

Fri Nov 03 17:34:55 UTC 2023 - Executing "openroad -exit /openlane/scripts/openroad/fill.tcl |& tee /dev/null /openlane/openlane/pes_vedic_mul/runs/run_4/logs/routing/25-fill.log"

Fri Nov 03 17:34:55 UTC 2023 - Executing "{openroad -exit /openlane/scripts/openroad/fill.tcl |& tee /dev/null /openlane/openlane/pes_vedic_mul/runs/run_4/logs/routing/25-fill.log}"

Fri Nov 03 17:34:56 UTC 2023 - Executing "{sed -i.bak -e {s/\(set ::env(CURRENT_NETLIST)\).*/\1 \/openlane\/openlane\/pes_vedic_mul\/runs\/run_4\/tmp\/routing\/25-fill.nl.v/} /openlane/openlane/pes_vedic_mul/runs/run_4/config.tcl}"

Fri Nov 03 17:34:56 UTC 2023 - Executing "openroad -exit /openlane/scripts/openroad/droute.tcl |& tee /dev/null /openlane/openlane/pes_vedic_mul/runs/run_4/logs/routing/26-detailed.log"

Fri Nov 03 17:34:56 UTC 2023 - Executing "{openroad -exit /openlane/scripts/openroad/droute.tcl |& tee /dev/null /openlane/openlane/pes_vedic_mul/runs/run_4/logs/routing/26-detailed.log}"

Fri Nov 03 17:35:21 UTC 2023 - Executing "{sed -i.bak -e {s/\(set ::env(CURRENT_NETLIST)\).*/\1 \/openlane\/openlane\/pes_vedic_mul\/runs\/run_4\/results\/routing\/pes_vedic_mul.nl.v/} /openlane/openlane/pes_vedic_mul/runs/run_4/config.tcl}"

Fri Nov 03 17:35:21 UTC 2023 - Executing "{python3 /openlane/scripts/drc_rosetta.py tr to_klayout -o /openlane/openlane/pes_vedic_mul/runs/run_4/reports/routing/drt.klayout.xml --design-name pes_vedic_mul /openlane/openlane/pes_vedic_mul/runs/run_4/reports/routing/drt.drc}"

Fri Nov 03 17:35:21 UTC 2023 - Executing "{openroad -exit -no_init -python /openlane/scripts/odbpy/wire_lengths.py --report-out /openlane/openlane/pes_vedic_mul/runs/run_4/reports/routing/27-wire_lengths.csv --input-lef /openlane/openlane/pes_vedic_mul/runs/run_4/tmp/merged.nom.lef --output-def /dev/null --output /openlane/openlane/pes_vedic_mul/runs/run_4/results/routing/pes_vedic_mul.odb /openlane/openlane/pes_vedic_mul/runs/run_4/results/routing/pes_vedic_mul.odb |& tee /dev/null /openlane/openlane/pes_vedic_mul/runs/run_4/logs/routing/27-wire_lengths.log}"

Fri Nov 03 17:35:22 UTC 2023 - Executing "openroad -exit /openlane/scripts/openroad/rcx.tcl |& tee /dev/null /openlane/openlane/pes_vedic_mul/runs/run_4/logs/signoff/28-parasitics_extraction.min.log"

Fri Nov 03 17:35:22 UTC 2023 - Executing "{openroad -exit /openlane/scripts/openroad/rcx.tcl |& tee /dev/null /openlane/openlane/pes_vedic_mul/runs/run_4/logs/signoff/28-parasitics_extraction.min.log}"

Fri Nov 03 17:35:23 UTC 2023 - Executing "sta -exit -no_init /openlane/scripts/openroad/sta/multi_corner.tcl |& tee /dev/null /openlane/openlane/pes_vedic_mul/runs/run_4/logs/signoff/29-rcx_mcsta.min.log"

Fri Nov 03 17:35:23 UTC 2023 - Executing "{sta -exit -no_init /openlane/scripts/openroad/sta/multi_corner.tcl |& tee /dev/null /openlane/openlane/pes_vedic_mul/runs/run_4/logs/signoff/29-rcx_mcsta.min.log}"

Fri Nov 03 17:35:25 UTC 2023 - Executing "openroad -exit /openlane/scripts/openroad/rcx.tcl |& tee /dev/null /openlane/openlane/pes_vedic_mul/runs/run_4/logs/signoff/30-parasitics_extraction.max.log"

Fri Nov 03 17:35:25 UTC 2023 - Executing "{openroad -exit /openlane/scripts/openroad/rcx.tcl |& tee /dev/null /openlane/openlane/pes_vedic_mul/runs/run_4/logs/signoff/30-parasitics_extraction.max.log}"

Fri Nov 03 17:35:26 UTC 2023 - Executing "sta -exit -no_init /openlane/scripts/openroad/sta/multi_corner.tcl |& tee /dev/null /openlane/openlane/pes_vedic_mul/runs/run_4/logs/signoff/31-rcx_mcsta.max.log"

Fri Nov 03 17:35:26 UTC 2023 - Executing "{sta -exit -no_init /openlane/scripts/openroad/sta/multi_corner.tcl |& tee /dev/null /openlane/openlane/pes_vedic_mul/runs/run_4/logs/signoff/31-rcx_mcsta.max.log}"

Fri Nov 03 17:35:28 UTC 2023 - Executing "openroad -exit /openlane/scripts/openroad/rcx.tcl |& tee /dev/null /openlane/openlane/pes_vedic_mul/runs/run_4/logs/signoff/32-parasitics_extraction.nom.log"

Fri Nov 03 17:35:28 UTC 2023 - Executing "{openroad -exit /openlane/scripts/openroad/rcx.tcl |& tee /dev/null /openlane/openlane/pes_vedic_mul/runs/run_4/logs/signoff/32-parasitics_extraction.nom.log}"

Fri Nov 03 17:35:29 UTC 2023 - Executing "sta -exit -no_init /openlane/scripts/openroad/sta/multi_corner.tcl |& tee /dev/null /openlane/openlane/pes_vedic_mul/runs/run_4/logs/signoff/33-rcx_mcsta.nom.log"

Fri Nov 03 17:35:29 UTC 2023 - Executing "{sta -exit -no_init /openlane/scripts/openroad/sta/multi_corner.tcl |& tee /dev/null /openlane/openlane/pes_vedic_mul/runs/run_4/logs/signoff/33-rcx_mcsta.nom.log}"

Fri Nov 03 17:35:32 UTC 2023 - Executing "openroad -exit /openlane/scripts/openroad/irdrop.tcl |& tee /dev/null /openlane/openlane/pes_vedic_mul/runs/run_4/logs/signoff/34-irdrop.log"

Fri Nov 03 17:35:32 UTC 2023 - Executing "{openroad -exit /openlane/scripts/openroad/irdrop.tcl |& tee /dev/null /openlane/openlane/pes_vedic_mul/runs/run_4/logs/signoff/34-irdrop.log}"

Fri Nov 03 17:35:34 UTC 2023 - Executing "magic -noconsole -dnull -rcfile /home/vardhan/.volare/sky130A/libs.tech/magic/sky130A.magicrc < /openlane/scripts/magic/wrapper.tcl |& tee /dev/null /openlane/openlane/pes_vedic_mul/runs/run_4/logs/signoff/35-gdsii.log"

Fri Nov 03 17:35:34 UTC 2023 - Executing "{magic -noconsole -dnull -rcfile /home/vardhan/.volare/sky130A/libs.tech/magic/sky130A.magicrc < /openlane/scripts/magic/wrapper.tcl |& tee /dev/null /openlane/openlane/pes_vedic_mul/runs/run_4/logs/signoff/35-gdsii.log}"

Fri Nov 03 17:35:36 UTC 2023 - Executing "magic -noconsole -dnull -rcfile /home/vardhan/.volare/sky130A/libs.tech/magic/sky130A.magicrc < /openlane/scripts/magic/wrapper.tcl |& tee /dev/null /openlane/openlane/pes_vedic_mul/runs/run_4/logs/signoff/35-gds_ptrs.log"

Fri Nov 03 17:35:36 UTC 2023 - Executing "{magic -noconsole -dnull -rcfile /home/vardhan/.volare/sky130A/libs.tech/magic/sky130A.magicrc < /openlane/scripts/magic/wrapper.tcl |& tee /dev/null /openlane/openlane/pes_vedic_mul/runs/run_4/logs/signoff/35-gds_ptrs.log}"

Fri Nov 03 17:35:36 UTC 2023 - Executing "{sed -i.bak -n {/^<< properties >>/,/^<< end >>/p} /openlane/openlane/pes_vedic_mul/runs/run_4/tmp/signoff/gds_ptrs.mag}"

Fri Nov 03 17:35:36 UTC 2023 - Executing "magic -noconsole -dnull -rcfile /home/vardhan/.volare/sky130A/libs.tech/magic/sky130A.magicrc < /openlane/scripts/magic/wrapper.tcl |& tee /dev/null /openlane/openlane/pes_vedic_mul/runs/run_4/logs/signoff/35-lef.log"

Fri Nov 03 17:35:36 UTC 2023 - Executing "{magic -noconsole -dnull -rcfile /home/vardhan/.volare/sky130A/libs.tech/magic/sky130A.magicrc < /openlane/scripts/magic/wrapper.tcl |& tee /dev/null /openlane/openlane/pes_vedic_mul/runs/run_4/logs/signoff/35-lef.log}"

Fri Nov 03 17:35:37 UTC 2023 - Executing "magic -noconsole -dnull -rcfile /home/vardhan/.volare/sky130A/libs.tech/magic/sky130A.magicrc < /openlane/scripts/magic/wrapper.tcl |& tee /dev/null /openlane/openlane/pes_vedic_mul/runs/run_4/logs/signoff/35-maglef.log"

Fri Nov 03 17:35:37 UTC 2023 - Executing "{magic -noconsole -dnull -rcfile /home/vardhan/.volare/sky130A/libs.tech/magic/sky130A.magicrc < /openlane/scripts/magic/wrapper.tcl |& tee /dev/null /openlane/openlane/pes_vedic_mul/runs/run_4/logs/signoff/35-maglef.log}"

Fri Nov 03 17:35:37 UTC 2023 - Executing "{python3 /openlane/scripts/klayout/stream_out.py --output /openlane/openlane/pes_vedic_mul/runs/run_4/results/signoff/pes_vedic_mul.klayout.gds --lyt /home/vardhan/.volare/sky130A/libs.tech/klayout/tech/sky130A.lyt --lym /home/vardhan/.volare/sky130A/libs.tech/klayout/tech/sky130A.map --lyp /home/vardhan/.volare/sky130A/libs.tech/klayout/tech/sky130A.lyp --top pes_vedic_mul --with-gds-file /home/vardhan/.volare/sky130A/libs.ref/sky130_fd_sc_hd/gds/sky130_fd_sc_hd.gds --input-lef /openlane/openlane/pes_vedic_mul/runs/run_4/tmp/merged.nom.lef /openlane/openlane/pes_vedic_mul/runs/run_4/results/routing/pes_vedic_mul.def |& tee /dev/null /openlane/openlane/pes_vedic_mul/runs/run_4/logs/signoff/36-gdsii-klayout.log}"

Fri Nov 03 17:35:43 UTC 2023 - Executing "{klayout -b -r /openlane/scripts/klayout/xor.drc -rd a=/openlane/openlane/pes_vedic_mul/runs/run_4/results/signoff/pes_vedic_mul.gds -rd b=/openlane/openlane/pes_vedic_mul/runs/run_4/results/signoff/pes_vedic_mul.klayout.gds -rd jobs=1 -rd rdb_out=/openlane/openlane/pes_vedic_mul/runs/run_4/reports/signoff/37-xor.xml -rd ignore=81/14 -rd rpt_out=/openlane/openlane/pes_vedic_mul/runs/run_4/reports/signoff/37-xor.rpt |& tee /dev/null /openlane/openlane/pes_vedic_mul/runs/run_4/logs/signoff/37-xor.log}"

Fri Nov 03 17:35:45 UTC 2023 - Executing "magic -noconsole -dnull -rcfile /home/vardhan/.volare/sky130A/libs.tech/magic/sky130A.magicrc < /openlane/scripts/magic/wrapper.tcl |& tee /dev/null /openlane/openlane/pes_vedic_mul/runs/run_4/logs/signoff/38-spice.log"

Fri Nov 03 17:35:45 UTC 2023 - Executing "{magic -noconsole -dnull -rcfile /home/vardhan/.volare/sky130A/libs.tech/magic/sky130A.magicrc < /openlane/scripts/magic/wrapper.tcl |& tee /dev/null /openlane/openlane/pes_vedic_mul/runs/run_4/logs/signoff/38-spice.log}"

Fri Nov 03 17:35:47 UTC 2023 - Executing "{openroad -exit -no_init -python /openlane/scripts/odbpy/power_utils.py write_powered_def --output /openlane/openlane/pes_vedic_mul/runs/run_4/tmp/signoff/38-pes_vedic_mul.p.def --input-lef /openlane/openlane/pes_vedic_mul/runs/run_4/tmp/merged.nom.lef --power-port VPWR --ground-port VGND --powered-netlist {} /openlane/openlane/pes_vedic_mul/runs/run_4/results/routing/pes_vedic_mul.def |& tee /dev/null /openlane/openlane/pes_vedic_mul/runs/run_4/logs/signoff/39-write_powered_def.log}"

Fri Nov 03 17:35:48 UTC 2023 - Executing "openroad -exit /openlane/scripts/openroad/write_views.tcl |& tee /dev/null /openlane/openlane/pes_vedic_mul/runs/run_4/logs/signoff/39-write_powered_verilog.log"

Fri Nov 03 17:35:48 UTC 2023 - Executing "{openroad -exit /openlane/scripts/openroad/write_views.tcl |& tee /dev/null /openlane/openlane/pes_vedic_mul/runs/run_4/logs/signoff/39-write_powered_verilog.log}"

Fri Nov 03 17:35:49 UTC 2023 - Executing "{sed -i.bak -e {s/\(set ::env(CURRENT_NETLIST)\).*/\1 \/openlane\/openlane\/pes_vedic_mul\/runs\/run_4\/tmp\/signoff\/38-pes_vedic_mul.nl.v/} /openlane/openlane/pes_vedic_mul/runs/run_4/config.tcl}"

Fri Nov 03 17:35:49 UTC 2023 - Executing "{netgen -batch source /openlane/openlane/pes_vedic_mul/runs/run_4/tmp/signoff/41-setup_file.lef.lvs |& tee /dev/null /openlane/openlane/pes_vedic_mul/runs/run_4/logs/signoff/41-lvs.lef.log}"

Fri Nov 03 17:35:50 UTC 2023 - Executing "magic -noconsole -dnull -rcfile /home/vardhan/.volare/sky130A/libs.tech/magic/sky130A.magicrc < /openlane/scripts/magic/wrapper.tcl |& tee /dev/null /openlane/openlane/pes_vedic_mul/runs/run_4/logs/signoff/42-drc.log"

Fri Nov 03 17:35:50 UTC 2023 - Executing "{magic -noconsole -dnull -rcfile /home/vardhan/.volare/sky130A/libs.tech/magic/sky130A.magicrc < /openlane/scripts/magic/wrapper.tcl |& tee /dev/null /openlane/openlane/pes_vedic_mul/runs/run_4/logs/signoff/42-drc.log}"

Fri Nov 03 17:35:52 UTC 2023 - Executing "{python3 /openlane/scripts/drc_rosetta.py magic to_tcl -o /openlane/openlane/pes_vedic_mul/runs/run_4/reports/signoff/drc.tcl /openlane/openlane/pes_vedic_mul/runs/run_4/reports/signoff/drc.rpt}"

Fri Nov 03 17:35:52 UTC 2023 - Executing "{python3 /openlane/scripts/drc_rosetta.py magic to_tr -o /openlane/openlane/pes_vedic_mul/runs/run_4/reports/signoff/drc.tr /openlane/openlane/pes_vedic_mul/runs/run_4/reports/signoff/drc.rpt}"

Fri Nov 03 17:35:52 UTC 2023 - Executing "{python3 /openlane/scripts/drc_rosetta.py tr to_klayout -o /openlane/openlane/pes_vedic_mul/runs/run_4/reports/signoff/drc.klayout.xml --design-name pes_vedic_mul /openlane/openlane/pes_vedic_mul/runs/run_4/reports/signoff/drc.tr}"

Fri Nov 03 17:35:52 UTC 2023 - Executing "{python3 /openlane/scripts/drc_rosetta.py magic to_rdb -o /openlane/openlane/pes_vedic_mul/runs/run_4/reports/signoff/drc.rdb /openlane/openlane/pes_vedic_mul/runs/run_4/reports/signoff/drc.rpt}"

Fri Nov 03 17:35:52 UTC 2023 - Executing "openroad -exit /openlane/scripts/openroad/antenna_check.tcl |& tee /dev/null /openlane/openlane/pes_vedic_mul/runs/run_4/logs/signoff/43-arc.log"

Fri Nov 03 17:35:52 UTC 2023 - Executing "{openroad -exit /openlane/scripts/openroad/antenna_check.tcl |& tee /dev/null /openlane/openlane/pes_vedic_mul/runs/run_4/logs/signoff/43-arc.log}"

Fri Nov 03 17:35:53 UTC 2023 - Executing "{python3 /openlane/scripts/extract_antenna_violators.py --output /openlane/openlane/pes_vedic_mul/runs/run_4/reports/signoff/43-antenna_violators.rpt --plain-out /openlane/openlane/pes_vedic_mul/runs/run_4/reports/signoff/43-antenna_violators_pins.txt /openlane/openlane/pes_vedic_mul/runs/run_4/logs/signoff/43-arc.log}"

Fri Nov 03 17:35:53 UTC 2023 - Executing "{python3 /openlane/scripts/write_runtime.py --conclude --seconds --time-in 1699032953 {flow completed}}"

Fri Nov 03 17:35:53 UTC 2023 - Executing "{python3 /openlane/scripts/generate_reports.py -d /openlane/openlane/pes_vedic_mul --design_name pes_vedic_mul --tag run_4 --output_file /openlane/openlane/pes_vedic_mul/runs/run_4/reports/metrics.csv --man_report /openlane/openlane/pes_vedic_mul/runs/run_4/reports/manufacturability.rpt --run_path /openlane/openlane/pes_vedic_mul/runs/run_4}"

