
===========================================================================
report_checks -path_delay max (Setup)
============================================================================
======================= Typical Corner ===================================

Startpoint: b[0] (input port clocked by clk)
Endpoint: prod[15] (output port clocked by clk)
Path Group: clk
Path Type: max

Fanout     Cap    Slew   Delay    Time   Description
-----------------------------------------------------------------------------
                  0.00    0.00    0.00   clock clk (rise edge)
                          0.00    0.00   clock network delay (ideal)
                          2.00    2.00 ^ input external delay
     1    0.00    0.02    0.01    2.01 ^ b[0] (in)
                                         b[0] (net)
                  0.02    0.00    2.01 ^ input9/A (sky130_fd_sc_hd__buf_1)
     4    0.01    0.13    0.14    2.15 ^ input9/X (sky130_fd_sc_hd__buf_1)
                                         net9 (net)
                  0.13    0.00    2.15 ^ _504_/A (sky130_fd_sc_hd__buf_2)
    10    0.03    0.15    0.23    2.38 ^ _504_/X (sky130_fd_sc_hd__buf_2)
                                         _255_ (net)
                  0.15    0.00    2.38 ^ _584_/A (sky130_fd_sc_hd__nand2_1)
     4    0.01    0.10    0.13    2.51 v _584_/Y (sky130_fd_sc_hd__nand2_1)
                                         _019_ (net)
                  0.10    0.00    2.51 v _627_/C (sky130_fd_sc_hd__or3_1)
     3    0.01    0.09    0.37    2.88 v _627_/X (sky130_fd_sc_hd__or3_1)
                                         _062_ (net)
                  0.09    0.00    2.88 v _629_/B (sky130_fd_sc_hd__and3_1)
     3    0.01    0.06    0.22    3.09 v _629_/X (sky130_fd_sc_hd__and3_1)
                                         _064_ (net)
                  0.06    0.00    3.09 v _631_/A (sky130_fd_sc_hd__or2_1)
     2    0.01    0.07    0.26    3.35 v _631_/X (sky130_fd_sc_hd__or2_1)
                                         _066_ (net)
                  0.07    0.00    3.35 v _632_/B (sky130_fd_sc_hd__xnor2_1)
     2    0.01    0.26    0.25    3.60 ^ _632_/Y (sky130_fd_sc_hd__xnor2_1)
                                         _067_ (net)
                  0.26    0.00    3.60 ^ _633_/B (sky130_fd_sc_hd__xnor2_1)
     2    0.00    0.07    0.12    3.72 v _633_/Y (sky130_fd_sc_hd__xnor2_1)
                                         _068_ (net)
                  0.07    0.00    3.72 v _635_/A (sky130_fd_sc_hd__or4_1)
     2    0.00    0.09    0.56    4.28 v _635_/X (sky130_fd_sc_hd__or4_1)
                                         _070_ (net)
                  0.09    0.00    4.28 v _636_/B_N (sky130_fd_sc_hd__or2b_1)
     1    0.00    0.06    0.19    4.47 ^ _636_/X (sky130_fd_sc_hd__or2b_1)
                                         _071_ (net)
                  0.06    0.00    4.47 ^ _637_/B (sky130_fd_sc_hd__xnor2_1)
     2    0.01    0.20    0.14    4.61 ^ _637_/Y (sky130_fd_sc_hd__xnor2_1)
                                         _072_ (net)
                  0.20    0.00    4.61 ^ _638_/B (sky130_fd_sc_hd__xor2_1)
     2    0.01    0.09    0.13    4.74 v _638_/X (sky130_fd_sc_hd__xor2_1)
                                         _073_ (net)
                  0.09    0.00    4.74 v _640_/A2 (sky130_fd_sc_hd__a21o_1)
     2    0.01    0.05    0.22    4.96 v _640_/X (sky130_fd_sc_hd__a21o_1)
                                         _075_ (net)
                  0.05    0.00    4.96 v _348_/A1 (sky130_fd_sc_hd__a21o_1)
     2    0.01    0.05    0.18    5.14 v _348_/X (sky130_fd_sc_hd__a21o_1)
                                         _113_ (net)
                  0.05    0.00    5.14 v _387_/A1 (sky130_fd_sc_hd__a21o_1)
     2    0.01    0.05    0.18    5.32 v _387_/X (sky130_fd_sc_hd__a21o_1)
                                         _152_ (net)
                  0.05    0.00    5.32 v _417_/A1 (sky130_fd_sc_hd__a21o_1)
     2    0.01    0.05    0.18    5.51 v _417_/X (sky130_fd_sc_hd__a21o_1)
                                         _181_ (net)
                  0.05    0.00    5.51 v _443_/A1 (sky130_fd_sc_hd__a21o_1)
     3    0.01    0.06    0.19    5.70 v _443_/X (sky130_fd_sc_hd__a21o_1)
                                         _206_ (net)
                  0.06    0.00    5.70 v _474_/A (sky130_fd_sc_hd__and3_1)
     2    0.01    0.06    0.17    5.87 v _474_/X (sky130_fd_sc_hd__and3_1)
                                         _236_ (net)
                  0.06    0.00    5.87 v _488_/A1 (sky130_fd_sc_hd__a211o_1)
     1    0.00    0.05    0.26    6.13 v _488_/X (sky130_fd_sc_hd__a211o_1)
                                         net23 (net)
                  0.05    0.00    6.13 v output23/A (sky130_fd_sc_hd__clkbuf_4)
     1    0.03    0.08    0.19    6.33 v output23/X (sky130_fd_sc_hd__clkbuf_4)
                                         prod[15] (net)
                  0.08    0.00    6.33 v prod[15] (out)
                                  6.33   data arrival time

                  0.00   10.00   10.00   clock clk (rise edge)
                          0.00   10.00   clock network delay (ideal)
                         -0.25    9.75   clock uncertainty
                          0.00    9.75   clock reconvergence pessimism
                         -2.00    7.75   output external delay
                                  7.75   data required time
-----------------------------------------------------------------------------
                                  7.75   data required time
                                 -6.33   data arrival time
-----------------------------------------------------------------------------
                                  1.42   slack (MET)


Startpoint: b[0] (input port clocked by clk)
Endpoint: prod[14] (output port clocked by clk)
Path Group: clk
Path Type: max

Fanout     Cap    Slew   Delay    Time   Description
-----------------------------------------------------------------------------
                  0.00    0.00    0.00   clock clk (rise edge)
                          0.00    0.00   clock network delay (ideal)
                          2.00    2.00 ^ input external delay
     1    0.00    0.02    0.01    2.01 ^ b[0] (in)
                                         b[0] (net)
                  0.02    0.00    2.01 ^ input9/A (sky130_fd_sc_hd__buf_1)
     4    0.01    0.13    0.14    2.15 ^ input9/X (sky130_fd_sc_hd__buf_1)
                                         net9 (net)
                  0.13    0.00    2.15 ^ _504_/A (sky130_fd_sc_hd__buf_2)
    10    0.03    0.15    0.23    2.38 ^ _504_/X (sky130_fd_sc_hd__buf_2)
                                         _255_ (net)
                  0.15    0.00    2.38 ^ _584_/A (sky130_fd_sc_hd__nand2_1)
     4    0.01    0.10    0.13    2.51 v _584_/Y (sky130_fd_sc_hd__nand2_1)
                                         _019_ (net)
                  0.10    0.00    2.51 v _627_/C (sky130_fd_sc_hd__or3_1)
     3    0.01    0.09    0.37    2.88 v _627_/X (sky130_fd_sc_hd__or3_1)
                                         _062_ (net)
                  0.09    0.00    2.88 v _629_/B (sky130_fd_sc_hd__and3_1)
     3    0.01    0.06    0.22    3.09 v _629_/X (sky130_fd_sc_hd__and3_1)
                                         _064_ (net)
                  0.06    0.00    3.09 v _631_/A (sky130_fd_sc_hd__or2_1)
     2    0.01    0.07    0.26    3.35 v _631_/X (sky130_fd_sc_hd__or2_1)
                                         _066_ (net)
                  0.07    0.00    3.35 v _632_/B (sky130_fd_sc_hd__xnor2_1)
     2    0.01    0.26    0.25    3.60 ^ _632_/Y (sky130_fd_sc_hd__xnor2_1)
                                         _067_ (net)
                  0.26    0.00    3.60 ^ _633_/B (sky130_fd_sc_hd__xnor2_1)
     2    0.00    0.07    0.12    3.72 v _633_/Y (sky130_fd_sc_hd__xnor2_1)
                                         _068_ (net)
                  0.07    0.00    3.72 v _635_/A (sky130_fd_sc_hd__or4_1)
     2    0.00    0.09    0.56    4.28 v _635_/X (sky130_fd_sc_hd__or4_1)
                                         _070_ (net)
                  0.09    0.00    4.28 v _328_/A2 (sky130_fd_sc_hd__a21oi_1)
     2    0.01    0.19    0.23    4.50 ^ _328_/Y (sky130_fd_sc_hd__a21oi_1)
                                         _093_ (net)
                  0.19    0.00    4.50 ^ _371_/A_N (sky130_fd_sc_hd__and2b_1)
     2    0.01    0.05    0.23    4.74 v _371_/X (sky130_fd_sc_hd__and2b_1)
                                         _136_ (net)
                  0.05    0.00    4.74 v _384_/A (sky130_fd_sc_hd__xnor2_1)
     2    0.01    0.22    0.23    4.97 ^ _384_/Y (sky130_fd_sc_hd__xnor2_1)
                                         _149_ (net)
                  0.22    0.00    4.97 ^ _385_/B (sky130_fd_sc_hd__xor2_1)
     2    0.01    0.20    0.24    5.21 ^ _385_/X (sky130_fd_sc_hd__xor2_1)
                                         _150_ (net)
                  0.20    0.00    5.21 ^ _387_/A2 (sky130_fd_sc_hd__a21o_1)
     2    0.01    0.08    0.18    5.39 ^ _387_/X (sky130_fd_sc_hd__a21o_1)
                                         _152_ (net)
                  0.08    0.00    5.39 ^ _417_/A1 (sky130_fd_sc_hd__a21o_1)
     2    0.01    0.08    0.15    5.54 ^ _417_/X (sky130_fd_sc_hd__a21o_1)
                                         _181_ (net)
                  0.08    0.00    5.54 ^ _443_/A1 (sky130_fd_sc_hd__a21o_1)
     3    0.01    0.09    0.16    5.69 ^ _443_/X (sky130_fd_sc_hd__a21o_1)
                                         _206_ (net)
                  0.09    0.00    5.69 ^ _474_/A (sky130_fd_sc_hd__and3_1)
     2    0.01    0.09    0.20    5.89 ^ _474_/X (sky130_fd_sc_hd__and3_1)
                                         _236_ (net)
                  0.09    0.00    5.89 ^ _485_/A (sky130_fd_sc_hd__xor2_1)
     1    0.00    0.11    0.15    6.04 ^ _485_/X (sky130_fd_sc_hd__xor2_1)
                                         net22 (net)
                  0.11    0.00    6.04 ^ output22/A (sky130_fd_sc_hd__clkbuf_4)
     1    0.03    0.11    0.22    6.26 ^ output22/X (sky130_fd_sc_hd__clkbuf_4)
                                         prod[14] (net)
                  0.11    0.00    6.26 ^ prod[14] (out)
                                  6.26   data arrival time

                  0.00   10.00   10.00   clock clk (rise edge)
                          0.00   10.00   clock network delay (ideal)
                         -0.25    9.75   clock uncertainty
                          0.00    9.75   clock reconvergence pessimism
                         -2.00    7.75   output external delay
                                  7.75   data required time
-----------------------------------------------------------------------------
                                  7.75   data required time
                                 -6.26   data arrival time
-----------------------------------------------------------------------------
                                  1.49   slack (MET)


Startpoint: b[0] (input port clocked by clk)
Endpoint: prod[13] (output port clocked by clk)
Path Group: clk
Path Type: max

Fanout     Cap    Slew   Delay    Time   Description
-----------------------------------------------------------------------------
                  0.00    0.00    0.00   clock clk (rise edge)
                          0.00    0.00   clock network delay (ideal)
                          2.00    2.00 ^ input external delay
     1    0.00    0.02    0.01    2.01 ^ b[0] (in)
                                         b[0] (net)
                  0.02    0.00    2.01 ^ input9/A (sky130_fd_sc_hd__buf_1)
     4    0.01    0.13    0.14    2.15 ^ input9/X (sky130_fd_sc_hd__buf_1)
                                         net9 (net)
                  0.13    0.00    2.15 ^ _504_/A (sky130_fd_sc_hd__buf_2)
    10    0.03    0.15    0.23    2.38 ^ _504_/X (sky130_fd_sc_hd__buf_2)
                                         _255_ (net)
                  0.15    0.00    2.38 ^ _584_/A (sky130_fd_sc_hd__nand2_1)
     4    0.01    0.10    0.13    2.51 v _584_/Y (sky130_fd_sc_hd__nand2_1)
                                         _019_ (net)
                  0.10    0.00    2.51 v _627_/C (sky130_fd_sc_hd__or3_1)
     3    0.01    0.09    0.37    2.88 v _627_/X (sky130_fd_sc_hd__or3_1)
                                         _062_ (net)
                  0.09    0.00    2.88 v _629_/B (sky130_fd_sc_hd__and3_1)
     3    0.01    0.06    0.22    3.09 v _629_/X (sky130_fd_sc_hd__and3_1)
                                         _064_ (net)
                  0.06    0.00    3.09 v _631_/A (sky130_fd_sc_hd__or2_1)
     2    0.01    0.07    0.26    3.35 v _631_/X (sky130_fd_sc_hd__or2_1)
                                         _066_ (net)
                  0.07    0.00    3.35 v _632_/B (sky130_fd_sc_hd__xnor2_1)
     2    0.01    0.26    0.25    3.60 ^ _632_/Y (sky130_fd_sc_hd__xnor2_1)
                                         _067_ (net)
                  0.26    0.00    3.60 ^ _633_/B (sky130_fd_sc_hd__xnor2_1)
     2    0.00    0.07    0.12    3.72 v _633_/Y (sky130_fd_sc_hd__xnor2_1)
                                         _068_ (net)
                  0.07    0.00    3.72 v _635_/A (sky130_fd_sc_hd__or4_1)
     2    0.00    0.09    0.56    4.28 v _635_/X (sky130_fd_sc_hd__or4_1)
                                         _070_ (net)
                  0.09    0.00    4.28 v _636_/B_N (sky130_fd_sc_hd__or2b_1)
     1    0.00    0.06    0.19    4.47 ^ _636_/X (sky130_fd_sc_hd__or2b_1)
                                         _071_ (net)
                  0.06    0.00    4.47 ^ _637_/B (sky130_fd_sc_hd__xnor2_1)
     2    0.01    0.20    0.14    4.61 ^ _637_/Y (sky130_fd_sc_hd__xnor2_1)
                                         _072_ (net)
                  0.20    0.00    4.61 ^ _638_/B (sky130_fd_sc_hd__xor2_1)
     2    0.01    0.09    0.13    4.74 v _638_/X (sky130_fd_sc_hd__xor2_1)
                                         _073_ (net)
                  0.09    0.00    4.74 v _640_/A2 (sky130_fd_sc_hd__a21o_1)
     2    0.01    0.05    0.22    4.96 v _640_/X (sky130_fd_sc_hd__a21o_1)
                                         _075_ (net)
                  0.05    0.00    4.96 v _348_/A1 (sky130_fd_sc_hd__a21o_1)
     2    0.01    0.05    0.18    5.14 v _348_/X (sky130_fd_sc_hd__a21o_1)
                                         _113_ (net)
                  0.05    0.00    5.14 v _387_/A1 (sky130_fd_sc_hd__a21o_1)
     2    0.01    0.05    0.18    5.32 v _387_/X (sky130_fd_sc_hd__a21o_1)
                                         _152_ (net)
                  0.05    0.00    5.32 v _417_/A1 (sky130_fd_sc_hd__a21o_1)
     2    0.01    0.05    0.18    5.51 v _417_/X (sky130_fd_sc_hd__a21o_1)
                                         _181_ (net)
                  0.05    0.00    5.51 v _443_/A1 (sky130_fd_sc_hd__a21o_1)
     3    0.01    0.06    0.19    5.70 v _443_/X (sky130_fd_sc_hd__a21o_1)
                                         _206_ (net)
                  0.06    0.00    5.70 v _472_/A1 (sky130_fd_sc_hd__a21oi_1)
     1    0.00    0.15    0.16    5.86 ^ _472_/Y (sky130_fd_sc_hd__a21oi_1)
                                         _235_ (net)
                  0.15    0.00    5.86 ^ _473_/B (sky130_fd_sc_hd__xnor2_1)
     1    0.00    0.11    0.14    6.00 ^ _473_/Y (sky130_fd_sc_hd__xnor2_1)
                                         net21 (net)
                  0.11    0.00    6.00 ^ output21/A (sky130_fd_sc_hd__clkbuf_4)
     1    0.03    0.11    0.22    6.22 ^ output21/X (sky130_fd_sc_hd__clkbuf_4)
                                         prod[13] (net)
                  0.11    0.00    6.22 ^ prod[13] (out)
                                  6.22   data arrival time

                  0.00   10.00   10.00   clock clk (rise edge)
                          0.00   10.00   clock network delay (ideal)
                         -0.25    9.75   clock uncertainty
                          0.00    9.75   clock reconvergence pessimism
                         -2.00    7.75   output external delay
                                  7.75   data required time
-----------------------------------------------------------------------------
                                  7.75   data required time
                                 -6.22   data arrival time
-----------------------------------------------------------------------------
                                  1.53   slack (MET)


Startpoint: b[0] (input port clocked by clk)
Endpoint: prod[12] (output port clocked by clk)
Path Group: clk
Path Type: max

Fanout     Cap    Slew   Delay    Time   Description
-----------------------------------------------------------------------------
                  0.00    0.00    0.00   clock clk (rise edge)
                          0.00    0.00   clock network delay (ideal)
                          2.00    2.00 ^ input external delay
     1    0.00    0.02    0.01    2.01 ^ b[0] (in)
                                         b[0] (net)
                  0.02    0.00    2.01 ^ input9/A (sky130_fd_sc_hd__buf_1)
     4    0.01    0.13    0.14    2.15 ^ input9/X (sky130_fd_sc_hd__buf_1)
                                         net9 (net)
                  0.13    0.00    2.15 ^ _504_/A (sky130_fd_sc_hd__buf_2)
    10    0.03    0.15    0.23    2.38 ^ _504_/X (sky130_fd_sc_hd__buf_2)
                                         _255_ (net)
                  0.15    0.00    2.38 ^ _584_/A (sky130_fd_sc_hd__nand2_1)
     4    0.01    0.10    0.13    2.51 v _584_/Y (sky130_fd_sc_hd__nand2_1)
                                         _019_ (net)
                  0.10    0.00    2.51 v _627_/C (sky130_fd_sc_hd__or3_1)
     3    0.01    0.09    0.37    2.88 v _627_/X (sky130_fd_sc_hd__or3_1)
                                         _062_ (net)
                  0.09    0.00    2.88 v _629_/B (sky130_fd_sc_hd__and3_1)
     3    0.01    0.06    0.22    3.09 v _629_/X (sky130_fd_sc_hd__and3_1)
                                         _064_ (net)
                  0.06    0.00    3.09 v _631_/A (sky130_fd_sc_hd__or2_1)
     2    0.01    0.07    0.26    3.35 v _631_/X (sky130_fd_sc_hd__or2_1)
                                         _066_ (net)
                  0.07    0.00    3.35 v _632_/B (sky130_fd_sc_hd__xnor2_1)
     2    0.01    0.26    0.25    3.60 ^ _632_/Y (sky130_fd_sc_hd__xnor2_1)
                                         _067_ (net)
                  0.26    0.00    3.60 ^ _633_/B (sky130_fd_sc_hd__xnor2_1)
     2    0.00    0.07    0.12    3.72 v _633_/Y (sky130_fd_sc_hd__xnor2_1)
                                         _068_ (net)
                  0.07    0.00    3.72 v _635_/A (sky130_fd_sc_hd__or4_1)
     2    0.00    0.09    0.56    4.28 v _635_/X (sky130_fd_sc_hd__or4_1)
                                         _070_ (net)
                  0.09    0.00    4.28 v _636_/B_N (sky130_fd_sc_hd__or2b_1)
     1    0.00    0.06    0.19    4.47 ^ _636_/X (sky130_fd_sc_hd__or2b_1)
                                         _071_ (net)
                  0.06    0.00    4.47 ^ _637_/B (sky130_fd_sc_hd__xnor2_1)
     2    0.01    0.20    0.14    4.61 ^ _637_/Y (sky130_fd_sc_hd__xnor2_1)
                                         _072_ (net)
                  0.20    0.00    4.61 ^ _638_/B (sky130_fd_sc_hd__xor2_1)
     2    0.01    0.09    0.13    4.74 v _638_/X (sky130_fd_sc_hd__xor2_1)
                                         _073_ (net)
                  0.09    0.00    4.74 v _640_/A2 (sky130_fd_sc_hd__a21o_1)
     2    0.01    0.05    0.22    4.96 v _640_/X (sky130_fd_sc_hd__a21o_1)
                                         _075_ (net)
                  0.05    0.00    4.96 v _348_/A1 (sky130_fd_sc_hd__a21o_1)
     2    0.01    0.05    0.18    5.14 v _348_/X (sky130_fd_sc_hd__a21o_1)
                                         _113_ (net)
                  0.05    0.00    5.14 v _387_/A1 (sky130_fd_sc_hd__a21o_1)
     2    0.01    0.05    0.18    5.32 v _387_/X (sky130_fd_sc_hd__a21o_1)
                                         _152_ (net)
                  0.05    0.00    5.32 v _417_/A1 (sky130_fd_sc_hd__a21o_1)
     2    0.01    0.05    0.18    5.51 v _417_/X (sky130_fd_sc_hd__a21o_1)
                                         _181_ (net)
                  0.05    0.00    5.51 v _443_/A1 (sky130_fd_sc_hd__a21o_1)
     3    0.01    0.06    0.19    5.70 v _443_/X (sky130_fd_sc_hd__a21o_1)
                                         _206_ (net)
                  0.06    0.00    5.70 v _460_/A (sky130_fd_sc_hd__xor2_1)
     1    0.00    0.11    0.15    5.85 ^ _460_/X (sky130_fd_sc_hd__xor2_1)
                                         net20 (net)
                  0.11    0.00    5.85 ^ output20/A (sky130_fd_sc_hd__buf_2)
     1    0.03    0.17    0.23    6.08 ^ output20/X (sky130_fd_sc_hd__buf_2)
                                         prod[12] (net)
                  0.17    0.00    6.08 ^ prod[12] (out)
                                  6.08   data arrival time

                  0.00   10.00   10.00   clock clk (rise edge)
                          0.00   10.00   clock network delay (ideal)
                         -0.25    9.75   clock uncertainty
                          0.00    9.75   clock reconvergence pessimism
                         -2.00    7.75   output external delay
                                  7.75   data required time
-----------------------------------------------------------------------------
                                  7.75   data required time
                                 -6.08   data arrival time
-----------------------------------------------------------------------------
                                  1.67   slack (MET)


Startpoint: b[0] (input port clocked by clk)
Endpoint: prod[11] (output port clocked by clk)
Path Group: clk
Path Type: max

Fanout     Cap    Slew   Delay    Time   Description
-----------------------------------------------------------------------------
                  0.00    0.00    0.00   clock clk (rise edge)
                          0.00    0.00   clock network delay (ideal)
                          2.00    2.00 ^ input external delay
     1    0.00    0.02    0.01    2.01 ^ b[0] (in)
                                         b[0] (net)
                  0.02    0.00    2.01 ^ input9/A (sky130_fd_sc_hd__buf_1)
     4    0.01    0.13    0.14    2.15 ^ input9/X (sky130_fd_sc_hd__buf_1)
                                         net9 (net)
                  0.13    0.00    2.15 ^ _504_/A (sky130_fd_sc_hd__buf_2)
    10    0.03    0.15    0.23    2.38 ^ _504_/X (sky130_fd_sc_hd__buf_2)
                                         _255_ (net)
                  0.15    0.00    2.38 ^ _584_/A (sky130_fd_sc_hd__nand2_1)
     4    0.01    0.10    0.13    2.51 v _584_/Y (sky130_fd_sc_hd__nand2_1)
                                         _019_ (net)
                  0.10    0.00    2.51 v _627_/C (sky130_fd_sc_hd__or3_1)
     3    0.01    0.09    0.37    2.88 v _627_/X (sky130_fd_sc_hd__or3_1)
                                         _062_ (net)
                  0.09    0.00    2.88 v _629_/B (sky130_fd_sc_hd__and3_1)
     3    0.01    0.06    0.22    3.09 v _629_/X (sky130_fd_sc_hd__and3_1)
                                         _064_ (net)
                  0.06    0.00    3.09 v _631_/A (sky130_fd_sc_hd__or2_1)
     2    0.01    0.07    0.26    3.35 v _631_/X (sky130_fd_sc_hd__or2_1)
                                         _066_ (net)
                  0.07    0.00    3.35 v _632_/B (sky130_fd_sc_hd__xnor2_1)
     2    0.01    0.26    0.25    3.60 ^ _632_/Y (sky130_fd_sc_hd__xnor2_1)
                                         _067_ (net)
                  0.26    0.00    3.60 ^ _633_/B (sky130_fd_sc_hd__xnor2_1)
     2    0.00    0.07    0.12    3.72 v _633_/Y (sky130_fd_sc_hd__xnor2_1)
                                         _068_ (net)
                  0.07    0.00    3.72 v _635_/A (sky130_fd_sc_hd__or4_1)
     2    0.00    0.09    0.56    4.28 v _635_/X (sky130_fd_sc_hd__or4_1)
                                         _070_ (net)
                  0.09    0.00    4.28 v _328_/A2 (sky130_fd_sc_hd__a21oi_1)
     2    0.01    0.19    0.23    4.50 ^ _328_/Y (sky130_fd_sc_hd__a21oi_1)
                                         _093_ (net)
                  0.19    0.00    4.50 ^ _371_/A_N (sky130_fd_sc_hd__and2b_1)
     2    0.01    0.05    0.23    4.74 v _371_/X (sky130_fd_sc_hd__and2b_1)
                                         _136_ (net)
                  0.05    0.00    4.74 v _384_/A (sky130_fd_sc_hd__xnor2_1)
     2    0.01    0.22    0.23    4.97 ^ _384_/Y (sky130_fd_sc_hd__xnor2_1)
                                         _149_ (net)
                  0.22    0.00    4.97 ^ _385_/B (sky130_fd_sc_hd__xor2_1)
     2    0.01    0.20    0.24    5.21 ^ _385_/X (sky130_fd_sc_hd__xor2_1)
                                         _150_ (net)
                  0.20    0.00    5.21 ^ _387_/A2 (sky130_fd_sc_hd__a21o_1)
     2    0.01    0.08    0.18    5.39 ^ _387_/X (sky130_fd_sc_hd__a21o_1)
                                         _152_ (net)
                  0.08    0.00    5.39 ^ _417_/A1 (sky130_fd_sc_hd__a21o_1)
     2    0.01    0.08    0.15    5.54 ^ _417_/X (sky130_fd_sc_hd__a21o_1)
                                         _181_ (net)
                  0.08    0.00    5.54 ^ _441_/A (sky130_fd_sc_hd__xor2_1)
     1    0.00    0.11    0.14    5.67 ^ _441_/X (sky130_fd_sc_hd__xor2_1)
                                         net19 (net)
                  0.11    0.00    5.67 ^ output19/A (sky130_fd_sc_hd__buf_2)
     1    0.03    0.17    0.23    5.90 ^ output19/X (sky130_fd_sc_hd__buf_2)
                                         prod[11] (net)
                  0.17    0.00    5.90 ^ prod[11] (out)
                                  5.90   data arrival time

                  0.00   10.00   10.00   clock clk (rise edge)
                          0.00   10.00   clock network delay (ideal)
                         -0.25    9.75   clock uncertainty
                          0.00    9.75   clock reconvergence pessimism
                         -2.00    7.75   output external delay
                                  7.75   data required time
-----------------------------------------------------------------------------
                                  7.75   data required time
                                 -5.90   data arrival time
-----------------------------------------------------------------------------
                                  1.85   slack (MET)


Startpoint: b[0] (input port clocked by clk)
Endpoint: prod[10] (output port clocked by clk)
Path Group: clk
Path Type: max

Fanout     Cap    Slew   Delay    Time   Description
-----------------------------------------------------------------------------
                  0.00    0.00    0.00   clock clk (rise edge)
                          0.00    0.00   clock network delay (ideal)
                          2.00    2.00 ^ input external delay
     1    0.00    0.02    0.01    2.01 ^ b[0] (in)
                                         b[0] (net)
                  0.02    0.00    2.01 ^ input9/A (sky130_fd_sc_hd__buf_1)
     4    0.01    0.13    0.14    2.15 ^ input9/X (sky130_fd_sc_hd__buf_1)
                                         net9 (net)
                  0.13    0.00    2.15 ^ _504_/A (sky130_fd_sc_hd__buf_2)
    10    0.03    0.15    0.23    2.38 ^ _504_/X (sky130_fd_sc_hd__buf_2)
                                         _255_ (net)
                  0.15    0.00    2.38 ^ _584_/A (sky130_fd_sc_hd__nand2_1)
     4    0.01    0.10    0.13    2.51 v _584_/Y (sky130_fd_sc_hd__nand2_1)
                                         _019_ (net)
                  0.10    0.00    2.51 v _627_/C (sky130_fd_sc_hd__or3_1)
     3    0.01    0.09    0.37    2.88 v _627_/X (sky130_fd_sc_hd__or3_1)
                                         _062_ (net)
                  0.09    0.00    2.88 v _629_/B (sky130_fd_sc_hd__and3_1)
     3    0.01    0.06    0.22    3.09 v _629_/X (sky130_fd_sc_hd__and3_1)
                                         _064_ (net)
                  0.06    0.00    3.09 v _631_/A (sky130_fd_sc_hd__or2_1)
     2    0.01    0.07    0.26    3.35 v _631_/X (sky130_fd_sc_hd__or2_1)
                                         _066_ (net)
                  0.07    0.00    3.35 v _632_/B (sky130_fd_sc_hd__xnor2_1)
     2    0.01    0.26    0.25    3.60 ^ _632_/Y (sky130_fd_sc_hd__xnor2_1)
                                         _067_ (net)
                  0.26    0.00    3.60 ^ _633_/B (sky130_fd_sc_hd__xnor2_1)
     2    0.00    0.07    0.12    3.72 v _633_/Y (sky130_fd_sc_hd__xnor2_1)
                                         _068_ (net)
                  0.07    0.00    3.72 v _635_/A (sky130_fd_sc_hd__or4_1)
     2    0.00    0.09    0.56    4.28 v _635_/X (sky130_fd_sc_hd__or4_1)
                                         _070_ (net)
                  0.09    0.00    4.28 v _328_/A2 (sky130_fd_sc_hd__a21oi_1)
     2    0.01    0.19    0.23    4.50 ^ _328_/Y (sky130_fd_sc_hd__a21oi_1)
                                         _093_ (net)
                  0.19    0.00    4.50 ^ _371_/A_N (sky130_fd_sc_hd__and2b_1)
     2    0.01    0.05    0.23    4.74 v _371_/X (sky130_fd_sc_hd__and2b_1)
                                         _136_ (net)
                  0.05    0.00    4.74 v _384_/A (sky130_fd_sc_hd__xnor2_1)
     2    0.01    0.22    0.23    4.97 ^ _384_/Y (sky130_fd_sc_hd__xnor2_1)
                                         _149_ (net)
                  0.22    0.00    4.97 ^ _385_/B (sky130_fd_sc_hd__xor2_1)
     2    0.01    0.20    0.24    5.21 ^ _385_/X (sky130_fd_sc_hd__xor2_1)
                                         _150_ (net)
                  0.20    0.00    5.21 ^ _387_/A2 (sky130_fd_sc_hd__a21o_1)
     2    0.01    0.08    0.18    5.39 ^ _387_/X (sky130_fd_sc_hd__a21o_1)
                                         _152_ (net)
                  0.08    0.00    5.39 ^ _415_/A (sky130_fd_sc_hd__xor2_1)
     1    0.00    0.10    0.13    5.52 ^ _415_/X (sky130_fd_sc_hd__xor2_1)
                                         net18 (net)
                  0.10    0.00    5.52 ^ output18/A (sky130_fd_sc_hd__buf_2)
     1    0.03    0.17    0.23    5.74 ^ output18/X (sky130_fd_sc_hd__buf_2)
                                         prod[10] (net)
                  0.17    0.00    5.74 ^ prod[10] (out)
                                  5.74   data arrival time

                  0.00   10.00   10.00   clock clk (rise edge)
                          0.00   10.00   clock network delay (ideal)
                         -0.25    9.75   clock uncertainty
                          0.00    9.75   clock reconvergence pessimism
                         -2.00    7.75   output external delay
                                  7.75   data required time
-----------------------------------------------------------------------------
                                  7.75   data required time
                                 -5.74   data arrival time
-----------------------------------------------------------------------------
                                  2.01   slack (MET)


Startpoint: b[0] (input port clocked by clk)
Endpoint: prod[9] (output port clocked by clk)
Path Group: clk
Path Type: max

Fanout     Cap    Slew   Delay    Time   Description
-----------------------------------------------------------------------------
                  0.00    0.00    0.00   clock clk (rise edge)
                          0.00    0.00   clock network delay (ideal)
                          2.00    2.00 ^ input external delay
     1    0.00    0.02    0.01    2.01 ^ b[0] (in)
                                         b[0] (net)
                  0.02    0.00    2.01 ^ input9/A (sky130_fd_sc_hd__buf_1)
     4    0.01    0.13    0.14    2.15 ^ input9/X (sky130_fd_sc_hd__buf_1)
                                         net9 (net)
                  0.13    0.00    2.15 ^ _504_/A (sky130_fd_sc_hd__buf_2)
    10    0.03    0.15    0.23    2.38 ^ _504_/X (sky130_fd_sc_hd__buf_2)
                                         _255_ (net)
                  0.15    0.00    2.38 ^ _584_/A (sky130_fd_sc_hd__nand2_1)
     4    0.01    0.10    0.13    2.51 v _584_/Y (sky130_fd_sc_hd__nand2_1)
                                         _019_ (net)
                  0.10    0.00    2.51 v _627_/C (sky130_fd_sc_hd__or3_1)
     3    0.01    0.09    0.37    2.88 v _627_/X (sky130_fd_sc_hd__or3_1)
                                         _062_ (net)
                  0.09    0.00    2.88 v _629_/B (sky130_fd_sc_hd__and3_1)
     3    0.01    0.06    0.22    3.09 v _629_/X (sky130_fd_sc_hd__and3_1)
                                         _064_ (net)
                  0.06    0.00    3.09 v _631_/A (sky130_fd_sc_hd__or2_1)
     2    0.01    0.07    0.26    3.35 v _631_/X (sky130_fd_sc_hd__or2_1)
                                         _066_ (net)
                  0.07    0.00    3.35 v _632_/B (sky130_fd_sc_hd__xnor2_1)
     2    0.01    0.26    0.25    3.60 ^ _632_/Y (sky130_fd_sc_hd__xnor2_1)
                                         _067_ (net)
                  0.26    0.00    3.60 ^ _633_/B (sky130_fd_sc_hd__xnor2_1)
     2    0.00    0.07    0.12    3.72 v _633_/Y (sky130_fd_sc_hd__xnor2_1)
                                         _068_ (net)
                  0.07    0.00    3.72 v _635_/A (sky130_fd_sc_hd__or4_1)
     2    0.00    0.09    0.56    4.28 v _635_/X (sky130_fd_sc_hd__or4_1)
                                         _070_ (net)
                  0.09    0.00    4.28 v _328_/A2 (sky130_fd_sc_hd__a21oi_1)
     2    0.01    0.19    0.23    4.50 ^ _328_/Y (sky130_fd_sc_hd__a21oi_1)
                                         _093_ (net)
                  0.19    0.00    4.50 ^ _371_/A_N (sky130_fd_sc_hd__and2b_1)
     2    0.01    0.05    0.23    4.74 v _371_/X (sky130_fd_sc_hd__and2b_1)
                                         _136_ (net)
                  0.05    0.00    4.74 v _384_/A (sky130_fd_sc_hd__xnor2_1)
     2    0.01    0.22    0.23    4.97 ^ _384_/Y (sky130_fd_sc_hd__xnor2_1)
                                         _149_ (net)
                  0.22    0.00    4.97 ^ _385_/B (sky130_fd_sc_hd__xor2_1)
     2    0.01    0.20    0.24    5.21 ^ _385_/X (sky130_fd_sc_hd__xor2_1)
                                         _150_ (net)
                  0.20    0.00    5.21 ^ _493_/B (sky130_fd_sc_hd__xor2_1)
     1    0.00    0.10    0.16    5.36 ^ _493_/X (sky130_fd_sc_hd__xor2_1)
                                         net32 (net)
                  0.10    0.00    5.36 ^ output32/A (sky130_fd_sc_hd__buf_2)
     1    0.03    0.17    0.23    5.59 ^ output32/X (sky130_fd_sc_hd__buf_2)
                                         prod[9] (net)
                  0.17    0.00    5.59 ^ prod[9] (out)
                                  5.59   data arrival time

                  0.00   10.00   10.00   clock clk (rise edge)
                          0.00   10.00   clock network delay (ideal)
                         -0.25    9.75   clock uncertainty
                          0.00    9.75   clock reconvergence pessimism
                         -2.00    7.75   output external delay
                                  7.75   data required time
-----------------------------------------------------------------------------
                                  7.75   data required time
                                 -5.59   data arrival time
-----------------------------------------------------------------------------
                                  2.16   slack (MET)


Startpoint: b[0] (input port clocked by clk)
Endpoint: prod[8] (output port clocked by clk)
Path Group: clk
Path Type: max

Fanout     Cap    Slew   Delay    Time   Description
-----------------------------------------------------------------------------
                  0.00    0.00    0.00   clock clk (rise edge)
                          0.00    0.00   clock network delay (ideal)
                          2.00    2.00 ^ input external delay
     1    0.00    0.02    0.01    2.01 ^ b[0] (in)
                                         b[0] (net)
                  0.02    0.00    2.01 ^ input9/A (sky130_fd_sc_hd__buf_1)
     4    0.01    0.13    0.14    2.15 ^ input9/X (sky130_fd_sc_hd__buf_1)
                                         net9 (net)
                  0.13    0.00    2.15 ^ _504_/A (sky130_fd_sc_hd__buf_2)
    10    0.03    0.15    0.23    2.38 ^ _504_/X (sky130_fd_sc_hd__buf_2)
                                         _255_ (net)
                  0.15    0.00    2.38 ^ _584_/A (sky130_fd_sc_hd__nand2_1)
     4    0.01    0.10    0.13    2.51 v _584_/Y (sky130_fd_sc_hd__nand2_1)
                                         _019_ (net)
                  0.10    0.00    2.51 v _627_/C (sky130_fd_sc_hd__or3_1)
     3    0.01    0.09    0.37    2.88 v _627_/X (sky130_fd_sc_hd__or3_1)
                                         _062_ (net)
                  0.09    0.00    2.88 v _629_/B (sky130_fd_sc_hd__and3_1)
     3    0.01    0.06    0.22    3.09 v _629_/X (sky130_fd_sc_hd__and3_1)
                                         _064_ (net)
                  0.06    0.00    3.09 v _631_/A (sky130_fd_sc_hd__or2_1)
     2    0.01    0.07    0.26    3.35 v _631_/X (sky130_fd_sc_hd__or2_1)
                                         _066_ (net)
                  0.07    0.00    3.35 v _632_/B (sky130_fd_sc_hd__xnor2_1)
     2    0.01    0.26    0.25    3.60 ^ _632_/Y (sky130_fd_sc_hd__xnor2_1)
                                         _067_ (net)
                  0.26    0.00    3.60 ^ _633_/B (sky130_fd_sc_hd__xnor2_1)
     2    0.00    0.07    0.12    3.72 v _633_/Y (sky130_fd_sc_hd__xnor2_1)
                                         _068_ (net)
                  0.07    0.00    3.72 v _635_/A (sky130_fd_sc_hd__or4_1)
     2    0.00    0.09    0.56    4.28 v _635_/X (sky130_fd_sc_hd__or4_1)
                                         _070_ (net)
                  0.09    0.00    4.28 v _636_/B_N (sky130_fd_sc_hd__or2b_1)
     1    0.00    0.06    0.19    4.47 ^ _636_/X (sky130_fd_sc_hd__or2b_1)
                                         _071_ (net)
                  0.06    0.00    4.47 ^ _637_/B (sky130_fd_sc_hd__xnor2_1)
     2    0.01    0.20    0.14    4.61 ^ _637_/Y (sky130_fd_sc_hd__xnor2_1)
                                         _072_ (net)
                  0.20    0.00    4.61 ^ _638_/B (sky130_fd_sc_hd__xor2_1)
     2    0.01    0.20    0.23    4.85 ^ _638_/X (sky130_fd_sc_hd__xor2_1)
                                         _073_ (net)
                  0.20    0.00    4.85 ^ _640_/A2 (sky130_fd_sc_hd__a21o_1)
     2    0.01    0.08    0.18    5.03 ^ _640_/X (sky130_fd_sc_hd__a21o_1)
                                         _075_ (net)
                  0.08    0.00    5.03 ^ _492_/A (sky130_fd_sc_hd__xor2_1)
     1    0.00    0.10    0.13    5.16 ^ _492_/X (sky130_fd_sc_hd__xor2_1)
                                         net31 (net)
                  0.10    0.00    5.16 ^ output31/A (sky130_fd_sc_hd__buf_2)
     1    0.03    0.17    0.23    5.39 ^ output31/X (sky130_fd_sc_hd__buf_2)
                                         prod[8] (net)
                  0.17    0.00    5.39 ^ prod[8] (out)
                                  5.39   data arrival time

                  0.00   10.00   10.00   clock clk (rise edge)
                          0.00   10.00   clock network delay (ideal)
                         -0.25    9.75   clock uncertainty
                          0.00    9.75   clock reconvergence pessimism
                         -2.00    7.75   output external delay
                                  7.75   data required time
-----------------------------------------------------------------------------
                                  7.75   data required time
                                 -5.39   data arrival time
-----------------------------------------------------------------------------
                                  2.36   slack (MET)


Startpoint: b[0] (input port clocked by clk)
Endpoint: prod[7] (output port clocked by clk)
Path Group: clk
Path Type: max

Fanout     Cap    Slew   Delay    Time   Description
-----------------------------------------------------------------------------
                  0.00    0.00    0.00   clock clk (rise edge)
                          0.00    0.00   clock network delay (ideal)
                          2.00    2.00 ^ input external delay
     1    0.00    0.02    0.01    2.01 ^ b[0] (in)
                                         b[0] (net)
                  0.02    0.00    2.01 ^ input9/A (sky130_fd_sc_hd__buf_1)
     4    0.01    0.13    0.14    2.15 ^ input9/X (sky130_fd_sc_hd__buf_1)
                                         net9 (net)
                  0.13    0.00    2.15 ^ _504_/A (sky130_fd_sc_hd__buf_2)
    10    0.03    0.15    0.23    2.38 ^ _504_/X (sky130_fd_sc_hd__buf_2)
                                         _255_ (net)
                  0.15    0.00    2.38 ^ _584_/A (sky130_fd_sc_hd__nand2_1)
     4    0.01    0.10    0.13    2.51 v _584_/Y (sky130_fd_sc_hd__nand2_1)
                                         _019_ (net)
                  0.10    0.00    2.51 v _627_/C (sky130_fd_sc_hd__or3_1)
     3    0.01    0.09    0.37    2.88 v _627_/X (sky130_fd_sc_hd__or3_1)
                                         _062_ (net)
                  0.09    0.00    2.88 v _629_/B (sky130_fd_sc_hd__and3_1)
     3    0.01    0.06    0.22    3.09 v _629_/X (sky130_fd_sc_hd__and3_1)
                                         _064_ (net)
                  0.06    0.00    3.09 v _631_/A (sky130_fd_sc_hd__or2_1)
     2    0.01    0.07    0.26    3.35 v _631_/X (sky130_fd_sc_hd__or2_1)
                                         _066_ (net)
                  0.07    0.00    3.35 v _632_/B (sky130_fd_sc_hd__xnor2_1)
     2    0.01    0.26    0.25    3.60 ^ _632_/Y (sky130_fd_sc_hd__xnor2_1)
                                         _067_ (net)
                  0.26    0.00    3.60 ^ _633_/B (sky130_fd_sc_hd__xnor2_1)
     2    0.00    0.07    0.12    3.72 v _633_/Y (sky130_fd_sc_hd__xnor2_1)
                                         _068_ (net)
                  0.07    0.00    3.72 v _635_/A (sky130_fd_sc_hd__or4_1)
     2    0.00    0.09    0.56    4.28 v _635_/X (sky130_fd_sc_hd__or4_1)
                                         _070_ (net)
                  0.09    0.00    4.28 v _636_/B_N (sky130_fd_sc_hd__or2b_1)
     1    0.00    0.06    0.19    4.47 ^ _636_/X (sky130_fd_sc_hd__or2b_1)
                                         _071_ (net)
                  0.06    0.00    4.47 ^ _637_/B (sky130_fd_sc_hd__xnor2_1)
     2    0.01    0.20    0.14    4.61 ^ _637_/Y (sky130_fd_sc_hd__xnor2_1)
                                         _072_ (net)
                  0.20    0.00    4.61 ^ _638_/B (sky130_fd_sc_hd__xor2_1)
     2    0.01    0.20    0.23    4.85 ^ _638_/X (sky130_fd_sc_hd__xor2_1)
                                         _073_ (net)
                  0.20    0.00    4.85 ^ _491_/B (sky130_fd_sc_hd__xor2_1)
     1    0.00    0.10    0.16    5.00 ^ _491_/X (sky130_fd_sc_hd__xor2_1)
                                         net30 (net)
                  0.10    0.00    5.00 ^ output30/A (sky130_fd_sc_hd__buf_2)
     1    0.03    0.17    0.23    5.23 ^ output30/X (sky130_fd_sc_hd__buf_2)
                                         prod[7] (net)
                  0.17    0.00    5.23 ^ prod[7] (out)
                                  5.23   data arrival time

                  0.00   10.00   10.00   clock clk (rise edge)
                          0.00   10.00   clock network delay (ideal)
                         -0.25    9.75   clock uncertainty
                          0.00    9.75   clock reconvergence pessimism
                         -2.00    7.75   output external delay
                                  7.75   data required time
-----------------------------------------------------------------------------
                                  7.75   data required time
                                 -5.23   data arrival time
-----------------------------------------------------------------------------
                                  2.52   slack (MET)


Startpoint: a[2] (input port clocked by clk)
Endpoint: prod[6] (output port clocked by clk)
Path Group: clk
Path Type: max

Fanout     Cap    Slew   Delay    Time   Description
-----------------------------------------------------------------------------
                  0.00    0.00    0.00   clock clk (rise edge)
                          0.00    0.00   clock network delay (ideal)
                          2.00    2.00 ^ input external delay
     1    0.00    0.02    0.01    2.01 ^ a[2] (in)
                                         a[2] (net)
                  0.02    0.00    2.01 ^ input3/A (sky130_fd_sc_hd__buf_1)
     5    0.01    0.17    0.17    2.18 ^ input3/X (sky130_fd_sc_hd__buf_1)
                                         net3 (net)
                  0.17    0.00    2.18 ^ _507_/A (sky130_fd_sc_hd__buf_2)
    10    0.03    0.16    0.24    2.42 ^ _507_/X (sky130_fd_sc_hd__buf_2)
                                         _257_ (net)
                  0.16    0.00    2.42 ^ _508_/B (sky130_fd_sc_hd__nand2_1)
     2    0.00    0.06    0.09    2.51 v _508_/Y (sky130_fd_sc_hd__nand2_1)
                                         _258_ (net)
                  0.06    0.00    2.51 v _509_/B (sky130_fd_sc_hd__or3b_1)
     2    0.00    0.07    0.37    2.89 v _509_/X (sky130_fd_sc_hd__or3b_1)
                                         _259_ (net)
                  0.07    0.00    2.89 v _514_/A (sky130_fd_sc_hd__and3_1)
     3    0.01    0.07    0.20    3.08 v _514_/X (sky130_fd_sc_hd__and3_1)
                                         _264_ (net)
                  0.07    0.00    3.08 v _531_/A1 (sky130_fd_sc_hd__a21o_1)
     2    0.01    0.05    0.19    3.27 v _531_/X (sky130_fd_sc_hd__a21o_1)
                                         _280_ (net)
                  0.05    0.00    3.27 v _557_/A1 (sky130_fd_sc_hd__a21o_1)
     2    0.01    0.05    0.18    3.46 v _557_/X (sky130_fd_sc_hd__a21o_1)
                                         _306_ (net)
                  0.05    0.00    3.46 v _592_/A1 (sky130_fd_sc_hd__a21bo_1)
     2    0.01    0.05    0.20    3.65 v _592_/X (sky130_fd_sc_hd__a21bo_1)
                                         _027_ (net)
                  0.05    0.00    3.65 v _596_/A (sky130_fd_sc_hd__xor2_1)
     2    0.01    0.20    0.22    3.88 ^ _596_/X (sky130_fd_sc_hd__xor2_1)
                                         _031_ (net)
                  0.20    0.00    3.88 ^ _597_/B (sky130_fd_sc_hd__xor2_1)
     2    0.01    0.20    0.24    4.11 ^ _597_/X (sky130_fd_sc_hd__xor2_1)
                                         _032_ (net)
                  0.20    0.00    4.11 ^ _598_/B (sky130_fd_sc_hd__xor2_1)
     2    0.01    0.18    0.22    4.34 ^ _598_/X (sky130_fd_sc_hd__xor2_1)
                                         _033_ (net)
                  0.18    0.00    4.34 ^ _599_/B (sky130_fd_sc_hd__xor2_1)
     2    0.01    0.20    0.23    4.57 ^ _599_/X (sky130_fd_sc_hd__xor2_1)
                                         _034_ (net)
                  0.20    0.00    4.57 ^ _490_/B (sky130_fd_sc_hd__xor2_1)
     1    0.00    0.10    0.16    4.73 ^ _490_/X (sky130_fd_sc_hd__xor2_1)
                                         net29 (net)
                  0.10    0.00    4.73 ^ output29/A (sky130_fd_sc_hd__buf_2)
     1    0.03    0.17    0.23    4.96 ^ output29/X (sky130_fd_sc_hd__buf_2)
                                         prod[6] (net)
                  0.17    0.00    4.96 ^ prod[6] (out)
                                  4.96   data arrival time

                  0.00   10.00   10.00   clock clk (rise edge)
                          0.00   10.00   clock network delay (ideal)
                         -0.25    9.75   clock uncertainty
                          0.00    9.75   clock reconvergence pessimism
                         -2.00    7.75   output external delay
                                  7.75   data required time
-----------------------------------------------------------------------------
                                  7.75   data required time
                                 -4.96   data arrival time
-----------------------------------------------------------------------------
                                  2.79   slack (MET)


Startpoint: a[2] (input port clocked by clk)
Endpoint: prod[5] (output port clocked by clk)
Path Group: clk
Path Type: max

Fanout     Cap    Slew   Delay    Time   Description
-----------------------------------------------------------------------------
                  0.00    0.00    0.00   clock clk (rise edge)
                          0.00    0.00   clock network delay (ideal)
                          2.00    2.00 ^ input external delay
     1    0.00    0.02    0.01    2.01 ^ a[2] (in)
                                         a[2] (net)
                  0.02    0.00    2.01 ^ input3/A (sky130_fd_sc_hd__buf_1)
     5    0.01    0.17    0.17    2.18 ^ input3/X (sky130_fd_sc_hd__buf_1)
                                         net3 (net)
                  0.17    0.00    2.18 ^ _507_/A (sky130_fd_sc_hd__buf_2)
    10    0.03    0.16    0.24    2.42 ^ _507_/X (sky130_fd_sc_hd__buf_2)
                                         _257_ (net)
                  0.16    0.00    2.42 ^ _508_/B (sky130_fd_sc_hd__nand2_1)
     2    0.00    0.06    0.09    2.51 v _508_/Y (sky130_fd_sc_hd__nand2_1)
                                         _258_ (net)
                  0.06    0.00    2.51 v _509_/B (sky130_fd_sc_hd__or3b_1)
     2    0.00    0.07    0.37    2.89 v _509_/X (sky130_fd_sc_hd__or3b_1)
                                         _259_ (net)
                  0.07    0.00    2.89 v _514_/A (sky130_fd_sc_hd__and3_1)
     3    0.01    0.07    0.20    3.08 v _514_/X (sky130_fd_sc_hd__and3_1)
                                         _264_ (net)
                  0.07    0.00    3.08 v _531_/A1 (sky130_fd_sc_hd__a21o_1)
     2    0.01    0.05    0.19    3.27 v _531_/X (sky130_fd_sc_hd__a21o_1)
                                         _280_ (net)
                  0.05    0.00    3.27 v _557_/A1 (sky130_fd_sc_hd__a21o_1)
     2    0.01    0.05    0.18    3.46 v _557_/X (sky130_fd_sc_hd__a21o_1)
                                         _306_ (net)
                  0.05    0.00    3.46 v _569_/A (sky130_fd_sc_hd__xor2_1)
     2    0.01    0.18    0.21    3.66 ^ _569_/X (sky130_fd_sc_hd__xor2_1)
                                         _004_ (net)
                  0.18    0.00    3.66 ^ _570_/B (sky130_fd_sc_hd__xor2_1)
     2    0.01    0.21    0.24    3.90 ^ _570_/X (sky130_fd_sc_hd__xor2_1)
                                         _005_ (net)
                  0.21    0.00    3.90 ^ _571_/B (sky130_fd_sc_hd__xnor2_1)
     2    0.01    0.22    0.19    4.09 ^ _571_/Y (sky130_fd_sc_hd__xnor2_1)
                                         _006_ (net)
                  0.22    0.00    4.09 ^ _572_/B (sky130_fd_sc_hd__xnor2_1)
     2    0.01    0.22    0.19    4.29 ^ _572_/Y (sky130_fd_sc_hd__xnor2_1)
                                         _007_ (net)
                  0.22    0.00    4.29 ^ _489_/B (sky130_fd_sc_hd__xnor2_1)
     1    0.00    0.10    0.15    4.43 ^ _489_/Y (sky130_fd_sc_hd__xnor2_1)
                                         net28 (net)
                  0.10    0.00    4.43 ^ output28/A (sky130_fd_sc_hd__buf_2)
     1    0.03    0.17    0.23    4.66 ^ output28/X (sky130_fd_sc_hd__buf_2)
                                         prod[5] (net)
                  0.17    0.00    4.66 ^ prod[5] (out)
                                  4.66   data arrival time

                  0.00   10.00   10.00   clock clk (rise edge)
                          0.00   10.00   clock network delay (ideal)
                         -0.25    9.75   clock uncertainty
                          0.00    9.75   clock reconvergence pessimism
                         -2.00    7.75   output external delay
                                  7.75   data required time
-----------------------------------------------------------------------------
                                  7.75   data required time
                                 -4.66   data arrival time
-----------------------------------------------------------------------------
                                  3.09   slack (MET)


Startpoint: a[2] (input port clocked by clk)
Endpoint: prod[4] (output port clocked by clk)
Path Group: clk
Path Type: max

Fanout     Cap    Slew   Delay    Time   Description
-----------------------------------------------------------------------------
                  0.00    0.00    0.00   clock clk (rise edge)
                          0.00    0.00   clock network delay (ideal)
                          2.00    2.00 ^ input external delay
     1    0.00    0.02    0.01    2.01 ^ a[2] (in)
                                         a[2] (net)
                  0.02    0.00    2.01 ^ input3/A (sky130_fd_sc_hd__buf_1)
     5    0.01    0.17    0.17    2.18 ^ input3/X (sky130_fd_sc_hd__buf_1)
                                         net3 (net)
                  0.17    0.00    2.18 ^ _507_/A (sky130_fd_sc_hd__buf_2)
    10    0.03    0.16    0.24    2.42 ^ _507_/X (sky130_fd_sc_hd__buf_2)
                                         _257_ (net)
                  0.16    0.00    2.42 ^ _508_/B (sky130_fd_sc_hd__nand2_1)
     2    0.00    0.06    0.09    2.51 v _508_/Y (sky130_fd_sc_hd__nand2_1)
                                         _258_ (net)
                  0.06    0.00    2.51 v _509_/B (sky130_fd_sc_hd__or3b_1)
     2    0.00    0.07    0.37    2.89 v _509_/X (sky130_fd_sc_hd__or3b_1)
                                         _259_ (net)
                  0.07    0.00    2.89 v _514_/A (sky130_fd_sc_hd__and3_1)
     3    0.01    0.07    0.20    3.08 v _514_/X (sky130_fd_sc_hd__and3_1)
                                         _264_ (net)
                  0.07    0.00    3.08 v _531_/A1 (sky130_fd_sc_hd__a21o_1)
     2    0.01    0.05    0.19    3.27 v _531_/X (sky130_fd_sc_hd__a21o_1)
                                         _280_ (net)
                  0.05    0.00    3.27 v _539_/A (sky130_fd_sc_hd__xnor2_1)
     2    0.01    0.16    0.19    3.46 ^ _539_/Y (sky130_fd_sc_hd__xnor2_1)
                                         _288_ (net)
                  0.16    0.00    3.46 ^ _540_/C (sky130_fd_sc_hd__and3_1)
     2    0.01    0.09    0.22    3.68 ^ _540_/X (sky130_fd_sc_hd__and3_1)
                                         _289_ (net)
                  0.09    0.00    3.68 ^ _542_/A (sky130_fd_sc_hd__nor2_1)
     2    0.00    0.04    0.06    3.75 v _542_/Y (sky130_fd_sc_hd__nor2_1)
                                         _291_ (net)
                  0.04    0.00    3.75 v _543_/C (sky130_fd_sc_hd__and3_1)
     3    0.01    0.08    0.23    3.97 v _543_/X (sky130_fd_sc_hd__and3_1)
                                         _292_ (net)
                  0.08    0.00    3.97 v _495_/A (sky130_fd_sc_hd__nor2_1)
     1    0.00    0.07    0.10    4.08 ^ _495_/Y (sky130_fd_sc_hd__nor2_1)
                                         net27 (net)
                  0.07    0.00    4.08 ^ output27/A (sky130_fd_sc_hd__buf_2)
     1    0.03    0.17    0.22    4.29 ^ output27/X (sky130_fd_sc_hd__buf_2)
                                         prod[4] (net)
                  0.17    0.00    4.30 ^ prod[4] (out)
                                  4.30   data arrival time

                  0.00   10.00   10.00   clock clk (rise edge)
                          0.00   10.00   clock network delay (ideal)
                         -0.25    9.75   clock uncertainty
                          0.00    9.75   clock reconvergence pessimism
                         -2.00    7.75   output external delay
                                  7.75   data required time
-----------------------------------------------------------------------------
                                  7.75   data required time
                                 -4.30   data arrival time
-----------------------------------------------------------------------------
                                  3.45   slack (MET)


Startpoint: a[3] (input port clocked by clk)
Endpoint: prod[3] (output port clocked by clk)
Path Group: clk
Path Type: max

Fanout     Cap    Slew   Delay    Time   Description
-----------------------------------------------------------------------------
                  0.00    0.00    0.00   clock clk (rise edge)
                          0.00    0.00   clock network delay (ideal)
                          2.00    2.00 ^ input external delay
     1    0.00    0.02    0.01    2.01 ^ a[3] (in)
                                         a[3] (net)
                  0.02    0.00    2.01 ^ input4/A (sky130_fd_sc_hd__buf_1)
     3    0.01    0.12    0.13    2.14 ^ input4/X (sky130_fd_sc_hd__buf_1)
                                         net4 (net)
                  0.12    0.00    2.14 ^ _523_/A (sky130_fd_sc_hd__buf_2)
    10    0.03    0.15    0.22    2.37 ^ _523_/X (sky130_fd_sc_hd__buf_2)
                                         _272_ (net)
                  0.15    0.00    2.37 ^ _524_/D (sky130_fd_sc_hd__nand4_1)
     4    0.01    0.13    0.17    2.54 v _524_/Y (sky130_fd_sc_hd__nand4_1)
                                         _273_ (net)
                  0.13    0.00    2.54 v _527_/A1 (sky130_fd_sc_hd__a21o_1)
     2    0.00    0.04    0.20    2.74 v _527_/X (sky130_fd_sc_hd__a21o_1)
                                         _276_ (net)
                  0.04    0.00    2.74 v _530_/D (sky130_fd_sc_hd__and4_1)
     2    0.00    0.05    0.21    2.95 v _530_/X (sky130_fd_sc_hd__and4_1)
                                         _279_ (net)
                  0.05    0.00    2.95 v _496_/A (sky130_fd_sc_hd__or2b_1)
     1    0.00    0.06    0.24    3.19 v _496_/X (sky130_fd_sc_hd__or2b_1)
                                         _252_ (net)
                  0.06    0.00    3.19 v _497_/B (sky130_fd_sc_hd__xnor2_1)
     1    0.00    0.11    0.13    3.32 ^ _497_/Y (sky130_fd_sc_hd__xnor2_1)
                                         net26 (net)
                  0.11    0.00    3.32 ^ output26/A (sky130_fd_sc_hd__buf_2)
     1    0.03    0.17    0.23    3.55 ^ output26/X (sky130_fd_sc_hd__buf_2)
                                         prod[3] (net)
                  0.17    0.00    3.55 ^ prod[3] (out)
                                  3.55   data arrival time

                  0.00   10.00   10.00   clock clk (rise edge)
                          0.00   10.00   clock network delay (ideal)
                         -0.25    9.75   clock uncertainty
                          0.00    9.75   clock reconvergence pessimism
                         -2.00    7.75   output external delay
                                  7.75   data required time
-----------------------------------------------------------------------------
                                  7.75   data required time
                                 -3.55   data arrival time
-----------------------------------------------------------------------------
                                  4.20   slack (MET)


Startpoint: a[2] (input port clocked by clk)
Endpoint: prod[2] (output port clocked by clk)
Path Group: clk
Path Type: max

Fanout     Cap    Slew   Delay    Time   Description
-----------------------------------------------------------------------------
                  0.00    0.00    0.00   clock clk (rise edge)
                          0.00    0.00   clock network delay (ideal)
                          2.00    2.00 ^ input external delay
     1    0.00    0.02    0.01    2.01 ^ a[2] (in)
                                         a[2] (net)
                  0.02    0.00    2.01 ^ input3/A (sky130_fd_sc_hd__buf_1)
     5    0.01    0.17    0.17    2.18 ^ input3/X (sky130_fd_sc_hd__buf_1)
                                         net3 (net)
                  0.17    0.00    2.18 ^ _507_/A (sky130_fd_sc_hd__buf_2)
    10    0.03    0.16    0.24    2.42 ^ _507_/X (sky130_fd_sc_hd__buf_2)
                                         _257_ (net)
                  0.16    0.00    2.42 ^ _508_/B (sky130_fd_sc_hd__nand2_1)
     2    0.00    0.06    0.09    2.51 v _508_/Y (sky130_fd_sc_hd__nand2_1)
                                         _258_ (net)
                  0.06    0.00    2.51 v _509_/B (sky130_fd_sc_hd__or3b_1)
     2    0.00    0.07    0.37    2.89 v _509_/X (sky130_fd_sc_hd__or3b_1)
                                         _259_ (net)
                  0.07    0.00    2.89 v _514_/A (sky130_fd_sc_hd__and3_1)
     3    0.01    0.07    0.20    3.08 v _514_/X (sky130_fd_sc_hd__and3_1)
                                         _264_ (net)
                  0.07    0.00    3.08 v _515_/B (sky130_fd_sc_hd__nor2_1)
     1    0.00    0.09    0.11    3.19 ^ _515_/Y (sky130_fd_sc_hd__nor2_1)
                                         net25 (net)
                  0.09    0.00    3.19 ^ output25/A (sky130_fd_sc_hd__buf_2)
     1    0.03    0.17    0.23    3.42 ^ output25/X (sky130_fd_sc_hd__buf_2)
                                         prod[2] (net)
                  0.17    0.00    3.42 ^ prod[2] (out)
                                  3.42   data arrival time

                  0.00   10.00   10.00   clock clk (rise edge)
                          0.00   10.00   clock network delay (ideal)
                         -0.25    9.75   clock uncertainty
                          0.00    9.75   clock reconvergence pessimism
                         -2.00    7.75   output external delay
                                  7.75   data required time
-----------------------------------------------------------------------------
                                  7.75   data required time
                                 -3.42   data arrival time
-----------------------------------------------------------------------------
                                  4.33   slack (MET)


Startpoint: a[0] (input port clocked by clk)
Endpoint: prod[1] (output port clocked by clk)
Path Group: clk
Path Type: max

Fanout     Cap    Slew   Delay    Time   Description
-----------------------------------------------------------------------------
                  0.00    0.00    0.00   clock clk (rise edge)
                          0.00    0.00   clock network delay (ideal)
                          2.00    2.00 ^ input external delay
     1    0.00    0.02    0.01    2.01 ^ a[0] (in)
                                         a[0] (net)
                  0.02    0.00    2.01 ^ input1/A (sky130_fd_sc_hd__buf_1)
     4    0.01    0.13    0.14    2.15 ^ input1/X (sky130_fd_sc_hd__buf_1)
                                         net1 (net)
                  0.13    0.00    2.15 ^ _502_/A (sky130_fd_sc_hd__buf_2)
    10    0.03    0.15    0.23    2.38 ^ _502_/X (sky130_fd_sc_hd__buf_2)
                                         _253_ (net)
                  0.15    0.00    2.38 ^ _505_/A1 (sky130_fd_sc_hd__a22o_1)
     1    0.00    0.05    0.17    2.54 ^ _505_/X (sky130_fd_sc_hd__a22o_1)
                                         _256_ (net)
                  0.05    0.00    2.54 ^ _506_/B1 (sky130_fd_sc_hd__o21a_1)
     1    0.00    0.03    0.11    2.65 ^ _506_/X (sky130_fd_sc_hd__o21a_1)
                                         net24 (net)
                  0.03    0.00    2.65 ^ output24/A (sky130_fd_sc_hd__buf_2)
     1    0.03    0.17    0.20    2.85 ^ output24/X (sky130_fd_sc_hd__buf_2)
                                         prod[1] (net)
                  0.17    0.00    2.85 ^ prod[1] (out)
                                  2.85   data arrival time

                  0.00   10.00   10.00   clock clk (rise edge)
                          0.00   10.00   clock network delay (ideal)
                         -0.25    9.75   clock uncertainty
                          0.00    9.75   clock reconvergence pessimism
                         -2.00    7.75   output external delay
                                  7.75   data required time
-----------------------------------------------------------------------------
                                  7.75   data required time
                                 -2.85   data arrival time
-----------------------------------------------------------------------------
                                  4.90   slack (MET)


Startpoint: b[0] (input port clocked by clk)
Endpoint: prod[0] (output port clocked by clk)
Path Group: clk
Path Type: max

Fanout     Cap    Slew   Delay    Time   Description
-----------------------------------------------------------------------------
                  0.00    0.00    0.00   clock clk (rise edge)
                          0.00    0.00   clock network delay (ideal)
                          2.00    2.00 ^ input external delay
     1    0.00    0.02    0.01    2.01 ^ b[0] (in)
                                         b[0] (net)
                  0.02    0.00    2.01 ^ input9/A (sky130_fd_sc_hd__buf_1)
     4    0.01    0.13    0.14    2.15 ^ input9/X (sky130_fd_sc_hd__buf_1)
                                         net9 (net)
                  0.13    0.00    2.15 ^ _498_/B (sky130_fd_sc_hd__nand2_1)
     4    0.01    0.09    0.12    2.28 v _498_/Y (sky130_fd_sc_hd__nand2_1)
                                         _227_ (net)
                  0.09    0.00    2.28 v _499_/A (sky130_fd_sc_hd__inv_2)
     1    0.00    0.03    0.06    2.33 ^ _499_/Y (sky130_fd_sc_hd__inv_2)
                                         net17 (net)
                  0.03    0.00    2.33 ^ output17/A (sky130_fd_sc_hd__buf_2)
     1    0.03    0.17    0.20    2.53 ^ output17/X (sky130_fd_sc_hd__buf_2)
                                         prod[0] (net)
                  0.17    0.00    2.53 ^ prod[0] (out)
                                  2.53   data arrival time

                  0.00   10.00   10.00   clock clk (rise edge)
                          0.00   10.00   clock network delay (ideal)
                         -0.25    9.75   clock uncertainty
                          0.00    9.75   clock reconvergence pessimism
                         -2.00    7.75   output external delay
                                  7.75   data required time
-----------------------------------------------------------------------------
                                  7.75   data required time
                                 -2.53   data arrival time
-----------------------------------------------------------------------------
                                  5.22   slack (MET)



worst slack corner Typical: 1.4236
