
===========================================================================
report_checks -path_delay min (Hold)
============================================================================
======================= Typical Corner ===================================

Startpoint: a[0] (input port clocked by clk)
Endpoint: prod[0] (output port clocked by clk)
Path Group: clk
Path Type: min

Fanout     Cap    Slew   Delay    Time   Description
-----------------------------------------------------------------------------
                  0.00    0.00    0.00   clock clk (rise edge)
                          0.00    0.00   clock network delay (ideal)
                          2.00    2.00 v input external delay
     1    0.00    0.01    0.00    2.00 v a[0] (in)
                                         a[0] (net)
                  0.01    0.00    2.00 v input1/A (sky130_fd_sc_hd__buf_1)
     4    0.01    0.06    0.10    2.10 v input1/X (sky130_fd_sc_hd__buf_1)
                                         net1 (net)
                  0.06    0.00    2.10 v _498_/A (sky130_fd_sc_hd__nand2_1)
     4    0.01    0.12    0.11    2.22 ^ _498_/Y (sky130_fd_sc_hd__nand2_1)
                                         _227_ (net)
                  0.12    0.00    2.22 ^ _499_/A (sky130_fd_sc_hd__inv_2)
     1    0.00    0.02    0.03    2.25 v _499_/Y (sky130_fd_sc_hd__inv_2)
                                         net17 (net)
                  0.02    0.00    2.25 v output17/A (sky130_fd_sc_hd__buf_2)
     1    0.03    0.09    0.16    2.41 v output17/X (sky130_fd_sc_hd__buf_2)
                                         prod[0] (net)
                  0.09    0.00    2.41 v prod[0] (out)
                                  2.41   data arrival time

                  0.00    0.00    0.00   clock clk (rise edge)
                          0.00    0.00   clock network delay (ideal)
                          0.25    0.25   clock uncertainty
                          0.00    0.25   clock reconvergence pessimism
                         -2.00   -1.75   output external delay
                                 -1.75   data required time
-----------------------------------------------------------------------------
                                 -1.75   data required time
                                 -2.41   data arrival time
-----------------------------------------------------------------------------
                                  4.16   slack (MET)


Startpoint: a[1] (input port clocked by clk)
Endpoint: prod[1] (output port clocked by clk)
Path Group: clk
Path Type: min

Fanout     Cap    Slew   Delay    Time   Description
-----------------------------------------------------------------------------
                  0.00    0.00    0.00   clock clk (rise edge)
                          0.00    0.00   clock network delay (ideal)
                          2.00    2.00 v input external delay
     1    0.00    0.01    0.00    2.00 v a[1] (in)
                                         a[1] (net)
                  0.01    0.00    2.00 v input2/A (sky130_fd_sc_hd__buf_1)
     4    0.01    0.07    0.10    2.11 v input2/X (sky130_fd_sc_hd__buf_1)
                                         net2 (net)
                  0.07    0.00    2.11 v _501_/B (sky130_fd_sc_hd__nand2_1)
     2    0.00    0.06    0.08    2.19 ^ _501_/Y (sky130_fd_sc_hd__nand2_1)
                                         _251_ (net)
                  0.06    0.00    2.19 ^ _506_/A2 (sky130_fd_sc_hd__o21a_1)
     1    0.00    0.03    0.09    2.28 ^ _506_/X (sky130_fd_sc_hd__o21a_1)
                                         net24 (net)
                  0.03    0.00    2.28 ^ output24/A (sky130_fd_sc_hd__buf_2)
     1    0.03    0.17    0.18    2.46 ^ output24/X (sky130_fd_sc_hd__buf_2)
                                         prod[1] (net)
                  0.17    0.00    2.46 ^ prod[1] (out)
                                  2.46   data arrival time

                  0.00    0.00    0.00   clock clk (rise edge)
                          0.00    0.00   clock network delay (ideal)
                          0.25    0.25   clock uncertainty
                          0.00    0.25   clock reconvergence pessimism
                         -2.00   -1.75   output external delay
                                 -1.75   data required time
-----------------------------------------------------------------------------
                                 -1.75   data required time
                                 -2.46   data arrival time
-----------------------------------------------------------------------------
                                  4.21   slack (MET)


Startpoint: a[0] (input port clocked by clk)
Endpoint: prod[4] (output port clocked by clk)
Path Group: clk
Path Type: min

Fanout     Cap    Slew   Delay    Time   Description
-----------------------------------------------------------------------------
                  0.00    0.00    0.00   clock clk (rise edge)
                          0.00    0.00   clock network delay (ideal)
                          2.00    2.00 v input external delay
     1    0.00    0.01    0.00    2.00 v a[0] (in)
                                         a[0] (net)
                  0.01    0.00    2.00 v input1/A (sky130_fd_sc_hd__buf_1)
     4    0.01    0.06    0.10    2.10 v input1/X (sky130_fd_sc_hd__buf_1)
                                         net1 (net)
                  0.06    0.00    2.10 v _502_/A (sky130_fd_sc_hd__buf_2)
    10    0.03    0.08    0.17    2.27 v _502_/X (sky130_fd_sc_hd__buf_2)
                                         _253_ (net)
                  0.08    0.00    2.27 v _494_/A1 (sky130_fd_sc_hd__a21oi_1)
     1    0.00    0.09    0.13    2.40 ^ _494_/Y (sky130_fd_sc_hd__a21oi_1)
                                         _250_ (net)
                  0.09    0.00    2.40 ^ _495_/B (sky130_fd_sc_hd__nor2_1)
     1    0.00    0.03    0.04    2.44 v _495_/Y (sky130_fd_sc_hd__nor2_1)
                                         net27 (net)
                  0.03    0.00    2.44 v output27/A (sky130_fd_sc_hd__buf_2)
     1    0.03    0.09    0.16    2.60 v output27/X (sky130_fd_sc_hd__buf_2)
                                         prod[4] (net)
                  0.09    0.00    2.60 v prod[4] (out)
                                  2.60   data arrival time

                  0.00    0.00    0.00   clock clk (rise edge)
                          0.00    0.00   clock network delay (ideal)
                          0.25    0.25   clock uncertainty
                          0.00    0.25   clock reconvergence pessimism
                         -2.00   -1.75   output external delay
                                 -1.75   data required time
-----------------------------------------------------------------------------
                                 -1.75   data required time
                                 -2.60   data arrival time
-----------------------------------------------------------------------------
                                  4.35   slack (MET)


Startpoint: a[1] (input port clocked by clk)
Endpoint: prod[2] (output port clocked by clk)
Path Group: clk
Path Type: min

Fanout     Cap    Slew   Delay    Time   Description
-----------------------------------------------------------------------------
                  0.00    0.00    0.00   clock clk (rise edge)
                          0.00    0.00   clock network delay (ideal)
                          2.00    2.00 v input external delay
     1    0.00    0.01    0.00    2.00 v a[1] (in)
                                         a[1] (net)
                  0.01    0.00    2.00 v input2/A (sky130_fd_sc_hd__buf_1)
     4    0.01    0.07    0.10    2.11 v input2/X (sky130_fd_sc_hd__buf_1)
                                         net2 (net)
                  0.07    0.00    2.11 v _501_/B (sky130_fd_sc_hd__nand2_1)
     2    0.00    0.06    0.08    2.19 ^ _501_/Y (sky130_fd_sc_hd__nand2_1)
                                         _251_ (net)
                  0.06    0.00    2.19 ^ _509_/A (sky130_fd_sc_hd__or3b_1)
     2    0.00    0.05    0.10    2.29 ^ _509_/X (sky130_fd_sc_hd__or3b_1)
                                         _259_ (net)
                  0.05    0.00    2.29 ^ _513_/A1 (sky130_fd_sc_hd__a21oi_1)
     1    0.00    0.04    0.05    2.34 v _513_/Y (sky130_fd_sc_hd__a21oi_1)
                                         _263_ (net)
                  0.04    0.00    2.34 v _515_/A (sky130_fd_sc_hd__nor2_1)
     1    0.00    0.09    0.10    2.44 ^ _515_/Y (sky130_fd_sc_hd__nor2_1)
                                         net25 (net)
                  0.09    0.00    2.44 ^ output25/A (sky130_fd_sc_hd__buf_2)
     1    0.03    0.17    0.20    2.64 ^ output25/X (sky130_fd_sc_hd__buf_2)
                                         prod[2] (net)
                  0.17    0.00    2.64 ^ prod[2] (out)
                                  2.64   data arrival time

                  0.00    0.00    0.00   clock clk (rise edge)
                          0.00    0.00   clock network delay (ideal)
                          0.25    0.25   clock uncertainty
                          0.00    0.25   clock reconvergence pessimism
                         -2.00   -1.75   output external delay
                                 -1.75   data required time
-----------------------------------------------------------------------------
                                 -1.75   data required time
                                 -2.64   data arrival time
-----------------------------------------------------------------------------
                                  4.39   slack (MET)


Startpoint: a[1] (input port clocked by clk)
Endpoint: prod[3] (output port clocked by clk)
Path Group: clk
Path Type: min

Fanout     Cap    Slew   Delay    Time   Description
-----------------------------------------------------------------------------
                  0.00    0.00    0.00   clock clk (rise edge)
                          0.00    0.00   clock network delay (ideal)
                          2.00    2.00 v input external delay
     1    0.00    0.01    0.00    2.00 v a[1] (in)
                                         a[1] (net)
                  0.01    0.00    2.00 v input2/A (sky130_fd_sc_hd__buf_1)
     4    0.01    0.07    0.10    2.11 v input2/X (sky130_fd_sc_hd__buf_1)
                                         net2 (net)
                  0.07    0.00    2.11 v _501_/B (sky130_fd_sc_hd__nand2_1)
     2    0.00    0.06    0.08    2.19 ^ _501_/Y (sky130_fd_sc_hd__nand2_1)
                                         _251_ (net)
                  0.06    0.00    2.19 ^ _509_/A (sky130_fd_sc_hd__or3b_1)
     2    0.00    0.05    0.10    2.29 ^ _509_/X (sky130_fd_sc_hd__or3b_1)
                                         _259_ (net)
                  0.05    0.00    2.29 ^ _514_/A (sky130_fd_sc_hd__and3_1)
     3    0.01    0.13    0.19    2.48 ^ _514_/X (sky130_fd_sc_hd__and3_1)
                                         _264_ (net)
                  0.13    0.00    2.48 ^ _497_/A (sky130_fd_sc_hd__xnor2_1)
     1    0.00    0.03    0.08    2.56 v _497_/Y (sky130_fd_sc_hd__xnor2_1)
                                         net26 (net)
                  0.03    0.00    2.56 v output26/A (sky130_fd_sc_hd__buf_2)
     1    0.03    0.09    0.16    2.72 v output26/X (sky130_fd_sc_hd__buf_2)
                                         prod[3] (net)
                  0.09    0.00    2.72 v prod[3] (out)
                                  2.72   data arrival time

                  0.00    0.00    0.00   clock clk (rise edge)
                          0.00    0.00   clock network delay (ideal)
                          0.25    0.25   clock uncertainty
                          0.00    0.25   clock reconvergence pessimism
                         -2.00   -1.75   output external delay
                                 -1.75   data required time
-----------------------------------------------------------------------------
                                 -1.75   data required time
                                 -2.72   data arrival time
-----------------------------------------------------------------------------
                                  4.47   slack (MET)


Startpoint: b[5] (input port clocked by clk)
Endpoint: prod[5] (output port clocked by clk)
Path Group: clk
Path Type: min

Fanout     Cap    Slew   Delay    Time   Description
-----------------------------------------------------------------------------
                  0.00    0.00    0.00   clock clk (rise edge)
                          0.00    0.00   clock network delay (ideal)
                          2.00    2.00 v input external delay
     1    0.00    0.01    0.00    2.00 v b[5] (in)
                                         b[5] (net)
                  0.01    0.00    2.00 v input14/A (sky130_fd_sc_hd__buf_2)
    10    0.03    0.08    0.15    2.15 v input14/X (sky130_fd_sc_hd__buf_2)
                                         net14 (net)
                  0.08    0.00    2.15 v _546_/B (sky130_fd_sc_hd__nand2_1)
     2    0.01    0.08    0.10    2.25 ^ _546_/Y (sky130_fd_sc_hd__nand2_1)
                                         _295_ (net)
                  0.08    0.00    2.25 ^ _548_/A2 (sky130_fd_sc_hd__o21ai_2)
     2    0.01    0.05    0.07    2.32 v _548_/Y (sky130_fd_sc_hd__o21ai_2)
                                         _297_ (net)
                  0.05    0.00    2.32 v _572_/A (sky130_fd_sc_hd__xnor2_1)
     2    0.01    0.07    0.14    2.46 v _572_/Y (sky130_fd_sc_hd__xnor2_1)
                                         _007_ (net)
                  0.07    0.00    2.46 v _489_/B (sky130_fd_sc_hd__xnor2_1)
     1    0.00    0.03    0.11    2.58 v _489_/Y (sky130_fd_sc_hd__xnor2_1)
                                         net28 (net)
                  0.03    0.00    2.58 v output28/A (sky130_fd_sc_hd__buf_2)
     1    0.03    0.09    0.17    2.74 v output28/X (sky130_fd_sc_hd__buf_2)
                                         prod[5] (net)
                  0.09    0.00    2.74 v prod[5] (out)
                                  2.74   data arrival time

                  0.00    0.00    0.00   clock clk (rise edge)
                          0.00    0.00   clock network delay (ideal)
                          0.25    0.25   clock uncertainty
                          0.00    0.25   clock reconvergence pessimism
                         -2.00   -1.75   output external delay
                                 -1.75   data required time
-----------------------------------------------------------------------------
                                 -1.75   data required time
                                 -2.74   data arrival time
-----------------------------------------------------------------------------
                                  4.49   slack (MET)


Startpoint: b[5] (input port clocked by clk)
Endpoint: prod[6] (output port clocked by clk)
Path Group: clk
Path Type: min

Fanout     Cap    Slew   Delay    Time   Description
-----------------------------------------------------------------------------
                  0.00    0.00    0.00   clock clk (rise edge)
                          0.00    0.00   clock network delay (ideal)
                          2.00    2.00 v input external delay
     1    0.00    0.01    0.00    2.00 v b[5] (in)
                                         b[5] (net)
                  0.01    0.00    2.00 v input14/A (sky130_fd_sc_hd__buf_2)
    10    0.03    0.08    0.15    2.15 v input14/X (sky130_fd_sc_hd__buf_2)
                                         net14 (net)
                  0.08    0.00    2.15 v _546_/B (sky130_fd_sc_hd__nand2_1)
     2    0.01    0.08    0.10    2.25 ^ _546_/Y (sky130_fd_sc_hd__nand2_1)
                                         _295_ (net)
                  0.08    0.00    2.25 ^ _548_/A2 (sky130_fd_sc_hd__o21ai_2)
     2    0.01    0.05    0.07    2.32 v _548_/Y (sky130_fd_sc_hd__o21ai_2)
                                         _297_ (net)
                  0.05    0.00    2.32 v _573_/A (sky130_fd_sc_hd__nor2_1)
     1    0.00    0.07    0.09    2.41 ^ _573_/Y (sky130_fd_sc_hd__nor2_1)
                                         _008_ (net)
                  0.07    0.00    2.41 ^ _574_/B1_N (sky130_fd_sc_hd__o21bai_1)
     2    0.01    0.11    0.14    2.55 ^ _574_/Y (sky130_fd_sc_hd__o21bai_1)
                                         _009_ (net)
                  0.11    0.00    2.55 ^ _490_/A (sky130_fd_sc_hd__xor2_1)
     1    0.00    0.03    0.07    2.62 v _490_/X (sky130_fd_sc_hd__xor2_1)
                                         net29 (net)
                  0.03    0.00    2.62 v output29/A (sky130_fd_sc_hd__buf_2)
     1    0.03    0.09    0.17    2.78 v output29/X (sky130_fd_sc_hd__buf_2)
                                         prod[6] (net)
                  0.09    0.00    2.78 v prod[6] (out)
                                  2.78   data arrival time

                  0.00    0.00    0.00   clock clk (rise edge)
                          0.00    0.00   clock network delay (ideal)
                          0.25    0.25   clock uncertainty
                          0.00    0.25   clock reconvergence pessimism
                         -2.00   -1.75   output external delay
                                 -1.75   data required time
-----------------------------------------------------------------------------
                                 -1.75   data required time
                                 -2.78   data arrival time
-----------------------------------------------------------------------------
                                  4.53   slack (MET)


Startpoint: b[6] (input port clocked by clk)
Endpoint: prod[15] (output port clocked by clk)
Path Group: clk
Path Type: min

Fanout     Cap    Slew   Delay    Time   Description
-----------------------------------------------------------------------------
                  0.00    0.00    0.00   clock clk (rise edge)
                          0.00    0.00   clock network delay (ideal)
                          2.00    2.00 v input external delay
     1    0.00    0.01    0.00    2.00 v b[6] (in)
                                         b[6] (net)
                  0.01    0.00    2.00 v input15/A (sky130_fd_sc_hd__clkbuf_1)
     3    0.01    0.04    0.08    2.09 v input15/X (sky130_fd_sc_hd__clkbuf_1)
                                         net15 (net)
                  0.04    0.00    2.09 v _603_/A (sky130_fd_sc_hd__buf_2)
    10    0.03    0.07    0.16    2.24 v _603_/X (sky130_fd_sc_hd__buf_2)
                                         _038_ (net)
                  0.07    0.00    2.24 v _446_/B (sky130_fd_sc_hd__nand2_1)
     2    0.01    0.07    0.09    2.34 ^ _446_/Y (sky130_fd_sc_hd__nand2_1)
                                         _209_ (net)
                  0.07    0.00    2.34 ^ _476_/C (sky130_fd_sc_hd__and3_1)
     2    0.01    0.08    0.17    2.50 ^ _476_/X (sky130_fd_sc_hd__and3_1)
                                         _238_ (net)
                  0.08    0.00    2.50 ^ _486_/A2 (sky130_fd_sc_hd__a21bo_1)
     1    0.00    0.05    0.11    2.61 ^ _486_/X (sky130_fd_sc_hd__a21bo_1)
                                         _248_ (net)
                  0.05    0.00    2.61 ^ _488_/B1 (sky130_fd_sc_hd__a211o_1)
     1    0.00    0.03    0.08    2.70 ^ _488_/X (sky130_fd_sc_hd__a211o_1)
                                         net23 (net)
                  0.03    0.00    2.70 ^ output23/A (sky130_fd_sc_hd__clkbuf_4)
     1    0.03    0.11    0.17    2.87 ^ output23/X (sky130_fd_sc_hd__clkbuf_4)
                                         prod[15] (net)
                  0.11    0.00    2.87 ^ prod[15] (out)
                                  2.87   data arrival time

                  0.00    0.00    0.00   clock clk (rise edge)
                          0.00    0.00   clock network delay (ideal)
                          0.25    0.25   clock uncertainty
                          0.00    0.25   clock reconvergence pessimism
                         -2.00   -1.75   output external delay
                                 -1.75   data required time
-----------------------------------------------------------------------------
                                 -1.75   data required time
                                 -2.87   data arrival time
-----------------------------------------------------------------------------
                                  4.62   slack (MET)


Startpoint: a[4] (input port clocked by clk)
Endpoint: prod[8] (output port clocked by clk)
Path Group: clk
Path Type: min

Fanout     Cap    Slew   Delay    Time   Description
-----------------------------------------------------------------------------
                  0.00    0.00    0.00   clock clk (rise edge)
                          0.00    0.00   clock network delay (ideal)
                          2.00    2.00 v input external delay
     1    0.00    0.01    0.00    2.00 v a[4] (in)
                                         a[4] (net)
                  0.01    0.00    2.00 v input5/A (sky130_fd_sc_hd__buf_1)
     3    0.01    0.05    0.09    2.10 v input5/X (sky130_fd_sc_hd__buf_1)
                                         net5 (net)
                  0.05    0.00    2.10 v _517_/A (sky130_fd_sc_hd__buf_2)
    10    0.03    0.07    0.16    2.26 v _517_/X (sky130_fd_sc_hd__buf_2)
                                         _266_ (net)
                  0.07    0.00    2.26 v _324_/A (sky130_fd_sc_hd__nand2_1)
     4    0.01    0.09    0.10    2.36 ^ _324_/Y (sky130_fd_sc_hd__nand2_1)
                                         _089_ (net)
                  0.09    0.00    2.36 ^ _326_/B (sky130_fd_sc_hd__nand2_1)
     1    0.00    0.03    0.05    2.41 v _326_/Y (sky130_fd_sc_hd__nand2_1)
                                         _091_ (net)
                  0.03    0.00    2.41 v _327_/B (sky130_fd_sc_hd__nand2_1)
     2    0.01    0.09    0.09    2.50 ^ _327_/Y (sky130_fd_sc_hd__nand2_1)
                                         _092_ (net)
                  0.09    0.00    2.50 ^ _346_/A (sky130_fd_sc_hd__xnor2_1)
     2    0.01    0.10    0.15    2.64 ^ _346_/Y (sky130_fd_sc_hd__xnor2_1)
                                         _111_ (net)
                  0.10    0.00    2.64 ^ _492_/B (sky130_fd_sc_hd__xor2_1)
     1    0.00    0.03    0.06    2.71 v _492_/X (sky130_fd_sc_hd__xor2_1)
                                         net31 (net)
                  0.03    0.00    2.71 v output31/A (sky130_fd_sc_hd__buf_2)
     1    0.03    0.09    0.17    2.87 v output31/X (sky130_fd_sc_hd__buf_2)
                                         prod[8] (net)
                  0.09    0.00    2.87 v prod[8] (out)
                                  2.87   data arrival time

                  0.00    0.00    0.00   clock clk (rise edge)
                          0.00    0.00   clock network delay (ideal)
                          0.25    0.25   clock uncertainty
                          0.00    0.25   clock reconvergence pessimism
                         -2.00   -1.75   output external delay
                                 -1.75   data required time
-----------------------------------------------------------------------------
                                 -1.75   data required time
                                 -2.87   data arrival time
-----------------------------------------------------------------------------
                                  4.62   slack (MET)


Startpoint: b[5] (input port clocked by clk)
Endpoint: prod[7] (output port clocked by clk)
Path Group: clk
Path Type: min

Fanout     Cap    Slew   Delay    Time   Description
-----------------------------------------------------------------------------
                  0.00    0.00    0.00   clock clk (rise edge)
                          0.00    0.00   clock network delay (ideal)
                          2.00    2.00 v input external delay
     1    0.00    0.01    0.00    2.00 v b[5] (in)
                                         b[5] (net)
                  0.01    0.00    2.00 v input14/A (sky130_fd_sc_hd__buf_2)
    10    0.03    0.08    0.15    2.15 v input14/X (sky130_fd_sc_hd__buf_2)
                                         net14 (net)
                  0.08    0.00    2.15 v _546_/B (sky130_fd_sc_hd__nand2_1)
     2    0.01    0.08    0.10    2.25 ^ _546_/Y (sky130_fd_sc_hd__nand2_1)
                                         _295_ (net)
                  0.08    0.00    2.25 ^ _548_/A2 (sky130_fd_sc_hd__o21ai_2)
     2    0.01    0.05    0.07    2.32 v _548_/Y (sky130_fd_sc_hd__o21ai_2)
                                         _297_ (net)
                  0.05    0.00    2.32 v _573_/A (sky130_fd_sc_hd__nor2_1)
     1    0.00    0.07    0.09    2.41 ^ _573_/Y (sky130_fd_sc_hd__nor2_1)
                                         _008_ (net)
                  0.07    0.00    2.41 ^ _574_/B1_N (sky130_fd_sc_hd__o21bai_1)
     2    0.01    0.11    0.14    2.55 ^ _574_/Y (sky130_fd_sc_hd__o21bai_1)
                                         _009_ (net)
                  0.11    0.00    2.55 ^ _601_/A1 (sky130_fd_sc_hd__a21o_1)
     2    0.01    0.08    0.15    2.69 ^ _601_/X (sky130_fd_sc_hd__a21o_1)
                                         _036_ (net)
                  0.08    0.00    2.69 ^ _491_/A (sky130_fd_sc_hd__xor2_1)
     1    0.00    0.03    0.06    2.75 v _491_/X (sky130_fd_sc_hd__xor2_1)
                                         net30 (net)
                  0.03    0.00    2.75 v output30/A (sky130_fd_sc_hd__buf_2)
     1    0.03    0.09    0.17    2.92 v output30/X (sky130_fd_sc_hd__buf_2)
                                         prod[7] (net)
                  0.09    0.00    2.92 v prod[7] (out)
                                  2.92   data arrival time

                  0.00    0.00    0.00   clock clk (rise edge)
                          0.00    0.00   clock network delay (ideal)
                          0.25    0.25   clock uncertainty
                          0.00    0.25   clock reconvergence pessimism
                         -2.00   -1.75   output external delay
                                 -1.75   data required time
-----------------------------------------------------------------------------
                                 -1.75   data required time
                                 -2.92   data arrival time
-----------------------------------------------------------------------------
                                  4.67   slack (MET)


Startpoint: a[7] (input port clocked by clk)
Endpoint: prod[11] (output port clocked by clk)
Path Group: clk
Path Type: min

Fanout     Cap    Slew   Delay    Time   Description
-----------------------------------------------------------------------------
                  0.00    0.00    0.00   clock clk (rise edge)
                          0.00    0.00   clock network delay (ideal)
                          2.00    2.00 v input external delay
     1    0.00    0.01    0.00    2.00 v a[7] (in)
                                         a[7] (net)
                  0.01    0.00    2.00 v input8/A (sky130_fd_sc_hd__buf_1)
     3    0.01    0.07    0.11    2.11 v input8/X (sky130_fd_sc_hd__buf_1)
                                         net8 (net)
                  0.07    0.00    2.11 v _626_/A (sky130_fd_sc_hd__inv_2)
     3    0.01    0.04    0.06    2.17 ^ _626_/Y (sky130_fd_sc_hd__inv_2)
                                         _061_ (net)
                  0.04    0.00    2.17 ^ _374_/B (sky130_fd_sc_hd__or3_1)
     3    0.01    0.07    0.11    2.28 ^ _374_/X (sky130_fd_sc_hd__or3_1)
                                         _139_ (net)
                  0.07    0.00    2.28 ^ _438_/B1_N (sky130_fd_sc_hd__a21boi_1)
     1    0.00    0.09    0.15    2.43 ^ _438_/Y (sky130_fd_sc_hd__a21boi_1)
                                         _202_ (net)
                  0.09    0.00    2.43 ^ _439_/C (sky130_fd_sc_hd__and3_1)
     2    0.01    0.09    0.18    2.61 ^ _439_/X (sky130_fd_sc_hd__and3_1)
                                         _203_ (net)
                  0.09    0.00    2.61 ^ _440_/B (sky130_fd_sc_hd__xnor2_1)
     2    0.01    0.10    0.15    2.76 ^ _440_/Y (sky130_fd_sc_hd__xnor2_1)
                                         _204_ (net)
                  0.10    0.00    2.76 ^ _441_/B (sky130_fd_sc_hd__xor2_1)
     1    0.00    0.03    0.06    2.82 v _441_/X (sky130_fd_sc_hd__xor2_1)
                                         net19 (net)
                  0.03    0.00    2.82 v output19/A (sky130_fd_sc_hd__buf_2)
     1    0.03    0.09    0.17    2.99 v output19/X (sky130_fd_sc_hd__buf_2)
                                         prod[11] (net)
                  0.09    0.00    2.99 v prod[11] (out)
                                  2.99   data arrival time

                  0.00    0.00    0.00   clock clk (rise edge)
                          0.00    0.00   clock network delay (ideal)
                          0.25    0.25   clock uncertainty
                          0.00    0.25   clock reconvergence pessimism
                         -2.00   -1.75   output external delay
                                 -1.75   data required time
-----------------------------------------------------------------------------
                                 -1.75   data required time
                                 -2.99   data arrival time
-----------------------------------------------------------------------------
                                  4.74   slack (MET)


Startpoint: a[4] (input port clocked by clk)
Endpoint: prod[9] (output port clocked by clk)
Path Group: clk
Path Type: min

Fanout     Cap    Slew   Delay    Time   Description
-----------------------------------------------------------------------------
                  0.00    0.00    0.00   clock clk (rise edge)
                          0.00    0.00   clock network delay (ideal)
                          2.00    2.00 v input external delay
     1    0.00    0.01    0.00    2.00 v a[4] (in)
                                         a[4] (net)
                  0.01    0.00    2.00 v input5/A (sky130_fd_sc_hd__buf_1)
     3    0.01    0.05    0.09    2.10 v input5/X (sky130_fd_sc_hd__buf_1)
                                         net5 (net)
                  0.05    0.00    2.10 v _517_/A (sky130_fd_sc_hd__buf_2)
    10    0.03    0.07    0.16    2.26 v _517_/X (sky130_fd_sc_hd__buf_2)
                                         _266_ (net)
                  0.07    0.00    2.26 v _324_/A (sky130_fd_sc_hd__nand2_1)
     4    0.01    0.09    0.10    2.36 ^ _324_/Y (sky130_fd_sc_hd__nand2_1)
                                         _089_ (net)
                  0.09    0.00    2.36 ^ _326_/B (sky130_fd_sc_hd__nand2_1)
     1    0.00    0.03    0.05    2.41 v _326_/Y (sky130_fd_sc_hd__nand2_1)
                                         _091_ (net)
                  0.03    0.00    2.41 v _327_/B (sky130_fd_sc_hd__nand2_1)
     2    0.01    0.09    0.09    2.50 ^ _327_/Y (sky130_fd_sc_hd__nand2_1)
                                         _092_ (net)
                  0.09    0.00    2.50 ^ _346_/A (sky130_fd_sc_hd__xnor2_1)
     2    0.01    0.10    0.15    2.64 ^ _346_/Y (sky130_fd_sc_hd__xnor2_1)
                                         _111_ (net)
                  0.10    0.00    2.64 ^ _348_/A2 (sky130_fd_sc_hd__a21o_1)
     2    0.01    0.07    0.14    2.79 ^ _348_/X (sky130_fd_sc_hd__a21o_1)
                                         _113_ (net)
                  0.07    0.00    2.79 ^ _493_/A (sky130_fd_sc_hd__xor2_1)
     1    0.00    0.03    0.06    2.84 v _493_/X (sky130_fd_sc_hd__xor2_1)
                                         net32 (net)
                  0.03    0.00    2.84 v output32/A (sky130_fd_sc_hd__buf_2)
     1    0.03    0.09    0.17    3.01 v output32/X (sky130_fd_sc_hd__buf_2)
                                         prod[9] (net)
                  0.09    0.00    3.01 v prod[9] (out)
                                  3.01   data arrival time

                  0.00    0.00    0.00   clock clk (rise edge)
                          0.00    0.00   clock network delay (ideal)
                          0.25    0.25   clock uncertainty
                          0.00    0.25   clock reconvergence pessimism
                         -2.00   -1.75   output external delay
                                 -1.75   data required time
-----------------------------------------------------------------------------
                                 -1.75   data required time
                                 -3.01   data arrival time
-----------------------------------------------------------------------------
                                  4.76   slack (MET)


Startpoint: a[3] (input port clocked by clk)
Endpoint: prod[13] (output port clocked by clk)
Path Group: clk
Path Type: min

Fanout     Cap    Slew   Delay    Time   Description
-----------------------------------------------------------------------------
                  0.00    0.00    0.00   clock clk (rise edge)
                          0.00    0.00   clock network delay (ideal)
                          2.00    2.00 v input external delay
     1    0.00    0.01    0.00    2.00 v a[3] (in)
                                         a[3] (net)
                  0.01    0.00    2.00 v input4/A (sky130_fd_sc_hd__buf_1)
     3    0.01    0.06    0.10    2.10 v input4/X (sky130_fd_sc_hd__buf_1)
                                         net4 (net)
                  0.06    0.00    2.10 v _559_/A (sky130_fd_sc_hd__inv_2)
     4    0.01    0.07    0.08    2.18 ^ _559_/Y (sky130_fd_sc_hd__inv_2)
                                         _308_ (net)
                  0.07    0.00    2.18 ^ _356_/A (sky130_fd_sc_hd__or3_1)
     3    0.01    0.07    0.12    2.30 ^ _356_/X (sky130_fd_sc_hd__or3_1)
                                         _121_ (net)
                  0.07    0.00    2.30 ^ _432_/A (sky130_fd_sc_hd__and3_1)
     2    0.01    0.10    0.18    2.48 ^ _432_/X (sky130_fd_sc_hd__and3_1)
                                         _196_ (net)
                  0.10    0.00    2.48 ^ _444_/A (sky130_fd_sc_hd__or2b_1)
     2    0.00    0.05    0.11    2.59 ^ _444_/X (sky130_fd_sc_hd__or2b_1)
                                         _207_ (net)
                  0.05    0.00    2.59 ^ _457_/A1 (sky130_fd_sc_hd__a21oi_1)
     4    0.01    0.06    0.09    2.68 v _457_/Y (sky130_fd_sc_hd__a21oi_1)
                                         _220_ (net)
                  0.06    0.00    2.68 v _472_/B1 (sky130_fd_sc_hd__a21oi_1)
     1    0.00    0.13    0.14    2.81 ^ _472_/Y (sky130_fd_sc_hd__a21oi_1)
                                         _235_ (net)
                  0.13    0.00    2.81 ^ _473_/B (sky130_fd_sc_hd__xnor2_1)
     1    0.00    0.03    0.07    2.88 v _473_/Y (sky130_fd_sc_hd__xnor2_1)
                                         net21 (net)
                  0.03    0.00    2.88 v output21/A (sky130_fd_sc_hd__clkbuf_4)
     1    0.03    0.08    0.17    3.05 v output21/X (sky130_fd_sc_hd__clkbuf_4)
                                         prod[13] (net)
                  0.08    0.00    3.05 v prod[13] (out)
                                  3.05   data arrival time

                  0.00    0.00    0.00   clock clk (rise edge)
                          0.00    0.00   clock network delay (ideal)
                          0.25    0.25   clock uncertainty
                          0.00    0.25   clock reconvergence pessimism
                         -2.00   -1.75   output external delay
                                 -1.75   data required time
-----------------------------------------------------------------------------
                                 -1.75   data required time
                                 -3.05   data arrival time
-----------------------------------------------------------------------------
                                  4.80   slack (MET)


Startpoint: b[5] (input port clocked by clk)
Endpoint: prod[10] (output port clocked by clk)
Path Group: clk
Path Type: min

Fanout     Cap    Slew   Delay    Time   Description
-----------------------------------------------------------------------------
                  0.00    0.00    0.00   clock clk (rise edge)
                          0.00    0.00   clock network delay (ideal)
                          2.00    2.00 v input external delay
     1    0.00    0.01    0.00    2.00 v b[5] (in)
                                         b[5] (net)
                  0.01    0.00    2.00 v input14/A (sky130_fd_sc_hd__buf_2)
    10    0.03    0.08    0.15    2.15 v input14/X (sky130_fd_sc_hd__buf_2)
                                         net14 (net)
                  0.08    0.00    2.15 v _607_/A (sky130_fd_sc_hd__inv_2)
     4    0.01    0.06    0.08    2.22 ^ _607_/Y (sky130_fd_sc_hd__inv_2)
                                         _042_ (net)
                  0.06    0.00    2.22 ^ _351_/B (sky130_fd_sc_hd__or3_1)
     2    0.00    0.06    0.11    2.33 ^ _351_/X (sky130_fd_sc_hd__or3_1)
                                         _116_ (net)
                  0.06    0.00    2.33 ^ _388_/B (sky130_fd_sc_hd__and3_1)
     2    0.01    0.08    0.16    2.49 ^ _388_/X (sky130_fd_sc_hd__and3_1)
                                         _153_ (net)
                  0.08    0.00    2.49 ^ _404_/A (sky130_fd_sc_hd__nor3_1)
     1    0.00    0.04    0.05    2.54 v _404_/Y (sky130_fd_sc_hd__nor3_1)
                                         _169_ (net)
                  0.04    0.00    2.54 v _405_/B (sky130_fd_sc_hd__nor2_1)
     2    0.01    0.14    0.12    2.67 ^ _405_/Y (sky130_fd_sc_hd__nor2_1)
                                         _170_ (net)
                  0.14    0.00    2.67 ^ _414_/A (sky130_fd_sc_hd__xor2_1)
     2    0.01    0.05    0.10    2.77 v _414_/X (sky130_fd_sc_hd__xor2_1)
                                         _179_ (net)
                  0.05    0.00    2.77 v _415_/B (sky130_fd_sc_hd__xor2_1)
     1    0.00    0.03    0.13    2.89 v _415_/X (sky130_fd_sc_hd__xor2_1)
                                         net18 (net)
                  0.03    0.00    2.89 v output18/A (sky130_fd_sc_hd__buf_2)
     1    0.03    0.09    0.17    3.06 v output18/X (sky130_fd_sc_hd__buf_2)
                                         prod[10] (net)
                  0.09    0.00    3.06 v prod[10] (out)
                                  3.06   data arrival time

                  0.00    0.00    0.00   clock clk (rise edge)
                          0.00    0.00   clock network delay (ideal)
                          0.25    0.25   clock uncertainty
                          0.00    0.25   clock reconvergence pessimism
                         -2.00   -1.75   output external delay
                                 -1.75   data required time
-----------------------------------------------------------------------------
                                 -1.75   data required time
                                 -3.06   data arrival time
-----------------------------------------------------------------------------
                                  4.81   slack (MET)


Startpoint: a[3] (input port clocked by clk)
Endpoint: prod[12] (output port clocked by clk)
Path Group: clk
Path Type: min

Fanout     Cap    Slew   Delay    Time   Description
-----------------------------------------------------------------------------
                  0.00    0.00    0.00   clock clk (rise edge)
                          0.00    0.00   clock network delay (ideal)
                          2.00    2.00 v input external delay
     1    0.00    0.01    0.00    2.00 v a[3] (in)
                                         a[3] (net)
                  0.01    0.00    2.00 v input4/A (sky130_fd_sc_hd__buf_1)
     3    0.01    0.06    0.10    2.10 v input4/X (sky130_fd_sc_hd__buf_1)
                                         net4 (net)
                  0.06    0.00    2.10 v _559_/A (sky130_fd_sc_hd__inv_2)
     4    0.01    0.07    0.08    2.18 ^ _559_/Y (sky130_fd_sc_hd__inv_2)
                                         _308_ (net)
                  0.07    0.00    2.18 ^ _356_/A (sky130_fd_sc_hd__or3_1)
     3    0.01    0.07    0.12    2.30 ^ _356_/X (sky130_fd_sc_hd__or3_1)
                                         _121_ (net)
                  0.07    0.00    2.30 ^ _432_/A (sky130_fd_sc_hd__and3_1)
     2    0.01    0.10    0.18    2.48 ^ _432_/X (sky130_fd_sc_hd__and3_1)
                                         _196_ (net)
                  0.10    0.00    2.48 ^ _444_/A (sky130_fd_sc_hd__or2b_1)
     2    0.00    0.05    0.11    2.59 ^ _444_/X (sky130_fd_sc_hd__or2b_1)
                                         _207_ (net)
                  0.05    0.00    2.59 ^ _458_/A (sky130_fd_sc_hd__and3_1)
     1    0.00    0.05    0.13    2.72 ^ _458_/X (sky130_fd_sc_hd__and3_1)
                                         _221_ (net)
                  0.05    0.00    2.72 ^ _459_/B (sky130_fd_sc_hd__nor2_1)
     3    0.01    0.04    0.06    2.77 v _459_/Y (sky130_fd_sc_hd__nor2_1)
                                         _222_ (net)
                  0.04    0.00    2.77 v _460_/B (sky130_fd_sc_hd__xor2_1)
     1    0.00    0.04    0.13    2.90 v _460_/X (sky130_fd_sc_hd__xor2_1)
                                         net20 (net)
                  0.04    0.00    2.90 v output20/A (sky130_fd_sc_hd__buf_2)
     1    0.03    0.09    0.17    3.06 v output20/X (sky130_fd_sc_hd__buf_2)
                                         prod[12] (net)
                  0.09    0.00    3.06 v prod[12] (out)
                                  3.06   data arrival time

                  0.00    0.00    0.00   clock clk (rise edge)
                          0.00    0.00   clock network delay (ideal)
                          0.25    0.25   clock uncertainty
                          0.00    0.25   clock reconvergence pessimism
                         -2.00   -1.75   output external delay
                                 -1.75   data required time
-----------------------------------------------------------------------------
                                 -1.75   data required time
                                 -3.06   data arrival time
-----------------------------------------------------------------------------
                                  4.81   slack (MET)


Startpoint: a[7] (input port clocked by clk)
Endpoint: prod[14] (output port clocked by clk)
Path Group: clk
Path Type: min

Fanout     Cap    Slew   Delay    Time   Description
-----------------------------------------------------------------------------
                  0.00    0.00    0.00   clock clk (rise edge)
                          0.00    0.00   clock network delay (ideal)
                          2.00    2.00 ^ input external delay
     1    0.00    0.02    0.01    2.01 ^ a[7] (in)
                                         a[7] (net)
                  0.02    0.00    2.01 ^ input8/A (sky130_fd_sc_hd__buf_1)
     3    0.01    0.15    0.14    2.15 ^ input8/X (sky130_fd_sc_hd__buf_1)
                                         net8 (net)
                  0.15    0.00    2.15 ^ _336_/A (sky130_fd_sc_hd__buf_2)
    10    0.03    0.14    0.20    2.35 ^ _336_/X (sky130_fd_sc_hd__buf_2)
                                         _101_ (net)
                  0.14    0.00    2.35 ^ _478_/A1 (sky130_fd_sc_hd__a31o_1)
     2    0.01    0.06    0.16    2.51 ^ _478_/X (sky130_fd_sc_hd__a31o_1)
                                         _240_ (net)
                  0.06    0.00    2.51 ^ _479_/B1 (sky130_fd_sc_hd__a21oi_1)
     2    0.00    0.04    0.05    2.56 v _479_/Y (sky130_fd_sc_hd__a21oi_1)
                                         _241_ (net)
                  0.04    0.00    2.56 v _481_/A (sky130_fd_sc_hd__nor2_1)
     2    0.00    0.11    0.11    2.67 ^ _481_/Y (sky130_fd_sc_hd__nor2_1)
                                         _243_ (net)
                  0.11    0.00    2.67 ^ _483_/B1 (sky130_fd_sc_hd__a21oi_1)
     1    0.00    0.04    0.05    2.72 v _483_/Y (sky130_fd_sc_hd__a21oi_1)
                                         _245_ (net)
                  0.04    0.00    2.72 v _484_/B (sky130_fd_sc_hd__nor2_1)
     2    0.01    0.16    0.13    2.85 ^ _484_/Y (sky130_fd_sc_hd__nor2_1)
                                         _246_ (net)
                  0.16    0.00    2.85 ^ _485_/B (sky130_fd_sc_hd__xor2_1)
     1    0.00    0.04    0.08    2.93 v _485_/X (sky130_fd_sc_hd__xor2_1)
                                         net22 (net)
                  0.04    0.00    2.93 v output22/A (sky130_fd_sc_hd__clkbuf_4)
     1    0.03    0.08    0.17    3.10 v output22/X (sky130_fd_sc_hd__clkbuf_4)
                                         prod[14] (net)
                  0.08    0.00    3.10 v prod[14] (out)
                                  3.10   data arrival time

                  0.00    0.00    0.00   clock clk (rise edge)
                          0.00    0.00   clock network delay (ideal)
                          0.25    0.25   clock uncertainty
                          0.00    0.25   clock reconvergence pessimism
                         -2.00   -1.75   output external delay
                                 -1.75   data required time
-----------------------------------------------------------------------------
                                 -1.75   data required time
                                 -3.10   data arrival time
-----------------------------------------------------------------------------
                                  4.85   slack (MET)



worst slack corner Typical: 4.1619
