
===========================================================================
report_checks -unconstrained
===========================================================================
======================= Fastest Corner ===================================

Startpoint: b[0] (input port clocked by clk)
Endpoint: prod[15] (output port clocked by clk)
Path Group: clk
Path Type: max
Corner: Fastest

Fanout     Cap    Slew   Delay    Time   Description
-----------------------------------------------------------------------------
                  0.00    0.00    0.00   clock clk (rise edge)
                          0.00    0.00   clock network delay (ideal)
                          2.00    2.00 ^ input external delay
     1    0.00    0.02    0.01    2.01 ^ b[0] (in)
                                         b[0] (net)
                  0.02    0.00    2.01 ^ input9/A (sky130_fd_sc_hd__clkbuf_2)
     4    0.02    0.08    0.10    2.11 ^ input9/X (sky130_fd_sc_hd__clkbuf_2)
                                         net9 (net)
                  0.08    0.00    2.11 ^ _504_/A (sky130_fd_sc_hd__buf_6)
     7    0.03    0.05    0.10    2.20 ^ _504_/X (sky130_fd_sc_hd__buf_6)
                                         _255_ (net)
                  0.05    0.00    2.21 ^ _508_/A (sky130_fd_sc_hd__nand2_1)
     2    0.01    0.04    0.04    2.25 v _508_/Y (sky130_fd_sc_hd__nand2_1)
                                         _258_ (net)
                  0.04    0.00    2.25 v _509_/B (sky130_fd_sc_hd__or3b_4)
     2    0.01    0.05    0.24    2.49 v _509_/X (sky130_fd_sc_hd__or3b_4)
                                         _259_ (net)
                  0.05    0.00    2.49 v _514_/A (sky130_fd_sc_hd__and3_1)
     3    0.01    0.06    0.13    2.62 v _514_/X (sky130_fd_sc_hd__and3_1)
                                         _264_ (net)
                  0.06    0.00    2.62 v _531_/A1 (sky130_fd_sc_hd__a21o_1)
     2    0.01    0.04    0.13    2.75 v _531_/X (sky130_fd_sc_hd__a21o_1)
                                         _280_ (net)
                  0.04    0.00    2.75 v _557_/A1 (sky130_fd_sc_hd__a21o_1)
     2    0.01    0.04    0.12    2.87 v _557_/X (sky130_fd_sc_hd__a21o_1)
                                         _306_ (net)
                  0.04    0.00    2.87 v _592_/A1 (sky130_fd_sc_hd__a21bo_1)
     2    0.01    0.04    0.13    3.00 v _592_/X (sky130_fd_sc_hd__a21bo_1)
                                         _027_ (net)
                  0.04    0.00    3.00 v rebuffer17/A (sky130_fd_sc_hd__clkbuf_1)
     1    0.01    0.03    0.07    3.07 v rebuffer17/X (sky130_fd_sc_hd__clkbuf_1)
                                         net49 (net)
                  0.03    0.00    3.07 v _596_/A (sky130_fd_sc_hd__xor2_1)
     2    0.01    0.15    0.16    3.23 ^ _596_/X (sky130_fd_sc_hd__xor2_1)
                                         _031_ (net)
                  0.15    0.00    3.23 ^ _597_/B (sky130_fd_sc_hd__xor2_1)
     2    0.01    0.14    0.15    3.38 ^ _597_/X (sky130_fd_sc_hd__xor2_1)
                                         _032_ (net)
                  0.14    0.00    3.38 ^ _598_/B (sky130_fd_sc_hd__xor2_1)
     2    0.01    0.13    0.14    3.52 ^ _598_/X (sky130_fd_sc_hd__xor2_1)
                                         _033_ (net)
                  0.13    0.00    3.52 ^ _599_/B (sky130_fd_sc_hd__xor2_1)
     2    0.01    0.06    0.07    3.59 v _599_/X (sky130_fd_sc_hd__xor2_1)
                                         _034_ (net)
                  0.06    0.00    3.59 v _601_/A2 (sky130_fd_sc_hd__a21o_1)
     2    0.01    0.04    0.15    3.73 v _601_/X (sky130_fd_sc_hd__a21o_1)
                                         _036_ (net)
                  0.04    0.00    3.73 v _640_/A1 (sky130_fd_sc_hd__a21o_1)
     2    0.01    0.04    0.12    3.86 v _640_/X (sky130_fd_sc_hd__a21o_1)
                                         _075_ (net)
                  0.04    0.00    3.86 v _348_/A1 (sky130_fd_sc_hd__a21o_1)
     2    0.01    0.04    0.12    3.98 v _348_/X (sky130_fd_sc_hd__a21o_1)
                                         _113_ (net)
                  0.04    0.00    3.98 v _387_/A1 (sky130_fd_sc_hd__a21o_1)
     2    0.01    0.04    0.12    4.10 v _387_/X (sky130_fd_sc_hd__a21o_1)
                                         _152_ (net)
                  0.04    0.00    4.10 v _417_/A1 (sky130_fd_sc_hd__a21o_1)
     2    0.01    0.04    0.12    4.22 v _417_/X (sky130_fd_sc_hd__a21o_1)
                                         _181_ (net)
                  0.04    0.00    4.22 v _443_/A1 (sky130_fd_sc_hd__a21o_1)
     3    0.01    0.05    0.13    4.34 v _443_/X (sky130_fd_sc_hd__a21o_1)
                                         _206_ (net)
                  0.05    0.00    4.35 v _474_/A (sky130_fd_sc_hd__and3_1)
     2    0.01    0.04    0.11    4.46 v _474_/X (sky130_fd_sc_hd__and3_1)
                                         _236_ (net)
                  0.04    0.00    4.46 v _488_/A1 (sky130_fd_sc_hd__a211o_1)
     1    0.00    0.04    0.17    4.63 v _488_/X (sky130_fd_sc_hd__a211o_1)
                                         net23 (net)
                  0.04    0.00    4.63 v output23/A (sky130_fd_sc_hd__buf_6)
     1    0.03    0.03    0.10    4.73 v output23/X (sky130_fd_sc_hd__buf_6)
                                         prod[15] (net)
                  0.03    0.00    4.74 v prod[15] (out)
                                  4.74   data arrival time

                  0.00   10.00   10.00   clock clk (rise edge)
                          0.00   10.00   clock network delay (ideal)
                         -0.25    9.75   clock uncertainty
                          0.00    9.75   clock reconvergence pessimism
                         -2.00    7.75   output external delay
                                  7.75   data required time
-----------------------------------------------------------------------------
                                  7.75   data required time
                                 -4.74   data arrival time
-----------------------------------------------------------------------------
                                  3.01   slack (MET)



======================= Slowest Corner ===================================

Startpoint: b[0] (input port clocked by clk)
Endpoint: prod[15] (output port clocked by clk)
Path Group: clk
Path Type: max
Corner: Slowest

Fanout     Cap    Slew   Delay    Time   Description
-----------------------------------------------------------------------------
                  0.00    0.00    0.00   clock clk (rise edge)
                          0.00    0.00   clock network delay (ideal)
                          2.00    2.00 ^ input external delay
     1    0.00    0.04    0.02    2.02 ^ b[0] (in)
                                         b[0] (net)
                  0.04    0.00    2.02 ^ input9/A (sky130_fd_sc_hd__clkbuf_2)
     4    0.02    0.15    0.25    2.27 ^ input9/X (sky130_fd_sc_hd__clkbuf_2)
                                         net9 (net)
                  0.15    0.00    2.27 ^ _504_/A (sky130_fd_sc_hd__buf_6)
     7    0.03    0.11    0.27    2.54 ^ _504_/X (sky130_fd_sc_hd__buf_6)
                                         _255_ (net)
                  0.11    0.00    2.54 ^ _508_/A (sky130_fd_sc_hd__nand2_1)
     2    0.01    0.13    0.17    2.70 v _508_/Y (sky130_fd_sc_hd__nand2_1)
                                         _258_ (net)
                  0.13    0.00    2.71 v _509_/B (sky130_fd_sc_hd__or3b_4)
     2    0.01    0.12    0.79    3.49 v _509_/X (sky130_fd_sc_hd__or3b_4)
                                         _259_ (net)
                  0.12    0.00    3.49 v _514_/A (sky130_fd_sc_hd__and3_1)
     3    0.01    0.15    0.42    3.91 v _514_/X (sky130_fd_sc_hd__and3_1)
                                         _264_ (net)
                  0.15    0.00    3.91 v _531_/A1 (sky130_fd_sc_hd__a21o_1)
     2    0.01    0.10    0.38    4.29 v _531_/X (sky130_fd_sc_hd__a21o_1)
                                         _280_ (net)
                  0.10    0.00    4.30 v _557_/A1 (sky130_fd_sc_hd__a21o_1)
     2    0.01    0.11    0.36    4.66 v _557_/X (sky130_fd_sc_hd__a21o_1)
                                         _306_ (net)
                  0.11    0.00    4.66 v _592_/A1 (sky130_fd_sc_hd__a21bo_1)
     2    0.01    0.10    0.38    5.04 v _592_/X (sky130_fd_sc_hd__a21bo_1)
                                         _027_ (net)
                  0.10    0.00    5.04 v _620_/B (sky130_fd_sc_hd__and2b_1)
     2    0.01    0.09    0.37    5.41 v _620_/X (sky130_fd_sc_hd__and2b_1)
                                         _055_ (net)
                  0.09    0.00    5.41 v _635_/D (sky130_fd_sc_hd__or4_4)
     2    0.01    0.17    0.91    6.32 v _635_/X (sky130_fd_sc_hd__or4_4)
                                         _070_ (net)
                  0.17    0.00    6.32 v _636_/B_N (sky130_fd_sc_hd__or2b_4)
     1    0.01    0.07    0.47    6.79 ^ _636_/X (sky130_fd_sc_hd__or2b_4)
                                         _071_ (net)
                  0.07    0.00    6.79 ^ _637_/B (sky130_fd_sc_hd__xnor2_2)
     2    0.01    0.11    0.14    6.93 v _637_/Y (sky130_fd_sc_hd__xnor2_2)
                                         _072_ (net)
                  0.11    0.00    6.93 v _638_/B (sky130_fd_sc_hd__xor2_1)
     2    0.01    0.19    0.33    7.26 v _638_/X (sky130_fd_sc_hd__xor2_1)
                                         _073_ (net)
                  0.19    0.00    7.26 v _640_/A2 (sky130_fd_sc_hd__a21o_1)
     2    0.01    0.11    0.44    7.70 v _640_/X (sky130_fd_sc_hd__a21o_1)
                                         _075_ (net)
                  0.11    0.00    7.70 v _348_/A1 (sky130_fd_sc_hd__a21o_1)
     2    0.01    0.10    0.36    8.06 v _348_/X (sky130_fd_sc_hd__a21o_1)
                                         _113_ (net)
                  0.10    0.00    8.06 v _387_/A1 (sky130_fd_sc_hd__a21o_1)
     2    0.01    0.10    0.36    8.42 v _387_/X (sky130_fd_sc_hd__a21o_1)
                                         _152_ (net)
                  0.10    0.00    8.42 v _417_/A1 (sky130_fd_sc_hd__a21o_1)
     2    0.01    0.10    0.36    8.77 v _417_/X (sky130_fd_sc_hd__a21o_1)
                                         _181_ (net)
                  0.10    0.00    8.77 v _443_/A1 (sky130_fd_sc_hd__a21o_1)
     3    0.01    0.12    0.38    9.15 v _443_/X (sky130_fd_sc_hd__a21o_1)
                                         _206_ (net)
                  0.12    0.00    9.15 v _474_/A (sky130_fd_sc_hd__and3_1)
     2    0.01    0.11    0.38    9.53 v _474_/X (sky130_fd_sc_hd__and3_1)
                                         _236_ (net)
                  0.11    0.00    9.53 v _488_/A1 (sky130_fd_sc_hd__a211o_1)
     1    0.00    0.11    0.55   10.08 v _488_/X (sky130_fd_sc_hd__a211o_1)
                                         net23 (net)
                  0.11    0.00   10.08 v output23/A (sky130_fd_sc_hd__buf_6)
     1    0.03    0.08    0.28   10.36 v output23/X (sky130_fd_sc_hd__buf_6)
                                         prod[15] (net)
                  0.08    0.00   10.36 v prod[15] (out)
                                 10.36   data arrival time

                  0.00   10.00   10.00   clock clk (rise edge)
                          0.00   10.00   clock network delay (ideal)
                         -0.25    9.75   clock uncertainty
                          0.00    9.75   clock reconvergence pessimism
                         -2.00    7.75   output external delay
                                  7.75   data required time
-----------------------------------------------------------------------------
                                  7.75   data required time
                                -10.36   data arrival time
-----------------------------------------------------------------------------
                                 -2.61   slack (VIOLATED)



======================= Typical Corner ===================================

Startpoint: a[3] (input port clocked by clk)
Endpoint: prod[15] (output port clocked by clk)
Path Group: clk
Path Type: max
Corner: Typical

Fanout     Cap    Slew   Delay    Time   Description
-----------------------------------------------------------------------------
                  0.00    0.00    0.00   clock clk (rise edge)
                          0.00    0.00   clock network delay (ideal)
                          2.00    2.00 v input external delay
     1    0.01    0.01    0.01    2.01 v a[3] (in)
                                         a[3] (net)
                  0.01    0.00    2.01 v input4/A (sky130_fd_sc_hd__buf_6)
     3    0.01    0.03    0.11    2.12 v input4/X (sky130_fd_sc_hd__buf_6)
                                         net4 (net)
                  0.03    0.00    2.12 v _523_/A (sky130_fd_sc_hd__clkbuf_4)
    10    0.04    0.09    0.19    2.31 v _523_/X (sky130_fd_sc_hd__clkbuf_4)
                                         _272_ (net)
                  0.09    0.00    2.32 v _562_/A2 (sky130_fd_sc_hd__a22o_1)
     2    0.01    0.06    0.28    2.59 v _562_/X (sky130_fd_sc_hd__a22o_1)
                                         _311_ (net)
                  0.06    0.00    2.59 v _564_/B (sky130_fd_sc_hd__and3_1)
     4    0.01    0.07    0.21    2.80 v _564_/X (sky130_fd_sc_hd__and3_1)
                                         _313_ (net)
                  0.07    0.00    2.80 v _566_/B (sky130_fd_sc_hd__or3_4)
     2    0.01    0.07    0.39    3.19 v _566_/X (sky130_fd_sc_hd__or3_4)
                                         _001_ (net)
                  0.07    0.00    3.19 v _568_/B (sky130_fd_sc_hd__and2_4)
     2    0.01    0.03    0.18    3.37 v _568_/X (sky130_fd_sc_hd__and2_4)
                                         _003_ (net)
                  0.03    0.00    3.37 v _592_/A2 (sky130_fd_sc_hd__a21bo_1)
     2    0.01    0.06    0.21    3.58 v _592_/X (sky130_fd_sc_hd__a21bo_1)
                                         _027_ (net)
                  0.06    0.00    3.58 v rebuffer17/A (sky130_fd_sc_hd__clkbuf_1)
     1    0.01    0.04    0.11    3.69 v rebuffer17/X (sky130_fd_sc_hd__clkbuf_1)
                                         net49 (net)
                  0.04    0.00    3.69 v _596_/A (sky130_fd_sc_hd__xor2_1)
     2    0.01    0.21    0.23    3.91 ^ _596_/X (sky130_fd_sc_hd__xor2_1)
                                         _031_ (net)
                  0.21    0.00    3.91 ^ _597_/B (sky130_fd_sc_hd__xor2_1)
     2    0.01    0.20    0.24    4.16 ^ _597_/X (sky130_fd_sc_hd__xor2_1)
                                         _032_ (net)
                  0.20    0.00    4.16 ^ _598_/B (sky130_fd_sc_hd__xor2_1)
     2    0.01    0.18    0.23    4.39 ^ _598_/X (sky130_fd_sc_hd__xor2_1)
                                         _033_ (net)
                  0.18    0.00    4.39 ^ _599_/B (sky130_fd_sc_hd__xor2_1)
     2    0.01    0.09    0.12    4.51 v _599_/X (sky130_fd_sc_hd__xor2_1)
                                         _034_ (net)
                  0.09    0.00    4.51 v _601_/A2 (sky130_fd_sc_hd__a21o_1)
     2    0.01    0.06    0.23    4.73 v _601_/X (sky130_fd_sc_hd__a21o_1)
                                         _036_ (net)
                  0.06    0.00    4.74 v _640_/A1 (sky130_fd_sc_hd__a21o_1)
     2    0.01    0.06    0.19    4.93 v _640_/X (sky130_fd_sc_hd__a21o_1)
                                         _075_ (net)
                  0.06    0.00    4.93 v _348_/A1 (sky130_fd_sc_hd__a21o_1)
     2    0.01    0.05    0.19    5.11 v _348_/X (sky130_fd_sc_hd__a21o_1)
                                         _113_ (net)
                  0.05    0.00    5.12 v _387_/A1 (sky130_fd_sc_hd__a21o_1)
     2    0.01    0.06    0.19    5.30 v _387_/X (sky130_fd_sc_hd__a21o_1)
                                         _152_ (net)
                  0.06    0.00    5.30 v _417_/A1 (sky130_fd_sc_hd__a21o_1)
     2    0.01    0.05    0.19    5.49 v _417_/X (sky130_fd_sc_hd__a21o_1)
                                         _181_ (net)
                  0.05    0.00    5.49 v _443_/A1 (sky130_fd_sc_hd__a21o_1)
     3    0.01    0.06    0.20    5.69 v _443_/X (sky130_fd_sc_hd__a21o_1)
                                         _206_ (net)
                  0.06    0.00    5.69 v _474_/A (sky130_fd_sc_hd__and3_1)
     2    0.01    0.06    0.18    5.87 v _474_/X (sky130_fd_sc_hd__and3_1)
                                         _236_ (net)
                  0.06    0.00    5.87 v _488_/A1 (sky130_fd_sc_hd__a211o_1)
     1    0.00    0.06    0.28    6.15 v _488_/X (sky130_fd_sc_hd__a211o_1)
                                         net23 (net)
                  0.06    0.00    6.15 v output23/A (sky130_fd_sc_hd__buf_6)
     1    0.03    0.04    0.15    6.30 v output23/X (sky130_fd_sc_hd__buf_6)
                                         prod[15] (net)
                  0.04    0.00    6.30 v prod[15] (out)
                                  6.30   data arrival time

                  0.00   10.00   10.00   clock clk (rise edge)
                          0.00   10.00   clock network delay (ideal)
                         -0.25    9.75   clock uncertainty
                          0.00    9.75   clock reconvergence pessimism
                         -2.00    7.75   output external delay
                                  7.75   data required time
-----------------------------------------------------------------------------
                                  7.75   data required time
                                 -6.30   data arrival time
-----------------------------------------------------------------------------
                                  1.45   slack (MET)




===========================================================================
report_checks --slack_max -0.01
============================================================================
======================= Fastest Corner ===================================

No paths found.

======================= Slowest Corner ===================================

Startpoint: b[0] (input port clocked by clk)
Endpoint: prod[15] (output port clocked by clk)
Path Group: clk
Path Type: max
Corner: Slowest

Fanout     Cap    Slew   Delay    Time   Description
-----------------------------------------------------------------------------
                  0.00    0.00    0.00   clock clk (rise edge)
                          0.00    0.00   clock network delay (ideal)
                          2.00    2.00 ^ input external delay
     1    0.00    0.04    0.02    2.02 ^ b[0] (in)
                                         b[0] (net)
                  0.04    0.00    2.02 ^ input9/A (sky130_fd_sc_hd__clkbuf_2)
     4    0.02    0.15    0.25    2.27 ^ input9/X (sky130_fd_sc_hd__clkbuf_2)
                                         net9 (net)
                  0.15    0.00    2.27 ^ _504_/A (sky130_fd_sc_hd__buf_6)
     7    0.03    0.11    0.27    2.54 ^ _504_/X (sky130_fd_sc_hd__buf_6)
                                         _255_ (net)
                  0.11    0.00    2.54 ^ _508_/A (sky130_fd_sc_hd__nand2_1)
     2    0.01    0.13    0.17    2.70 v _508_/Y (sky130_fd_sc_hd__nand2_1)
                                         _258_ (net)
                  0.13    0.00    2.71 v _509_/B (sky130_fd_sc_hd__or3b_4)
     2    0.01    0.12    0.79    3.49 v _509_/X (sky130_fd_sc_hd__or3b_4)
                                         _259_ (net)
                  0.12    0.00    3.49 v _514_/A (sky130_fd_sc_hd__and3_1)
     3    0.01    0.15    0.42    3.91 v _514_/X (sky130_fd_sc_hd__and3_1)
                                         _264_ (net)
                  0.15    0.00    3.91 v _531_/A1 (sky130_fd_sc_hd__a21o_1)
     2    0.01    0.10    0.38    4.29 v _531_/X (sky130_fd_sc_hd__a21o_1)
                                         _280_ (net)
                  0.10    0.00    4.30 v _557_/A1 (sky130_fd_sc_hd__a21o_1)
     2    0.01    0.11    0.36    4.66 v _557_/X (sky130_fd_sc_hd__a21o_1)
                                         _306_ (net)
                  0.11    0.00    4.66 v _592_/A1 (sky130_fd_sc_hd__a21bo_1)
     2    0.01    0.10    0.38    5.04 v _592_/X (sky130_fd_sc_hd__a21bo_1)
                                         _027_ (net)
                  0.10    0.00    5.04 v _620_/B (sky130_fd_sc_hd__and2b_1)
     2    0.01    0.09    0.37    5.41 v _620_/X (sky130_fd_sc_hd__and2b_1)
                                         _055_ (net)
                  0.09    0.00    5.41 v _635_/D (sky130_fd_sc_hd__or4_4)
     2    0.01    0.17    0.91    6.32 v _635_/X (sky130_fd_sc_hd__or4_4)
                                         _070_ (net)
                  0.17    0.00    6.32 v _636_/B_N (sky130_fd_sc_hd__or2b_4)
     1    0.01    0.07    0.47    6.79 ^ _636_/X (sky130_fd_sc_hd__or2b_4)
                                         _071_ (net)
                  0.07    0.00    6.79 ^ _637_/B (sky130_fd_sc_hd__xnor2_2)
     2    0.01    0.11    0.14    6.93 v _637_/Y (sky130_fd_sc_hd__xnor2_2)
                                         _072_ (net)
                  0.11    0.00    6.93 v _638_/B (sky130_fd_sc_hd__xor2_1)
     2    0.01    0.19    0.33    7.26 v _638_/X (sky130_fd_sc_hd__xor2_1)
                                         _073_ (net)
                  0.19    0.00    7.26 v _640_/A2 (sky130_fd_sc_hd__a21o_1)
     2    0.01    0.11    0.44    7.70 v _640_/X (sky130_fd_sc_hd__a21o_1)
                                         _075_ (net)
                  0.11    0.00    7.70 v _348_/A1 (sky130_fd_sc_hd__a21o_1)
     2    0.01    0.10    0.36    8.06 v _348_/X (sky130_fd_sc_hd__a21o_1)
                                         _113_ (net)
                  0.10    0.00    8.06 v _387_/A1 (sky130_fd_sc_hd__a21o_1)
     2    0.01    0.10    0.36    8.42 v _387_/X (sky130_fd_sc_hd__a21o_1)
                                         _152_ (net)
                  0.10    0.00    8.42 v _417_/A1 (sky130_fd_sc_hd__a21o_1)
     2    0.01    0.10    0.36    8.77 v _417_/X (sky130_fd_sc_hd__a21o_1)
                                         _181_ (net)
                  0.10    0.00    8.77 v _443_/A1 (sky130_fd_sc_hd__a21o_1)
     3    0.01    0.12    0.38    9.15 v _443_/X (sky130_fd_sc_hd__a21o_1)
                                         _206_ (net)
                  0.12    0.00    9.15 v _474_/A (sky130_fd_sc_hd__and3_1)
     2    0.01    0.11    0.38    9.53 v _474_/X (sky130_fd_sc_hd__and3_1)
                                         _236_ (net)
                  0.11    0.00    9.53 v _488_/A1 (sky130_fd_sc_hd__a211o_1)
     1    0.00    0.11    0.55   10.08 v _488_/X (sky130_fd_sc_hd__a211o_1)
                                         net23 (net)
                  0.11    0.00   10.08 v output23/A (sky130_fd_sc_hd__buf_6)
     1    0.03    0.08    0.28   10.36 v output23/X (sky130_fd_sc_hd__buf_6)
                                         prod[15] (net)
                  0.08    0.00   10.36 v prod[15] (out)
                                 10.36   data arrival time

                  0.00   10.00   10.00   clock clk (rise edge)
                          0.00   10.00   clock network delay (ideal)
                         -0.25    9.75   clock uncertainty
                          0.00    9.75   clock reconvergence pessimism
                         -2.00    7.75   output external delay
                                  7.75   data required time
-----------------------------------------------------------------------------
                                  7.75   data required time
                                -10.36   data arrival time
-----------------------------------------------------------------------------
                                 -2.61   slack (VIOLATED)



======================= Typical Corner ===================================

No paths found.


===========================================================================
 report_check_types -max_slew -max_cap -max_fanout -violators
============================================================================
======================= Fastest Corner ===================================


max slew violations count Fastest: 0
max fanout violations count Fastest: 0
max cap violations count Fastest: 0
======================= Slowest Corner ===================================


max slew violations count Slowest: 0
max fanout violations count Slowest: 0
max cap violations count Slowest: 0
======================= Typical Corner ===================================


max slew violations count Typical: 0
max fanout violations count Typical: 0
max cap violations count Typical: 0

===========================================================================
report_parasitic_annotation -report_unannotated
============================================================================
Found 0 unannotated drivers.
Found 0 partially unannotated drivers.

===========================================================================
max slew violation count 0
max fanout violation count 0
max cap violation count 0
============================================================================

===========================================================================
check_setup -verbose -unconstrained_endpoints -multiple_clock -no_clock -no_input_delay -loops -generated_clocks
===========================================================================
