Instance name, X location, Y location, Voltage
output22, 72.335, 84.32, 1.79996
FILLER_0_27_147, 72.335, 84.32, 1.79996
_472_, 72.335, 78.88, 1.79998
_473_, 72.335, 78.88, 1.79998
_459_, 72.335, 73.44, 1.79997
_441_, 72.335, 62.56, 1.79997
FILLER_0_19_139, 72.335, 62.56, 1.79997
_414_, 72.335, 57.12, 1.79998
_417_, 72.335, 57.12, 1.79998
FILLER_0_17_155, 72.335, 57.12, 1.79998
_415_, 72.335, 51.68, 1.79997
FILLER_0_15_149, 72.335, 51.68, 1.79997
FILLER_0_16_149, 72.335, 51.68, 1.79997
_385_, 72.335, 46.24, 1.79996
_387_, 72.335, 46.24, 1.79996
_348_, 72.335, 40.8, 1.79998
_386_, 72.335, 40.8, 1.79998
_347_, 72.335, 35.36, 1.79997
FILLER_0_9_137, 72.335, 35.36, 1.79997
_639_, 72.335, 29.92, 1.79997
_640_, 72.335, 29.92, 1.79997
_601_, 72.335, 19.04, 1.79999
_479_, 53.245, 84.32, 1.79998
FILLER_0_27_104, 53.245, 84.32, 1.79998
FILLER_0_27_113, 53.245, 84.32, 1.79998
_469_, 53.245, 78.88, 1.79999
_470_, 53.245, 78.88, 1.79999
_480_, 53.245, 78.88, 1.79999
FILLER_0_25_101, 53.245, 78.88, 1.79999
_454_, 53.245, 73.44, 1.79998
_455_, 53.245, 73.44, 1.79998
_456_, 53.245, 73.44, 1.79998
_429_, 53.245, 68, 1.79999
_430_, 53.245, 68, 1.79999
_431_, 53.245, 68, 1.79999
FILLER_0_21_98, 53.245, 68, 1.79999
FILLER_0_21_107, 53.245, 68, 1.79999
FILLER_0_22_98, 53.245, 68, 1.79999
_395_, 53.245, 62.56, 1.79999
FILLER_0_19_101, 53.245, 62.56, 1.79999
_388_, 53.245, 57.12, 1.79999
FILLER_0_17_107, 53.245, 57.12, 1.79999
_325_, 53.245, 51.68, 1.79998
_378_, 53.245, 46.24, 1.79998
_379_, 53.245, 46.24, 1.79998
_380_, 53.245, 46.24, 1.79998
_339_, 53.245, 40.8, 1.79999
_340_, 53.245, 40.8, 1.79999
FILLER_0_11_106, 53.245, 40.8, 1.79999
FILLER_0_12_104, 53.245, 40.8, 1.79999
_329_, 53.245, 35.36, 1.79999
_631_, 53.245, 35.36, 1.79999
FILLER_0_9_103, 53.245, 35.36, 1.79999
FILLER_0_9_113, 53.245, 35.36, 1.79999
FILLER_0_10_109, 53.245, 35.36, 1.79999
_632_, 53.245, 29.92, 1.79998
_633_, 53.245, 29.92, 1.79998
FILLER_0_7_101, 53.245, 29.92, 1.79998
FILLER_0_7_109, 53.245, 29.92, 1.79998
_589_, 53.245, 24.48, 1.79999
_590_, 53.245, 24.48, 1.79999
_634_, 53.245, 24.48, 1.79999
rebuffer17, 53.245, 24.48, 1.79999
FILLER_0_5_106, 53.245, 24.48, 1.79999
_620_, 53.245, 19.04, 1.79999
FILLER_0_3_106, 53.245, 19.04, 1.79999
_489_, 53.245, 13.6, 1.79997
_572_, 53.245, 13.6, 1.79997
_573_, 53.245, 13.6, 1.79997
_574_, 53.245, 13.6, 1.79997
FILLER_0_0_103, 53.245, 13.6, 1.79997
FILLER_0_0_113, 53.245, 13.6, 1.79997
_466_, 34.155, 84.32, 1.79999
_467_, 34.155, 84.32, 1.79999
FILLER_0_27_57, 34.155, 84.32, 1.79999
_462_, 34.155, 78.88, 1.79999
_465_, 34.155, 78.88, 1.79999
_476_, 34.155, 78.88, 1.79999
_486_, 34.155, 78.88, 1.79999
FILLER_0_25_64, 34.155, 78.88, 1.79999
_446_, 34.155, 73.44, 1.79999
_464_, 34.155, 73.44, 1.79999
FILLER_0_22_55, 34.155, 73.44, 1.79999
FILLER_0_23_57, 34.155, 73.44, 1.79999
FILLER_0_24_64, 34.155, 73.44, 1.79999
_419_, 34.155, 68, 1.79999
_420_, 34.155, 68, 1.79999
_421_, 34.155, 68, 1.79999
rebuffer14, 34.155, 68, 1.79999
FILLER_0_20_55, 34.155, 68, 1.79999
FILLER_0_21_57, 34.155, 68, 1.79999
FILLER_0_22_63, 34.155, 68, 1.79999
_316_, 34.155, 62.56, 1.79999
_424_, 34.155, 62.56, 1.79999
FILLER_0_19_57, 34.155, 62.56, 1.79999
rebuffer11, 34.155, 57.12, 1.79999
rebuffer12, 34.155, 57.12, 1.79999
_608_, 34.155, 51.68, 1.79999
rebuffer20, 34.155, 51.68, 1.79999
_373_, 34.155, 46.24, 1.79999
_548_, 34.155, 46.24, 1.79999
FILLER_0_13_57, 34.155, 46.24, 1.79999
_584_, 34.155, 40.8, 1.79999
FILLER_0_10_57, 34.155, 40.8, 1.79999
_521_, 34.155, 35.36, 1.79999
_560_, 34.155, 35.36, 1.79999
_565_, 34.155, 35.36, 1.79999
_621_, 34.155, 35.36, 1.79999
rebuffer10, 34.155, 35.36, 1.79999
FILLER_0_8_55, 34.155, 35.36, 1.79999
FILLER_0_9_61, 34.155, 35.36, 1.79999
_593_, 34.155, 29.92, 1.79999
_619_, 34.155, 29.92, 1.79999
rebuffer19, 34.155, 29.92, 1.79999
FILLER_0_8_66, 34.155, 29.92, 1.79999
_550_, 34.155, 24.48, 1.79999
_553_, 34.155, 24.48, 1.79999
_566_, 34.155, 24.48, 1.79999
rebuffer1, 34.155, 24.48, 1.79999
rebuffer3, 34.155, 24.48, 1.79999
rebuffer18, 34.155, 24.48, 1.79999
_555_, 34.155, 19.04, 1.79999
_556_, 34.155, 19.04, 1.79999
_569_, 34.155, 19.04, 1.79999
_592_, 34.155, 19.04, 1.79999
FILLER_0_3_57, 34.155, 19.04, 1.79999
_494_, 34.155, 13.6, 1.79998
_541_, 34.155, 13.6, 1.79998
_542_, 34.155, 13.6, 1.79998
_543_, 34.155, 13.6, 1.79998
input7, 34.155, 13.6, 1.79998
FILLER_0_0_57, 34.155, 13.6, 1.79998
FILLER_0_0_69, 34.155, 13.6, 1.79998
FILLER_0_1_57, 34.155, 13.6, 1.79998
FILLER_0_2_64, 34.155, 13.6, 1.79998
_602_, 15.065, 73.44, 1.79999
FILLER_0_23_11, 15.065, 73.44, 1.79999
_354_, 15.065, 68, 1.79999
_355_, 15.065, 68, 1.79999
_356_, 15.065, 68, 1.79999
_642_, 15.065, 62.56, 1.79999
rebuffer13, 15.065, 62.56, 1.79999
FILLER_0_18_20, 15.065, 62.56, 1.79999
FILLER_0_20_15, 15.065, 62.56, 1.79999
_318_, 15.065, 57.12, 1.79999
_320_, 15.065, 57.12, 1.79999
FILLER_0_16_18, 15.065, 57.12, 1.79999
_322_, 15.065, 51.68, 1.79999
FILLER_0_15_21, 15.065, 51.68, 1.79999
_579_, 15.065, 46.24, 1.79999
_580_, 15.065, 46.24, 1.79999
_581_, 15.065, 46.24, 1.79999
_614_, 15.065, 46.24, 1.79999
_615_, 15.065, 46.24, 1.79999
_508_, 15.065, 40.8, 1.79999
_509_, 15.065, 40.8, 1.79999
_513_, 15.065, 40.8, 1.79999
output24, 15.065, 40.8, 1.79999
FILLER_0_11_20, 15.065, 40.8, 1.79999
FILLER_0_12_21, 15.065, 40.8, 1.79999
_498_, 15.065, 35.36, 1.79999
_501_, 15.065, 35.36, 1.79999
_512_, 15.065, 35.36, 1.79999
_514_, 15.065, 35.36, 1.79999
rebuffer9, 15.065, 35.36, 1.79999
FILLER_0_9_24, 15.065, 35.36, 1.79999
_507_, 15.065, 29.92, 1.79999
_511_, 15.065, 29.92, 1.79999
_523_, 15.065, 29.92, 1.79999
_559_, 15.065, 29.92, 1.79999
FILLER_0_8_29, 15.065, 29.92, 1.79999
_502_, 15.065, 24.48, 1.79999
_518_, 15.065, 24.48, 1.79999
_524_, 15.065, 24.48, 1.79999
_535_, 15.065, 24.48, 1.79999
_558_, 15.065, 24.48, 1.79999
input1, 15.065, 24.48, 1.79999
FILLER_0_5_20, 15.065, 24.48, 1.79999
_528_, 15.065, 19.04, 1.79999
_530_, 15.065, 19.04, 1.79999
_537_, 15.065, 19.04, 1.79999
FILLER_0_4_29, 15.065, 19.04, 1.79999
_496_, 15.065, 13.6, 1.79998
FILLER_0_1_15, 15.065, 13.6, 1.79998
PHY_EDGE_ROW_26_Left_54, 5.52, 84.32, 1.8
PHY_EDGE_ROW_27_Left_55, 5.52, 84.32, 1.8
PHY_EDGE_ROW_26_Right_26, 81.88, 84.32, 1.79996
PHY_EDGE_ROW_27_Right_27, 81.88, 84.32, 1.79996
FILLER_0_26_160, 81.88, 84.32, 1.79996
FILLER_0_27_53, 27.14, 84.32, 1.79999
output21, 76.36, 84.32, 1.79996
FILLER_0_27_156, 76.36, 84.32, 1.79996
_478_, 40.94, 84.32, 1.79999
_475_, 47.38, 84.32, 1.79999
FILLER_0_27_97, 47.38, 84.32, 1.79999
_484_, 62.79, 84.32, 1.79997
_485_, 62.79, 84.32, 1.79997
output23, 62.79, 84.32, 1.79997
FILLER_0_27_131, 62.79, 84.32, 1.79997
PHY_EDGE_ROW_24_Left_52, 5.52, 78.88, 1.8
PHY_EDGE_ROW_25_Left_53, 5.52, 78.88, 1.8
PHY_EDGE_ROW_24_Right_24, 81.88, 78.88, 1.79998
PHY_EDGE_ROW_25_Right_25, 81.88, 78.88, 1.79998
FILLER_0_25_39, 21.62, 78.88, 1.8
_463_, 27.14, 78.88, 1.79999
FILLER_0_24_53, 27.14, 78.88, 1.79999
FILLER_0_26_53, 27.14, 78.88, 1.79999
_471_, 54.28, 78.88, 1.79999
FILLER_0_25_109, 54.28, 78.88, 1.79999
_481_, 59.8, 78.88, 1.79998
_482_, 59.8, 78.88, 1.79998
_487_, 59.8, 78.88, 1.79998
_488_, 59.8, 78.88, 1.79998
FILLER_0_25_116, 59.8, 78.88, 1.79998
_474_, 65.32, 78.88, 1.79998
_483_, 65.32, 78.88, 1.79998
FILLER_0_25_129, 65.32, 78.88, 1.79998
FILLER_0_26_134, 65.32, 78.88, 1.79998
_477_, 41.4, 78.88, 1.79999
FILLER_0_26_81, 41.4, 78.88, 1.79999
_451_, 46.92, 78.88, 1.79999
_453_, 46.92, 78.88, 1.79999
_468_, 46.92, 78.88, 1.79999
FILLER_0_25_157, 74.98, 78.88, 1.79998
PHY_EDGE_ROW_22_Left_50, 5.52, 73.44, 1.79999
PHY_EDGE_ROW_23_Left_51, 5.52, 73.44, 1.79999
FILLER_0_23_3, 5.52, 73.44, 1.79999
PHY_EDGE_ROW_22_Right_22, 81.88, 73.44, 1.79996
PHY_EDGE_ROW_23_Right_23, 81.88, 73.44, 1.79996
FILLER_0_24_77, 40.94, 73.44, 1.79999
_458_, 67.16, 73.44, 1.79997
_460_, 67.16, 73.44, 1.79997
FILLER_0_24_136, 67.16, 73.44, 1.79997
_359_, 16.56, 73.44, 1.79999
_396_, 16.56, 73.44, 1.79999
_397_, 16.56, 73.44, 1.79999
_398_, 26.68, 73.44, 1.79999
_399_, 26.68, 73.44, 1.79999
_401_, 26.68, 73.44, 1.79999
_432_, 26.68, 73.44, 1.79999
FILLER_0_23_52, 26.68, 73.44, 1.79999
_448_, 39.56, 73.44, 1.79999
_445_, 45.08, 73.44, 1.79999
_450_, 45.08, 73.44, 1.79999
_452_, 45.08, 73.44, 1.79999
FILLER_0_23_92, 45.08, 73.44, 1.79999
output20, 74.98, 73.44, 1.79996
FILLER_0_23_157, 74.98, 73.44, 1.79996
FILLER_0_24_153, 74.98, 73.44, 1.79996
_433_, 60.202, 73.44, 1.79997
_457_, 60.202, 73.44, 1.79997
FILLER_0_23_113, 60.202, 73.44, 1.79997
_357_, 5.52, 68, 1.79999
_604_, 5.52, 68, 1.79999
PHY_EDGE_ROW_20_Left_48, 5.52, 68, 1.79999
PHY_EDGE_ROW_21_Left_49, 5.52, 68, 1.79999
input16, 5.52, 68, 1.79999
FILLER_0_22_7, 5.52, 68, 1.79999
PHY_EDGE_ROW_20_Right_20, 81.88, 68, 1.79999
PHY_EDGE_ROW_21_Right_21, 81.88, 68, 1.79999
_358_, 21.62, 68, 1.79999
_360_, 21.62, 68, 1.79999
_400_, 21.62, 68, 1.79999
FILLER_0_21_28, 21.62, 68, 1.79999
FILLER_0_21_36, 21.62, 68, 1.79999
FILLER_0_21_46, 21.62, 68, 1.79999
FILLER_0_22_153, 75.9, 68, 1.79999
_434_, 60.26, 68, 1.79999
_444_, 60.26, 68, 1.79999
FILLER_0_20_115, 60.26, 68, 1.79999
_436_, 65.78, 68, 1.79999
FILLER_0_20_137, 65.78, 68, 1.79999
_443_, 71.3, 68, 1.79999
_425_, 43.7, 68, 1.79999
_426_, 43.7, 68, 1.79999
_427_, 43.7, 68, 1.79999
_428_, 43.7, 68, 1.79999
_461_, 43.7, 68, 1.79999
FILLER_0_21_74, 43.7, 68, 1.79999
_575_, 5.52, 62.56, 1.79999
_605_, 5.52, 62.56, 1.79999
PHY_EDGE_ROW_18_Left_46, 5.52, 62.56, 1.79999
PHY_EDGE_ROW_19_Left_47, 5.52, 62.56, 1.79999
input14, 5.52, 62.56, 1.79999
input15, 5.52, 62.56, 1.79999
FILLER_0_19_7, 5.52, 62.56, 1.79999
PHY_EDGE_ROW_18_Right_18, 81.88, 62.56, 1.79996
PHY_EDGE_ROW_19_Right_19, 81.88, 62.56, 1.79996
_389_, 34.96, 62.56, 1.79999
_392_, 34.96, 62.56, 1.79999
_422_, 34.96, 62.56, 1.79999
_447_, 34.96, 62.56, 1.79999
FILLER_0_20_72, 34.96, 62.56, 1.79999
_393_, 50.6, 62.56, 1.79999
_394_, 50.6, 62.56, 1.79999
_402_, 56.12, 62.56, 1.79998
_418_, 56.12, 62.56, 1.79998
FILLER_0_19_109, 56.12, 62.56, 1.79998
FILLER_0_20_107, 56.12, 62.56, 1.79998
_319_, 16.56, 62.56, 1.79999
_603_, 16.56, 62.56, 1.79999
FILLER_0_19_30, 16.56, 62.56, 1.79999
_391_, 46.92, 62.56, 1.79999
_449_, 46.92, 62.56, 1.79999
FILLER_0_20_89, 46.92, 62.56, 1.79999
_405_, 63.48, 62.56, 1.79997
_435_, 63.48, 62.56, 1.79997
_440_, 63.48, 62.56, 1.79997
FILLER_0_18_130, 63.48, 62.56, 1.79997
output19, 77.74, 62.56, 1.79996
FILLER_0_18_153, 77.74, 62.56, 1.79996
_317_, 25.357, 62.56, 1.79999
_353_, 25.357, 62.56, 1.79999
_361_, 25.357, 62.56, 1.79999
_362_, 25.357, 62.56, 1.79999
_363_, 25.357, 62.56, 1.79999
FILLER_0_19_41, 25.357, 62.56, 1.79999
FILLER_0_20_47, 25.357, 62.56, 1.79999
PHY_EDGE_ROW_16_Left_44, 5.52, 57.12, 1.79999
PHY_EDGE_ROW_17_Left_45, 5.52, 57.12, 1.79999
FILLER_0_18_3, 5.52, 57.12, 1.79999
PHY_EDGE_ROW_16_Right_16, 81.88, 57.12, 1.79998
PHY_EDGE_ROW_17_Right_17, 81.88, 57.12, 1.79998
FILLER_0_16_159, 81.88, 57.12, 1.79998
_314_, 11.04, 57.12, 1.79999
FILLER_0_17_15, 11.04, 57.12, 1.79999
_364_, 21.62, 57.12, 1.79999
_365_, 21.62, 57.12, 1.79999
_366_, 21.62, 57.12, 1.79999
_315_, 27.14, 57.12, 1.79999
FILLER_0_16_53, 27.14, 57.12, 1.79999
FILLER_0_17_48, 27.14, 57.12, 1.79999
_352_, 48.76, 57.12, 1.79999
_367_, 48.76, 57.12, 1.79999
_643_, 9.66, 57.12, 1.79999
FILLER_0_18_42, 24.84, 57.12, 1.79999
_607_, 34.5, 57.12, 1.79999
FILLER_0_17_69, 34.5, 57.12, 1.79999
_327_, 61.64, 57.12, 1.79998
_368_, 61.64, 57.12, 1.79998
_370_, 61.64, 57.12, 1.79998
_403_, 61.64, 57.12, 1.79998
_404_, 61.64, 57.12, 1.79998
FILLER_0_16_125, 61.64, 57.12, 1.79998
_442_, 67.16, 57.12, 1.79998
_351_, 41.63, 57.12, 1.79999
_390_, 41.63, 57.12, 1.79999
_423_, 41.63, 57.12, 1.79999
FILLER_0_17_84, 41.63, 57.12, 1.79999
FILLER_0_18_79, 41.63, 57.12, 1.79999
PHY_EDGE_ROW_14_Left_42, 5.52, 51.68, 1.79998
PHY_EDGE_ROW_15_Left_43, 5.52, 51.68, 1.79998
input8, 5.52, 51.68, 1.79998
input13, 5.52, 51.68, 1.79998
PHY_EDGE_ROW_14_Right_14, 81.88, 51.68, 1.79994
PHY_EDGE_ROW_15_Right_15, 81.88, 51.68, 1.79994
output18, 81.88, 51.68, 1.79994
_613_, 12.42, 51.68, 1.79999
_641_, 12.42, 51.68, 1.79999
_324_, 37.72, 51.68, 1.79998
_349_, 37.72, 51.68, 1.79998
_516_, 37.72, 51.68, 1.79998
_326_, 55.2, 51.68, 1.79998
_369_, 55.2, 51.68, 1.79998
FILLER_0_14_114, 55.2, 51.68, 1.79998
FILLER_0_15_107, 55.2, 51.68, 1.79998
FILLER_0_15_113, 55.2, 51.68, 1.79998
_412_, 66.7, 51.68, 1.79997
_413_, 66.7, 51.68, 1.79997
_437_, 66.7, 51.68, 1.79997
_439_, 66.7, 51.68, 1.79997
FILLER_0_15_121, 66.7, 51.68, 1.79997
_376_, 40.94, 51.68, 1.79998
_350_, 46.46, 51.68, 1.79998
_409_, 46.46, 51.68, 1.79998
_438_, 46.46, 51.68, 1.79998
FILLER_0_16_100, 51.98, 51.68, 1.79998
_416_, 71.3, 51.68, 1.79997
FILLER_0_14_141, 71.3, 51.68, 1.79997
FILLER_0_16_141, 71.3, 51.68, 1.79997
_321_, 24.61, 51.68, 1.79998
_323_, 24.61, 51.68, 1.79998
_609_, 24.61, 51.68, 1.79998
_610_, 24.61, 51.68, 1.79998
_611_, 24.61, 51.68, 1.79998
_616_, 24.61, 51.68, 1.79998
FILLER_0_15_33, 24.61, 51.68, 1.79998
PHY_EDGE_ROW_12_Left_40, 5.52, 46.24, 1.79998
PHY_EDGE_ROW_13_Left_41, 5.52, 46.24, 1.79998
output25, 5.52, 46.24, 1.79998
PHY_EDGE_ROW_12_Right_12, 81.88, 46.24, 1.79994
PHY_EDGE_ROW_13_Right_13, 81.88, 46.24, 1.79994
FILLER_0_13_15, 12.42, 46.24, 1.79999
_408_, 50.6, 46.24, 1.79998
FILLER_0_13_91, 50.6, 46.24, 1.79998
_493_, 77.28, 46.24, 1.79994
output32, 77.28, 46.24, 1.79994
_576_, 24.84, 46.24, 1.79999
_577_, 24.84, 46.24, 1.79999
_612_, 24.84, 46.24, 1.79999
FILLER_0_13_48, 24.84, 46.24, 1.79999
FILLER_0_14_47, 24.84, 46.24, 1.79999
_374_, 42.377, 46.24, 1.79998
_375_, 42.377, 46.24, 1.79998
_377_, 42.377, 46.24, 1.79998
_407_, 42.377, 46.24, 1.79998
FILLER_0_12_81, 42.377, 46.24, 1.79998
FILLER_0_13_81, 42.377, 46.24, 1.79998
FILLER_0_14_81, 42.377, 46.24, 1.79998
_381_, 62.79, 46.24, 1.79996
_382_, 62.79, 46.24, 1.79996
_383_, 62.79, 46.24, 1.79996
_384_, 62.79, 46.24, 1.79996
_406_, 62.79, 46.24, 1.79996
_410_, 62.79, 46.24, 1.79996
_411_, 62.79, 46.24, 1.79996
FILLER_0_12_115, 62.79, 46.24, 1.79996
FILLER_0_13_118, 62.79, 46.24, 1.79996
FILLER_0_13_126, 62.79, 46.24, 1.79996
_506_, 5.52, 40.8, 1.79999
PHY_EDGE_ROW_10_Left_38, 5.52, 40.8, 1.79999
PHY_EDGE_ROW_11_Left_39, 5.52, 40.8, 1.79999
output17, 5.52, 40.8, 1.79999
FILLER_0_11_3, 5.52, 40.8, 1.79999
PHY_EDGE_ROW_10_Right_10, 81.88, 40.8, 1.79998
PHY_EDGE_ROW_11_Right_11, 81.88, 40.8, 1.79998
FILLER_0_11_156, 81.88, 40.8, 1.79998
_545_, 28.98, 40.8, 1.79999
_546_, 28.98, 40.8, 1.79999
_547_, 28.98, 40.8, 1.79999
_606_, 28.98, 40.8, 1.79999
_338_, 52.9, 40.8, 1.79999
_625_, 52.9, 40.8, 1.79999
_536_, 22.54, 40.8, 1.79999
_578_, 22.54, 40.8, 1.79999
rebuffer7, 22.54, 40.8, 1.79999
FILLER_0_10_32, 22.54, 40.8, 1.79999
FILLER_0_11_43, 22.54, 40.8, 1.79999
FILLER_0_12_29, 22.54, 40.8, 1.79999
_332_, 34.5, 40.8, 1.79999
_333_, 34.5, 40.8, 1.79999
_624_, 34.5, 40.8, 1.79999
FILLER_0_10_72, 34.5, 40.8, 1.79999
FILLER_0_12_71, 34.5, 40.8, 1.79999
_341_, 65.32, 40.8, 1.79998
_345_, 65.32, 40.8, 1.79998
FILLER_0_12_132, 65.32, 40.8, 1.79998
_346_, 70.84, 40.8, 1.79998
FILLER_0_12_141, 70.84, 40.8, 1.79998
_335_, 43.7, 40.8, 1.79999
_336_, 43.7, 40.8, 1.79999
_337_, 43.7, 40.8, 1.79999
_372_, 43.7, 40.8, 1.79999
_626_, 43.7, 40.8, 1.79999
FILLER_0_11_81, 43.7, 40.8, 1.79999
_499_, 5.52, 35.36, 1.79999
_505_, 5.52, 35.36, 1.79999
_510_, 5.52, 35.36, 1.79999
PHY_EDGE_ROW_8_Left_36, 5.52, 35.36, 1.79999
PHY_EDGE_ROW_9_Left_37, 5.52, 35.36, 1.79999
input2, 5.52, 35.36, 1.79999
PHY_EDGE_ROW_8_Right_8, 81.88, 35.36, 1.79996
PHY_EDGE_ROW_9_Right_9, 81.88, 35.36, 1.79996
_342_, 64.4, 35.36, 1.79998
_343_, 64.4, 35.36, 1.79998
_344_, 64.4, 35.36, 1.79998
_371_, 64.4, 35.36, 1.79998
FILLER_0_8_134, 64.4, 35.36, 1.79998
FILLER_0_9_126, 64.4, 35.36, 1.79998
FILLER_0_10_123, 64.4, 35.36, 1.79998
_492_, 73.14, 35.36, 1.79997
output31, 77.74, 35.36, 1.79996
_503_, 24.61, 35.36, 1.79999
_515_, 24.61, 35.36, 1.79999
_519_, 24.61, 35.36, 1.79999
_522_, 24.61, 35.36, 1.79999
FILLER_0_9_42, 24.61, 35.36, 1.79999
_334_, 43.7, 35.36, 1.79999
_623_, 43.7, 35.36, 1.79999
_627_, 43.7, 35.36, 1.79999
_629_, 43.7, 35.36, 1.79999
_630_, 43.7, 35.36, 1.79999
rebuffer6, 43.7, 35.36, 1.79999
FILLER_0_8_85, 43.7, 35.36, 1.79999
FILLER_0_9_73, 43.7, 35.36, 1.79999
FILLER_0_9_81, 43.7, 35.36, 1.79999
_504_, 5.52, 29.92, 1.79998
_526_, 5.52, 29.92, 1.79998
PHY_EDGE_ROW_6_Left_34, 5.52, 29.92, 1.79998
PHY_EDGE_ROW_7_Left_35, 5.52, 29.92, 1.79998
input12, 5.52, 29.92, 1.79998
PHY_EDGE_ROW_6_Right_6, 81.88, 29.92, 1.79996
PHY_EDGE_ROW_7_Right_7, 81.88, 29.92, 1.79996
FILLER_0_6_97, 49.22, 29.92, 1.79998
FILLER_0_8_93, 49.22, 29.92, 1.79998
output30, 77.28, 29.92, 1.79996
FILLER_0_8_153, 77.28, 29.92, 1.79996
_520_, 24.61, 29.92, 1.79999
_532_, 24.61, 29.92, 1.79999
_533_, 24.61, 29.92, 1.79999
_561_, 24.61, 29.92, 1.79999
_562_, 24.61, 29.92, 1.79999
_563_, 24.61, 29.92, 1.79999
_564_, 24.61, 29.92, 1.79999
FILLER_0_6_33, 24.61, 29.92, 1.79999
FILLER_0_6_41, 24.61, 29.92, 1.79999
_517_, 41.687, 29.92, 1.79998
_552_, 41.687, 29.92, 1.79998
_587_, 41.687, 29.92, 1.79998
_588_, 41.687, 29.92, 1.79998
_622_, 41.687, 29.92, 1.79998
rebuffer2, 41.687, 29.92, 1.79998
rebuffer4, 41.687, 29.92, 1.79998
FILLER_0_6_71, 41.687, 29.92, 1.79998
FILLER_0_6_78, 41.687, 29.92, 1.79998
FILLER_0_8_80, 41.687, 29.92, 1.79998
_328_, 62.79, 29.92, 1.79997
_330_, 62.79, 29.92, 1.79997
_331_, 62.79, 29.92, 1.79997
_637_, 62.79, 29.92, 1.79997
FILLER_0_7_120, 62.79, 29.92, 1.79997
FILLER_0_7_130, 62.79, 29.92, 1.79997
_500_, 5.52, 24.48, 1.79999
_525_, 5.52, 24.48, 1.79999
PHY_EDGE_ROW_4_Left_32, 5.52, 24.48, 1.79999
PHY_EDGE_ROW_5_Left_33, 5.52, 24.48, 1.79999
FILLER_0_5_3, 5.52, 24.48, 1.79999
PHY_EDGE_ROW_4_Right_4, 81.88, 24.48, 1.79999
PHY_EDGE_ROW_5_Right_5, 81.88, 24.48, 1.79999
FILLER_0_5_160, 81.88, 24.48, 1.79999
_534_, 24.84, 24.48, 1.79999
_594_, 24.84, 24.48, 1.79999
FILLER_0_5_48, 24.84, 24.48, 1.79999
_551_, 47.38, 24.48, 1.79999
_554_, 47.38, 24.48, 1.79999
_585_, 47.38, 24.48, 1.79999
_586_, 47.38, 24.48, 1.79999
_595_, 47.38, 24.48, 1.79999
_628_, 47.38, 24.48, 1.79999
FILLER_0_5_91, 47.38, 24.48, 1.79999
_591_, 60.26, 24.48, 1.79998
_635_, 60.26, 24.48, 1.79998
FILLER_0_5_118, 60.26, 24.48, 1.79998
_636_, 65.78, 24.48, 1.79998
_491_, 73.14, 24.48, 1.79999
_638_, 70.84, 24.48, 1.79999
FILLER_0_4_137, 70.84, 24.48, 1.79999
PHY_EDGE_ROW_2_Left_30, 5.52, 19.04, 1.79998
PHY_EDGE_ROW_3_Left_31, 5.52, 19.04, 1.79998
input4, 5.52, 19.04, 1.79998
input10, 5.52, 19.04, 1.79998
PHY_EDGE_ROW_2_Right_2, 81.88, 19.04, 1.79999
PHY_EDGE_ROW_3_Right_3, 81.88, 19.04, 1.79999
_527_, 12.42, 19.04, 1.79999
_529_, 12.42, 19.04, 1.79999
input9, 12.42, 19.04, 1.79999
FILLER_0_3_13, 12.42, 19.04, 1.79999
rebuffer8, 24.84, 19.04, 1.79999
rebuffer15, 24.84, 19.04, 1.79999
FILLER_0_4_97, 51.06, 19.04, 1.79999
_597_, 56.58, 19.04, 1.79999
_617_, 56.58, 19.04, 1.79999
FILLER_0_2_117, 56.58, 19.04, 1.79999
_567_, 25.76, 19.04, 1.79999
FILLER_0_3_50, 25.76, 19.04, 1.79999
FILLER_0_4_48, 25.76, 19.04, 1.79999
_596_, 51.52, 19.04, 1.79999
FILLER_0_3_158, 75.44, 19.04, 1.79999
FILLER_0_4_153, 75.44, 19.04, 1.79999
_568_, 42.607, 19.04, 1.79999
_570_, 42.607, 19.04, 1.79999
_582_, 42.607, 19.04, 1.79999
rebuffer5, 42.607, 19.04, 1.79999
FILLER_0_2_77, 42.607, 19.04, 1.79999
FILLER_0_3_73, 42.607, 19.04, 1.79999
FILLER_0_4_79, 42.607, 19.04, 1.79999
_598_, 64.457, 19.04, 1.79998
_600_, 64.457, 19.04, 1.79998
_618_, 64.457, 19.04, 1.79998
FILLER_0_3_129, 64.457, 19.04, 1.79998
PHY_EDGE_ROW_0_Left_28, 5.52, 13.6, 1.79998
PHY_EDGE_ROW_1_Left_29, 5.52, 13.6, 1.79998
input3, 5.52, 13.6, 1.79998
input11, 5.52, 13.6, 1.79998
PHY_EDGE_ROW_0_Right_0, 81.88, 13.6, 1.79997
PHY_EDGE_ROW_1_Right_1, 81.88, 13.6, 1.79997
_497_, 15.18, 13.6, 1.79998
_531_, 15.18, 13.6, 1.79998
FILLER_0_0_29, 15.18, 13.6, 1.79998
FILLER_0_2_21, 15.18, 13.6, 1.79998
FILLER_0_2_29, 15.18, 13.6, 1.79998
_538_, 28.52, 13.6, 1.79997
_539_, 28.52, 13.6, 1.79997
_557_, 28.52, 13.6, 1.79997
output26, 28.52, 13.6, 1.79997
rebuffer16, 28.52, 13.6, 1.79997
FILLER_0_1_39, 28.52, 13.6, 1.79997
_599_, 67.16, 13.6, 1.79997
FILLER_0_2_148, 73.14, 13.6, 1.79997
_544_, 64.86, 13.6, 1.79997
output28, 64.86, 13.6, 1.79997
_490_, 70.38, 13.6, 1.79997
output29, 75.9, 13.6, 1.79997
FILLER_0_0_153, 75.9, 13.6, 1.79997
FILLER_0_1_159, 75.9, 13.6, 1.79997
FILLER_0_2_156, 75.9, 13.6, 1.79997
_495_, 43.7, 13.6, 1.79997
_540_, 43.7, 13.6, 1.79997
_549_, 43.7, 13.6, 1.79997
_571_, 43.7, 13.6, 1.79997
_583_, 43.7, 13.6, 1.79997
input5, 43.7, 13.6, 1.79997
input6, 43.7, 13.6, 1.79997
output27, 43.7, 13.6, 1.79997
FILLER_0_0_90, 43.7, 13.6, 1.79997
FILLER_0_2_85, 43.7, 13.6, 1.79997

