Instance name, X location, Y location, Voltage
output20, 75.635, 76.16, 2.65345e-05
FILLER_0_24_153, 75.635, 76.16, 2.65345e-05
FILLER_0_22_153, 75.635, 70.72, 1.00917e-05
_443_, 75.635, 65.28, 2.92416e-05
FILLER_0_18_153, 75.635, 59.84, 1.46383e-05
_415_, 75.635, 54.4, 1.60636e-05
FILLER_0_16_149, 75.635, 54.4, 1.60636e-05
FILLER_0_16_159, 75.635, 54.4, 1.60636e-05
FILLER_0_17_155, 75.635, 54.4, 1.60636e-05
_387_, 75.635, 48.96, 5.43059e-05
output18, 75.635, 48.96, 5.43059e-05
output32, 75.635, 48.96, 5.43059e-05
FILLER_0_15_149, 75.635, 48.96, 5.43059e-05
_493_, 75.635, 43.52, 1.41635e-05
_346_, 75.635, 38.08, 3.44289e-05
_348_, 75.635, 38.08, 3.44289e-05
_492_, 75.635, 38.08, 3.44289e-05
FILLER_0_8_153, 75.635, 32.64, 5.81074e-06
_491_, 75.635, 27.2, 3.15503e-05
FILLER_0_4_153, 75.635, 21.76, 5.2842e-06
FILLER_0_2_148, 75.635, 16.32, 2.05756e-05
FILLER_0_0_153, 75.635, 10.88, 7.73161e-06
_471_, 56.545, 81.6, 1.97254e-05
_480_, 56.545, 81.6, 1.97254e-05
_482_, 56.545, 81.6, 1.97254e-05
_488_, 56.545, 81.6, 1.97254e-05
output23, 56.545, 81.6, 1.97254e-05
FILLER_0_27_104, 56.545, 81.6, 1.97254e-05
FILLER_0_27_113, 56.545, 81.6, 1.97254e-05
_481_, 56.545, 76.16, 1.37154e-05
FILLER_0_25_109, 56.545, 76.16, 1.37154e-05
_429_, 56.545, 70.72, 1.11376e-05
_431_, 56.545, 70.72, 1.11376e-05
FILLER_0_23_113, 56.545, 70.72, 1.11376e-05
_395_, 56.545, 65.28, 1.48778e-05
_418_, 56.545, 65.28, 1.48778e-05
_430_, 56.545, 65.28, 1.48778e-05
FILLER_0_20_107, 56.545, 65.28, 1.48778e-05
FILLER_0_20_115, 56.545, 65.28, 1.48778e-05
FILLER_0_21_107, 56.545, 65.28, 1.48778e-05
_402_, 56.545, 59.84, 1.16628e-05
_326_, 56.545, 54.4, 1.55413e-05
_327_, 56.545, 54.4, 1.55413e-05
_368_, 56.545, 54.4, 1.55413e-05
_369_, 56.545, 54.4, 1.55413e-05
_410_, 56.545, 48.96, 2.14836e-05
FILLER_0_14_114, 56.545, 48.96, 2.14836e-05
FILLER_0_15_113, 56.545, 48.96, 2.14836e-05
_339_, 56.545, 43.52, 1.11246e-05
_380_, 56.545, 43.52, 1.11246e-05
_381_, 56.545, 43.52, 1.11246e-05
FILLER_0_12_115, 56.545, 43.52, 1.11246e-05
FILLER_0_13_118, 56.545, 43.52, 1.11246e-05
_340_, 56.545, 38.08, 1.76901e-05
_341_, 56.545, 38.08, 1.76901e-05
_342_, 56.545, 38.08, 1.76901e-05
FILLER_0_10_109, 56.545, 38.08, 1.76901e-05
_329_, 56.545, 32.64, 7.74539e-06
_330_, 56.545, 32.64, 7.74539e-06
_331_, 56.545, 32.64, 7.74539e-06
_632_, 56.545, 32.64, 7.74539e-06
FILLER_0_9_113, 56.545, 32.64, 7.74539e-06
_589_, 56.545, 27.2, 2.15924e-05
_590_, 56.545, 27.2, 2.15924e-05
_633_, 56.545, 27.2, 2.15924e-05
_634_, 56.545, 27.2, 2.15924e-05
_635_, 56.545, 27.2, 2.15924e-05
FILLER_0_7_109, 56.545, 27.2, 2.15924e-05
_591_, 56.545, 21.76, 9.49866e-06
_620_, 56.545, 21.76, 9.49866e-06
FILLER_0_5_106, 56.545, 21.76, 9.49866e-06
FILLER_0_3_106, 56.545, 16.32, 1.62448e-05
_574_, 56.545, 10.88, 1.66456e-05
output28, 56.545, 10.88, 1.66456e-05
FILLER_0_0_103, 56.545, 10.88, 1.66456e-05
FILLER_0_0_113, 56.545, 10.88, 1.66456e-05
_467_, 37.455, 87.04, 4.70337e-06
_476_, 37.455, 81.6, 8.94059e-06
_478_, 37.455, 81.6, 8.94059e-06
_486_, 37.455, 81.6, 8.94059e-06
_446_, 37.455, 76.16, 7.57321e-06
_448_, 37.455, 76.16, 7.57321e-06
_465_, 37.455, 76.16, 7.57321e-06
FILLER_0_24_64, 37.455, 76.16, 7.57321e-06
FILLER_0_25_64, 37.455, 76.16, 7.57321e-06
_419_, 37.455, 70.72, 8.4497e-06
_421_, 37.455, 70.72, 8.4497e-06
_464_, 37.455, 70.72, 8.4497e-06
FILLER_0_22_63, 37.455, 70.72, 8.4497e-06
_392_, 37.455, 65.28, 9.01898e-06
_420_, 37.455, 65.28, 9.01898e-06
_425_, 37.455, 65.28, 9.01898e-06
_447_, 37.455, 65.28, 9.01898e-06
FILLER_0_20_72, 37.455, 65.28, 9.01898e-06
_389_, 37.455, 59.84, 8.35118e-06
_422_, 37.455, 59.84, 8.35118e-06
_423_, 37.455, 59.84, 8.35118e-06
_449_, 37.455, 59.84, 8.35118e-06
FILLER_0_17_69, 37.455, 59.84, 8.35118e-06
FILLER_0_18_79, 37.455, 59.84, 8.35118e-06
_324_, 37.455, 54.4, 1.10581e-05
_349_, 37.455, 54.4, 1.10581e-05
_516_, 37.455, 54.4, 1.10581e-05
_607_, 37.455, 54.4, 1.10581e-05
rebuffer11, 37.455, 54.4, 1.10581e-05
_608_, 37.455, 48.96, 1.41565e-05
_333_, 37.455, 43.52, 8.96544e-06
_375_, 37.455, 43.52, 8.96544e-06
FILLER_0_12_71, 37.455, 43.52, 8.96544e-06
FILLER_0_12_81, 37.455, 43.52, 8.96544e-06
_332_, 37.455, 38.08, 1.3837e-05
_336_, 37.455, 38.08, 1.3837e-05
_621_, 37.455, 38.08, 1.3837e-05
_624_, 37.455, 38.08, 1.3837e-05
rebuffer6, 37.455, 38.08, 1.3837e-05
FILLER_0_10_72, 37.455, 38.08, 1.3837e-05
_565_, 37.455, 32.64, 8.05398e-06
_587_, 37.455, 32.64, 8.05398e-06
_588_, 37.455, 32.64, 8.05398e-06
FILLER_0_8_66, 37.455, 32.64, 8.05398e-06
FILLER_0_8_80, 37.455, 32.64, 8.05398e-06
FILLER_0_9_61, 37.455, 32.64, 8.05398e-06
FILLER_0_9_73, 37.455, 32.64, 8.05398e-06
_517_, 37.455, 27.2, 1.29981e-05
_550_, 37.455, 27.2, 1.29981e-05
rebuffer1, 37.455, 27.2, 1.29981e-05
rebuffer2, 37.455, 27.2, 1.29981e-05
rebuffer3, 37.455, 27.2, 1.29981e-05
rebuffer4, 37.455, 27.2, 1.29981e-05
rebuffer19, 37.455, 27.2, 1.29981e-05
FILLER_0_6_71, 37.455, 27.2, 1.29981e-05
FILLER_0_6_78, 37.455, 27.2, 1.29981e-05
_553_, 37.455, 21.76, 1.00813e-05
_568_, 37.455, 21.76, 1.00813e-05
_569_, 37.455, 21.76, 1.00813e-05
_592_, 37.455, 21.76, 1.00813e-05
FILLER_0_4_79, 37.455, 21.76, 1.00813e-05
_494_, 37.455, 16.32, 1.31429e-05
_555_, 37.455, 16.32, 1.31429e-05
_556_, 37.455, 16.32, 1.31429e-05
rebuffer5, 37.455, 16.32, 1.31429e-05
FILLER_0_2_64, 37.455, 16.32, 1.31429e-05
FILLER_0_3_57, 37.455, 16.32, 1.31429e-05
FILLER_0_3_73, 37.455, 16.32, 1.31429e-05
_540_, 37.455, 10.88, 1.91955e-05
_541_, 37.455, 10.88, 1.91955e-05
_542_, 37.455, 10.88, 1.91955e-05
_543_, 37.455, 10.88, 1.91955e-05
input5, 37.455, 10.88, 1.91955e-05
input7, 37.455, 10.88, 1.91955e-05
output27, 37.455, 10.88, 1.91955e-05
FILLER_0_0_69, 37.455, 10.88, 1.91955e-05
_354_, 18.365, 70.72, 7.63594e-06
_358_, 18.365, 70.72, 7.63594e-06
_359_, 18.365, 70.72, 7.63594e-06
_396_, 18.365, 70.72, 7.63594e-06
_397_, 18.365, 70.72, 7.63594e-06
FILLER_0_21_28, 18.365, 65.28, 9.31131e-06
_319_, 18.365, 59.84, 1.03522e-05
_320_, 18.365, 59.84, 1.03522e-05
_364_, 18.365, 59.84, 1.03522e-05
FILLER_0_18_20, 18.365, 59.84, 1.03522e-05
FILLER_0_19_30, 18.365, 59.84, 1.03522e-05
_318_, 18.365, 54.4, 8.04018e-06
_322_, 18.365, 48.96, 1.97509e-05
_581_, 18.365, 48.96, 1.97509e-05
_614_, 18.365, 48.96, 1.97509e-05
_615_, 18.365, 48.96, 1.97509e-05
_616_, 18.365, 48.96, 1.97509e-05
_580_, 18.365, 43.52, 1.11828e-05
FILLER_0_12_29, 18.365, 43.52, 1.11828e-05
_508_, 18.365, 38.08, 1.04064e-05
_509_, 18.365, 38.08, 1.04064e-05
_513_, 18.365, 38.08, 1.04064e-05
_536_, 18.365, 38.08, 1.04064e-05
rebuffer7, 18.365, 38.08, 1.04064e-05
FILLER_0_10_32, 18.365, 38.08, 1.04064e-05
_498_, 18.365, 32.64, 1.24425e-05
_512_, 18.365, 32.64, 1.24425e-05
_514_, 18.365, 32.64, 1.24425e-05
_515_, 18.365, 32.64, 1.24425e-05
_523_, 18.365, 32.64, 1.24425e-05
_532_, 18.365, 32.64, 1.24425e-05
_559_, 18.365, 32.64, 1.24425e-05
rebuffer9, 18.365, 32.64, 1.24425e-05
FILLER_0_8_29, 18.365, 32.64, 1.24425e-05
FILLER_0_9_24, 18.365, 32.64, 1.24425e-05
_502_, 18.365, 27.2, 1.23929e-05
_507_, 18.365, 27.2, 1.23929e-05
_511_, 18.365, 27.2, 1.23929e-05
_518_, 18.365, 27.2, 1.23929e-05
_520_, 18.365, 27.2, 1.23929e-05
_563_, 18.365, 27.2, 1.23929e-05
FILLER_0_6_33, 18.365, 27.2, 1.23929e-05
_528_, 18.365, 21.76, 1.01689e-05
_535_, 18.365, 21.76, 1.01689e-05
_558_, 18.365, 21.76, 1.01689e-05
input1, 18.365, 21.76, 1.01689e-05
rebuffer15, 18.365, 21.76, 1.01689e-05
FILLER_0_4_29, 18.365, 21.76, 1.01689e-05
FILLER_0_5_20, 18.365, 21.76, 1.01689e-05
_497_, 18.365, 16.32, 1.4119e-05
_530_, 18.365, 16.32, 1.4119e-05
_537_, 18.365, 16.32, 1.4119e-05
rebuffer8, 18.365, 16.32, 1.4119e-05
FILLER_0_2_29, 18.365, 16.32, 1.4119e-05
_531_, 18.365, 10.88, 1.79596e-05
output26, 18.365, 10.88, 1.79596e-05
FILLER_0_0_29, 18.365, 10.88, 1.79596e-05
PHY_EDGE_ROW_27_Left_55, 5.52, 87.04, 2.36327e-06
PHY_EDGE_ROW_27_Right_27, 81.88, 87.04, 1.15161e-05
_479_, 47.38, 87.04, 7.36292e-06
FILLER_0_27_97, 47.38, 87.04, 7.36292e-06
output22, 66.09, 87.04, 1.75255e-05
PHY_EDGE_ROW_25_Left_53, 5.52, 81.6, 3.94944e-06
PHY_EDGE_ROW_26_Left_54, 5.52, 81.6, 3.94944e-06
PHY_EDGE_ROW_25_Right_25, 81.88, 81.6, 2.68047e-05
PHY_EDGE_ROW_26_Right_26, 81.88, 81.6, 2.68047e-05
FILLER_0_26_160, 81.88, 81.6, 2.68047e-05
_477_, 41.4, 81.6, 1.19354e-05
FILLER_0_26_81, 41.4, 81.6, 1.19354e-05
_468_, 46.92, 81.6, 1.59454e-05
_469_, 46.92, 81.6, 1.59454e-05
_470_, 46.92, 81.6, 1.59454e-05
_475_, 46.92, 81.6, 1.59454e-05
_473_, 74.98, 81.6, 2.82435e-05
output21, 74.98, 81.6, 2.82435e-05
FILLER_0_27_147, 74.98, 81.6, 2.82435e-05
_466_, 27.14, 81.6, 6.48247e-06
FILLER_0_26_53, 27.14, 81.6, 6.48247e-06
FILLER_0_27_53, 27.14, 81.6, 6.48247e-06
FILLER_0_27_57, 27.14, 81.6, 6.48247e-06
FILLER_0_25_157, 76.36, 81.6, 2.68047e-05
FILLER_0_27_156, 76.36, 81.6, 2.68047e-05
_474_, 65.762, 81.6, 2.69367e-05
_484_, 65.762, 81.6, 2.69367e-05
_485_, 65.762, 81.6, 2.69367e-05
FILLER_0_26_134, 65.762, 81.6, 2.69367e-05
FILLER_0_27_131, 65.762, 81.6, 2.69367e-05
PHY_EDGE_ROW_23_Left_51, 5.52, 76.16, 6.68928e-06
PHY_EDGE_ROW_24_Left_52, 5.52, 76.16, 6.68928e-06
PHY_EDGE_ROW_23_Right_23, 81.88, 76.16, 2.65345e-05
PHY_EDGE_ROW_24_Right_24, 81.88, 76.16, 2.65345e-05
FILLER_0_24_77, 39.56, 76.16, 8.61043e-06
_451_, 45.08, 76.16, 1.13304e-05
_452_, 45.08, 76.16, 1.13304e-05
_453_, 45.08, 76.16, 1.13304e-05
_602_, 9.66, 76.16, 6.68927e-06
FILLER_0_23_11, 9.66, 76.16, 6.68927e-06
_398_, 21.62, 76.16, 5.95143e-06
FILLER_0_25_39, 21.62, 76.16, 5.95143e-06
_462_, 27.14, 76.16, 6.94014e-06
_463_, 27.14, 76.16, 6.94014e-06
FILLER_0_24_53, 27.14, 76.16, 6.94014e-06
_455_, 54.28, 76.16, 1.38138e-05
_456_, 54.28, 76.16, 1.38138e-05
FILLER_0_25_101, 54.28, 76.16, 1.38138e-05
_487_, 59.8, 76.16, 1.67238e-05
FILLER_0_25_116, 59.8, 76.16, 1.67238e-05
_458_, 65.32, 76.16, 2.15989e-05
_483_, 65.32, 76.16, 2.15989e-05
FILLER_0_24_136, 65.32, 76.16, 2.15989e-05
FILLER_0_25_129, 65.32, 76.16, 2.15989e-05
_472_, 73.14, 76.16, 2.59148e-05
PHY_EDGE_ROW_21_Left_49, 5.52, 70.72, 9.19785e-06
PHY_EDGE_ROW_22_Left_50, 5.52, 70.72, 9.19785e-06
input16, 5.52, 70.72, 9.19785e-06
FILLER_0_22_7, 5.52, 70.72, 9.19785e-06
FILLER_0_23_3, 5.52, 70.72, 9.19785e-06
PHY_EDGE_ROW_21_Right_21, 81.88, 70.72, 1.00917e-05
PHY_EDGE_ROW_22_Right_22, 81.88, 70.72, 1.00917e-05
_433_, 60.26, 70.72, 1.36322e-05
_444_, 60.26, 70.72, 1.36322e-05
_457_, 60.26, 70.72, 1.36322e-05
_459_, 71.3, 70.72, 1.29026e-05
FILLER_0_23_157, 76.82, 70.72, 1.00917e-05
_450_, 40.94, 70.72, 9.50745e-06
_461_, 40.94, 70.72, 9.50745e-06
FILLER_0_21_74, 40.94, 70.72, 9.50745e-06
_460_, 67.16, 70.72, 1.42697e-05
_399_, 27.91, 70.72, 1.00321e-05
_400_, 27.91, 70.72, 1.00321e-05
_401_, 27.91, 70.72, 1.00321e-05
_432_, 27.91, 70.72, 1.00321e-05
FILLER_0_21_46, 27.91, 70.72, 1.00321e-05
FILLER_0_22_55, 27.91, 70.72, 1.00321e-05
FILLER_0_23_52, 27.91, 70.72, 1.00321e-05
FILLER_0_23_57, 27.91, 70.72, 1.00321e-05
_445_, 48.742, 70.72, 1.08558e-05
_454_, 48.742, 70.72, 1.08558e-05
FILLER_0_21_98, 48.742, 70.72, 1.08558e-05
FILLER_0_22_98, 48.742, 70.72, 1.08558e-05
FILLER_0_23_92, 48.742, 70.72, 1.08558e-05
_357_, 5.52, 65.28, 1.37938e-05
_604_, 5.52, 65.28, 1.37938e-05
_605_, 5.52, 65.28, 1.37938e-05
PHY_EDGE_ROW_19_Left_47, 5.52, 65.28, 1.37938e-05
PHY_EDGE_ROW_20_Left_48, 5.52, 65.28, 1.37938e-05
input15, 5.52, 65.28, 1.37938e-05
PHY_EDGE_ROW_19_Right_19, 81.88, 65.28, 3.44212e-05
PHY_EDGE_ROW_20_Right_20, 81.88, 65.28, 3.44212e-05
_355_, 16.56, 65.28, 1.03735e-05
_356_, 16.56, 65.28, 1.03735e-05
_603_, 16.56, 65.28, 1.03735e-05
rebuffer13, 16.56, 65.28, 1.03735e-05
FILLER_0_20_15, 16.56, 65.28, 1.03735e-05
_393_, 46.92, 65.28, 1.36788e-05
_426_, 46.92, 65.28, 1.36788e-05
_427_, 46.92, 65.28, 1.36788e-05
_428_, 46.92, 65.28, 1.36788e-05
FILLER_0_20_89, 46.92, 65.28, 1.36788e-05
_434_, 63.48, 65.28, 2.33871e-05
_435_, 63.48, 65.28, 2.33871e-05
_436_, 63.48, 65.28, 2.33871e-05
FILLER_0_20_137, 63.48, 65.28, 2.33871e-05
output19, 77.74, 65.28, 3.44212e-05
_360_, 21.62, 65.28, 1.02163e-05
_361_, 21.62, 65.28, 1.02163e-05
_363_, 21.62, 65.28, 1.02163e-05
FILLER_0_21_36, 21.62, 65.28, 1.02163e-05
_353_, 29.537, 65.28, 1.02222e-05
_362_, 29.537, 65.28, 1.02222e-05
rebuffer14, 29.537, 65.28, 1.02222e-05
FILLER_0_19_57, 29.537, 65.28, 1.02222e-05
FILLER_0_20_47, 29.537, 65.28, 1.02222e-05
FILLER_0_20_55, 29.537, 65.28, 1.02222e-05
FILLER_0_21_57, 29.537, 65.28, 1.02222e-05
PHY_EDGE_ROW_17_Left_45, 5.52, 59.84, 1.50871e-05
PHY_EDGE_ROW_18_Left_46, 5.52, 59.84, 1.50871e-05
input14, 5.52, 59.84, 1.50871e-05
FILLER_0_18_3, 5.52, 59.84, 1.50871e-05
PHY_EDGE_ROW_17_Right_17, 81.88, 59.84, 1.46383e-05
PHY_EDGE_ROW_18_Right_18, 81.88, 59.84, 1.46383e-05
_314_, 9.66, 59.84, 1.42993e-05
_575_, 9.66, 59.84, 1.42993e-05
_642_, 9.66, 59.84, 1.42993e-05
_643_, 9.66, 59.84, 1.42993e-05
FILLER_0_19_7, 9.66, 59.84, 1.42993e-05
_315_, 24.84, 59.84, 1.16376e-05
_317_, 24.84, 59.84, 1.16376e-05
_366_, 24.84, 59.84, 1.16376e-05
FILLER_0_18_42, 24.84, 59.84, 1.16376e-05
FILLER_0_19_41, 24.84, 59.84, 1.16376e-05
_316_, 34.5, 59.84, 9.34045e-06
_424_, 34.5, 59.84, 9.34045e-06
_403_, 61.64, 59.84, 1.6842e-05
_404_, 61.64, 59.84, 1.6842e-05
_405_, 61.64, 59.84, 1.6842e-05
_440_, 67.16, 59.84, 1.9114e-05
_442_, 67.16, 59.84, 1.9114e-05
FILLER_0_18_130, 67.16, 59.84, 1.9114e-05
FILLER_0_19_139, 67.16, 59.84, 1.9114e-05
_391_, 50.6, 59.84, 1.10848e-05
_394_, 50.6, 59.84, 1.10848e-05
FILLER_0_19_101, 50.6, 59.84, 1.10848e-05
FILLER_0_17_107, 56.12, 59.84, 1.16215e-05
FILLER_0_19_109, 56.12, 59.84, 1.16215e-05
_417_, 73.14, 59.84, 1.79887e-05
_441_, 73.14, 59.84, 1.79887e-05
PHY_EDGE_ROW_15_Left_43, 5.52, 54.4, 9.12955e-06
PHY_EDGE_ROW_16_Left_44, 5.52, 54.4, 9.12955e-06
input13, 5.52, 54.4, 9.12955e-06
PHY_EDGE_ROW_15_Right_15, 81.88, 54.4, 1.60636e-05
PHY_EDGE_ROW_16_Right_16, 81.88, 54.4, 1.60636e-05
_351_, 40.94, 54.4, 1.26324e-05
_390_, 40.94, 54.4, 1.26324e-05
_350_, 46.46, 54.4, 1.47162e-05
FILLER_0_17_84, 46.46, 54.4, 1.47162e-05
_325_, 51.98, 54.4, 1.59611e-05
_388_, 51.98, 54.4, 1.59611e-05
FILLER_0_16_100, 51.98, 54.4, 1.59611e-05
_414_, 71.3, 54.4, 1.954e-05
_416_, 71.3, 54.4, 1.954e-05
FILLER_0_16_141, 71.3, 54.4, 1.954e-05
FILLER_0_16_18, 11.04, 54.4, 8.66141e-06
FILLER_0_17_15, 11.04, 54.4, 8.66141e-06
_321_, 21.62, 54.4, 9.70232e-06
_365_, 21.62, 54.4, 9.70232e-06
FILLER_0_15_33, 21.62, 54.4, 9.70232e-06
_609_, 27.14, 54.4, 1.12978e-05
rebuffer12, 27.14, 54.4, 1.12978e-05
rebuffer20, 27.14, 54.4, 1.12978e-05
FILLER_0_16_53, 27.14, 54.4, 1.12978e-05
FILLER_0_17_48, 27.14, 54.4, 1.12978e-05
_352_, 48.76, 54.4, 1.55395e-05
_367_, 48.76, 54.4, 1.55395e-05
_370_, 63.922, 54.4, 2.08285e-05
_412_, 63.922, 54.4, 2.08285e-05
_413_, 63.922, 54.4, 2.08285e-05
_439_, 63.922, 54.4, 2.08285e-05
FILLER_0_15_121, 63.922, 54.4, 2.08285e-05
FILLER_0_16_125, 63.922, 54.4, 2.08285e-05
PHY_EDGE_ROW_13_Left_41, 5.52, 48.96, 2.87556e-05
PHY_EDGE_ROW_14_Left_42, 5.52, 48.96, 2.87556e-05
input8, 5.52, 48.96, 2.87556e-05
output25, 5.52, 48.96, 2.87556e-05
PHY_EDGE_ROW_13_Right_13, 81.88, 48.96, 5.4306e-05
PHY_EDGE_ROW_14_Right_14, 81.88, 48.96, 5.4306e-05
_613_, 9.66, 48.96, 2.65222e-05
_323_, 24.84, 48.96, 2.02451e-05
_576_, 24.84, 48.96, 2.02451e-05
_610_, 24.84, 48.96, 2.02451e-05
_611_, 24.84, 48.96, 2.02451e-05
_612_, 24.84, 48.96, 2.02451e-05
FILLER_0_13_48, 24.84, 48.96, 2.02451e-05
FILLER_0_14_47, 24.84, 48.96, 2.02451e-05
_641_, 12.42, 48.96, 2.4617e-05
FILLER_0_13_15, 12.42, 48.96, 2.4617e-05
FILLER_0_15_21, 12.42, 48.96, 2.4617e-05
_374_, 37.72, 48.96, 1.43267e-05
_376_, 37.72, 48.96, 1.43267e-05
_377_, 37.72, 48.96, 1.43267e-05
_379_, 55.2, 48.96, 2.11891e-05
_408_, 55.2, 48.96, 2.11891e-05
FILLER_0_15_107, 55.2, 48.96, 2.11891e-05
_384_, 66.7, 48.96, 4.22919e-05
_411_, 66.7, 48.96, 4.22919e-05
_437_, 66.7, 48.96, 4.22919e-05
FILLER_0_14_141, 66.7, 48.96, 4.22919e-05
_407_, 46.46, 48.96, 1.85093e-05
_409_, 46.46, 48.96, 1.85093e-05
_438_, 46.46, 48.96, 1.85093e-05
FILLER_0_13_81, 46.46, 48.96, 1.85093e-05
FILLER_0_13_91, 46.46, 48.96, 1.85093e-05
FILLER_0_14_81, 46.46, 48.96, 1.85093e-05
PHY_EDGE_ROW_11_Left_39, 5.52, 43.52, 1.73732e-05
PHY_EDGE_ROW_12_Left_40, 5.52, 43.52, 1.73732e-05
output17, 5.52, 43.52, 1.73732e-05
PHY_EDGE_ROW_11_Right_11, 81.88, 43.52, 1.41635e-05
PHY_EDGE_ROW_12_Right_12, 81.88, 43.52, 1.41635e-05
_577_, 22.54, 43.52, 1.13782e-05
_578_, 22.54, 43.52, 1.13782e-05
FILLER_0_11_43, 22.54, 43.52, 1.13782e-05
_373_, 34.5, 43.52, 1.02321e-05
_547_, 34.5, 43.52, 1.02321e-05
_548_, 34.5, 43.52, 1.02321e-05
FILLER_0_13_57, 34.5, 43.52, 1.02321e-05
_382_, 65.32, 43.52, 1.6659e-05
_383_, 65.32, 43.52, 1.6659e-05
_406_, 65.32, 43.52, 1.6659e-05
FILLER_0_12_132, 65.32, 43.52, 1.6659e-05
FILLER_0_13_126, 65.32, 43.52, 1.6659e-05
_385_, 70.84, 43.52, 1.68811e-05
_386_, 70.84, 43.52, 1.68811e-05
FILLER_0_12_141, 70.84, 43.52, 1.68811e-05
_501_, 12.42, 43.52, 1.59588e-05
_506_, 12.42, 43.52, 1.59588e-05
_579_, 12.42, 43.52, 1.59588e-05
output24, 12.42, 43.52, 1.59588e-05
FILLER_0_11_20, 12.42, 43.52, 1.59588e-05
FILLER_0_12_21, 12.42, 43.52, 1.59588e-05
_335_, 50.6, 43.52, 1.12292e-05
_338_, 50.6, 43.52, 1.12292e-05
_372_, 50.6, 43.52, 1.12292e-05
_378_, 50.6, 43.52, 1.12292e-05
FILLER_0_12_104, 50.6, 43.52, 1.12292e-05
FILLER_0_11_156, 77.28, 43.52, 1.41635e-05
_499_, 5.52, 38.08, 1.20602e-05
_510_, 5.52, 38.08, 1.20602e-05
PHY_EDGE_ROW_9_Left_37, 5.52, 38.08, 1.20602e-05
PHY_EDGE_ROW_10_Left_38, 5.52, 38.08, 1.20602e-05
FILLER_0_11_3, 5.52, 38.08, 1.20602e-05
PHY_EDGE_ROW_9_Right_9, 81.88, 38.08, 3.87728e-05
PHY_EDGE_ROW_10_Right_10, 81.88, 38.08, 3.87728e-05
output31, 77.74, 38.08, 3.87728e-05
_503_, 28.98, 38.08, 1.53091e-05
_521_, 28.98, 38.08, 1.53091e-05
_545_, 28.98, 38.08, 1.53091e-05
_546_, 28.98, 38.08, 1.53091e-05
_560_, 28.98, 38.08, 1.53091e-05
_584_, 28.98, 38.08, 1.53091e-05
_606_, 28.98, 38.08, 1.53091e-05
FILLER_0_10_57, 28.98, 38.08, 1.53091e-05
FILLER_0_9_103, 52.9, 38.08, 1.7525e-05
FILLER_0_11_106, 52.9, 38.08, 1.7525e-05
_334_, 45.177, 38.08, 1.71754e-05
_337_, 45.177, 38.08, 1.71754e-05
_623_, 45.177, 38.08, 1.71754e-05
_625_, 45.177, 38.08, 1.71754e-05
_626_, 45.177, 38.08, 1.71754e-05
_627_, 45.177, 38.08, 1.71754e-05
FILLER_0_9_81, 45.177, 38.08, 1.71754e-05
FILLER_0_11_81, 45.177, 38.08, 1.71754e-05
_344_, 66.09, 38.08, 3.04167e-05
_345_, 66.09, 38.08, 3.04167e-05
_371_, 66.09, 38.08, 3.04167e-05
FILLER_0_9_137, 66.09, 38.08, 3.04167e-05
FILLER_0_10_123, 66.09, 38.08, 3.04167e-05
_504_, 5.52, 32.64, 1.76126e-05
_505_, 5.52, 32.64, 1.76126e-05
PHY_EDGE_ROW_7_Left_35, 5.52, 32.64, 1.76126e-05
PHY_EDGE_ROW_8_Left_36, 5.52, 32.64, 1.76126e-05
input2, 5.52, 32.64, 1.76126e-05
PHY_EDGE_ROW_7_Right_7, 81.88, 32.64, 5.81075e-06
PHY_EDGE_ROW_8_Right_8, 81.88, 32.64, 5.81075e-06
_629_, 49.22, 32.64, 8.98595e-06
_630_, 49.22, 32.64, 8.98595e-06
_631_, 49.22, 32.64, 8.98595e-06
FILLER_0_7_101, 49.22, 32.64, 8.98595e-06
FILLER_0_8_85, 49.22, 32.64, 8.98595e-06
FILLER_0_8_93, 49.22, 32.64, 8.98595e-06
_343_, 64.4, 32.64, 7.76793e-06
FILLER_0_7_130, 64.4, 32.64, 7.76793e-06
FILLER_0_8_134, 64.4, 32.64, 7.76793e-06
FILLER_0_9_126, 64.4, 32.64, 7.76793e-06
_347_, 73.14, 32.64, 6.72486e-06
_519_, 27.91, 32.64, 1.20979e-05
_522_, 27.91, 32.64, 1.20979e-05
_533_, 27.91, 32.64, 1.20979e-05
_562_, 27.91, 32.64, 1.20979e-05
rebuffer10, 27.91, 32.64, 1.20979e-05
FILLER_0_8_55, 27.91, 32.64, 1.20979e-05
FILLER_0_9_42, 27.91, 32.64, 1.20979e-05
_524_, 5.52, 27.2, 1.7238e-05
_525_, 5.52, 27.2, 1.7238e-05
_526_, 5.52, 27.2, 1.7238e-05
PHY_EDGE_ROW_5_Left_33, 5.52, 27.2, 1.7238e-05
PHY_EDGE_ROW_6_Left_34, 5.52, 27.2, 1.7238e-05
input12, 5.52, 27.2, 1.7238e-05
PHY_EDGE_ROW_5_Right_5, 81.88, 27.2, 3.30288e-05
PHY_EDGE_ROW_6_Right_6, 81.88, 27.2, 3.30288e-05
FILLER_0_5_160, 81.88, 27.2, 3.30288e-05
_638_, 70.84, 27.2, 3.54436e-05
_639_, 70.84, 27.2, 3.54436e-05
_640_, 70.84, 27.2, 3.54436e-05
output30, 76.36, 27.2, 3.30288e-05
_561_, 27.91, 27.2, 1.40174e-05
_564_, 27.91, 27.2, 1.40174e-05
_593_, 27.91, 27.2, 1.40174e-05
_594_, 27.91, 27.2, 1.40174e-05
_619_, 27.91, 27.2, 1.40174e-05
rebuffer18, 27.91, 27.2, 1.40174e-05
FILLER_0_5_48, 27.91, 27.2, 1.40174e-05
FILLER_0_6_41, 27.91, 27.2, 1.40174e-05
_551_, 47, 27.2, 1.97072e-05
_552_, 47, 27.2, 1.97072e-05
_554_, 47, 27.2, 1.97072e-05
_585_, 47, 27.2, 1.97072e-05
_586_, 47, 27.2, 1.97072e-05
_622_, 47, 27.2, 1.97072e-05
_628_, 47, 27.2, 1.97072e-05
FILLER_0_6_97, 47, 27.2, 1.97072e-05
_328_, 63.692, 27.2, 3.29185e-05
_636_, 63.692, 27.2, 3.29185e-05
_637_, 63.692, 27.2, 3.29185e-05
FILLER_0_7_120, 63.692, 27.2, 3.29185e-05
_500_, 5.52, 21.76, 1.65277e-05
_527_, 5.52, 21.76, 1.65277e-05
PHY_EDGE_ROW_3_Left_31, 5.52, 21.76, 1.65277e-05
PHY_EDGE_ROW_4_Left_32, 5.52, 21.76, 1.65277e-05
input4, 5.52, 21.76, 1.65277e-05
FILLER_0_5_3, 5.52, 21.76, 1.65277e-05
PHY_EDGE_ROW_3_Right_3, 81.88, 21.76, 5.28421e-06
PHY_EDGE_ROW_4_Right_4, 81.88, 21.76, 5.28421e-06
_566_, 25.76, 21.76, 1.11904e-05
_567_, 25.76, 21.76, 1.11904e-05
FILLER_0_3_50, 25.76, 21.76, 1.11904e-05
FILLER_0_4_48, 25.76, 21.76, 1.11904e-05
_595_, 51.52, 21.76, 1.11179e-05
_596_, 51.52, 21.76, 1.11179e-05
rebuffer17, 51.52, 21.76, 1.11179e-05
FILLER_0_4_97, 51.52, 21.76, 1.11179e-05
_534_, 24.84, 21.76, 1.11832e-05
_582_, 47.38, 21.76, 1.11315e-05
FILLER_0_5_91, 47.38, 21.76, 1.11315e-05
_597_, 60.26, 21.76, 1.05642e-05
_618_, 60.26, 21.76, 1.05642e-05
FILLER_0_5_118, 60.26, 21.76, 1.05642e-05
_600_, 65.78, 21.76, 9.11523e-06
FILLER_0_4_137, 65.78, 21.76, 9.11523e-06
PHY_EDGE_ROW_1_Left_29, 5.52, 16.32, 1.9077e-05
PHY_EDGE_ROW_2_Left_30, 5.52, 16.32, 1.9077e-05
input10, 5.52, 16.32, 1.9077e-05
input11, 5.52, 16.32, 1.9077e-05
PHY_EDGE_ROW_1_Right_1, 81.88, 16.32, 2.09244e-05
PHY_EDGE_ROW_2_Right_2, 81.88, 16.32, 2.09244e-05
_598_, 64.86, 16.32, 2.21789e-05
_599_, 64.86, 16.32, 2.21789e-05
FILLER_0_3_129, 64.86, 16.32, 2.21789e-05
_490_, 70.38, 16.32, 2.3012e-05
_601_, 70.38, 16.32, 2.3012e-05
output29, 75.9, 16.32, 2.09244e-05
FILLER_0_1_159, 75.9, 16.32, 2.09244e-05
FILLER_0_2_156, 75.9, 16.32, 2.09244e-05
FILLER_0_3_158, 75.9, 16.32, 2.09244e-05
_529_, 12.42, 16.32, 1.7195e-05
input9, 12.42, 16.32, 1.7195e-05
FILLER_0_1_15, 12.42, 16.32, 1.7195e-05
FILLER_0_2_21, 12.42, 16.32, 1.7195e-05
FILLER_0_3_13, 12.42, 16.32, 1.7195e-05
_538_, 24.84, 16.32, 1.53327e-05
_557_, 24.84, 16.32, 1.53327e-05
rebuffer16, 24.84, 16.32, 1.53327e-05
FILLER_0_1_39, 24.84, 16.32, 1.53327e-05
_572_, 51.06, 16.32, 1.76453e-05
_489_, 56.58, 16.32, 1.62811e-05
_544_, 56.58, 16.32, 1.62811e-05
_617_, 56.58, 16.32, 1.62811e-05
FILLER_0_2_117, 56.58, 16.32, 1.62811e-05
_495_, 44.257, 16.32, 1.72114e-05
_549_, 44.257, 16.32, 1.72114e-05
_570_, 44.257, 16.32, 1.72114e-05
_583_, 44.257, 16.32, 1.72114e-05
FILLER_0_2_77, 44.257, 16.32, 1.72114e-05
FILLER_0_2_85, 44.257, 16.32, 1.72114e-05
PHY_EDGE_ROW_0_Left_28, 5.52, 10.88, 2.17923e-05
input3, 5.52, 10.88, 2.17923e-05
PHY_EDGE_ROW_0_Right_0, 81.88, 10.88, 7.73162e-06
_496_, 15.18, 10.88, 1.9259e-05
_539_, 28.52, 10.88, 1.96252e-05
FILLER_0_0_57, 28.52, 10.88, 1.96252e-05
FILLER_0_1_57, 28.52, 10.88, 1.96252e-05
_571_, 47, 10.88, 2.002e-05
_573_, 47, 10.88, 2.002e-05
input6, 47, 10.88, 2.002e-05
FILLER_0_0_90, 47, 10.88, 2.002e-05

