
===========================================================================
report_checks -path_delay max (Setup)
============================================================================
======================= Typical Corner ===================================

Startpoint: a[2] (input port clocked by clk)
Endpoint: prod[14] (output port clocked by clk)
Path Group: clk
Path Type: max

Fanout     Cap    Slew   Delay    Time   Description
-----------------------------------------------------------------------------
                  0.00    0.00    0.00   clock clk (rise edge)
                          0.00    0.00   clock network delay (ideal)
                          2.00    2.00 ^ input external delay
     1    0.00    0.02    0.01    2.01 ^ a[2] (in)
                                         a[2] (net)
                  0.02    0.00    2.01 ^ input3/A (sky130_fd_sc_hd__buf_2)
     5    0.02    0.10    0.15    2.16 ^ input3/X (sky130_fd_sc_hd__buf_2)
                                         net3 (net)
                  0.10    0.00    2.16 ^ _532_/A (sky130_fd_sc_hd__nand2_2)
     4    0.02    0.08    0.10    2.26 v _532_/Y (sky130_fd_sc_hd__nand2_2)
                                         _281_ (net)
                  0.08    0.00    2.26 v _561_/C (sky130_fd_sc_hd__or3_1)
     2    0.00    0.07    0.34    2.60 v _561_/X (sky130_fd_sc_hd__or3_1)
                                         _310_ (net)
                  0.07    0.00    2.60 v _564_/A (sky130_fd_sc_hd__and3_1)
     4    0.01    0.07    0.20    2.79 v _564_/X (sky130_fd_sc_hd__and3_1)
                                         _313_ (net)
                  0.07    0.00    2.79 v _566_/B (sky130_fd_sc_hd__or3_1)
     2    0.00    0.08    0.38    3.17 v _566_/X (sky130_fd_sc_hd__or3_1)
                                         _001_ (net)
                  0.08    0.00    3.17 v _568_/A (sky130_fd_sc_hd__and2_1)
     2    0.01    0.06    0.18    3.35 v _568_/X (sky130_fd_sc_hd__and2_1)
                                         _003_ (net)
                  0.06    0.00    3.35 v _592_/A2 (sky130_fd_sc_hd__a21bo_1)
     2    0.01    0.05    0.22    3.57 v _592_/X (sky130_fd_sc_hd__a21bo_1)
                                         _027_ (net)
                  0.05    0.00    3.57 v rebuffer17/A (sky130_fd_sc_hd__clkbuf_1)
     1    0.00    0.04    0.10    3.67 v rebuffer17/X (sky130_fd_sc_hd__clkbuf_1)
                                         net49 (net)
                  0.04    0.00    3.67 v _596_/A (sky130_fd_sc_hd__xor2_1)
     2    0.01    0.22    0.24    3.91 ^ _596_/X (sky130_fd_sc_hd__xor2_1)
                                         _031_ (net)
                  0.22    0.00    3.91 ^ _597_/B (sky130_fd_sc_hd__xor2_1)
     2    0.01    0.10    0.14    4.05 v _597_/X (sky130_fd_sc_hd__xor2_1)
                                         _032_ (net)
                  0.10    0.00    4.05 v _618_/A2 (sky130_fd_sc_hd__a21o_1)
     2    0.01    0.06    0.23    4.28 v _618_/X (sky130_fd_sc_hd__a21o_1)
                                         _053_ (net)
                  0.06    0.00    4.28 v _328_/A1 (sky130_fd_sc_hd__a21oi_1)
     2    0.01    0.19    0.20    4.47 ^ _328_/Y (sky130_fd_sc_hd__a21oi_1)
                                         _093_ (net)
                  0.19    0.00    4.47 ^ _371_/A_N (sky130_fd_sc_hd__and2b_1)
     2    0.01    0.05    0.24    4.71 v _371_/X (sky130_fd_sc_hd__and2b_1)
                                         _136_ (net)
                  0.05    0.00    4.71 v _384_/A (sky130_fd_sc_hd__xnor2_1)
     2    0.01    0.22    0.24    4.95 ^ _384_/Y (sky130_fd_sc_hd__xnor2_1)
                                         _149_ (net)
                  0.22    0.00    4.95 ^ _385_/B (sky130_fd_sc_hd__xor2_1)
     2    0.01    0.23    0.26    5.21 ^ _385_/X (sky130_fd_sc_hd__xor2_1)
                                         _150_ (net)
                  0.23    0.00    5.21 ^ _387_/A2 (sky130_fd_sc_hd__a21o_1)
     2    0.01    0.09    0.20    5.41 ^ _387_/X (sky130_fd_sc_hd__a21o_1)
                                         _152_ (net)
                  0.09    0.00    5.41 ^ _417_/A1 (sky130_fd_sc_hd__a21o_1)
     2    0.01    0.08    0.15    5.56 ^ _417_/X (sky130_fd_sc_hd__a21o_1)
                                         _181_ (net)
                  0.08    0.00    5.56 ^ _443_/A1 (sky130_fd_sc_hd__a21o_1)
     3    0.01    0.11    0.17    5.73 ^ _443_/X (sky130_fd_sc_hd__a21o_1)
                                         _206_ (net)
                  0.11    0.00    5.73 ^ _474_/A (sky130_fd_sc_hd__and3_1)
     2    0.01    0.10    0.21    5.94 ^ _474_/X (sky130_fd_sc_hd__and3_1)
                                         _236_ (net)
                  0.10    0.00    5.94 ^ _485_/A (sky130_fd_sc_hd__xor2_1)
     1    0.00    0.12    0.16    6.09 ^ _485_/X (sky130_fd_sc_hd__xor2_1)
                                         net22 (net)
                  0.12    0.00    6.09 ^ output22/A (sky130_fd_sc_hd__clkbuf_4)
     1    0.04    0.12    0.23    6.32 ^ output22/X (sky130_fd_sc_hd__clkbuf_4)
                                         prod[14] (net)
                  0.12    0.00    6.33 ^ prod[14] (out)
                                  6.33   data arrival time

                  0.00   10.00   10.00   clock clk (rise edge)
                          0.00   10.00   clock network delay (ideal)
                         -0.25    9.75   clock uncertainty
                          0.00    9.75   clock reconvergence pessimism
                         -2.00    7.75   output external delay
                                  7.75   data required time
-----------------------------------------------------------------------------
                                  7.75   data required time
                                 -6.33   data arrival time
-----------------------------------------------------------------------------
                                  1.42   slack (MET)


Startpoint: a[2] (input port clocked by clk)
Endpoint: prod[15] (output port clocked by clk)
Path Group: clk
Path Type: max

Fanout     Cap    Slew   Delay    Time   Description
-----------------------------------------------------------------------------
                  0.00    0.00    0.00   clock clk (rise edge)
                          0.00    0.00   clock network delay (ideal)
                          2.00    2.00 ^ input external delay
     1    0.00    0.02    0.01    2.01 ^ a[2] (in)
                                         a[2] (net)
                  0.02    0.00    2.01 ^ input3/A (sky130_fd_sc_hd__buf_2)
     5    0.02    0.10    0.15    2.16 ^ input3/X (sky130_fd_sc_hd__buf_2)
                                         net3 (net)
                  0.10    0.00    2.16 ^ _532_/A (sky130_fd_sc_hd__nand2_2)
     4    0.02    0.08    0.10    2.26 v _532_/Y (sky130_fd_sc_hd__nand2_2)
                                         _281_ (net)
                  0.08    0.00    2.26 v _561_/C (sky130_fd_sc_hd__or3_1)
     2    0.00    0.07    0.34    2.60 v _561_/X (sky130_fd_sc_hd__or3_1)
                                         _310_ (net)
                  0.07    0.00    2.60 v _564_/A (sky130_fd_sc_hd__and3_1)
     4    0.01    0.07    0.20    2.79 v _564_/X (sky130_fd_sc_hd__and3_1)
                                         _313_ (net)
                  0.07    0.00    2.79 v _566_/B (sky130_fd_sc_hd__or3_1)
     2    0.00    0.08    0.38    3.17 v _566_/X (sky130_fd_sc_hd__or3_1)
                                         _001_ (net)
                  0.08    0.00    3.17 v _568_/A (sky130_fd_sc_hd__and2_1)
     2    0.01    0.06    0.18    3.35 v _568_/X (sky130_fd_sc_hd__and2_1)
                                         _003_ (net)
                  0.06    0.00    3.35 v _592_/A2 (sky130_fd_sc_hd__a21bo_1)
     2    0.01    0.05    0.22    3.57 v _592_/X (sky130_fd_sc_hd__a21bo_1)
                                         _027_ (net)
                  0.05    0.00    3.57 v rebuffer17/A (sky130_fd_sc_hd__clkbuf_1)
     1    0.00    0.04    0.10    3.67 v rebuffer17/X (sky130_fd_sc_hd__clkbuf_1)
                                         net49 (net)
                  0.04    0.00    3.67 v _596_/A (sky130_fd_sc_hd__xor2_1)
     2    0.01    0.22    0.24    3.91 ^ _596_/X (sky130_fd_sc_hd__xor2_1)
                                         _031_ (net)
                  0.22    0.00    3.91 ^ _597_/B (sky130_fd_sc_hd__xor2_1)
     2    0.01    0.22    0.26    4.16 ^ _597_/X (sky130_fd_sc_hd__xor2_1)
                                         _032_ (net)
                  0.22    0.00    4.16 ^ _598_/B (sky130_fd_sc_hd__xor2_1)
     2    0.01    0.18    0.23    4.40 ^ _598_/X (sky130_fd_sc_hd__xor2_1)
                                         _033_ (net)
                  0.18    0.00    4.40 ^ _599_/B (sky130_fd_sc_hd__xor2_1)
     2    0.01    0.09    0.13    4.52 v _599_/X (sky130_fd_sc_hd__xor2_1)
                                         _034_ (net)
                  0.09    0.00    4.52 v _601_/A2 (sky130_fd_sc_hd__a21o_1)
     2    0.01    0.06    0.22    4.74 v _601_/X (sky130_fd_sc_hd__a21o_1)
                                         _036_ (net)
                  0.06    0.00    4.75 v _640_/A1 (sky130_fd_sc_hd__a21o_1)
     2    0.01    0.06    0.19    4.94 v _640_/X (sky130_fd_sc_hd__a21o_1)
                                         _075_ (net)
                  0.06    0.00    4.94 v _348_/A1 (sky130_fd_sc_hd__a21o_1)
     2    0.01    0.06    0.19    5.13 v _348_/X (sky130_fd_sc_hd__a21o_1)
                                         _113_ (net)
                  0.06    0.00    5.13 v _387_/A1 (sky130_fd_sc_hd__a21o_1)
     2    0.01    0.06    0.19    5.32 v _387_/X (sky130_fd_sc_hd__a21o_1)
                                         _152_ (net)
                  0.06    0.00    5.32 v _417_/A1 (sky130_fd_sc_hd__a21o_1)
     2    0.01    0.05    0.19    5.51 v _417_/X (sky130_fd_sc_hd__a21o_1)
                                         _181_ (net)
                  0.05    0.00    5.51 v _443_/A1 (sky130_fd_sc_hd__a21o_1)
     3    0.01    0.07    0.20    5.71 v _443_/X (sky130_fd_sc_hd__a21o_1)
                                         _206_ (net)
                  0.07    0.00    5.71 v _474_/A (sky130_fd_sc_hd__and3_1)
     2    0.01    0.06    0.18    5.89 v _474_/X (sky130_fd_sc_hd__and3_1)
                                         _236_ (net)
                  0.06    0.00    5.89 v _488_/A1 (sky130_fd_sc_hd__a211o_1)
     1    0.01    0.06    0.28    6.17 v _488_/X (sky130_fd_sc_hd__a211o_1)
                                         net23 (net)
                  0.06    0.00    6.17 v output23/A (sky130_fd_sc_hd__buf_6)
     1    0.04    0.05    0.15    6.32 v output23/X (sky130_fd_sc_hd__buf_6)
                                         prod[15] (net)
                  0.05    0.00    6.33 v prod[15] (out)
                                  6.33   data arrival time

                  0.00   10.00   10.00   clock clk (rise edge)
                          0.00   10.00   clock network delay (ideal)
                         -0.25    9.75   clock uncertainty
                          0.00    9.75   clock reconvergence pessimism
                         -2.00    7.75   output external delay
                                  7.75   data required time
-----------------------------------------------------------------------------
                                  7.75   data required time
                                 -6.33   data arrival time
-----------------------------------------------------------------------------
                                  1.42   slack (MET)


Startpoint: a[2] (input port clocked by clk)
Endpoint: prod[13] (output port clocked by clk)
Path Group: clk
Path Type: max

Fanout     Cap    Slew   Delay    Time   Description
-----------------------------------------------------------------------------
                  0.00    0.00    0.00   clock clk (rise edge)
                          0.00    0.00   clock network delay (ideal)
                          2.00    2.00 ^ input external delay
     1    0.00    0.02    0.01    2.01 ^ a[2] (in)
                                         a[2] (net)
                  0.02    0.00    2.01 ^ input3/A (sky130_fd_sc_hd__buf_2)
     5    0.02    0.10    0.15    2.16 ^ input3/X (sky130_fd_sc_hd__buf_2)
                                         net3 (net)
                  0.10    0.00    2.16 ^ _532_/A (sky130_fd_sc_hd__nand2_2)
     4    0.02    0.08    0.10    2.26 v _532_/Y (sky130_fd_sc_hd__nand2_2)
                                         _281_ (net)
                  0.08    0.00    2.26 v _561_/C (sky130_fd_sc_hd__or3_1)
     2    0.00    0.07    0.34    2.60 v _561_/X (sky130_fd_sc_hd__or3_1)
                                         _310_ (net)
                  0.07    0.00    2.60 v _564_/A (sky130_fd_sc_hd__and3_1)
     4    0.01    0.07    0.20    2.79 v _564_/X (sky130_fd_sc_hd__and3_1)
                                         _313_ (net)
                  0.07    0.00    2.79 v _566_/B (sky130_fd_sc_hd__or3_1)
     2    0.00    0.08    0.38    3.17 v _566_/X (sky130_fd_sc_hd__or3_1)
                                         _001_ (net)
                  0.08    0.00    3.17 v _568_/A (sky130_fd_sc_hd__and2_1)
     2    0.01    0.06    0.18    3.35 v _568_/X (sky130_fd_sc_hd__and2_1)
                                         _003_ (net)
                  0.06    0.00    3.35 v _592_/A2 (sky130_fd_sc_hd__a21bo_1)
     2    0.01    0.05    0.22    3.57 v _592_/X (sky130_fd_sc_hd__a21bo_1)
                                         _027_ (net)
                  0.05    0.00    3.57 v rebuffer17/A (sky130_fd_sc_hd__clkbuf_1)
     1    0.00    0.04    0.10    3.67 v rebuffer17/X (sky130_fd_sc_hd__clkbuf_1)
                                         net49 (net)
                  0.04    0.00    3.67 v _596_/A (sky130_fd_sc_hd__xor2_1)
     2    0.01    0.22    0.24    3.91 ^ _596_/X (sky130_fd_sc_hd__xor2_1)
                                         _031_ (net)
                  0.22    0.00    3.91 ^ _597_/B (sky130_fd_sc_hd__xor2_1)
     2    0.01    0.22    0.26    4.16 ^ _597_/X (sky130_fd_sc_hd__xor2_1)
                                         _032_ (net)
                  0.22    0.00    4.16 ^ _598_/B (sky130_fd_sc_hd__xor2_1)
     2    0.01    0.18    0.23    4.40 ^ _598_/X (sky130_fd_sc_hd__xor2_1)
                                         _033_ (net)
                  0.18    0.00    4.40 ^ _599_/B (sky130_fd_sc_hd__xor2_1)
     2    0.01    0.09    0.13    4.52 v _599_/X (sky130_fd_sc_hd__xor2_1)
                                         _034_ (net)
                  0.09    0.00    4.52 v _601_/A2 (sky130_fd_sc_hd__a21o_1)
     2    0.01    0.06    0.22    4.74 v _601_/X (sky130_fd_sc_hd__a21o_1)
                                         _036_ (net)
                  0.06    0.00    4.75 v _640_/A1 (sky130_fd_sc_hd__a21o_1)
     2    0.01    0.06    0.19    4.94 v _640_/X (sky130_fd_sc_hd__a21o_1)
                                         _075_ (net)
                  0.06    0.00    4.94 v _348_/A1 (sky130_fd_sc_hd__a21o_1)
     2    0.01    0.06    0.19    5.13 v _348_/X (sky130_fd_sc_hd__a21o_1)
                                         _113_ (net)
                  0.06    0.00    5.13 v _387_/A1 (sky130_fd_sc_hd__a21o_1)
     2    0.01    0.06    0.19    5.32 v _387_/X (sky130_fd_sc_hd__a21o_1)
                                         _152_ (net)
                  0.06    0.00    5.32 v _417_/A1 (sky130_fd_sc_hd__a21o_1)
     2    0.01    0.05    0.19    5.51 v _417_/X (sky130_fd_sc_hd__a21o_1)
                                         _181_ (net)
                  0.05    0.00    5.51 v _443_/A1 (sky130_fd_sc_hd__a21o_1)
     3    0.01    0.07    0.20    5.71 v _443_/X (sky130_fd_sc_hd__a21o_1)
                                         _206_ (net)
                  0.07    0.00    5.71 v _472_/A1 (sky130_fd_sc_hd__a21oi_1)
     1    0.01    0.16    0.18    5.89 ^ _472_/Y (sky130_fd_sc_hd__a21oi_1)
                                         _235_ (net)
                  0.16    0.00    5.89 ^ _473_/B (sky130_fd_sc_hd__xnor2_1)
     1    0.00    0.12    0.14    6.03 ^ _473_/Y (sky130_fd_sc_hd__xnor2_1)
                                         net21 (net)
                  0.12    0.00    6.03 ^ output21/A (sky130_fd_sc_hd__clkbuf_4)
     1    0.04    0.12    0.23    6.26 ^ output21/X (sky130_fd_sc_hd__clkbuf_4)
                                         prod[13] (net)
                  0.12    0.00    6.26 ^ prod[13] (out)
                                  6.26   data arrival time

                  0.00   10.00   10.00   clock clk (rise edge)
                          0.00   10.00   clock network delay (ideal)
                         -0.25    9.75   clock uncertainty
                          0.00    9.75   clock reconvergence pessimism
                         -2.00    7.75   output external delay
                                  7.75   data required time
-----------------------------------------------------------------------------
                                  7.75   data required time
                                 -6.26   data arrival time
-----------------------------------------------------------------------------
                                  1.49   slack (MET)


Startpoint: a[2] (input port clocked by clk)
Endpoint: prod[12] (output port clocked by clk)
Path Group: clk
Path Type: max

Fanout     Cap    Slew   Delay    Time   Description
-----------------------------------------------------------------------------
                  0.00    0.00    0.00   clock clk (rise edge)
                          0.00    0.00   clock network delay (ideal)
                          2.00    2.00 ^ input external delay
     1    0.00    0.02    0.01    2.01 ^ a[2] (in)
                                         a[2] (net)
                  0.02    0.00    2.01 ^ input3/A (sky130_fd_sc_hd__buf_2)
     5    0.02    0.10    0.15    2.16 ^ input3/X (sky130_fd_sc_hd__buf_2)
                                         net3 (net)
                  0.10    0.00    2.16 ^ _532_/A (sky130_fd_sc_hd__nand2_2)
     4    0.02    0.08    0.10    2.26 v _532_/Y (sky130_fd_sc_hd__nand2_2)
                                         _281_ (net)
                  0.08    0.00    2.26 v _561_/C (sky130_fd_sc_hd__or3_1)
     2    0.00    0.07    0.34    2.60 v _561_/X (sky130_fd_sc_hd__or3_1)
                                         _310_ (net)
                  0.07    0.00    2.60 v _564_/A (sky130_fd_sc_hd__and3_1)
     4    0.01    0.07    0.20    2.79 v _564_/X (sky130_fd_sc_hd__and3_1)
                                         _313_ (net)
                  0.07    0.00    2.79 v _566_/B (sky130_fd_sc_hd__or3_1)
     2    0.00    0.08    0.38    3.17 v _566_/X (sky130_fd_sc_hd__or3_1)
                                         _001_ (net)
                  0.08    0.00    3.17 v _568_/A (sky130_fd_sc_hd__and2_1)
     2    0.01    0.06    0.18    3.35 v _568_/X (sky130_fd_sc_hd__and2_1)
                                         _003_ (net)
                  0.06    0.00    3.35 v _592_/A2 (sky130_fd_sc_hd__a21bo_1)
     2    0.01    0.05    0.22    3.57 v _592_/X (sky130_fd_sc_hd__a21bo_1)
                                         _027_ (net)
                  0.05    0.00    3.57 v rebuffer17/A (sky130_fd_sc_hd__clkbuf_1)
     1    0.00    0.04    0.10    3.67 v rebuffer17/X (sky130_fd_sc_hd__clkbuf_1)
                                         net49 (net)
                  0.04    0.00    3.67 v _596_/A (sky130_fd_sc_hd__xor2_1)
     2    0.01    0.22    0.24    3.91 ^ _596_/X (sky130_fd_sc_hd__xor2_1)
                                         _031_ (net)
                  0.22    0.00    3.91 ^ _597_/B (sky130_fd_sc_hd__xor2_1)
     2    0.01    0.10    0.14    4.05 v _597_/X (sky130_fd_sc_hd__xor2_1)
                                         _032_ (net)
                  0.10    0.00    4.05 v _618_/A2 (sky130_fd_sc_hd__a21o_1)
     2    0.01    0.06    0.23    4.28 v _618_/X (sky130_fd_sc_hd__a21o_1)
                                         _053_ (net)
                  0.06    0.00    4.28 v _328_/A1 (sky130_fd_sc_hd__a21oi_1)
     2    0.01    0.19    0.20    4.47 ^ _328_/Y (sky130_fd_sc_hd__a21oi_1)
                                         _093_ (net)
                  0.19    0.00    4.47 ^ _371_/A_N (sky130_fd_sc_hd__and2b_1)
     2    0.01    0.05    0.24    4.71 v _371_/X (sky130_fd_sc_hd__and2b_1)
                                         _136_ (net)
                  0.05    0.00    4.71 v _384_/A (sky130_fd_sc_hd__xnor2_1)
     2    0.01    0.22    0.24    4.95 ^ _384_/Y (sky130_fd_sc_hd__xnor2_1)
                                         _149_ (net)
                  0.22    0.00    4.95 ^ _385_/B (sky130_fd_sc_hd__xor2_1)
     2    0.01    0.23    0.26    5.21 ^ _385_/X (sky130_fd_sc_hd__xor2_1)
                                         _150_ (net)
                  0.23    0.00    5.21 ^ _387_/A2 (sky130_fd_sc_hd__a21o_1)
     2    0.01    0.09    0.20    5.41 ^ _387_/X (sky130_fd_sc_hd__a21o_1)
                                         _152_ (net)
                  0.09    0.00    5.41 ^ _417_/A1 (sky130_fd_sc_hd__a21o_1)
     2    0.01    0.08    0.15    5.56 ^ _417_/X (sky130_fd_sc_hd__a21o_1)
                                         _181_ (net)
                  0.08    0.00    5.56 ^ _443_/A1 (sky130_fd_sc_hd__a21o_1)
     3    0.01    0.11    0.17    5.73 ^ _443_/X (sky130_fd_sc_hd__a21o_1)
                                         _206_ (net)
                  0.11    0.00    5.73 ^ _460_/A (sky130_fd_sc_hd__xor2_1)
     1    0.00    0.14    0.17    5.90 ^ _460_/X (sky130_fd_sc_hd__xor2_1)
                                         net20 (net)
                  0.14    0.00    5.90 ^ output20/A (sky130_fd_sc_hd__clkbuf_4)
     1    0.04    0.12    0.24    6.14 ^ output20/X (sky130_fd_sc_hd__clkbuf_4)
                                         prod[12] (net)
                  0.12    0.00    6.14 ^ prod[12] (out)
                                  6.14   data arrival time

                  0.00   10.00   10.00   clock clk (rise edge)
                          0.00   10.00   clock network delay (ideal)
                         -0.25    9.75   clock uncertainty
                          0.00    9.75   clock reconvergence pessimism
                         -2.00    7.75   output external delay
                                  7.75   data required time
-----------------------------------------------------------------------------
                                  7.75   data required time
                                 -6.14   data arrival time
-----------------------------------------------------------------------------
                                  1.61   slack (MET)


Startpoint: a[2] (input port clocked by clk)
Endpoint: prod[11] (output port clocked by clk)
Path Group: clk
Path Type: max

Fanout     Cap    Slew   Delay    Time   Description
-----------------------------------------------------------------------------
                  0.00    0.00    0.00   clock clk (rise edge)
                          0.00    0.00   clock network delay (ideal)
                          2.00    2.00 ^ input external delay
     1    0.00    0.02    0.01    2.01 ^ a[2] (in)
                                         a[2] (net)
                  0.02    0.00    2.01 ^ input3/A (sky130_fd_sc_hd__buf_2)
     5    0.02    0.10    0.15    2.16 ^ input3/X (sky130_fd_sc_hd__buf_2)
                                         net3 (net)
                  0.10    0.00    2.16 ^ _532_/A (sky130_fd_sc_hd__nand2_2)
     4    0.02    0.08    0.10    2.26 v _532_/Y (sky130_fd_sc_hd__nand2_2)
                                         _281_ (net)
                  0.08    0.00    2.26 v _561_/C (sky130_fd_sc_hd__or3_1)
     2    0.00    0.07    0.34    2.60 v _561_/X (sky130_fd_sc_hd__or3_1)
                                         _310_ (net)
                  0.07    0.00    2.60 v _564_/A (sky130_fd_sc_hd__and3_1)
     4    0.01    0.07    0.20    2.79 v _564_/X (sky130_fd_sc_hd__and3_1)
                                         _313_ (net)
                  0.07    0.00    2.79 v _566_/B (sky130_fd_sc_hd__or3_1)
     2    0.00    0.08    0.38    3.17 v _566_/X (sky130_fd_sc_hd__or3_1)
                                         _001_ (net)
                  0.08    0.00    3.17 v _568_/A (sky130_fd_sc_hd__and2_1)
     2    0.01    0.06    0.18    3.35 v _568_/X (sky130_fd_sc_hd__and2_1)
                                         _003_ (net)
                  0.06    0.00    3.35 v _592_/A2 (sky130_fd_sc_hd__a21bo_1)
     2    0.01    0.05    0.22    3.57 v _592_/X (sky130_fd_sc_hd__a21bo_1)
                                         _027_ (net)
                  0.05    0.00    3.57 v rebuffer17/A (sky130_fd_sc_hd__clkbuf_1)
     1    0.00    0.04    0.10    3.67 v rebuffer17/X (sky130_fd_sc_hd__clkbuf_1)
                                         net49 (net)
                  0.04    0.00    3.67 v _596_/A (sky130_fd_sc_hd__xor2_1)
     2    0.01    0.22    0.24    3.91 ^ _596_/X (sky130_fd_sc_hd__xor2_1)
                                         _031_ (net)
                  0.22    0.00    3.91 ^ _597_/B (sky130_fd_sc_hd__xor2_1)
     2    0.01    0.10    0.14    4.05 v _597_/X (sky130_fd_sc_hd__xor2_1)
                                         _032_ (net)
                  0.10    0.00    4.05 v _618_/A2 (sky130_fd_sc_hd__a21o_1)
     2    0.01    0.06    0.23    4.28 v _618_/X (sky130_fd_sc_hd__a21o_1)
                                         _053_ (net)
                  0.06    0.00    4.28 v _328_/A1 (sky130_fd_sc_hd__a21oi_1)
     2    0.01    0.19    0.20    4.47 ^ _328_/Y (sky130_fd_sc_hd__a21oi_1)
                                         _093_ (net)
                  0.19    0.00    4.47 ^ _371_/A_N (sky130_fd_sc_hd__and2b_1)
     2    0.01    0.05    0.24    4.71 v _371_/X (sky130_fd_sc_hd__and2b_1)
                                         _136_ (net)
                  0.05    0.00    4.71 v _384_/A (sky130_fd_sc_hd__xnor2_1)
     2    0.01    0.22    0.24    4.95 ^ _384_/Y (sky130_fd_sc_hd__xnor2_1)
                                         _149_ (net)
                  0.22    0.00    4.95 ^ _385_/B (sky130_fd_sc_hd__xor2_1)
     2    0.01    0.23    0.26    5.21 ^ _385_/X (sky130_fd_sc_hd__xor2_1)
                                         _150_ (net)
                  0.23    0.00    5.21 ^ _387_/A2 (sky130_fd_sc_hd__a21o_1)
     2    0.01    0.09    0.20    5.41 ^ _387_/X (sky130_fd_sc_hd__a21o_1)
                                         _152_ (net)
                  0.09    0.00    5.41 ^ _417_/A1 (sky130_fd_sc_hd__a21o_1)
     2    0.01    0.08    0.15    5.56 ^ _417_/X (sky130_fd_sc_hd__a21o_1)
                                         _181_ (net)
                  0.08    0.00    5.56 ^ _441_/A (sky130_fd_sc_hd__xor2_1)
     1    0.00    0.11    0.14    5.70 ^ _441_/X (sky130_fd_sc_hd__xor2_1)
                                         net19 (net)
                  0.11    0.00    5.70 ^ output19/A (sky130_fd_sc_hd__buf_2)
     1    0.03    0.17    0.23    5.94 ^ output19/X (sky130_fd_sc_hd__buf_2)
                                         prod[11] (net)
                  0.17    0.00    5.94 ^ prod[11] (out)
                                  5.94   data arrival time

                  0.00   10.00   10.00   clock clk (rise edge)
                          0.00   10.00   clock network delay (ideal)
                         -0.25    9.75   clock uncertainty
                          0.00    9.75   clock reconvergence pessimism
                         -2.00    7.75   output external delay
                                  7.75   data required time
-----------------------------------------------------------------------------
                                  7.75   data required time
                                 -5.94   data arrival time
-----------------------------------------------------------------------------
                                  1.81   slack (MET)


Startpoint: a[2] (input port clocked by clk)
Endpoint: prod[10] (output port clocked by clk)
Path Group: clk
Path Type: max

Fanout     Cap    Slew   Delay    Time   Description
-----------------------------------------------------------------------------
                  0.00    0.00    0.00   clock clk (rise edge)
                          0.00    0.00   clock network delay (ideal)
                          2.00    2.00 ^ input external delay
     1    0.00    0.02    0.01    2.01 ^ a[2] (in)
                                         a[2] (net)
                  0.02    0.00    2.01 ^ input3/A (sky130_fd_sc_hd__buf_2)
     5    0.02    0.10    0.15    2.16 ^ input3/X (sky130_fd_sc_hd__buf_2)
                                         net3 (net)
                  0.10    0.00    2.16 ^ _532_/A (sky130_fd_sc_hd__nand2_2)
     4    0.02    0.08    0.10    2.26 v _532_/Y (sky130_fd_sc_hd__nand2_2)
                                         _281_ (net)
                  0.08    0.00    2.26 v _561_/C (sky130_fd_sc_hd__or3_1)
     2    0.00    0.07    0.34    2.60 v _561_/X (sky130_fd_sc_hd__or3_1)
                                         _310_ (net)
                  0.07    0.00    2.60 v _564_/A (sky130_fd_sc_hd__and3_1)
     4    0.01    0.07    0.20    2.79 v _564_/X (sky130_fd_sc_hd__and3_1)
                                         _313_ (net)
                  0.07    0.00    2.79 v _566_/B (sky130_fd_sc_hd__or3_1)
     2    0.00    0.08    0.38    3.17 v _566_/X (sky130_fd_sc_hd__or3_1)
                                         _001_ (net)
                  0.08    0.00    3.17 v _568_/A (sky130_fd_sc_hd__and2_1)
     2    0.01    0.06    0.18    3.35 v _568_/X (sky130_fd_sc_hd__and2_1)
                                         _003_ (net)
                  0.06    0.00    3.35 v _592_/A2 (sky130_fd_sc_hd__a21bo_1)
     2    0.01    0.05    0.22    3.57 v _592_/X (sky130_fd_sc_hd__a21bo_1)
                                         _027_ (net)
                  0.05    0.00    3.57 v rebuffer17/A (sky130_fd_sc_hd__clkbuf_1)
     1    0.00    0.04    0.10    3.67 v rebuffer17/X (sky130_fd_sc_hd__clkbuf_1)
                                         net49 (net)
                  0.04    0.00    3.67 v _596_/A (sky130_fd_sc_hd__xor2_1)
     2    0.01    0.22    0.24    3.91 ^ _596_/X (sky130_fd_sc_hd__xor2_1)
                                         _031_ (net)
                  0.22    0.00    3.91 ^ _597_/B (sky130_fd_sc_hd__xor2_1)
     2    0.01    0.10    0.14    4.05 v _597_/X (sky130_fd_sc_hd__xor2_1)
                                         _032_ (net)
                  0.10    0.00    4.05 v _618_/A2 (sky130_fd_sc_hd__a21o_1)
     2    0.01    0.06    0.23    4.28 v _618_/X (sky130_fd_sc_hd__a21o_1)
                                         _053_ (net)
                  0.06    0.00    4.28 v _328_/A1 (sky130_fd_sc_hd__a21oi_1)
     2    0.01    0.19    0.20    4.47 ^ _328_/Y (sky130_fd_sc_hd__a21oi_1)
                                         _093_ (net)
                  0.19    0.00    4.47 ^ _371_/A_N (sky130_fd_sc_hd__and2b_1)
     2    0.01    0.05    0.24    4.71 v _371_/X (sky130_fd_sc_hd__and2b_1)
                                         _136_ (net)
                  0.05    0.00    4.71 v _384_/A (sky130_fd_sc_hd__xnor2_1)
     2    0.01    0.22    0.24    4.95 ^ _384_/Y (sky130_fd_sc_hd__xnor2_1)
                                         _149_ (net)
                  0.22    0.00    4.95 ^ _385_/B (sky130_fd_sc_hd__xor2_1)
     2    0.01    0.23    0.26    5.21 ^ _385_/X (sky130_fd_sc_hd__xor2_1)
                                         _150_ (net)
                  0.23    0.00    5.21 ^ _387_/A2 (sky130_fd_sc_hd__a21o_1)
     2    0.01    0.09    0.20    5.41 ^ _387_/X (sky130_fd_sc_hd__a21o_1)
                                         _152_ (net)
                  0.09    0.00    5.41 ^ _415_/A (sky130_fd_sc_hd__xor2_1)
     1    0.00    0.10    0.14    5.55 ^ _415_/X (sky130_fd_sc_hd__xor2_1)
                                         net18 (net)
                  0.10    0.00    5.55 ^ output18/A (sky130_fd_sc_hd__clkbuf_4)
     1    0.04    0.12    0.23    5.77 ^ output18/X (sky130_fd_sc_hd__clkbuf_4)
                                         prod[10] (net)
                  0.12    0.00    5.77 ^ prod[10] (out)
                                  5.77   data arrival time

                  0.00   10.00   10.00   clock clk (rise edge)
                          0.00   10.00   clock network delay (ideal)
                         -0.25    9.75   clock uncertainty
                          0.00    9.75   clock reconvergence pessimism
                         -2.00    7.75   output external delay
                                  7.75   data required time
-----------------------------------------------------------------------------
                                  7.75   data required time
                                 -5.77   data arrival time
-----------------------------------------------------------------------------
                                  1.98   slack (MET)


Startpoint: a[2] (input port clocked by clk)
Endpoint: prod[9] (output port clocked by clk)
Path Group: clk
Path Type: max

Fanout     Cap    Slew   Delay    Time   Description
-----------------------------------------------------------------------------
                  0.00    0.00    0.00   clock clk (rise edge)
                          0.00    0.00   clock network delay (ideal)
                          2.00    2.00 ^ input external delay
     1    0.00    0.02    0.01    2.01 ^ a[2] (in)
                                         a[2] (net)
                  0.02    0.00    2.01 ^ input3/A (sky130_fd_sc_hd__buf_2)
     5    0.02    0.10    0.15    2.16 ^ input3/X (sky130_fd_sc_hd__buf_2)
                                         net3 (net)
                  0.10    0.00    2.16 ^ _532_/A (sky130_fd_sc_hd__nand2_2)
     4    0.02    0.08    0.10    2.26 v _532_/Y (sky130_fd_sc_hd__nand2_2)
                                         _281_ (net)
                  0.08    0.00    2.26 v _561_/C (sky130_fd_sc_hd__or3_1)
     2    0.00    0.07    0.34    2.60 v _561_/X (sky130_fd_sc_hd__or3_1)
                                         _310_ (net)
                  0.07    0.00    2.60 v _564_/A (sky130_fd_sc_hd__and3_1)
     4    0.01    0.07    0.20    2.79 v _564_/X (sky130_fd_sc_hd__and3_1)
                                         _313_ (net)
                  0.07    0.00    2.79 v _566_/B (sky130_fd_sc_hd__or3_1)
     2    0.00    0.08    0.38    3.17 v _566_/X (sky130_fd_sc_hd__or3_1)
                                         _001_ (net)
                  0.08    0.00    3.17 v _568_/A (sky130_fd_sc_hd__and2_1)
     2    0.01    0.06    0.18    3.35 v _568_/X (sky130_fd_sc_hd__and2_1)
                                         _003_ (net)
                  0.06    0.00    3.35 v _592_/A2 (sky130_fd_sc_hd__a21bo_1)
     2    0.01    0.05    0.22    3.57 v _592_/X (sky130_fd_sc_hd__a21bo_1)
                                         _027_ (net)
                  0.05    0.00    3.57 v rebuffer17/A (sky130_fd_sc_hd__clkbuf_1)
     1    0.00    0.04    0.10    3.67 v rebuffer17/X (sky130_fd_sc_hd__clkbuf_1)
                                         net49 (net)
                  0.04    0.00    3.67 v _596_/A (sky130_fd_sc_hd__xor2_1)
     2    0.01    0.22    0.24    3.91 ^ _596_/X (sky130_fd_sc_hd__xor2_1)
                                         _031_ (net)
                  0.22    0.00    3.91 ^ _597_/B (sky130_fd_sc_hd__xor2_1)
     2    0.01    0.10    0.14    4.05 v _597_/X (sky130_fd_sc_hd__xor2_1)
                                         _032_ (net)
                  0.10    0.00    4.05 v _618_/A2 (sky130_fd_sc_hd__a21o_1)
     2    0.01    0.06    0.23    4.28 v _618_/X (sky130_fd_sc_hd__a21o_1)
                                         _053_ (net)
                  0.06    0.00    4.28 v _328_/A1 (sky130_fd_sc_hd__a21oi_1)
     2    0.01    0.19    0.20    4.47 ^ _328_/Y (sky130_fd_sc_hd__a21oi_1)
                                         _093_ (net)
                  0.19    0.00    4.47 ^ _371_/A_N (sky130_fd_sc_hd__and2b_1)
     2    0.01    0.05    0.24    4.71 v _371_/X (sky130_fd_sc_hd__and2b_1)
                                         _136_ (net)
                  0.05    0.00    4.71 v _384_/A (sky130_fd_sc_hd__xnor2_1)
     2    0.01    0.22    0.24    4.95 ^ _384_/Y (sky130_fd_sc_hd__xnor2_1)
                                         _149_ (net)
                  0.22    0.00    4.95 ^ _385_/B (sky130_fd_sc_hd__xor2_1)
     2    0.01    0.23    0.26    5.21 ^ _385_/X (sky130_fd_sc_hd__xor2_1)
                                         _150_ (net)
                  0.23    0.00    5.21 ^ _493_/B (sky130_fd_sc_hd__xor2_1)
     1    0.00    0.12    0.18    5.39 ^ _493_/X (sky130_fd_sc_hd__xor2_1)
                                         net32 (net)
                  0.12    0.00    5.39 ^ output32/A (sky130_fd_sc_hd__clkbuf_4)
     1    0.04    0.12    0.23    5.63 ^ output32/X (sky130_fd_sc_hd__clkbuf_4)
                                         prod[9] (net)
                  0.12    0.00    5.63 ^ prod[9] (out)
                                  5.63   data arrival time

                  0.00   10.00   10.00   clock clk (rise edge)
                          0.00   10.00   clock network delay (ideal)
                         -0.25    9.75   clock uncertainty
                          0.00    9.75   clock reconvergence pessimism
                         -2.00    7.75   output external delay
                                  7.75   data required time
-----------------------------------------------------------------------------
                                  7.75   data required time
                                 -5.63   data arrival time
-----------------------------------------------------------------------------
                                  2.12   slack (MET)


Startpoint: a[2] (input port clocked by clk)
Endpoint: prod[8] (output port clocked by clk)
Path Group: clk
Path Type: max

Fanout     Cap    Slew   Delay    Time   Description
-----------------------------------------------------------------------------
                  0.00    0.00    0.00   clock clk (rise edge)
                          0.00    0.00   clock network delay (ideal)
                          2.00    2.00 ^ input external delay
     1    0.00    0.02    0.01    2.01 ^ a[2] (in)
                                         a[2] (net)
                  0.02    0.00    2.01 ^ input3/A (sky130_fd_sc_hd__buf_2)
     5    0.02    0.10    0.15    2.16 ^ input3/X (sky130_fd_sc_hd__buf_2)
                                         net3 (net)
                  0.10    0.00    2.16 ^ _532_/A (sky130_fd_sc_hd__nand2_2)
     4    0.02    0.08    0.10    2.26 v _532_/Y (sky130_fd_sc_hd__nand2_2)
                                         _281_ (net)
                  0.08    0.00    2.26 v _561_/C (sky130_fd_sc_hd__or3_1)
     2    0.00    0.07    0.34    2.60 v _561_/X (sky130_fd_sc_hd__or3_1)
                                         _310_ (net)
                  0.07    0.00    2.60 v _564_/A (sky130_fd_sc_hd__and3_1)
     4    0.01    0.07    0.20    2.79 v _564_/X (sky130_fd_sc_hd__and3_1)
                                         _313_ (net)
                  0.07    0.00    2.79 v _566_/B (sky130_fd_sc_hd__or3_1)
     2    0.00    0.08    0.38    3.17 v _566_/X (sky130_fd_sc_hd__or3_1)
                                         _001_ (net)
                  0.08    0.00    3.17 v _568_/A (sky130_fd_sc_hd__and2_1)
     2    0.01    0.06    0.18    3.35 v _568_/X (sky130_fd_sc_hd__and2_1)
                                         _003_ (net)
                  0.06    0.00    3.35 v _592_/A2 (sky130_fd_sc_hd__a21bo_1)
     2    0.01    0.05    0.22    3.57 v _592_/X (sky130_fd_sc_hd__a21bo_1)
                                         _027_ (net)
                  0.05    0.00    3.57 v rebuffer17/A (sky130_fd_sc_hd__clkbuf_1)
     1    0.00    0.04    0.10    3.67 v rebuffer17/X (sky130_fd_sc_hd__clkbuf_1)
                                         net49 (net)
                  0.04    0.00    3.67 v _596_/A (sky130_fd_sc_hd__xor2_1)
     2    0.01    0.22    0.24    3.91 ^ _596_/X (sky130_fd_sc_hd__xor2_1)
                                         _031_ (net)
                  0.22    0.00    3.91 ^ _597_/B (sky130_fd_sc_hd__xor2_1)
     2    0.01    0.22    0.26    4.16 ^ _597_/X (sky130_fd_sc_hd__xor2_1)
                                         _032_ (net)
                  0.22    0.00    4.16 ^ _598_/B (sky130_fd_sc_hd__xor2_1)
     2    0.01    0.18    0.23    4.40 ^ _598_/X (sky130_fd_sc_hd__xor2_1)
                                         _033_ (net)
                  0.18    0.00    4.40 ^ _599_/B (sky130_fd_sc_hd__xor2_1)
     2    0.01    0.20    0.24    4.64 ^ _599_/X (sky130_fd_sc_hd__xor2_1)
                                         _034_ (net)
                  0.20    0.00    4.64 ^ _601_/A2 (sky130_fd_sc_hd__a21o_1)
     2    0.01    0.09    0.19    4.82 ^ _601_/X (sky130_fd_sc_hd__a21o_1)
                                         _036_ (net)
                  0.09    0.00    4.82 ^ _640_/A1 (sky130_fd_sc_hd__a21o_1)
     2    0.01    0.09    0.16    4.99 ^ _640_/X (sky130_fd_sc_hd__a21o_1)
                                         _075_ (net)
                  0.09    0.00    4.99 ^ _492_/A (sky130_fd_sc_hd__xor2_1)
     1    0.00    0.10    0.14    5.12 ^ _492_/X (sky130_fd_sc_hd__xor2_1)
                                         net31 (net)
                  0.10    0.00    5.12 ^ output31/A (sky130_fd_sc_hd__buf_2)
     1    0.03    0.17    0.23    5.35 ^ output31/X (sky130_fd_sc_hd__buf_2)
                                         prod[8] (net)
                  0.17    0.00    5.35 ^ prod[8] (out)
                                  5.35   data arrival time

                  0.00   10.00   10.00   clock clk (rise edge)
                          0.00   10.00   clock network delay (ideal)
                         -0.25    9.75   clock uncertainty
                          0.00    9.75   clock reconvergence pessimism
                         -2.00    7.75   output external delay
                                  7.75   data required time
-----------------------------------------------------------------------------
                                  7.75   data required time
                                 -5.35   data arrival time
-----------------------------------------------------------------------------
                                  2.40   slack (MET)


Startpoint: a[2] (input port clocked by clk)
Endpoint: prod[7] (output port clocked by clk)
Path Group: clk
Path Type: max

Fanout     Cap    Slew   Delay    Time   Description
-----------------------------------------------------------------------------
                  0.00    0.00    0.00   clock clk (rise edge)
                          0.00    0.00   clock network delay (ideal)
                          2.00    2.00 ^ input external delay
     1    0.00    0.02    0.01    2.01 ^ a[2] (in)
                                         a[2] (net)
                  0.02    0.00    2.01 ^ input3/A (sky130_fd_sc_hd__buf_2)
     5    0.02    0.10    0.15    2.16 ^ input3/X (sky130_fd_sc_hd__buf_2)
                                         net3 (net)
                  0.10    0.00    2.16 ^ _532_/A (sky130_fd_sc_hd__nand2_2)
     4    0.02    0.08    0.10    2.26 v _532_/Y (sky130_fd_sc_hd__nand2_2)
                                         _281_ (net)
                  0.08    0.00    2.26 v _561_/C (sky130_fd_sc_hd__or3_1)
     2    0.00    0.07    0.34    2.60 v _561_/X (sky130_fd_sc_hd__or3_1)
                                         _310_ (net)
                  0.07    0.00    2.60 v _564_/A (sky130_fd_sc_hd__and3_1)
     4    0.01    0.07    0.20    2.79 v _564_/X (sky130_fd_sc_hd__and3_1)
                                         _313_ (net)
                  0.07    0.00    2.79 v _566_/B (sky130_fd_sc_hd__or3_1)
     2    0.00    0.08    0.38    3.17 v _566_/X (sky130_fd_sc_hd__or3_1)
                                         _001_ (net)
                  0.08    0.00    3.17 v _568_/A (sky130_fd_sc_hd__and2_1)
     2    0.01    0.06    0.18    3.35 v _568_/X (sky130_fd_sc_hd__and2_1)
                                         _003_ (net)
                  0.06    0.00    3.35 v _592_/A2 (sky130_fd_sc_hd__a21bo_1)
     2    0.01    0.05    0.22    3.57 v _592_/X (sky130_fd_sc_hd__a21bo_1)
                                         _027_ (net)
                  0.05    0.00    3.57 v rebuffer17/A (sky130_fd_sc_hd__clkbuf_1)
     1    0.00    0.04    0.10    3.67 v rebuffer17/X (sky130_fd_sc_hd__clkbuf_1)
                                         net49 (net)
                  0.04    0.00    3.67 v _596_/A (sky130_fd_sc_hd__xor2_1)
     2    0.01    0.22    0.24    3.91 ^ _596_/X (sky130_fd_sc_hd__xor2_1)
                                         _031_ (net)
                  0.22    0.00    3.91 ^ _597_/B (sky130_fd_sc_hd__xor2_1)
     2    0.01    0.22    0.26    4.16 ^ _597_/X (sky130_fd_sc_hd__xor2_1)
                                         _032_ (net)
                  0.22    0.00    4.16 ^ _598_/B (sky130_fd_sc_hd__xor2_1)
     2    0.01    0.18    0.23    4.40 ^ _598_/X (sky130_fd_sc_hd__xor2_1)
                                         _033_ (net)
                  0.18    0.00    4.40 ^ _599_/B (sky130_fd_sc_hd__xor2_1)
     2    0.01    0.20    0.24    4.64 ^ _599_/X (sky130_fd_sc_hd__xor2_1)
                                         _034_ (net)
                  0.20    0.00    4.64 ^ _601_/A2 (sky130_fd_sc_hd__a21o_1)
     2    0.01    0.09    0.19    4.82 ^ _601_/X (sky130_fd_sc_hd__a21o_1)
                                         _036_ (net)
                  0.09    0.00    4.82 ^ _491_/A (sky130_fd_sc_hd__xor2_1)
     1    0.00    0.12    0.15    4.98 ^ _491_/X (sky130_fd_sc_hd__xor2_1)
                                         net30 (net)
                  0.12    0.00    4.98 ^ output30/A (sky130_fd_sc_hd__clkbuf_4)
     1    0.04    0.12    0.23    5.21 ^ output30/X (sky130_fd_sc_hd__clkbuf_4)
                                         prod[7] (net)
                  0.12    0.00    5.21 ^ prod[7] (out)
                                  5.21   data arrival time

                  0.00   10.00   10.00   clock clk (rise edge)
                          0.00   10.00   clock network delay (ideal)
                         -0.25    9.75   clock uncertainty
                          0.00    9.75   clock reconvergence pessimism
                         -2.00    7.75   output external delay
                                  7.75   data required time
-----------------------------------------------------------------------------
                                  7.75   data required time
                                 -5.21   data arrival time
-----------------------------------------------------------------------------
                                  2.54   slack (MET)


Startpoint: a[2] (input port clocked by clk)
Endpoint: prod[6] (output port clocked by clk)
Path Group: clk
Path Type: max

Fanout     Cap    Slew   Delay    Time   Description
-----------------------------------------------------------------------------
                  0.00    0.00    0.00   clock clk (rise edge)
                          0.00    0.00   clock network delay (ideal)
                          2.00    2.00 ^ input external delay
     1    0.00    0.02    0.01    2.01 ^ a[2] (in)
                                         a[2] (net)
                  0.02    0.00    2.01 ^ input3/A (sky130_fd_sc_hd__buf_2)
     5    0.02    0.10    0.15    2.16 ^ input3/X (sky130_fd_sc_hd__buf_2)
                                         net3 (net)
                  0.10    0.00    2.16 ^ _532_/A (sky130_fd_sc_hd__nand2_2)
     4    0.02    0.08    0.10    2.26 v _532_/Y (sky130_fd_sc_hd__nand2_2)
                                         _281_ (net)
                  0.08    0.00    2.26 v _561_/C (sky130_fd_sc_hd__or3_1)
     2    0.00    0.07    0.34    2.60 v _561_/X (sky130_fd_sc_hd__or3_1)
                                         _310_ (net)
                  0.07    0.00    2.60 v _564_/A (sky130_fd_sc_hd__and3_1)
     4    0.01    0.07    0.20    2.79 v _564_/X (sky130_fd_sc_hd__and3_1)
                                         _313_ (net)
                  0.07    0.00    2.79 v _566_/B (sky130_fd_sc_hd__or3_1)
     2    0.00    0.08    0.38    3.17 v _566_/X (sky130_fd_sc_hd__or3_1)
                                         _001_ (net)
                  0.08    0.00    3.17 v _568_/A (sky130_fd_sc_hd__and2_1)
     2    0.01    0.06    0.18    3.35 v _568_/X (sky130_fd_sc_hd__and2_1)
                                         _003_ (net)
                  0.06    0.00    3.35 v _592_/A2 (sky130_fd_sc_hd__a21bo_1)
     2    0.01    0.05    0.22    3.57 v _592_/X (sky130_fd_sc_hd__a21bo_1)
                                         _027_ (net)
                  0.05    0.00    3.57 v rebuffer17/A (sky130_fd_sc_hd__clkbuf_1)
     1    0.00    0.04    0.10    3.67 v rebuffer17/X (sky130_fd_sc_hd__clkbuf_1)
                                         net49 (net)
                  0.04    0.00    3.67 v _596_/A (sky130_fd_sc_hd__xor2_1)
     2    0.01    0.22    0.24    3.91 ^ _596_/X (sky130_fd_sc_hd__xor2_1)
                                         _031_ (net)
                  0.22    0.00    3.91 ^ _597_/B (sky130_fd_sc_hd__xor2_1)
     2    0.01    0.22    0.26    4.16 ^ _597_/X (sky130_fd_sc_hd__xor2_1)
                                         _032_ (net)
                  0.22    0.00    4.16 ^ _598_/B (sky130_fd_sc_hd__xor2_1)
     2    0.01    0.18    0.23    4.40 ^ _598_/X (sky130_fd_sc_hd__xor2_1)
                                         _033_ (net)
                  0.18    0.00    4.40 ^ _599_/B (sky130_fd_sc_hd__xor2_1)
     2    0.01    0.20    0.24    4.64 ^ _599_/X (sky130_fd_sc_hd__xor2_1)
                                         _034_ (net)
                  0.20    0.00    4.64 ^ _490_/B (sky130_fd_sc_hd__xor2_1)
     1    0.00    0.11    0.17    4.80 ^ _490_/X (sky130_fd_sc_hd__xor2_1)
                                         net29 (net)
                  0.11    0.00    4.80 ^ output29/A (sky130_fd_sc_hd__buf_2)
     1    0.03    0.17    0.23    5.03 ^ output29/X (sky130_fd_sc_hd__buf_2)
                                         prod[6] (net)
                  0.17    0.00    5.03 ^ prod[6] (out)
                                  5.03   data arrival time

                  0.00   10.00   10.00   clock clk (rise edge)
                          0.00   10.00   clock network delay (ideal)
                         -0.25    9.75   clock uncertainty
                          0.00    9.75   clock reconvergence pessimism
                         -2.00    7.75   output external delay
                                  7.75   data required time
-----------------------------------------------------------------------------
                                  7.75   data required time
                                 -5.03   data arrival time
-----------------------------------------------------------------------------
                                  2.72   slack (MET)


Startpoint: b[2] (input port clocked by clk)
Endpoint: prod[5] (output port clocked by clk)
Path Group: clk
Path Type: max

Fanout     Cap    Slew   Delay    Time   Description
-----------------------------------------------------------------------------
                  0.00    0.00    0.00   clock clk (rise edge)
                          0.00    0.00   clock network delay (ideal)
                          2.00    2.00 ^ input external delay
     1    0.00    0.02    0.01    2.01 ^ b[2] (in)
                                         b[2] (net)
                  0.02    0.00    2.01 ^ input11/A (sky130_fd_sc_hd__buf_1)
     2    0.01    0.12    0.13    2.15 ^ input11/X (sky130_fd_sc_hd__buf_1)
                                         net11 (net)
                  0.12    0.00    2.15 ^ _511_/A (sky130_fd_sc_hd__buf_2)
    10    0.03    0.15    0.22    2.37 ^ _511_/X (sky130_fd_sc_hd__buf_2)
                                         _261_ (net)
                  0.15    0.00    2.37 ^ _518_/B (sky130_fd_sc_hd__nand2_1)
     2    0.01    0.06    0.09    2.46 v _518_/Y (sky130_fd_sc_hd__nand2_1)
                                         _267_ (net)
                  0.06    0.00    2.46 v _520_/A (sky130_fd_sc_hd__or2_1)
     2    0.01    0.06    0.26    2.72 v _520_/X (sky130_fd_sc_hd__or2_1)
                                         _269_ (net)
                  0.06    0.00    2.72 v _529_/A1 (sky130_fd_sc_hd__a22o_1)
     2    0.01    0.05    0.23    2.96 v _529_/X (sky130_fd_sc_hd__a22o_1)
                                         _278_ (net)
                  0.05    0.00    2.96 v _531_/A2 (sky130_fd_sc_hd__a21o_1)
     2    0.01    0.06    0.21    3.16 v _531_/X (sky130_fd_sc_hd__a21o_1)
                                         _280_ (net)
                  0.06    0.00    3.17 v _557_/A1 (sky130_fd_sc_hd__a21o_1)
     2    0.01    0.06    0.19    3.35 v _557_/X (sky130_fd_sc_hd__a21o_1)
                                         _306_ (net)
                  0.06    0.00    3.35 v _569_/A (sky130_fd_sc_hd__xor2_1)
     2    0.01    0.20    0.22    3.58 ^ _569_/X (sky130_fd_sc_hd__xor2_1)
                                         _004_ (net)
                  0.20    0.00    3.58 ^ _570_/B (sky130_fd_sc_hd__xor2_1)
     2    0.01    0.21    0.25    3.82 ^ _570_/X (sky130_fd_sc_hd__xor2_1)
                                         _005_ (net)
                  0.21    0.00    3.83 ^ _571_/B (sky130_fd_sc_hd__xnor2_1)
     2    0.01    0.23    0.20    4.02 ^ _571_/Y (sky130_fd_sc_hd__xnor2_1)
                                         _006_ (net)
                  0.23    0.00    4.02 ^ _572_/B (sky130_fd_sc_hd__xnor2_1)
     2    0.01    0.23    0.20    4.22 ^ _572_/Y (sky130_fd_sc_hd__xnor2_1)
                                         _007_ (net)
                  0.23    0.00    4.22 ^ _489_/B (sky130_fd_sc_hd__xnor2_1)
     1    0.00    0.11    0.15    4.37 ^ _489_/Y (sky130_fd_sc_hd__xnor2_1)
                                         net28 (net)
                  0.11    0.00    4.37 ^ output28/A (sky130_fd_sc_hd__clkbuf_4)
     1    0.03    0.11    0.22    4.59 ^ output28/X (sky130_fd_sc_hd__clkbuf_4)
                                         prod[5] (net)
                  0.11    0.00    4.59 ^ prod[5] (out)
                                  4.59   data arrival time

                  0.00   10.00   10.00   clock clk (rise edge)
                          0.00   10.00   clock network delay (ideal)
                         -0.25    9.75   clock uncertainty
                          0.00    9.75   clock reconvergence pessimism
                         -2.00    7.75   output external delay
                                  7.75   data required time
-----------------------------------------------------------------------------
                                  7.75   data required time
                                 -4.59   data arrival time
-----------------------------------------------------------------------------
                                  3.16   slack (MET)


Startpoint: a[3] (input port clocked by clk)
Endpoint: prod[4] (output port clocked by clk)
Path Group: clk
Path Type: max

Fanout     Cap    Slew   Delay    Time   Description
-----------------------------------------------------------------------------
                  0.00    0.00    0.00   clock clk (rise edge)
                          0.00    0.00   clock network delay (ideal)
                          2.00    2.00 ^ input external delay
     1    0.00    0.02    0.01    2.01 ^ a[3] (in)
                                         a[3] (net)
                  0.02    0.00    2.01 ^ input4/A (sky130_fd_sc_hd__clkbuf_2)
     3    0.01    0.07    0.12    2.14 ^ input4/X (sky130_fd_sc_hd__clkbuf_2)
                                         net4 (net)
                  0.07    0.00    2.14 ^ _523_/A (sky130_fd_sc_hd__clkbuf_4)
    10    0.04    0.12    0.21    2.35 ^ _523_/X (sky130_fd_sc_hd__clkbuf_4)
                                         _272_ (net)
                  0.12    0.00    2.35 ^ _524_/D (sky130_fd_sc_hd__nand4_2)
     4    0.01    0.11    0.15    2.50 v _524_/Y (sky130_fd_sc_hd__nand4_2)
                                         _273_ (net)
                  0.11    0.00    2.50 v _535_/A (sky130_fd_sc_hd__and3_1)
     2    0.01    0.05    0.19    2.69 v _535_/X (sky130_fd_sc_hd__and3_1)
                                         _284_ (net)
                  0.05    0.00    2.69 v rebuffer15/A (sky130_fd_sc_hd__clkbuf_1)
     1    0.01    0.04    0.11    2.80 v rebuffer15/X (sky130_fd_sc_hd__clkbuf_1)
                                         net47 (net)
                  0.04    0.00    2.80 v _537_/A (sky130_fd_sc_hd__xnor2_1)
     3    0.01    0.23    0.24    3.05 ^ _537_/Y (sky130_fd_sc_hd__xnor2_1)
                                         _286_ (net)
                  0.23    0.00    3.05 ^ rebuffer16/A (sky130_fd_sc_hd__clkbuf_1)
     1    0.00    0.07    0.14    3.19 ^ rebuffer16/X (sky130_fd_sc_hd__clkbuf_1)
                                         net48 (net)
                  0.07    0.00    3.19 ^ _538_/B (sky130_fd_sc_hd__xnor2_1)
     1    0.01    0.16    0.14    3.32 ^ _538_/Y (sky130_fd_sc_hd__xnor2_1)
                                         _287_ (net)
                  0.16    0.00    3.32 ^ _539_/B (sky130_fd_sc_hd__xnor2_1)
     2    0.01    0.18    0.17    3.49 ^ _539_/Y (sky130_fd_sc_hd__xnor2_1)
                                         _288_ (net)
                  0.18    0.00    3.49 ^ _540_/C (sky130_fd_sc_hd__and3_1)
     2    0.01    0.10    0.23    3.73 ^ _540_/X (sky130_fd_sc_hd__and3_1)
                                         _289_ (net)
                  0.10    0.00    3.73 ^ _542_/A (sky130_fd_sc_hd__nor2_1)
     2    0.00    0.04    0.07    3.80 v _542_/Y (sky130_fd_sc_hd__nor2_1)
                                         _291_ (net)
                  0.04    0.00    3.80 v _543_/C (sky130_fd_sc_hd__and3_1)
     3    0.01    0.08    0.23    4.03 v _543_/X (sky130_fd_sc_hd__and3_1)
                                         _292_ (net)
                  0.08    0.00    4.03 v _495_/A (sky130_fd_sc_hd__nor2_1)
     1    0.00    0.08    0.12    4.15 ^ _495_/Y (sky130_fd_sc_hd__nor2_1)
                                         net27 (net)
                  0.08    0.00    4.15 ^ output27/A (sky130_fd_sc_hd__clkbuf_4)
     1    0.03    0.11    0.21    4.36 ^ output27/X (sky130_fd_sc_hd__clkbuf_4)
                                         prod[4] (net)
                  0.11    0.00    4.36 ^ prod[4] (out)
                                  4.36   data arrival time

                  0.00   10.00   10.00   clock clk (rise edge)
                          0.00   10.00   clock network delay (ideal)
                         -0.25    9.75   clock uncertainty
                          0.00    9.75   clock reconvergence pessimism
                         -2.00    7.75   output external delay
                                  7.75   data required time
-----------------------------------------------------------------------------
                                  7.75   data required time
                                 -4.36   data arrival time
-----------------------------------------------------------------------------
                                  3.39   slack (MET)


Startpoint: a[3] (input port clocked by clk)
Endpoint: prod[3] (output port clocked by clk)
Path Group: clk
Path Type: max

Fanout     Cap    Slew   Delay    Time   Description
-----------------------------------------------------------------------------
                  0.00    0.00    0.00   clock clk (rise edge)
                          0.00    0.00   clock network delay (ideal)
                          2.00    2.00 ^ input external delay
     1    0.00    0.02    0.01    2.01 ^ a[3] (in)
                                         a[3] (net)
                  0.02    0.00    2.01 ^ input4/A (sky130_fd_sc_hd__clkbuf_2)
     3    0.01    0.07    0.12    2.14 ^ input4/X (sky130_fd_sc_hd__clkbuf_2)
                                         net4 (net)
                  0.07    0.00    2.14 ^ _523_/A (sky130_fd_sc_hd__clkbuf_4)
    10    0.04    0.12    0.21    2.35 ^ _523_/X (sky130_fd_sc_hd__clkbuf_4)
                                         _272_ (net)
                  0.12    0.00    2.35 ^ _524_/D (sky130_fd_sc_hd__nand4_2)
     4    0.01    0.11    0.15    2.50 v _524_/Y (sky130_fd_sc_hd__nand4_2)
                                         _273_ (net)
                  0.11    0.00    2.50 v _527_/A1 (sky130_fd_sc_hd__a21o_1)
     2    0.01    0.05    0.20    2.70 v _527_/X (sky130_fd_sc_hd__a21o_1)
                                         _276_ (net)
                  0.05    0.00    2.70 v _530_/D (sky130_fd_sc_hd__and4_1)
     2    0.01    0.05    0.22    2.92 v _530_/X (sky130_fd_sc_hd__and4_1)
                                         _279_ (net)
                  0.05    0.00    2.92 v _496_/A (sky130_fd_sc_hd__or2b_1)
     1    0.00    0.06    0.24    3.16 v _496_/X (sky130_fd_sc_hd__or2b_1)
                                         _252_ (net)
                  0.06    0.00    3.16 v _497_/B (sky130_fd_sc_hd__xnor2_1)
     1    0.00    0.14    0.15    3.32 ^ _497_/Y (sky130_fd_sc_hd__xnor2_1)
                                         net26 (net)
                  0.14    0.00    3.32 ^ output26/A (sky130_fd_sc_hd__clkbuf_4)
     1    0.03    0.11    0.23    3.55 ^ output26/X (sky130_fd_sc_hd__clkbuf_4)
                                         prod[3] (net)
                  0.11    0.00    3.55 ^ prod[3] (out)
                                  3.55   data arrival time

                  0.00   10.00   10.00   clock clk (rise edge)
                          0.00   10.00   clock network delay (ideal)
                         -0.25    9.75   clock uncertainty
                          0.00    9.75   clock reconvergence pessimism
                         -2.00    7.75   output external delay
                                  7.75   data required time
-----------------------------------------------------------------------------
                                  7.75   data required time
                                 -3.55   data arrival time
-----------------------------------------------------------------------------
                                  4.20   slack (MET)


Startpoint: b[1] (input port clocked by clk)
Endpoint: prod[2] (output port clocked by clk)
Path Group: clk
Path Type: max

Fanout     Cap    Slew   Delay    Time   Description
-----------------------------------------------------------------------------
                  0.00    0.00    0.00   clock clk (rise edge)
                          0.00    0.00   clock network delay (ideal)
                          2.00    2.00 ^ input external delay
     1    0.00    0.02    0.01    2.01 ^ b[1] (in)
                                         b[1] (net)
                  0.02    0.00    2.01 ^ input10/A (sky130_fd_sc_hd__clkbuf_2)
     4    0.02    0.10    0.14    2.15 ^ input10/X (sky130_fd_sc_hd__clkbuf_2)
                                         net10 (net)
                  0.10    0.00    2.15 ^ _500_/A (sky130_fd_sc_hd__buf_6)
     8    0.03    0.06    0.14    2.29 ^ _500_/X (sky130_fd_sc_hd__buf_6)
                                         _247_ (net)
                  0.06    0.00    2.29 ^ _501_/A (sky130_fd_sc_hd__nand2_1)
     2    0.01    0.06    0.07    2.36 v _501_/Y (sky130_fd_sc_hd__nand2_1)
                                         _251_ (net)
                  0.06    0.00    2.36 v _509_/A (sky130_fd_sc_hd__or3b_1)
     2    0.00    0.08    0.41    2.77 v _509_/X (sky130_fd_sc_hd__or3b_1)
                                         _259_ (net)
                  0.08    0.00    2.77 v _514_/A (sky130_fd_sc_hd__and3_1)
     3    0.01    0.05    0.18    2.95 v _514_/X (sky130_fd_sc_hd__and3_1)
                                         _264_ (net)
                  0.05    0.00    2.95 v rebuffer7/A (sky130_fd_sc_hd__clkbuf_1)
     1    0.00    0.02    0.09    3.04 v rebuffer7/X (sky130_fd_sc_hd__clkbuf_1)
                                         net39 (net)
                  0.02    0.00    3.04 v _515_/B (sky130_fd_sc_hd__nor2_1)
     1    0.00    0.07    0.07    3.11 ^ _515_/Y (sky130_fd_sc_hd__nor2_1)
                                         net25 (net)
                  0.07    0.00    3.11 ^ output25/A (sky130_fd_sc_hd__clkbuf_4)
     1    0.03    0.11    0.20    3.31 ^ output25/X (sky130_fd_sc_hd__clkbuf_4)
                                         prod[2] (net)
                  0.11    0.00    3.31 ^ prod[2] (out)
                                  3.31   data arrival time

                  0.00   10.00   10.00   clock clk (rise edge)
                          0.00   10.00   clock network delay (ideal)
                         -0.25    9.75   clock uncertainty
                          0.00    9.75   clock reconvergence pessimism
                         -2.00    7.75   output external delay
                                  7.75   data required time
-----------------------------------------------------------------------------
                                  7.75   data required time
                                 -3.31   data arrival time
-----------------------------------------------------------------------------
                                  4.44   slack (MET)


Startpoint: a[1] (input port clocked by clk)
Endpoint: prod[1] (output port clocked by clk)
Path Group: clk
Path Type: max

Fanout     Cap    Slew   Delay    Time   Description
-----------------------------------------------------------------------------
                  0.00    0.00    0.00   clock clk (rise edge)
                          0.00    0.00   clock network delay (ideal)
                          2.00    2.00 ^ input external delay
     1    0.00    0.02    0.01    2.01 ^ a[1] (in)
                                         a[1] (net)
                  0.02    0.00    2.01 ^ input2/A (sky130_fd_sc_hd__buf_1)
     4    0.01    0.15    0.16    2.17 ^ input2/X (sky130_fd_sc_hd__buf_1)
                                         net2 (net)
                  0.15    0.00    2.17 ^ _503_/A (sky130_fd_sc_hd__buf_2)
    10    0.03    0.15    0.23    2.40 ^ _503_/X (sky130_fd_sc_hd__buf_2)
                                         _254_ (net)
                  0.15    0.00    2.40 ^ _505_/B1 (sky130_fd_sc_hd__a22o_1)
     1    0.00    0.05    0.16    2.56 ^ _505_/X (sky130_fd_sc_hd__a22o_1)
                                         _256_ (net)
                  0.05    0.00    2.56 ^ _506_/B1 (sky130_fd_sc_hd__o21a_1)
     1    0.00    0.04    0.11    2.67 ^ _506_/X (sky130_fd_sc_hd__o21a_1)
                                         net24 (net)
                  0.04    0.00    2.67 ^ output24/A (sky130_fd_sc_hd__clkbuf_4)
     1    0.03    0.11    0.19    2.87 ^ output24/X (sky130_fd_sc_hd__clkbuf_4)
                                         prod[1] (net)
                  0.11    0.00    2.87 ^ prod[1] (out)
                                  2.87   data arrival time

                  0.00   10.00   10.00   clock clk (rise edge)
                          0.00   10.00   clock network delay (ideal)
                         -0.25    9.75   clock uncertainty
                          0.00    9.75   clock reconvergence pessimism
                         -2.00    7.75   output external delay
                                  7.75   data required time
-----------------------------------------------------------------------------
                                  7.75   data required time
                                 -2.87   data arrival time
-----------------------------------------------------------------------------
                                  4.88   slack (MET)


Startpoint: a[0] (input port clocked by clk)
Endpoint: prod[0] (output port clocked by clk)
Path Group: clk
Path Type: max

Fanout     Cap    Slew   Delay    Time   Description
-----------------------------------------------------------------------------
                  0.00    0.00    0.00   clock clk (rise edge)
                          0.00    0.00   clock network delay (ideal)
                          2.00    2.00 ^ input external delay
     1    0.00    0.02    0.01    2.01 ^ a[0] (in)
                                         a[0] (net)
                  0.02    0.00    2.01 ^ input1/A (sky130_fd_sc_hd__buf_1)
     4    0.01    0.15    0.15    2.16 ^ input1/X (sky130_fd_sc_hd__buf_1)
                                         net1 (net)
                  0.15    0.00    2.16 ^ _498_/A (sky130_fd_sc_hd__nand2_1)
     4    0.01    0.11    0.14    2.30 v _498_/Y (sky130_fd_sc_hd__nand2_1)
                                         _227_ (net)
                  0.11    0.00    2.30 v _499_/A (sky130_fd_sc_hd__inv_2)
     1    0.00    0.04    0.07    2.36 ^ _499_/Y (sky130_fd_sc_hd__inv_2)
                                         net17 (net)
                  0.04    0.00    2.36 ^ output17/A (sky130_fd_sc_hd__clkbuf_4)
     1    0.03    0.11    0.19    2.55 ^ output17/X (sky130_fd_sc_hd__clkbuf_4)
                                         prod[0] (net)
                  0.11    0.00    2.56 ^ prod[0] (out)
                                  2.56   data arrival time

                  0.00   10.00   10.00   clock clk (rise edge)
                          0.00   10.00   clock network delay (ideal)
                         -0.25    9.75   clock uncertainty
                          0.00    9.75   clock reconvergence pessimism
                         -2.00    7.75   output external delay
                                  7.75   data required time
-----------------------------------------------------------------------------
                                  7.75   data required time
                                 -2.56   data arrival time
-----------------------------------------------------------------------------
                                  5.19   slack (MET)



worst slack corner Typical: 1.4245
