
===========================================================================
report_checks -path_delay max (Setup)
============================================================================
======================= Typical Corner ===================================

Startpoint: a[3] (input port clocked by clk)
Endpoint: prod[15] (output port clocked by clk)
Path Group: clk
Path Type: max

Fanout     Cap    Slew   Delay    Time   Description
-----------------------------------------------------------------------------
                  0.00    0.00    0.00   clock clk (rise edge)
                          0.00    0.00   clock network delay (ideal)
                          2.00    2.00 v input external delay
     1    0.01    0.02    0.01    2.01 v a[3] (in)
                                         a[3] (net)
                  0.02    0.00    2.01 v input4/A (sky130_fd_sc_hd__buf_6)
     3    0.01    0.03    0.11    2.12 v input4/X (sky130_fd_sc_hd__buf_6)
                                         net4 (net)
                  0.03    0.00    2.12 v _523_/A (sky130_fd_sc_hd__clkbuf_4)
    10    0.03    0.08    0.18    2.30 v _523_/X (sky130_fd_sc_hd__clkbuf_4)
                                         _272_ (net)
                  0.08    0.00    2.30 v _562_/A2 (sky130_fd_sc_hd__a22o_1)
     2    0.01    0.05    0.27    2.57 v _562_/X (sky130_fd_sc_hd__a22o_1)
                                         _311_ (net)
                  0.05    0.00    2.57 v _564_/B (sky130_fd_sc_hd__and3_1)
     4    0.01    0.07    0.21    2.78 v _564_/X (sky130_fd_sc_hd__and3_1)
                                         _313_ (net)
                  0.07    0.00    2.78 v _566_/B (sky130_fd_sc_hd__or3_4)
     2    0.01    0.07    0.39    3.17 v _566_/X (sky130_fd_sc_hd__or3_4)
                                         _001_ (net)
                  0.07    0.00    3.17 v _568_/B (sky130_fd_sc_hd__and2_4)
     2    0.01    0.03    0.18    3.34 v _568_/X (sky130_fd_sc_hd__and2_4)
                                         _003_ (net)
                  0.03    0.00    3.34 v _592_/A2 (sky130_fd_sc_hd__a21bo_1)
     2    0.01    0.05    0.21    3.55 v _592_/X (sky130_fd_sc_hd__a21bo_1)
                                         _027_ (net)
                  0.05    0.00    3.55 v rebuffer17/A (sky130_fd_sc_hd__clkbuf_1)
     1    0.00    0.04    0.10    3.65 v rebuffer17/X (sky130_fd_sc_hd__clkbuf_1)
                                         net49 (net)
                  0.04    0.00    3.65 v _596_/A (sky130_fd_sc_hd__xor2_1)
     2    0.01    0.22    0.24    3.89 ^ _596_/X (sky130_fd_sc_hd__xor2_1)
                                         _031_ (net)
                  0.22    0.00    3.89 ^ _597_/B (sky130_fd_sc_hd__xor2_1)
     2    0.01    0.22    0.26    4.15 ^ _597_/X (sky130_fd_sc_hd__xor2_1)
                                         _032_ (net)
                  0.22    0.00    4.15 ^ _598_/B (sky130_fd_sc_hd__xor2_1)
     2    0.01    0.18    0.23    4.38 ^ _598_/X (sky130_fd_sc_hd__xor2_1)
                                         _033_ (net)
                  0.18    0.00    4.38 ^ _599_/B (sky130_fd_sc_hd__xor2_1)
     2    0.01    0.09    0.13    4.50 v _599_/X (sky130_fd_sc_hd__xor2_1)
                                         _034_ (net)
                  0.09    0.00    4.50 v _601_/A2 (sky130_fd_sc_hd__a21o_1)
     2    0.01    0.06    0.22    4.73 v _601_/X (sky130_fd_sc_hd__a21o_1)
                                         _036_ (net)
                  0.06    0.00    4.73 v _640_/A1 (sky130_fd_sc_hd__a21o_1)
     2    0.01    0.06    0.19    4.92 v _640_/X (sky130_fd_sc_hd__a21o_1)
                                         _075_ (net)
                  0.06    0.00    4.92 v _348_/A1 (sky130_fd_sc_hd__a21o_1)
     2    0.01    0.06    0.19    5.11 v _348_/X (sky130_fd_sc_hd__a21o_1)
                                         _113_ (net)
                  0.06    0.00    5.11 v _387_/A1 (sky130_fd_sc_hd__a21o_1)
     2    0.01    0.06    0.19    5.31 v _387_/X (sky130_fd_sc_hd__a21o_1)
                                         _152_ (net)
                  0.06    0.00    5.31 v _417_/A1 (sky130_fd_sc_hd__a21o_1)
     2    0.01    0.05    0.19    5.49 v _417_/X (sky130_fd_sc_hd__a21o_1)
                                         _181_ (net)
                  0.05    0.00    5.49 v _443_/A1 (sky130_fd_sc_hd__a21o_1)
     3    0.01    0.07    0.20    5.69 v _443_/X (sky130_fd_sc_hd__a21o_1)
                                         _206_ (net)
                  0.07    0.00    5.69 v _474_/A (sky130_fd_sc_hd__and3_1)
     2    0.01    0.06    0.18    5.87 v _474_/X (sky130_fd_sc_hd__and3_1)
                                         _236_ (net)
                  0.06    0.00    5.87 v _488_/A1 (sky130_fd_sc_hd__a211o_1)
     1    0.01    0.06    0.28    6.16 v _488_/X (sky130_fd_sc_hd__a211o_1)
                                         net23 (net)
                  0.06    0.00    6.16 v output23/A (sky130_fd_sc_hd__buf_6)
     1    0.04    0.05    0.15    6.31 v output23/X (sky130_fd_sc_hd__buf_6)
                                         prod[15] (net)
                  0.05    0.00    6.31 v prod[15] (out)
                                  6.31   data arrival time

                  0.00   10.00   10.00   clock clk (rise edge)
                          0.00   10.00   clock network delay (ideal)
                         -0.25    9.75   clock uncertainty
                          0.00    9.75   clock reconvergence pessimism
                         -2.00    7.75   output external delay
                                  7.75   data required time
-----------------------------------------------------------------------------
                                  7.75   data required time
                                 -6.31   data arrival time
-----------------------------------------------------------------------------
                                  1.44   slack (MET)


Startpoint: a[3] (input port clocked by clk)
Endpoint: prod[14] (output port clocked by clk)
Path Group: clk
Path Type: max

Fanout     Cap    Slew   Delay    Time   Description
-----------------------------------------------------------------------------
                  0.00    0.00    0.00   clock clk (rise edge)
                          0.00    0.00   clock network delay (ideal)
                          2.00    2.00 v input external delay
     1    0.01    0.02    0.01    2.01 v a[3] (in)
                                         a[3] (net)
                  0.02    0.00    2.01 v input4/A (sky130_fd_sc_hd__buf_6)
     3    0.01    0.03    0.11    2.12 v input4/X (sky130_fd_sc_hd__buf_6)
                                         net4 (net)
                  0.03    0.00    2.12 v _523_/A (sky130_fd_sc_hd__clkbuf_4)
    10    0.03    0.08    0.18    2.30 v _523_/X (sky130_fd_sc_hd__clkbuf_4)
                                         _272_ (net)
                  0.08    0.00    2.30 v _562_/A2 (sky130_fd_sc_hd__a22o_1)
     2    0.01    0.05    0.27    2.57 v _562_/X (sky130_fd_sc_hd__a22o_1)
                                         _311_ (net)
                  0.05    0.00    2.57 v _564_/B (sky130_fd_sc_hd__and3_1)
     4    0.01    0.07    0.21    2.78 v _564_/X (sky130_fd_sc_hd__and3_1)
                                         _313_ (net)
                  0.07    0.00    2.78 v _566_/B (sky130_fd_sc_hd__or3_4)
     2    0.01    0.07    0.39    3.17 v _566_/X (sky130_fd_sc_hd__or3_4)
                                         _001_ (net)
                  0.07    0.00    3.17 v _568_/B (sky130_fd_sc_hd__and2_4)
     2    0.01    0.03    0.18    3.34 v _568_/X (sky130_fd_sc_hd__and2_4)
                                         _003_ (net)
                  0.03    0.00    3.34 v _592_/A2 (sky130_fd_sc_hd__a21bo_1)
     2    0.01    0.05    0.21    3.55 v _592_/X (sky130_fd_sc_hd__a21bo_1)
                                         _027_ (net)
                  0.05    0.00    3.55 v rebuffer17/A (sky130_fd_sc_hd__clkbuf_1)
     1    0.00    0.04    0.10    3.65 v rebuffer17/X (sky130_fd_sc_hd__clkbuf_1)
                                         net49 (net)
                  0.04    0.00    3.65 v _596_/A (sky130_fd_sc_hd__xor2_1)
     2    0.01    0.22    0.24    3.89 ^ _596_/X (sky130_fd_sc_hd__xor2_1)
                                         _031_ (net)
                  0.22    0.00    3.89 ^ _597_/B (sky130_fd_sc_hd__xor2_1)
     2    0.01    0.22    0.26    4.15 ^ _597_/X (sky130_fd_sc_hd__xor2_1)
                                         _032_ (net)
                  0.22    0.00    4.15 ^ _598_/B (sky130_fd_sc_hd__xor2_1)
     2    0.01    0.18    0.23    4.38 ^ _598_/X (sky130_fd_sc_hd__xor2_1)
                                         _033_ (net)
                  0.18    0.00    4.38 ^ _599_/B (sky130_fd_sc_hd__xor2_1)
     2    0.01    0.09    0.13    4.50 v _599_/X (sky130_fd_sc_hd__xor2_1)
                                         _034_ (net)
                  0.09    0.00    4.50 v _601_/A2 (sky130_fd_sc_hd__a21o_1)
     2    0.01    0.06    0.22    4.73 v _601_/X (sky130_fd_sc_hd__a21o_1)
                                         _036_ (net)
                  0.06    0.00    4.73 v _640_/A1 (sky130_fd_sc_hd__a21o_1)
     2    0.01    0.06    0.19    4.92 v _640_/X (sky130_fd_sc_hd__a21o_1)
                                         _075_ (net)
                  0.06    0.00    4.92 v _348_/A1 (sky130_fd_sc_hd__a21o_1)
     2    0.01    0.06    0.19    5.11 v _348_/X (sky130_fd_sc_hd__a21o_1)
                                         _113_ (net)
                  0.06    0.00    5.11 v _387_/A1 (sky130_fd_sc_hd__a21o_1)
     2    0.01    0.06    0.19    5.31 v _387_/X (sky130_fd_sc_hd__a21o_1)
                                         _152_ (net)
                  0.06    0.00    5.31 v _417_/A1 (sky130_fd_sc_hd__a21o_1)
     2    0.01    0.05    0.19    5.49 v _417_/X (sky130_fd_sc_hd__a21o_1)
                                         _181_ (net)
                  0.05    0.00    5.49 v _443_/A1 (sky130_fd_sc_hd__a21o_1)
     3    0.01    0.07    0.20    5.69 v _443_/X (sky130_fd_sc_hd__a21o_1)
                                         _206_ (net)
                  0.07    0.00    5.69 v _474_/A (sky130_fd_sc_hd__and3_1)
     2    0.01    0.06    0.18    5.87 v _474_/X (sky130_fd_sc_hd__and3_1)
                                         _236_ (net)
                  0.06    0.00    5.87 v _485_/A (sky130_fd_sc_hd__xor2_1)
     1    0.00    0.12    0.16    6.04 ^ _485_/X (sky130_fd_sc_hd__xor2_1)
                                         net22 (net)
                  0.12    0.00    6.04 ^ output22/A (sky130_fd_sc_hd__clkbuf_4)
     1    0.04    0.12    0.23    6.26 ^ output22/X (sky130_fd_sc_hd__clkbuf_4)
                                         prod[14] (net)
                  0.12    0.00    6.27 ^ prod[14] (out)
                                  6.27   data arrival time

                  0.00   10.00   10.00   clock clk (rise edge)
                          0.00   10.00   clock network delay (ideal)
                         -0.25    9.75   clock uncertainty
                          0.00    9.75   clock reconvergence pessimism
                         -2.00    7.75   output external delay
                                  7.75   data required time
-----------------------------------------------------------------------------
                                  7.75   data required time
                                 -6.27   data arrival time
-----------------------------------------------------------------------------
                                  1.48   slack (MET)


Startpoint: a[3] (input port clocked by clk)
Endpoint: prod[13] (output port clocked by clk)
Path Group: clk
Path Type: max

Fanout     Cap    Slew   Delay    Time   Description
-----------------------------------------------------------------------------
                  0.00    0.00    0.00   clock clk (rise edge)
                          0.00    0.00   clock network delay (ideal)
                          2.00    2.00 v input external delay
     1    0.01    0.02    0.01    2.01 v a[3] (in)
                                         a[3] (net)
                  0.02    0.00    2.01 v input4/A (sky130_fd_sc_hd__buf_6)
     3    0.01    0.03    0.11    2.12 v input4/X (sky130_fd_sc_hd__buf_6)
                                         net4 (net)
                  0.03    0.00    2.12 v _523_/A (sky130_fd_sc_hd__clkbuf_4)
    10    0.03    0.08    0.18    2.30 v _523_/X (sky130_fd_sc_hd__clkbuf_4)
                                         _272_ (net)
                  0.08    0.00    2.30 v _562_/A2 (sky130_fd_sc_hd__a22o_1)
     2    0.01    0.05    0.27    2.57 v _562_/X (sky130_fd_sc_hd__a22o_1)
                                         _311_ (net)
                  0.05    0.00    2.57 v _564_/B (sky130_fd_sc_hd__and3_1)
     4    0.01    0.07    0.21    2.78 v _564_/X (sky130_fd_sc_hd__and3_1)
                                         _313_ (net)
                  0.07    0.00    2.78 v _566_/B (sky130_fd_sc_hd__or3_4)
     2    0.01    0.07    0.39    3.17 v _566_/X (sky130_fd_sc_hd__or3_4)
                                         _001_ (net)
                  0.07    0.00    3.17 v _568_/B (sky130_fd_sc_hd__and2_4)
     2    0.01    0.03    0.18    3.34 v _568_/X (sky130_fd_sc_hd__and2_4)
                                         _003_ (net)
                  0.03    0.00    3.34 v _592_/A2 (sky130_fd_sc_hd__a21bo_1)
     2    0.01    0.05    0.21    3.55 v _592_/X (sky130_fd_sc_hd__a21bo_1)
                                         _027_ (net)
                  0.05    0.00    3.55 v rebuffer17/A (sky130_fd_sc_hd__clkbuf_1)
     1    0.00    0.04    0.10    3.65 v rebuffer17/X (sky130_fd_sc_hd__clkbuf_1)
                                         net49 (net)
                  0.04    0.00    3.65 v _596_/A (sky130_fd_sc_hd__xor2_1)
     2    0.01    0.22    0.24    3.89 ^ _596_/X (sky130_fd_sc_hd__xor2_1)
                                         _031_ (net)
                  0.22    0.00    3.89 ^ _597_/B (sky130_fd_sc_hd__xor2_1)
     2    0.01    0.22    0.26    4.15 ^ _597_/X (sky130_fd_sc_hd__xor2_1)
                                         _032_ (net)
                  0.22    0.00    4.15 ^ _598_/B (sky130_fd_sc_hd__xor2_1)
     2    0.01    0.18    0.23    4.38 ^ _598_/X (sky130_fd_sc_hd__xor2_1)
                                         _033_ (net)
                  0.18    0.00    4.38 ^ _599_/B (sky130_fd_sc_hd__xor2_1)
     2    0.01    0.09    0.13    4.50 v _599_/X (sky130_fd_sc_hd__xor2_1)
                                         _034_ (net)
                  0.09    0.00    4.50 v _601_/A2 (sky130_fd_sc_hd__a21o_1)
     2    0.01    0.06    0.22    4.73 v _601_/X (sky130_fd_sc_hd__a21o_1)
                                         _036_ (net)
                  0.06    0.00    4.73 v _640_/A1 (sky130_fd_sc_hd__a21o_1)
     2    0.01    0.06    0.19    4.92 v _640_/X (sky130_fd_sc_hd__a21o_1)
                                         _075_ (net)
                  0.06    0.00    4.92 v _348_/A1 (sky130_fd_sc_hd__a21o_1)
     2    0.01    0.06    0.19    5.11 v _348_/X (sky130_fd_sc_hd__a21o_1)
                                         _113_ (net)
                  0.06    0.00    5.11 v _387_/A1 (sky130_fd_sc_hd__a21o_1)
     2    0.01    0.06    0.19    5.31 v _387_/X (sky130_fd_sc_hd__a21o_1)
                                         _152_ (net)
                  0.06    0.00    5.31 v _417_/A1 (sky130_fd_sc_hd__a21o_1)
     2    0.01    0.05    0.19    5.49 v _417_/X (sky130_fd_sc_hd__a21o_1)
                                         _181_ (net)
                  0.05    0.00    5.49 v _443_/A1 (sky130_fd_sc_hd__a21o_1)
     3    0.01    0.07    0.20    5.69 v _443_/X (sky130_fd_sc_hd__a21o_1)
                                         _206_ (net)
                  0.07    0.00    5.69 v _472_/A1 (sky130_fd_sc_hd__a21oi_1)
     1    0.01    0.16    0.18    5.87 ^ _472_/Y (sky130_fd_sc_hd__a21oi_1)
                                         _235_ (net)
                  0.16    0.00    5.87 ^ _473_/B (sky130_fd_sc_hd__xnor2_1)
     1    0.00    0.12    0.14    6.01 ^ _473_/Y (sky130_fd_sc_hd__xnor2_1)
                                         net21 (net)
                  0.12    0.00    6.01 ^ output21/A (sky130_fd_sc_hd__clkbuf_4)
     1    0.04    0.12    0.23    6.24 ^ output21/X (sky130_fd_sc_hd__clkbuf_4)
                                         prod[13] (net)
                  0.12    0.00    6.24 ^ prod[13] (out)
                                  6.24   data arrival time

                  0.00   10.00   10.00   clock clk (rise edge)
                          0.00   10.00   clock network delay (ideal)
                         -0.25    9.75   clock uncertainty
                          0.00    9.75   clock reconvergence pessimism
                         -2.00    7.75   output external delay
                                  7.75   data required time
-----------------------------------------------------------------------------
                                  7.75   data required time
                                 -6.24   data arrival time
-----------------------------------------------------------------------------
                                  1.51   slack (MET)


Startpoint: a[3] (input port clocked by clk)
Endpoint: prod[12] (output port clocked by clk)
Path Group: clk
Path Type: max

Fanout     Cap    Slew   Delay    Time   Description
-----------------------------------------------------------------------------
                  0.00    0.00    0.00   clock clk (rise edge)
                          0.00    0.00   clock network delay (ideal)
                          2.00    2.00 v input external delay
     1    0.01    0.02    0.01    2.01 v a[3] (in)
                                         a[3] (net)
                  0.02    0.00    2.01 v input4/A (sky130_fd_sc_hd__buf_6)
     3    0.01    0.03    0.11    2.12 v input4/X (sky130_fd_sc_hd__buf_6)
                                         net4 (net)
                  0.03    0.00    2.12 v _523_/A (sky130_fd_sc_hd__clkbuf_4)
    10    0.03    0.08    0.18    2.30 v _523_/X (sky130_fd_sc_hd__clkbuf_4)
                                         _272_ (net)
                  0.08    0.00    2.30 v _562_/A2 (sky130_fd_sc_hd__a22o_1)
     2    0.01    0.05    0.27    2.57 v _562_/X (sky130_fd_sc_hd__a22o_1)
                                         _311_ (net)
                  0.05    0.00    2.57 v _564_/B (sky130_fd_sc_hd__and3_1)
     4    0.01    0.07    0.21    2.78 v _564_/X (sky130_fd_sc_hd__and3_1)
                                         _313_ (net)
                  0.07    0.00    2.78 v _566_/B (sky130_fd_sc_hd__or3_4)
     2    0.01    0.07    0.39    3.17 v _566_/X (sky130_fd_sc_hd__or3_4)
                                         _001_ (net)
                  0.07    0.00    3.17 v _568_/B (sky130_fd_sc_hd__and2_4)
     2    0.01    0.03    0.18    3.34 v _568_/X (sky130_fd_sc_hd__and2_4)
                                         _003_ (net)
                  0.03    0.00    3.34 v _592_/A2 (sky130_fd_sc_hd__a21bo_1)
     2    0.01    0.05    0.21    3.55 v _592_/X (sky130_fd_sc_hd__a21bo_1)
                                         _027_ (net)
                  0.05    0.00    3.55 v rebuffer17/A (sky130_fd_sc_hd__clkbuf_1)
     1    0.00    0.04    0.10    3.65 v rebuffer17/X (sky130_fd_sc_hd__clkbuf_1)
                                         net49 (net)
                  0.04    0.00    3.65 v _596_/A (sky130_fd_sc_hd__xor2_1)
     2    0.01    0.22    0.24    3.89 ^ _596_/X (sky130_fd_sc_hd__xor2_1)
                                         _031_ (net)
                  0.22    0.00    3.89 ^ _597_/B (sky130_fd_sc_hd__xor2_1)
     2    0.01    0.22    0.26    4.15 ^ _597_/X (sky130_fd_sc_hd__xor2_1)
                                         _032_ (net)
                  0.22    0.00    4.15 ^ _598_/B (sky130_fd_sc_hd__xor2_1)
     2    0.01    0.18    0.23    4.38 ^ _598_/X (sky130_fd_sc_hd__xor2_1)
                                         _033_ (net)
                  0.18    0.00    4.38 ^ _599_/B (sky130_fd_sc_hd__xor2_1)
     2    0.01    0.09    0.13    4.50 v _599_/X (sky130_fd_sc_hd__xor2_1)
                                         _034_ (net)
                  0.09    0.00    4.50 v _601_/A2 (sky130_fd_sc_hd__a21o_1)
     2    0.01    0.06    0.22    4.73 v _601_/X (sky130_fd_sc_hd__a21o_1)
                                         _036_ (net)
                  0.06    0.00    4.73 v _640_/A1 (sky130_fd_sc_hd__a21o_1)
     2    0.01    0.06    0.19    4.92 v _640_/X (sky130_fd_sc_hd__a21o_1)
                                         _075_ (net)
                  0.06    0.00    4.92 v _348_/A1 (sky130_fd_sc_hd__a21o_1)
     2    0.01    0.06    0.19    5.11 v _348_/X (sky130_fd_sc_hd__a21o_1)
                                         _113_ (net)
                  0.06    0.00    5.11 v _387_/A1 (sky130_fd_sc_hd__a21o_1)
     2    0.01    0.06    0.19    5.31 v _387_/X (sky130_fd_sc_hd__a21o_1)
                                         _152_ (net)
                  0.06    0.00    5.31 v _417_/A1 (sky130_fd_sc_hd__a21o_1)
     2    0.01    0.05    0.19    5.49 v _417_/X (sky130_fd_sc_hd__a21o_1)
                                         _181_ (net)
                  0.05    0.00    5.49 v _443_/A1 (sky130_fd_sc_hd__a21o_1)
     3    0.01    0.07    0.20    5.69 v _443_/X (sky130_fd_sc_hd__a21o_1)
                                         _206_ (net)
                  0.07    0.00    5.69 v _460_/A (sky130_fd_sc_hd__xor2_1)
     1    0.00    0.14    0.18    5.87 ^ _460_/X (sky130_fd_sc_hd__xor2_1)
                                         net20 (net)
                  0.14    0.00    5.87 ^ output20/A (sky130_fd_sc_hd__clkbuf_4)
     1    0.04    0.12    0.24    6.11 ^ output20/X (sky130_fd_sc_hd__clkbuf_4)
                                         prod[12] (net)
                  0.12    0.00    6.11 ^ prod[12] (out)
                                  6.11   data arrival time

                  0.00   10.00   10.00   clock clk (rise edge)
                          0.00   10.00   clock network delay (ideal)
                         -0.25    9.75   clock uncertainty
                          0.00    9.75   clock reconvergence pessimism
                         -2.00    7.75   output external delay
                                  7.75   data required time
-----------------------------------------------------------------------------
                                  7.75   data required time
                                 -6.11   data arrival time
-----------------------------------------------------------------------------
                                  1.64   slack (MET)


Startpoint: a[3] (input port clocked by clk)
Endpoint: prod[11] (output port clocked by clk)
Path Group: clk
Path Type: max

Fanout     Cap    Slew   Delay    Time   Description
-----------------------------------------------------------------------------
                  0.00    0.00    0.00   clock clk (rise edge)
                          0.00    0.00   clock network delay (ideal)
                          2.00    2.00 v input external delay
     1    0.01    0.02    0.01    2.01 v a[3] (in)
                                         a[3] (net)
                  0.02    0.00    2.01 v input4/A (sky130_fd_sc_hd__buf_6)
     3    0.01    0.03    0.11    2.12 v input4/X (sky130_fd_sc_hd__buf_6)
                                         net4 (net)
                  0.03    0.00    2.12 v _523_/A (sky130_fd_sc_hd__clkbuf_4)
    10    0.03    0.08    0.18    2.30 v _523_/X (sky130_fd_sc_hd__clkbuf_4)
                                         _272_ (net)
                  0.08    0.00    2.30 v _562_/A2 (sky130_fd_sc_hd__a22o_1)
     2    0.01    0.05    0.27    2.57 v _562_/X (sky130_fd_sc_hd__a22o_1)
                                         _311_ (net)
                  0.05    0.00    2.57 v _564_/B (sky130_fd_sc_hd__and3_1)
     4    0.01    0.07    0.21    2.78 v _564_/X (sky130_fd_sc_hd__and3_1)
                                         _313_ (net)
                  0.07    0.00    2.78 v _566_/B (sky130_fd_sc_hd__or3_4)
     2    0.01    0.07    0.39    3.17 v _566_/X (sky130_fd_sc_hd__or3_4)
                                         _001_ (net)
                  0.07    0.00    3.17 v _568_/B (sky130_fd_sc_hd__and2_4)
     2    0.01    0.03    0.18    3.34 v _568_/X (sky130_fd_sc_hd__and2_4)
                                         _003_ (net)
                  0.03    0.00    3.34 v _592_/A2 (sky130_fd_sc_hd__a21bo_1)
     2    0.01    0.05    0.21    3.55 v _592_/X (sky130_fd_sc_hd__a21bo_1)
                                         _027_ (net)
                  0.05    0.00    3.55 v rebuffer17/A (sky130_fd_sc_hd__clkbuf_1)
     1    0.00    0.04    0.10    3.65 v rebuffer17/X (sky130_fd_sc_hd__clkbuf_1)
                                         net49 (net)
                  0.04    0.00    3.65 v _596_/A (sky130_fd_sc_hd__xor2_1)
     2    0.01    0.22    0.24    3.89 ^ _596_/X (sky130_fd_sc_hd__xor2_1)
                                         _031_ (net)
                  0.22    0.00    3.89 ^ _597_/B (sky130_fd_sc_hd__xor2_1)
     2    0.01    0.22    0.26    4.15 ^ _597_/X (sky130_fd_sc_hd__xor2_1)
                                         _032_ (net)
                  0.22    0.00    4.15 ^ _598_/B (sky130_fd_sc_hd__xor2_1)
     2    0.01    0.18    0.23    4.38 ^ _598_/X (sky130_fd_sc_hd__xor2_1)
                                         _033_ (net)
                  0.18    0.00    4.38 ^ _599_/B (sky130_fd_sc_hd__xor2_1)
     2    0.01    0.09    0.13    4.50 v _599_/X (sky130_fd_sc_hd__xor2_1)
                                         _034_ (net)
                  0.09    0.00    4.50 v _601_/A2 (sky130_fd_sc_hd__a21o_1)
     2    0.01    0.06    0.22    4.73 v _601_/X (sky130_fd_sc_hd__a21o_1)
                                         _036_ (net)
                  0.06    0.00    4.73 v _640_/A1 (sky130_fd_sc_hd__a21o_1)
     2    0.01    0.06    0.19    4.92 v _640_/X (sky130_fd_sc_hd__a21o_1)
                                         _075_ (net)
                  0.06    0.00    4.92 v _348_/A1 (sky130_fd_sc_hd__a21o_1)
     2    0.01    0.06    0.19    5.11 v _348_/X (sky130_fd_sc_hd__a21o_1)
                                         _113_ (net)
                  0.06    0.00    5.11 v _387_/A1 (sky130_fd_sc_hd__a21o_1)
     2    0.01    0.06    0.19    5.31 v _387_/X (sky130_fd_sc_hd__a21o_1)
                                         _152_ (net)
                  0.06    0.00    5.31 v _417_/A1 (sky130_fd_sc_hd__a21o_1)
     2    0.01    0.05    0.19    5.49 v _417_/X (sky130_fd_sc_hd__a21o_1)
                                         _181_ (net)
                  0.05    0.00    5.49 v _441_/A (sky130_fd_sc_hd__xor2_1)
     1    0.00    0.11    0.15    5.64 ^ _441_/X (sky130_fd_sc_hd__xor2_1)
                                         net19 (net)
                  0.11    0.00    5.64 ^ output19/A (sky130_fd_sc_hd__buf_2)
     1    0.03    0.17    0.23    5.88 ^ output19/X (sky130_fd_sc_hd__buf_2)
                                         prod[11] (net)
                  0.17    0.00    5.88 ^ prod[11] (out)
                                  5.88   data arrival time

                  0.00   10.00   10.00   clock clk (rise edge)
                          0.00   10.00   clock network delay (ideal)
                         -0.25    9.75   clock uncertainty
                          0.00    9.75   clock reconvergence pessimism
                         -2.00    7.75   output external delay
                                  7.75   data required time
-----------------------------------------------------------------------------
                                  7.75   data required time
                                 -5.88   data arrival time
-----------------------------------------------------------------------------
                                  1.87   slack (MET)


Startpoint: a[3] (input port clocked by clk)
Endpoint: prod[10] (output port clocked by clk)
Path Group: clk
Path Type: max

Fanout     Cap    Slew   Delay    Time   Description
-----------------------------------------------------------------------------
                  0.00    0.00    0.00   clock clk (rise edge)
                          0.00    0.00   clock network delay (ideal)
                          2.00    2.00 v input external delay
     1    0.01    0.02    0.01    2.01 v a[3] (in)
                                         a[3] (net)
                  0.02    0.00    2.01 v input4/A (sky130_fd_sc_hd__buf_6)
     3    0.01    0.03    0.11    2.12 v input4/X (sky130_fd_sc_hd__buf_6)
                                         net4 (net)
                  0.03    0.00    2.12 v _523_/A (sky130_fd_sc_hd__clkbuf_4)
    10    0.03    0.08    0.18    2.30 v _523_/X (sky130_fd_sc_hd__clkbuf_4)
                                         _272_ (net)
                  0.08    0.00    2.30 v _562_/A2 (sky130_fd_sc_hd__a22o_1)
     2    0.01    0.05    0.27    2.57 v _562_/X (sky130_fd_sc_hd__a22o_1)
                                         _311_ (net)
                  0.05    0.00    2.57 v _564_/B (sky130_fd_sc_hd__and3_1)
     4    0.01    0.07    0.21    2.78 v _564_/X (sky130_fd_sc_hd__and3_1)
                                         _313_ (net)
                  0.07    0.00    2.78 v _566_/B (sky130_fd_sc_hd__or3_4)
     2    0.01    0.07    0.39    3.17 v _566_/X (sky130_fd_sc_hd__or3_4)
                                         _001_ (net)
                  0.07    0.00    3.17 v _568_/B (sky130_fd_sc_hd__and2_4)
     2    0.01    0.03    0.18    3.34 v _568_/X (sky130_fd_sc_hd__and2_4)
                                         _003_ (net)
                  0.03    0.00    3.34 v _592_/A2 (sky130_fd_sc_hd__a21bo_1)
     2    0.01    0.05    0.21    3.55 v _592_/X (sky130_fd_sc_hd__a21bo_1)
                                         _027_ (net)
                  0.05    0.00    3.55 v rebuffer17/A (sky130_fd_sc_hd__clkbuf_1)
     1    0.00    0.04    0.10    3.65 v rebuffer17/X (sky130_fd_sc_hd__clkbuf_1)
                                         net49 (net)
                  0.04    0.00    3.65 v _596_/A (sky130_fd_sc_hd__xor2_1)
     2    0.01    0.22    0.24    3.89 ^ _596_/X (sky130_fd_sc_hd__xor2_1)
                                         _031_ (net)
                  0.22    0.00    3.89 ^ _597_/B (sky130_fd_sc_hd__xor2_1)
     2    0.01    0.22    0.26    4.15 ^ _597_/X (sky130_fd_sc_hd__xor2_1)
                                         _032_ (net)
                  0.22    0.00    4.15 ^ _618_/A2 (sky130_fd_sc_hd__a21o_1)
     2    0.02    0.14    0.23    4.38 ^ _618_/X (sky130_fd_sc_hd__a21o_1)
                                         _053_ (net)
                  0.14    0.00    4.38 ^ _328_/A1 (sky130_fd_sc_hd__a21oi_2)
     2    0.01    0.06    0.09    4.47 v _328_/Y (sky130_fd_sc_hd__a21oi_2)
                                         _093_ (net)
                  0.06    0.00    4.47 v _371_/B (sky130_fd_sc_hd__and2b_1)
     2    0.01    0.06    0.20    4.66 v _371_/X (sky130_fd_sc_hd__and2b_1)
                                         _136_ (net)
                  0.06    0.00    4.66 v _406_/A (sky130_fd_sc_hd__and2_1)
     2    0.01    0.06    0.17    4.84 v _406_/X (sky130_fd_sc_hd__and2_1)
                                         _171_ (net)
                  0.06    0.00    4.84 v _413_/A (sky130_fd_sc_hd__xor2_1)
     2    0.01    0.19    0.22    5.06 ^ _413_/X (sky130_fd_sc_hd__xor2_1)
                                         _178_ (net)
                  0.19    0.00    5.06 ^ _414_/B (sky130_fd_sc_hd__xor2_1)
     2    0.01    0.21    0.25    5.31 ^ _414_/X (sky130_fd_sc_hd__xor2_1)
                                         _179_ (net)
                  0.21    0.00    5.31 ^ _415_/B (sky130_fd_sc_hd__xor2_1)
     1    0.00    0.12    0.18    5.49 ^ _415_/X (sky130_fd_sc_hd__xor2_1)
                                         net18 (net)
                  0.12    0.00    5.49 ^ output18/A (sky130_fd_sc_hd__clkbuf_4)
     1    0.03    0.11    0.22    5.71 ^ output18/X (sky130_fd_sc_hd__clkbuf_4)
                                         prod[10] (net)
                  0.11    0.00    5.71 ^ prod[10] (out)
                                  5.71   data arrival time

                  0.00   10.00   10.00   clock clk (rise edge)
                          0.00   10.00   clock network delay (ideal)
                         -0.25    9.75   clock uncertainty
                          0.00    9.75   clock reconvergence pessimism
                         -2.00    7.75   output external delay
                                  7.75   data required time
-----------------------------------------------------------------------------
                                  7.75   data required time
                                 -5.71   data arrival time
-----------------------------------------------------------------------------
                                  2.04   slack (MET)


Startpoint: a[3] (input port clocked by clk)
Endpoint: prod[9] (output port clocked by clk)
Path Group: clk
Path Type: max

Fanout     Cap    Slew   Delay    Time   Description
-----------------------------------------------------------------------------
                  0.00    0.00    0.00   clock clk (rise edge)
                          0.00    0.00   clock network delay (ideal)
                          2.00    2.00 v input external delay
     1    0.01    0.02    0.01    2.01 v a[3] (in)
                                         a[3] (net)
                  0.02    0.00    2.01 v input4/A (sky130_fd_sc_hd__buf_6)
     3    0.01    0.03    0.11    2.12 v input4/X (sky130_fd_sc_hd__buf_6)
                                         net4 (net)
                  0.03    0.00    2.12 v _523_/A (sky130_fd_sc_hd__clkbuf_4)
    10    0.03    0.08    0.18    2.30 v _523_/X (sky130_fd_sc_hd__clkbuf_4)
                                         _272_ (net)
                  0.08    0.00    2.30 v _562_/A2 (sky130_fd_sc_hd__a22o_1)
     2    0.01    0.05    0.27    2.57 v _562_/X (sky130_fd_sc_hd__a22o_1)
                                         _311_ (net)
                  0.05    0.00    2.57 v _564_/B (sky130_fd_sc_hd__and3_1)
     4    0.01    0.07    0.21    2.78 v _564_/X (sky130_fd_sc_hd__and3_1)
                                         _313_ (net)
                  0.07    0.00    2.78 v _566_/B (sky130_fd_sc_hd__or3_4)
     2    0.01    0.07    0.39    3.17 v _566_/X (sky130_fd_sc_hd__or3_4)
                                         _001_ (net)
                  0.07    0.00    3.17 v _568_/B (sky130_fd_sc_hd__and2_4)
     2    0.01    0.03    0.18    3.34 v _568_/X (sky130_fd_sc_hd__and2_4)
                                         _003_ (net)
                  0.03    0.00    3.34 v _592_/A2 (sky130_fd_sc_hd__a21bo_1)
     2    0.01    0.05    0.21    3.55 v _592_/X (sky130_fd_sc_hd__a21bo_1)
                                         _027_ (net)
                  0.05    0.00    3.55 v rebuffer17/A (sky130_fd_sc_hd__clkbuf_1)
     1    0.00    0.04    0.10    3.65 v rebuffer17/X (sky130_fd_sc_hd__clkbuf_1)
                                         net49 (net)
                  0.04    0.00    3.65 v _596_/A (sky130_fd_sc_hd__xor2_1)
     2    0.01    0.22    0.24    3.89 ^ _596_/X (sky130_fd_sc_hd__xor2_1)
                                         _031_ (net)
                  0.22    0.00    3.89 ^ _597_/B (sky130_fd_sc_hd__xor2_1)
     2    0.01    0.22    0.26    4.15 ^ _597_/X (sky130_fd_sc_hd__xor2_1)
                                         _032_ (net)
                  0.22    0.00    4.15 ^ _618_/A2 (sky130_fd_sc_hd__a21o_1)
     2    0.02    0.14    0.23    4.38 ^ _618_/X (sky130_fd_sc_hd__a21o_1)
                                         _053_ (net)
                  0.14    0.00    4.38 ^ _328_/A1 (sky130_fd_sc_hd__a21oi_2)
     2    0.01    0.06    0.09    4.47 v _328_/Y (sky130_fd_sc_hd__a21oi_2)
                                         _093_ (net)
                  0.06    0.00    4.47 v _371_/B (sky130_fd_sc_hd__and2b_1)
     2    0.01    0.06    0.20    4.66 v _371_/X (sky130_fd_sc_hd__and2b_1)
                                         _136_ (net)
                  0.06    0.00    4.66 v _384_/A (sky130_fd_sc_hd__xnor2_2)
     2    0.01    0.16    0.19    4.86 ^ _384_/Y (sky130_fd_sc_hd__xnor2_2)
                                         _149_ (net)
                  0.16    0.00    4.86 ^ _385_/B (sky130_fd_sc_hd__xor2_1)
     2    0.01    0.23    0.26    5.12 ^ _385_/X (sky130_fd_sc_hd__xor2_1)
                                         _150_ (net)
                  0.23    0.00    5.12 ^ _493_/B (sky130_fd_sc_hd__xor2_1)
     1    0.00    0.12    0.18    5.30 ^ _493_/X (sky130_fd_sc_hd__xor2_1)
                                         net32 (net)
                  0.12    0.00    5.30 ^ output32/A (sky130_fd_sc_hd__clkbuf_4)
     1    0.04    0.12    0.23    5.53 ^ output32/X (sky130_fd_sc_hd__clkbuf_4)
                                         prod[9] (net)
                  0.12    0.00    5.54 ^ prod[9] (out)
                                  5.54   data arrival time

                  0.00   10.00   10.00   clock clk (rise edge)
                          0.00   10.00   clock network delay (ideal)
                         -0.25    9.75   clock uncertainty
                          0.00    9.75   clock reconvergence pessimism
                         -2.00    7.75   output external delay
                                  7.75   data required time
-----------------------------------------------------------------------------
                                  7.75   data required time
                                 -5.54   data arrival time
-----------------------------------------------------------------------------
                                  2.21   slack (MET)


Startpoint: a[3] (input port clocked by clk)
Endpoint: prod[8] (output port clocked by clk)
Path Group: clk
Path Type: max

Fanout     Cap    Slew   Delay    Time   Description
-----------------------------------------------------------------------------
                  0.00    0.00    0.00   clock clk (rise edge)
                          0.00    0.00   clock network delay (ideal)
                          2.00    2.00 v input external delay
     1    0.01    0.02    0.01    2.01 v a[3] (in)
                                         a[3] (net)
                  0.02    0.00    2.01 v input4/A (sky130_fd_sc_hd__buf_6)
     3    0.01    0.03    0.11    2.12 v input4/X (sky130_fd_sc_hd__buf_6)
                                         net4 (net)
                  0.03    0.00    2.12 v _523_/A (sky130_fd_sc_hd__clkbuf_4)
    10    0.03    0.08    0.18    2.30 v _523_/X (sky130_fd_sc_hd__clkbuf_4)
                                         _272_ (net)
                  0.08    0.00    2.30 v _562_/A2 (sky130_fd_sc_hd__a22o_1)
     2    0.01    0.05    0.27    2.57 v _562_/X (sky130_fd_sc_hd__a22o_1)
                                         _311_ (net)
                  0.05    0.00    2.57 v _564_/B (sky130_fd_sc_hd__and3_1)
     4    0.01    0.07    0.21    2.78 v _564_/X (sky130_fd_sc_hd__and3_1)
                                         _313_ (net)
                  0.07    0.00    2.78 v _566_/B (sky130_fd_sc_hd__or3_4)
     2    0.01    0.07    0.39    3.17 v _566_/X (sky130_fd_sc_hd__or3_4)
                                         _001_ (net)
                  0.07    0.00    3.17 v _568_/B (sky130_fd_sc_hd__and2_4)
     2    0.01    0.03    0.18    3.34 v _568_/X (sky130_fd_sc_hd__and2_4)
                                         _003_ (net)
                  0.03    0.00    3.34 v _592_/A2 (sky130_fd_sc_hd__a21bo_1)
     2    0.01    0.05    0.21    3.55 v _592_/X (sky130_fd_sc_hd__a21bo_1)
                                         _027_ (net)
                  0.05    0.00    3.55 v rebuffer17/A (sky130_fd_sc_hd__clkbuf_1)
     1    0.00    0.04    0.10    3.65 v rebuffer17/X (sky130_fd_sc_hd__clkbuf_1)
                                         net49 (net)
                  0.04    0.00    3.65 v _596_/A (sky130_fd_sc_hd__xor2_1)
     2    0.01    0.22    0.24    3.89 ^ _596_/X (sky130_fd_sc_hd__xor2_1)
                                         _031_ (net)
                  0.22    0.00    3.89 ^ _597_/B (sky130_fd_sc_hd__xor2_1)
     2    0.01    0.22    0.26    4.15 ^ _597_/X (sky130_fd_sc_hd__xor2_1)
                                         _032_ (net)
                  0.22    0.00    4.15 ^ _598_/B (sky130_fd_sc_hd__xor2_1)
     2    0.01    0.18    0.23    4.38 ^ _598_/X (sky130_fd_sc_hd__xor2_1)
                                         _033_ (net)
                  0.18    0.00    4.38 ^ _599_/B (sky130_fd_sc_hd__xor2_1)
     2    0.01    0.20    0.24    4.62 ^ _599_/X (sky130_fd_sc_hd__xor2_1)
                                         _034_ (net)
                  0.20    0.00    4.62 ^ _601_/A2 (sky130_fd_sc_hd__a21o_1)
     2    0.01    0.09    0.19    4.81 ^ _601_/X (sky130_fd_sc_hd__a21o_1)
                                         _036_ (net)
                  0.09    0.00    4.81 ^ _640_/A1 (sky130_fd_sc_hd__a21o_1)
     2    0.01    0.09    0.16    4.97 ^ _640_/X (sky130_fd_sc_hd__a21o_1)
                                         _075_ (net)
                  0.09    0.00    4.97 ^ _492_/A (sky130_fd_sc_hd__xor2_1)
     1    0.00    0.10    0.14    5.11 ^ _492_/X (sky130_fd_sc_hd__xor2_1)
                                         net31 (net)
                  0.10    0.00    5.11 ^ output31/A (sky130_fd_sc_hd__buf_2)
     1    0.03    0.17    0.23    5.34 ^ output31/X (sky130_fd_sc_hd__buf_2)
                                         prod[8] (net)
                  0.17    0.00    5.34 ^ prod[8] (out)
                                  5.34   data arrival time

                  0.00   10.00   10.00   clock clk (rise edge)
                          0.00   10.00   clock network delay (ideal)
                         -0.25    9.75   clock uncertainty
                          0.00    9.75   clock reconvergence pessimism
                         -2.00    7.75   output external delay
                                  7.75   data required time
-----------------------------------------------------------------------------
                                  7.75   data required time
                                 -5.34   data arrival time
-----------------------------------------------------------------------------
                                  2.41   slack (MET)


Startpoint: a[3] (input port clocked by clk)
Endpoint: prod[7] (output port clocked by clk)
Path Group: clk
Path Type: max

Fanout     Cap    Slew   Delay    Time   Description
-----------------------------------------------------------------------------
                  0.00    0.00    0.00   clock clk (rise edge)
                          0.00    0.00   clock network delay (ideal)
                          2.00    2.00 v input external delay
     1    0.01    0.02    0.01    2.01 v a[3] (in)
                                         a[3] (net)
                  0.02    0.00    2.01 v input4/A (sky130_fd_sc_hd__buf_6)
     3    0.01    0.03    0.11    2.12 v input4/X (sky130_fd_sc_hd__buf_6)
                                         net4 (net)
                  0.03    0.00    2.12 v _523_/A (sky130_fd_sc_hd__clkbuf_4)
    10    0.03    0.08    0.18    2.30 v _523_/X (sky130_fd_sc_hd__clkbuf_4)
                                         _272_ (net)
                  0.08    0.00    2.30 v _562_/A2 (sky130_fd_sc_hd__a22o_1)
     2    0.01    0.05    0.27    2.57 v _562_/X (sky130_fd_sc_hd__a22o_1)
                                         _311_ (net)
                  0.05    0.00    2.57 v _564_/B (sky130_fd_sc_hd__and3_1)
     4    0.01    0.07    0.21    2.78 v _564_/X (sky130_fd_sc_hd__and3_1)
                                         _313_ (net)
                  0.07    0.00    2.78 v _566_/B (sky130_fd_sc_hd__or3_4)
     2    0.01    0.07    0.39    3.17 v _566_/X (sky130_fd_sc_hd__or3_4)
                                         _001_ (net)
                  0.07    0.00    3.17 v _568_/B (sky130_fd_sc_hd__and2_4)
     2    0.01    0.03    0.18    3.34 v _568_/X (sky130_fd_sc_hd__and2_4)
                                         _003_ (net)
                  0.03    0.00    3.34 v _592_/A2 (sky130_fd_sc_hd__a21bo_1)
     2    0.01    0.05    0.21    3.55 v _592_/X (sky130_fd_sc_hd__a21bo_1)
                                         _027_ (net)
                  0.05    0.00    3.55 v rebuffer17/A (sky130_fd_sc_hd__clkbuf_1)
     1    0.00    0.04    0.10    3.65 v rebuffer17/X (sky130_fd_sc_hd__clkbuf_1)
                                         net49 (net)
                  0.04    0.00    3.65 v _596_/A (sky130_fd_sc_hd__xor2_1)
     2    0.01    0.22    0.24    3.89 ^ _596_/X (sky130_fd_sc_hd__xor2_1)
                                         _031_ (net)
                  0.22    0.00    3.89 ^ _597_/B (sky130_fd_sc_hd__xor2_1)
     2    0.01    0.22    0.26    4.15 ^ _597_/X (sky130_fd_sc_hd__xor2_1)
                                         _032_ (net)
                  0.22    0.00    4.15 ^ _598_/B (sky130_fd_sc_hd__xor2_1)
     2    0.01    0.18    0.23    4.38 ^ _598_/X (sky130_fd_sc_hd__xor2_1)
                                         _033_ (net)
                  0.18    0.00    4.38 ^ _599_/B (sky130_fd_sc_hd__xor2_1)
     2    0.01    0.20    0.24    4.62 ^ _599_/X (sky130_fd_sc_hd__xor2_1)
                                         _034_ (net)
                  0.20    0.00    4.62 ^ _601_/A2 (sky130_fd_sc_hd__a21o_1)
     2    0.01    0.09    0.19    4.81 ^ _601_/X (sky130_fd_sc_hd__a21o_1)
                                         _036_ (net)
                  0.09    0.00    4.81 ^ _491_/A (sky130_fd_sc_hd__xor2_1)
     1    0.00    0.12    0.15    4.96 ^ _491_/X (sky130_fd_sc_hd__xor2_1)
                                         net30 (net)
                  0.12    0.00    4.96 ^ output30/A (sky130_fd_sc_hd__clkbuf_4)
     1    0.04    0.12    0.23    5.19 ^ output30/X (sky130_fd_sc_hd__clkbuf_4)
                                         prod[7] (net)
                  0.12    0.00    5.19 ^ prod[7] (out)
                                  5.19   data arrival time

                  0.00   10.00   10.00   clock clk (rise edge)
                          0.00   10.00   clock network delay (ideal)
                         -0.25    9.75   clock uncertainty
                          0.00    9.75   clock reconvergence pessimism
                         -2.00    7.75   output external delay
                                  7.75   data required time
-----------------------------------------------------------------------------
                                  7.75   data required time
                                 -5.19   data arrival time
-----------------------------------------------------------------------------
                                  2.56   slack (MET)


Startpoint: a[3] (input port clocked by clk)
Endpoint: prod[6] (output port clocked by clk)
Path Group: clk
Path Type: max

Fanout     Cap    Slew   Delay    Time   Description
-----------------------------------------------------------------------------
                  0.00    0.00    0.00   clock clk (rise edge)
                          0.00    0.00   clock network delay (ideal)
                          2.00    2.00 v input external delay
     1    0.01    0.02    0.01    2.01 v a[3] (in)
                                         a[3] (net)
                  0.02    0.00    2.01 v input4/A (sky130_fd_sc_hd__buf_6)
     3    0.01    0.03    0.11    2.12 v input4/X (sky130_fd_sc_hd__buf_6)
                                         net4 (net)
                  0.03    0.00    2.12 v _523_/A (sky130_fd_sc_hd__clkbuf_4)
    10    0.03    0.08    0.18    2.30 v _523_/X (sky130_fd_sc_hd__clkbuf_4)
                                         _272_ (net)
                  0.08    0.00    2.30 v _562_/A2 (sky130_fd_sc_hd__a22o_1)
     2    0.01    0.05    0.27    2.57 v _562_/X (sky130_fd_sc_hd__a22o_1)
                                         _311_ (net)
                  0.05    0.00    2.57 v _564_/B (sky130_fd_sc_hd__and3_1)
     4    0.01    0.07    0.21    2.78 v _564_/X (sky130_fd_sc_hd__and3_1)
                                         _313_ (net)
                  0.07    0.00    2.78 v _566_/B (sky130_fd_sc_hd__or3_4)
     2    0.01    0.07    0.39    3.17 v _566_/X (sky130_fd_sc_hd__or3_4)
                                         _001_ (net)
                  0.07    0.00    3.17 v _568_/B (sky130_fd_sc_hd__and2_4)
     2    0.01    0.03    0.18    3.34 v _568_/X (sky130_fd_sc_hd__and2_4)
                                         _003_ (net)
                  0.03    0.00    3.34 v _592_/A2 (sky130_fd_sc_hd__a21bo_1)
     2    0.01    0.05    0.21    3.55 v _592_/X (sky130_fd_sc_hd__a21bo_1)
                                         _027_ (net)
                  0.05    0.00    3.55 v rebuffer17/A (sky130_fd_sc_hd__clkbuf_1)
     1    0.00    0.04    0.10    3.65 v rebuffer17/X (sky130_fd_sc_hd__clkbuf_1)
                                         net49 (net)
                  0.04    0.00    3.65 v _596_/A (sky130_fd_sc_hd__xor2_1)
     2    0.01    0.22    0.24    3.89 ^ _596_/X (sky130_fd_sc_hd__xor2_1)
                                         _031_ (net)
                  0.22    0.00    3.89 ^ _597_/B (sky130_fd_sc_hd__xor2_1)
     2    0.01    0.22    0.26    4.15 ^ _597_/X (sky130_fd_sc_hd__xor2_1)
                                         _032_ (net)
                  0.22    0.00    4.15 ^ _598_/B (sky130_fd_sc_hd__xor2_1)
     2    0.01    0.18    0.23    4.38 ^ _598_/X (sky130_fd_sc_hd__xor2_1)
                                         _033_ (net)
                  0.18    0.00    4.38 ^ _599_/B (sky130_fd_sc_hd__xor2_1)
     2    0.01    0.20    0.24    4.62 ^ _599_/X (sky130_fd_sc_hd__xor2_1)
                                         _034_ (net)
                  0.20    0.00    4.62 ^ _490_/B (sky130_fd_sc_hd__xor2_1)
     1    0.00    0.11    0.17    4.78 ^ _490_/X (sky130_fd_sc_hd__xor2_1)
                                         net29 (net)
                  0.11    0.00    4.78 ^ output29/A (sky130_fd_sc_hd__buf_2)
     1    0.03    0.17    0.23    5.02 ^ output29/X (sky130_fd_sc_hd__buf_2)
                                         prod[6] (net)
                  0.17    0.00    5.02 ^ prod[6] (out)
                                  5.02   data arrival time

                  0.00   10.00   10.00   clock clk (rise edge)
                          0.00   10.00   clock network delay (ideal)
                         -0.25    9.75   clock uncertainty
                          0.00    9.75   clock reconvergence pessimism
                         -2.00    7.75   output external delay
                                  7.75   data required time
-----------------------------------------------------------------------------
                                  7.75   data required time
                                 -5.02   data arrival time
-----------------------------------------------------------------------------
                                  2.73   slack (MET)


Startpoint: a[3] (input port clocked by clk)
Endpoint: prod[5] (output port clocked by clk)
Path Group: clk
Path Type: max

Fanout     Cap    Slew   Delay    Time   Description
-----------------------------------------------------------------------------
                  0.00    0.00    0.00   clock clk (rise edge)
                          0.00    0.00   clock network delay (ideal)
                          2.00    2.00 ^ input external delay
     1    0.01    0.04    0.02    2.02 ^ a[3] (in)
                                         a[3] (net)
                  0.04    0.00    2.02 ^ input4/A (sky130_fd_sc_hd__buf_6)
     3    0.01    0.04    0.09    2.12 ^ input4/X (sky130_fd_sc_hd__buf_6)
                                         net4 (net)
                  0.04    0.00    2.12 ^ _523_/A (sky130_fd_sc_hd__clkbuf_4)
    10    0.04    0.12    0.19    2.31 ^ _523_/X (sky130_fd_sc_hd__clkbuf_4)
                                         _272_ (net)
                  0.12    0.00    2.31 ^ _524_/D (sky130_fd_sc_hd__nand4_2)
     4    0.01    0.11    0.15    2.46 v _524_/Y (sky130_fd_sc_hd__nand4_2)
                                         _273_ (net)
                  0.11    0.00    2.46 v _535_/A (sky130_fd_sc_hd__and3_1)
     2    0.01    0.05    0.19    2.66 v _535_/X (sky130_fd_sc_hd__and3_1)
                                         _284_ (net)
                  0.05    0.00    2.66 v rebuffer15/A (sky130_fd_sc_hd__clkbuf_1)
     1    0.01    0.04    0.11    2.77 v rebuffer15/X (sky130_fd_sc_hd__clkbuf_1)
                                         net47 (net)
                  0.04    0.00    2.77 v _537_/A (sky130_fd_sc_hd__xnor2_1)
     3    0.01    0.23    0.24    3.01 ^ _537_/Y (sky130_fd_sc_hd__xnor2_1)
                                         _286_ (net)
                  0.23    0.00    3.01 ^ rebuffer16/A (sky130_fd_sc_hd__clkbuf_1)
     1    0.01    0.08    0.15    3.16 ^ rebuffer16/X (sky130_fd_sc_hd__clkbuf_1)
                                         net48 (net)
                  0.08    0.00    3.16 ^ _538_/B (sky130_fd_sc_hd__xnor2_1)
     1    0.01    0.16    0.14    3.30 ^ _538_/Y (sky130_fd_sc_hd__xnor2_1)
                                         _287_ (net)
                  0.16    0.00    3.30 ^ _539_/B (sky130_fd_sc_hd__xnor2_1)
     2    0.01    0.18    0.17    3.47 ^ _539_/Y (sky130_fd_sc_hd__xnor2_1)
                                         _288_ (net)
                  0.18    0.00    3.47 ^ _540_/C (sky130_fd_sc_hd__and3_1)
     2    0.01    0.10    0.23    3.71 ^ _540_/X (sky130_fd_sc_hd__and3_1)
                                         _289_ (net)
                  0.10    0.00    3.71 ^ _549_/A (sky130_fd_sc_hd__inv_2)
     2    0.01    0.03    0.05    3.76 v _549_/Y (sky130_fd_sc_hd__inv_2)
                                         _298_ (net)
                  0.03    0.00    3.76 v _571_/A (sky130_fd_sc_hd__xnor2_1)
     2    0.01    0.23    0.24    3.99 ^ _571_/Y (sky130_fd_sc_hd__xnor2_1)
                                         _006_ (net)
                  0.23    0.00    3.99 ^ _572_/B (sky130_fd_sc_hd__xnor2_1)
     2    0.01    0.23    0.20    4.19 ^ _572_/Y (sky130_fd_sc_hd__xnor2_1)
                                         _007_ (net)
                  0.23    0.00    4.19 ^ _489_/B (sky130_fd_sc_hd__xnor2_1)
     1    0.00    0.14    0.16    4.36 ^ _489_/Y (sky130_fd_sc_hd__xnor2_1)
                                         net28 (net)
                  0.14    0.00    4.36 ^ output28/A (sky130_fd_sc_hd__clkbuf_4)
     1    0.03    0.11    0.23    4.59 ^ output28/X (sky130_fd_sc_hd__clkbuf_4)
                                         prod[5] (net)
                  0.11    0.00    4.59 ^ prod[5] (out)
                                  4.59   data arrival time

                  0.00   10.00   10.00   clock clk (rise edge)
                          0.00   10.00   clock network delay (ideal)
                         -0.25    9.75   clock uncertainty
                          0.00    9.75   clock reconvergence pessimism
                         -2.00    7.75   output external delay
                                  7.75   data required time
-----------------------------------------------------------------------------
                                  7.75   data required time
                                 -4.59   data arrival time
-----------------------------------------------------------------------------
                                  3.16   slack (MET)


Startpoint: a[3] (input port clocked by clk)
Endpoint: prod[4] (output port clocked by clk)
Path Group: clk
Path Type: max

Fanout     Cap    Slew   Delay    Time   Description
-----------------------------------------------------------------------------
                  0.00    0.00    0.00   clock clk (rise edge)
                          0.00    0.00   clock network delay (ideal)
                          2.00    2.00 ^ input external delay
     1    0.01    0.04    0.02    2.02 ^ a[3] (in)
                                         a[3] (net)
                  0.04    0.00    2.02 ^ input4/A (sky130_fd_sc_hd__buf_6)
     3    0.01    0.04    0.09    2.12 ^ input4/X (sky130_fd_sc_hd__buf_6)
                                         net4 (net)
                  0.04    0.00    2.12 ^ _523_/A (sky130_fd_sc_hd__clkbuf_4)
    10    0.04    0.12    0.19    2.31 ^ _523_/X (sky130_fd_sc_hd__clkbuf_4)
                                         _272_ (net)
                  0.12    0.00    2.31 ^ _524_/D (sky130_fd_sc_hd__nand4_2)
     4    0.01    0.11    0.15    2.46 v _524_/Y (sky130_fd_sc_hd__nand4_2)
                                         _273_ (net)
                  0.11    0.00    2.46 v _535_/A (sky130_fd_sc_hd__and3_1)
     2    0.01    0.05    0.19    2.66 v _535_/X (sky130_fd_sc_hd__and3_1)
                                         _284_ (net)
                  0.05    0.00    2.66 v rebuffer15/A (sky130_fd_sc_hd__clkbuf_1)
     1    0.01    0.04    0.11    2.77 v rebuffer15/X (sky130_fd_sc_hd__clkbuf_1)
                                         net47 (net)
                  0.04    0.00    2.77 v _537_/A (sky130_fd_sc_hd__xnor2_1)
     3    0.01    0.23    0.24    3.01 ^ _537_/Y (sky130_fd_sc_hd__xnor2_1)
                                         _286_ (net)
                  0.23    0.00    3.01 ^ rebuffer16/A (sky130_fd_sc_hd__clkbuf_1)
     1    0.01    0.08    0.15    3.16 ^ rebuffer16/X (sky130_fd_sc_hd__clkbuf_1)
                                         net48 (net)
                  0.08    0.00    3.16 ^ _538_/B (sky130_fd_sc_hd__xnor2_1)
     1    0.01    0.16    0.14    3.30 ^ _538_/Y (sky130_fd_sc_hd__xnor2_1)
                                         _287_ (net)
                  0.16    0.00    3.30 ^ _539_/B (sky130_fd_sc_hd__xnor2_1)
     2    0.01    0.18    0.17    3.47 ^ _539_/Y (sky130_fd_sc_hd__xnor2_1)
                                         _288_ (net)
                  0.18    0.00    3.47 ^ _540_/C (sky130_fd_sc_hd__and3_1)
     2    0.01    0.10    0.23    3.71 ^ _540_/X (sky130_fd_sc_hd__and3_1)
                                         _289_ (net)
                  0.10    0.00    3.71 ^ _542_/A (sky130_fd_sc_hd__nor2_1)
     2    0.00    0.04    0.07    3.77 v _542_/Y (sky130_fd_sc_hd__nor2_1)
                                         _291_ (net)
                  0.04    0.00    3.77 v _543_/C (sky130_fd_sc_hd__and3_1)
     3    0.01    0.08    0.23    4.01 v _543_/X (sky130_fd_sc_hd__and3_1)
                                         _292_ (net)
                  0.08    0.00    4.01 v _495_/A (sky130_fd_sc_hd__nor2_1)
     1    0.00    0.08    0.12    4.13 ^ _495_/Y (sky130_fd_sc_hd__nor2_1)
                                         net27 (net)
                  0.08    0.00    4.13 ^ output27/A (sky130_fd_sc_hd__clkbuf_4)
     1    0.03    0.11    0.21    4.34 ^ output27/X (sky130_fd_sc_hd__clkbuf_4)
                                         prod[4] (net)
                  0.11    0.00    4.34 ^ prod[4] (out)
                                  4.34   data arrival time

                  0.00   10.00   10.00   clock clk (rise edge)
                          0.00   10.00   clock network delay (ideal)
                         -0.25    9.75   clock uncertainty
                          0.00    9.75   clock reconvergence pessimism
                         -2.00    7.75   output external delay
                                  7.75   data required time
-----------------------------------------------------------------------------
                                  7.75   data required time
                                 -4.34   data arrival time
-----------------------------------------------------------------------------
                                  3.41   slack (MET)


Startpoint: a[3] (input port clocked by clk)
Endpoint: prod[3] (output port clocked by clk)
Path Group: clk
Path Type: max

Fanout     Cap    Slew   Delay    Time   Description
-----------------------------------------------------------------------------
                  0.00    0.00    0.00   clock clk (rise edge)
                          0.00    0.00   clock network delay (ideal)
                          2.00    2.00 ^ input external delay
     1    0.01    0.04    0.02    2.02 ^ a[3] (in)
                                         a[3] (net)
                  0.04    0.00    2.02 ^ input4/A (sky130_fd_sc_hd__buf_6)
     3    0.01    0.04    0.09    2.12 ^ input4/X (sky130_fd_sc_hd__buf_6)
                                         net4 (net)
                  0.04    0.00    2.12 ^ _523_/A (sky130_fd_sc_hd__clkbuf_4)
    10    0.04    0.12    0.19    2.31 ^ _523_/X (sky130_fd_sc_hd__clkbuf_4)
                                         _272_ (net)
                  0.12    0.00    2.31 ^ _524_/D (sky130_fd_sc_hd__nand4_2)
     4    0.01    0.11    0.15    2.46 v _524_/Y (sky130_fd_sc_hd__nand4_2)
                                         _273_ (net)
                  0.11    0.00    2.46 v _527_/A1 (sky130_fd_sc_hd__a21o_1)
     2    0.01    0.05    0.20    2.67 v _527_/X (sky130_fd_sc_hd__a21o_1)
                                         _276_ (net)
                  0.05    0.00    2.67 v _530_/D (sky130_fd_sc_hd__and4_1)
     2    0.01    0.05    0.22    2.89 v _530_/X (sky130_fd_sc_hd__and4_1)
                                         _279_ (net)
                  0.05    0.00    2.89 v _496_/A (sky130_fd_sc_hd__or2b_1)
     1    0.00    0.06    0.24    3.13 v _496_/X (sky130_fd_sc_hd__or2b_1)
                                         _252_ (net)
                  0.06    0.00    3.13 v _497_/B (sky130_fd_sc_hd__xnor2_1)
     1    0.00    0.14    0.15    3.28 ^ _497_/Y (sky130_fd_sc_hd__xnor2_1)
                                         net26 (net)
                  0.14    0.00    3.28 ^ output26/A (sky130_fd_sc_hd__clkbuf_4)
     1    0.03    0.11    0.23    3.51 ^ output26/X (sky130_fd_sc_hd__clkbuf_4)
                                         prod[3] (net)
                  0.11    0.00    3.51 ^ prod[3] (out)
                                  3.51   data arrival time

                  0.00   10.00   10.00   clock clk (rise edge)
                          0.00   10.00   clock network delay (ideal)
                         -0.25    9.75   clock uncertainty
                          0.00    9.75   clock reconvergence pessimism
                         -2.00    7.75   output external delay
                                  7.75   data required time
-----------------------------------------------------------------------------
                                  7.75   data required time
                                 -3.51   data arrival time
-----------------------------------------------------------------------------
                                  4.24   slack (MET)


Startpoint: b[1] (input port clocked by clk)
Endpoint: prod[2] (output port clocked by clk)
Path Group: clk
Path Type: max

Fanout     Cap    Slew   Delay    Time   Description
-----------------------------------------------------------------------------
                  0.00    0.00    0.00   clock clk (rise edge)
                          0.00    0.00   clock network delay (ideal)
                          2.00    2.00 ^ input external delay
     1    0.00    0.02    0.01    2.01 ^ b[1] (in)
                                         b[1] (net)
                  0.02    0.00    2.01 ^ input10/A (sky130_fd_sc_hd__buf_4)
     4    0.01    0.05    0.11    2.12 ^ input10/X (sky130_fd_sc_hd__buf_4)
                                         net10 (net)
                  0.05    0.00    2.12 ^ _500_/A (sky130_fd_sc_hd__buf_6)
     8    0.03    0.06    0.12    2.25 ^ _500_/X (sky130_fd_sc_hd__buf_6)
                                         _247_ (net)
                  0.06    0.00    2.25 ^ _501_/A (sky130_fd_sc_hd__nand2_1)
     2    0.01    0.05    0.07    2.32 v _501_/Y (sky130_fd_sc_hd__nand2_1)
                                         _251_ (net)
                  0.05    0.00    2.32 v _509_/A (sky130_fd_sc_hd__or3b_4)
     2    0.01    0.07    0.41    2.73 v _509_/X (sky130_fd_sc_hd__or3b_4)
                                         _259_ (net)
                  0.07    0.00    2.73 v _514_/A (sky130_fd_sc_hd__and3_1)
     3    0.01    0.05    0.17    2.91 v _514_/X (sky130_fd_sc_hd__and3_1)
                                         _264_ (net)
                  0.05    0.00    2.91 v rebuffer7/A (sky130_fd_sc_hd__clkbuf_1)
     1    0.00    0.03    0.10    3.00 v rebuffer7/X (sky130_fd_sc_hd__clkbuf_1)
                                         net39 (net)
                  0.03    0.00    3.00 v _515_/B (sky130_fd_sc_hd__nor2_1)
     1    0.00    0.07    0.07    3.08 ^ _515_/Y (sky130_fd_sc_hd__nor2_1)
                                         net25 (net)
                  0.07    0.00    3.08 ^ output25/A (sky130_fd_sc_hd__clkbuf_4)
     1    0.03    0.11    0.20    3.28 ^ output25/X (sky130_fd_sc_hd__clkbuf_4)
                                         prod[2] (net)
                  0.11    0.00    3.28 ^ prod[2] (out)
                                  3.28   data arrival time

                  0.00   10.00   10.00   clock clk (rise edge)
                          0.00   10.00   clock network delay (ideal)
                         -0.25    9.75   clock uncertainty
                          0.00    9.75   clock reconvergence pessimism
                         -2.00    7.75   output external delay
                                  7.75   data required time
-----------------------------------------------------------------------------
                                  7.75   data required time
                                 -3.28   data arrival time
-----------------------------------------------------------------------------
                                  4.47   slack (MET)


Startpoint: a[1] (input port clocked by clk)
Endpoint: prod[1] (output port clocked by clk)
Path Group: clk
Path Type: max

Fanout     Cap    Slew   Delay    Time   Description
-----------------------------------------------------------------------------
                  0.00    0.00    0.00   clock clk (rise edge)
                          0.00    0.00   clock network delay (ideal)
                          2.00    2.00 ^ input external delay
     1    0.00    0.02    0.01    2.01 ^ a[1] (in)
                                         a[1] (net)
                  0.02    0.00    2.01 ^ input2/A (sky130_fd_sc_hd__clkbuf_2)
     4    0.01    0.07    0.13    2.14 ^ input2/X (sky130_fd_sc_hd__clkbuf_2)
                                         net2 (net)
                  0.07    0.00    2.14 ^ _503_/A (sky130_fd_sc_hd__buf_2)
    10    0.03    0.15    0.21    2.35 ^ _503_/X (sky130_fd_sc_hd__buf_2)
                                         _254_ (net)
                  0.15    0.00    2.35 ^ _505_/B1 (sky130_fd_sc_hd__a22o_1)
     1    0.00    0.05    0.16    2.50 ^ _505_/X (sky130_fd_sc_hd__a22o_1)
                                         _256_ (net)
                  0.05    0.00    2.50 ^ _506_/B1 (sky130_fd_sc_hd__o21a_1)
     1    0.00    0.04    0.11    2.62 ^ _506_/X (sky130_fd_sc_hd__o21a_1)
                                         net24 (net)
                  0.04    0.00    2.62 ^ output24/A (sky130_fd_sc_hd__clkbuf_4)
     1    0.03    0.11    0.19    2.81 ^ output24/X (sky130_fd_sc_hd__clkbuf_4)
                                         prod[1] (net)
                  0.11    0.00    2.81 ^ prod[1] (out)
                                  2.81   data arrival time

                  0.00   10.00   10.00   clock clk (rise edge)
                          0.00   10.00   clock network delay (ideal)
                         -0.25    9.75   clock uncertainty
                          0.00    9.75   clock reconvergence pessimism
                         -2.00    7.75   output external delay
                                  7.75   data required time
-----------------------------------------------------------------------------
                                  7.75   data required time
                                 -2.81   data arrival time
-----------------------------------------------------------------------------
                                  4.94   slack (MET)


Startpoint: b[0] (input port clocked by clk)
Endpoint: prod[0] (output port clocked by clk)
Path Group: clk
Path Type: max

Fanout     Cap    Slew   Delay    Time   Description
-----------------------------------------------------------------------------
                  0.00    0.00    0.00   clock clk (rise edge)
                          0.00    0.00   clock network delay (ideal)
                          2.00    2.00 ^ input external delay
     1    0.00    0.02    0.01    2.01 ^ b[0] (in)
                                         b[0] (net)
                  0.02    0.00    2.01 ^ input9/A (sky130_fd_sc_hd__clkbuf_2)
     4    0.01    0.08    0.13    2.14 ^ input9/X (sky130_fd_sc_hd__clkbuf_2)
                                         net9 (net)
                  0.08    0.00    2.14 ^ _498_/B (sky130_fd_sc_hd__nand2_1)
     4    0.01    0.10    0.12    2.26 v _498_/Y (sky130_fd_sc_hd__nand2_1)
                                         _227_ (net)
                  0.10    0.00    2.26 v _499_/A (sky130_fd_sc_hd__inv_2)
     1    0.00    0.03    0.06    2.32 ^ _499_/Y (sky130_fd_sc_hd__inv_2)
                                         net17 (net)
                  0.03    0.00    2.32 ^ output17/A (sky130_fd_sc_hd__clkbuf_4)
     1    0.03    0.11    0.19    2.51 ^ output17/X (sky130_fd_sc_hd__clkbuf_4)
                                         prod[0] (net)
                  0.11    0.00    2.51 ^ prod[0] (out)
                                  2.51   data arrival time

                  0.00   10.00   10.00   clock clk (rise edge)
                          0.00   10.00   clock network delay (ideal)
                         -0.25    9.75   clock uncertainty
                          0.00    9.75   clock reconvergence pessimism
                         -2.00    7.75   output external delay
                                  7.75   data required time
-----------------------------------------------------------------------------
                                  7.75   data required time
                                 -2.51   data arrival time
-----------------------------------------------------------------------------
                                  5.24   slack (MET)



worst slack corner Typical: 1.4416
