
===========================================================================
report_checks -path_delay max (Setup)
============================================================================
======================= Typical Corner ===================================

Startpoint: a[3] (input port clocked by clk)
Endpoint: prod[15] (output port clocked by clk)
Path Group: clk
Path Type: max

Fanout     Cap    Slew   Delay    Time   Description
-----------------------------------------------------------------------------
                  0.00    0.00    0.00   clock clk (rise edge)
                          0.00    0.00   clock network delay (ideal)
                          2.00    2.00 v input external delay
     1    0.00    0.01    0.01    2.01 v a[3] (in)
                                         a[3] (net)
                  0.01    0.00    2.01 v input4/A (sky130_fd_sc_hd__buf_6)
     3    0.01    0.02    0.10    2.11 v input4/X (sky130_fd_sc_hd__buf_6)
                                         net4 (net)
                  0.02    0.00    2.11 v _523_/A (sky130_fd_sc_hd__clkbuf_4)
    10    0.02    0.06    0.16    2.27 v _523_/X (sky130_fd_sc_hd__clkbuf_4)
                                         _272_ (net)
                  0.06    0.00    2.27 v _562_/A2 (sky130_fd_sc_hd__a22o_1)
     2    0.00    0.05    0.25    2.52 v _562_/X (sky130_fd_sc_hd__a22o_1)
                                         _311_ (net)
                  0.05    0.00    2.52 v _564_/B (sky130_fd_sc_hd__and3_1)
     4    0.01    0.06    0.19    2.71 v _564_/X (sky130_fd_sc_hd__and3_1)
                                         _313_ (net)
                  0.06    0.00    2.71 v _566_/B (sky130_fd_sc_hd__or3_4)
     2    0.00    0.06    0.38    3.09 v _566_/X (sky130_fd_sc_hd__or3_4)
                                         _001_ (net)
                  0.06    0.00    3.09 v _568_/B (sky130_fd_sc_hd__and2_4)
     2    0.01    0.03    0.17    3.26 v _568_/X (sky130_fd_sc_hd__and2_4)
                                         _003_ (net)
                  0.03    0.00    3.26 v _592_/A2 (sky130_fd_sc_hd__a21bo_1)
     2    0.00    0.04    0.19    3.46 v _592_/X (sky130_fd_sc_hd__a21bo_1)
                                         _027_ (net)
                  0.04    0.00    3.46 v _620_/B (sky130_fd_sc_hd__and2b_1)
     2    0.00    0.04    0.16    3.62 v _620_/X (sky130_fd_sc_hd__and2b_1)
                                         _055_ (net)
                  0.04    0.00    3.62 v _635_/D (sky130_fd_sc_hd__or4_4)
     2    0.01    0.09    0.44    4.06 v _635_/X (sky130_fd_sc_hd__or4_4)
                                         _070_ (net)
                  0.09    0.00    4.06 v _636_/B_N (sky130_fd_sc_hd__or2b_4)
     1    0.01    0.04    0.23    4.29 ^ _636_/X (sky130_fd_sc_hd__or2b_4)
                                         _071_ (net)
                  0.04    0.00    4.29 ^ _637_/B (sky130_fd_sc_hd__xnor2_2)
     2    0.01    0.06    0.06    4.35 v _637_/Y (sky130_fd_sc_hd__xnor2_2)
                                         _072_ (net)
                  0.06    0.00    4.35 v _638_/B (sky130_fd_sc_hd__xor2_1)
     2    0.01    0.07    0.16    4.52 v _638_/X (sky130_fd_sc_hd__xor2_1)
                                         _073_ (net)
                  0.07    0.00    4.52 v _640_/A2 (sky130_fd_sc_hd__a21o_1)
     2    0.01    0.05    0.21    4.73 v _640_/X (sky130_fd_sc_hd__a21o_1)
                                         _075_ (net)
                  0.05    0.00    4.73 v _348_/A1 (sky130_fd_sc_hd__a21o_1)
     2    0.01    0.05    0.18    4.90 v _348_/X (sky130_fd_sc_hd__a21o_1)
                                         _113_ (net)
                  0.05    0.00    4.90 v _387_/A1 (sky130_fd_sc_hd__a21o_1)
     2    0.01    0.05    0.18    5.08 v _387_/X (sky130_fd_sc_hd__a21o_1)
                                         _152_ (net)
                  0.05    0.00    5.08 v _417_/A1 (sky130_fd_sc_hd__a21o_1)
     2    0.01    0.05    0.18    5.26 v _417_/X (sky130_fd_sc_hd__a21o_1)
                                         _181_ (net)
                  0.05    0.00    5.26 v _443_/A1 (sky130_fd_sc_hd__a21o_1)
     3    0.01    0.06    0.19    5.45 v _443_/X (sky130_fd_sc_hd__a21o_1)
                                         _206_ (net)
                  0.06    0.00    5.45 v _474_/A (sky130_fd_sc_hd__and3_1)
     2    0.01    0.05    0.17    5.62 v _474_/X (sky130_fd_sc_hd__and3_1)
                                         _236_ (net)
                  0.05    0.00    5.62 v _488_/A1 (sky130_fd_sc_hd__a211o_1)
     1    0.00    0.06    0.28    5.89 v _488_/X (sky130_fd_sc_hd__a211o_1)
                                         net23 (net)
                  0.06    0.00    5.89 v output23/A (sky130_fd_sc_hd__buf_6)
     1    0.03    0.04    0.15    6.04 v output23/X (sky130_fd_sc_hd__buf_6)
                                         prod[15] (net)
                  0.04    0.00    6.04 v prod[15] (out)
                                  6.04   data arrival time

                  0.00   10.00   10.00   clock clk (rise edge)
                          0.00   10.00   clock network delay (ideal)
                         -0.25    9.75   clock uncertainty
                          0.00    9.75   clock reconvergence pessimism
                         -2.00    7.75   output external delay
                                  7.75   data required time
-----------------------------------------------------------------------------
                                  7.75   data required time
                                 -6.04   data arrival time
-----------------------------------------------------------------------------
                                  1.71   slack (MET)


Startpoint: a[3] (input port clocked by clk)
Endpoint: prod[14] (output port clocked by clk)
Path Group: clk
Path Type: max

Fanout     Cap    Slew   Delay    Time   Description
-----------------------------------------------------------------------------
                  0.00    0.00    0.00   clock clk (rise edge)
                          0.00    0.00   clock network delay (ideal)
                          2.00    2.00 v input external delay
     1    0.00    0.01    0.01    2.01 v a[3] (in)
                                         a[3] (net)
                  0.01    0.00    2.01 v input4/A (sky130_fd_sc_hd__buf_6)
     3    0.01    0.02    0.10    2.11 v input4/X (sky130_fd_sc_hd__buf_6)
                                         net4 (net)
                  0.02    0.00    2.11 v _523_/A (sky130_fd_sc_hd__clkbuf_4)
    10    0.02    0.06    0.16    2.27 v _523_/X (sky130_fd_sc_hd__clkbuf_4)
                                         _272_ (net)
                  0.06    0.00    2.27 v _562_/A2 (sky130_fd_sc_hd__a22o_1)
     2    0.00    0.05    0.25    2.52 v _562_/X (sky130_fd_sc_hd__a22o_1)
                                         _311_ (net)
                  0.05    0.00    2.52 v _564_/B (sky130_fd_sc_hd__and3_1)
     4    0.01    0.06    0.19    2.71 v _564_/X (sky130_fd_sc_hd__and3_1)
                                         _313_ (net)
                  0.06    0.00    2.71 v _566_/B (sky130_fd_sc_hd__or3_4)
     2    0.00    0.06    0.38    3.09 v _566_/X (sky130_fd_sc_hd__or3_4)
                                         _001_ (net)
                  0.06    0.00    3.09 v _568_/B (sky130_fd_sc_hd__and2_4)
     2    0.01    0.03    0.17    3.26 v _568_/X (sky130_fd_sc_hd__and2_4)
                                         _003_ (net)
                  0.03    0.00    3.26 v _592_/A2 (sky130_fd_sc_hd__a21bo_1)
     2    0.00    0.04    0.19    3.46 v _592_/X (sky130_fd_sc_hd__a21bo_1)
                                         _027_ (net)
                  0.04    0.00    3.46 v _620_/B (sky130_fd_sc_hd__and2b_1)
     2    0.00    0.04    0.16    3.62 v _620_/X (sky130_fd_sc_hd__and2b_1)
                                         _055_ (net)
                  0.04    0.00    3.62 v _635_/D (sky130_fd_sc_hd__or4_4)
     2    0.01    0.09    0.44    4.06 v _635_/X (sky130_fd_sc_hd__or4_4)
                                         _070_ (net)
                  0.09    0.00    4.06 v _636_/B_N (sky130_fd_sc_hd__or2b_4)
     1    0.01    0.04    0.23    4.29 ^ _636_/X (sky130_fd_sc_hd__or2b_4)
                                         _071_ (net)
                  0.04    0.00    4.29 ^ _637_/B (sky130_fd_sc_hd__xnor2_2)
     2    0.01    0.06    0.06    4.35 v _637_/Y (sky130_fd_sc_hd__xnor2_2)
                                         _072_ (net)
                  0.06    0.00    4.35 v _638_/B (sky130_fd_sc_hd__xor2_1)
     2    0.01    0.07    0.16    4.52 v _638_/X (sky130_fd_sc_hd__xor2_1)
                                         _073_ (net)
                  0.07    0.00    4.52 v _640_/A2 (sky130_fd_sc_hd__a21o_1)
     2    0.01    0.05    0.21    4.73 v _640_/X (sky130_fd_sc_hd__a21o_1)
                                         _075_ (net)
                  0.05    0.00    4.73 v _348_/A1 (sky130_fd_sc_hd__a21o_1)
     2    0.01    0.05    0.18    4.90 v _348_/X (sky130_fd_sc_hd__a21o_1)
                                         _113_ (net)
                  0.05    0.00    4.90 v _387_/A1 (sky130_fd_sc_hd__a21o_1)
     2    0.01    0.05    0.18    5.08 v _387_/X (sky130_fd_sc_hd__a21o_1)
                                         _152_ (net)
                  0.05    0.00    5.08 v _417_/A1 (sky130_fd_sc_hd__a21o_1)
     2    0.01    0.05    0.18    5.26 v _417_/X (sky130_fd_sc_hd__a21o_1)
                                         _181_ (net)
                  0.05    0.00    5.26 v _443_/A1 (sky130_fd_sc_hd__a21o_1)
     3    0.01    0.06    0.19    5.45 v _443_/X (sky130_fd_sc_hd__a21o_1)
                                         _206_ (net)
                  0.06    0.00    5.45 v _474_/A (sky130_fd_sc_hd__and3_1)
     2    0.01    0.05    0.17    5.62 v _474_/X (sky130_fd_sc_hd__and3_1)
                                         _236_ (net)
                  0.05    0.00    5.62 v _485_/A (sky130_fd_sc_hd__xor2_1)
     1    0.00    0.10    0.14    5.76 ^ _485_/X (sky130_fd_sc_hd__xor2_1)
                                         net22 (net)
                  0.10    0.00    5.76 ^ output22/A (sky130_fd_sc_hd__clkbuf_4)
     1    0.03    0.11    0.22    5.98 ^ output22/X (sky130_fd_sc_hd__clkbuf_4)
                                         prod[14] (net)
                  0.11    0.00    5.98 ^ prod[14] (out)
                                  5.98   data arrival time

                  0.00   10.00   10.00   clock clk (rise edge)
                          0.00   10.00   clock network delay (ideal)
                         -0.25    9.75   clock uncertainty
                          0.00    9.75   clock reconvergence pessimism
                         -2.00    7.75   output external delay
                                  7.75   data required time
-----------------------------------------------------------------------------
                                  7.75   data required time
                                 -5.98   data arrival time
-----------------------------------------------------------------------------
                                  1.77   slack (MET)


Startpoint: a[3] (input port clocked by clk)
Endpoint: prod[13] (output port clocked by clk)
Path Group: clk
Path Type: max

Fanout     Cap    Slew   Delay    Time   Description
-----------------------------------------------------------------------------
                  0.00    0.00    0.00   clock clk (rise edge)
                          0.00    0.00   clock network delay (ideal)
                          2.00    2.00 v input external delay
     1    0.00    0.01    0.01    2.01 v a[3] (in)
                                         a[3] (net)
                  0.01    0.00    2.01 v input4/A (sky130_fd_sc_hd__buf_6)
     3    0.01    0.02    0.10    2.11 v input4/X (sky130_fd_sc_hd__buf_6)
                                         net4 (net)
                  0.02    0.00    2.11 v _523_/A (sky130_fd_sc_hd__clkbuf_4)
    10    0.02    0.06    0.16    2.27 v _523_/X (sky130_fd_sc_hd__clkbuf_4)
                                         _272_ (net)
                  0.06    0.00    2.27 v _562_/A2 (sky130_fd_sc_hd__a22o_1)
     2    0.00    0.05    0.25    2.52 v _562_/X (sky130_fd_sc_hd__a22o_1)
                                         _311_ (net)
                  0.05    0.00    2.52 v _564_/B (sky130_fd_sc_hd__and3_1)
     4    0.01    0.06    0.19    2.71 v _564_/X (sky130_fd_sc_hd__and3_1)
                                         _313_ (net)
                  0.06    0.00    2.71 v _566_/B (sky130_fd_sc_hd__or3_4)
     2    0.00    0.06    0.38    3.09 v _566_/X (sky130_fd_sc_hd__or3_4)
                                         _001_ (net)
                  0.06    0.00    3.09 v _568_/B (sky130_fd_sc_hd__and2_4)
     2    0.01    0.03    0.17    3.26 v _568_/X (sky130_fd_sc_hd__and2_4)
                                         _003_ (net)
                  0.03    0.00    3.26 v _592_/A2 (sky130_fd_sc_hd__a21bo_1)
     2    0.00    0.04    0.19    3.46 v _592_/X (sky130_fd_sc_hd__a21bo_1)
                                         _027_ (net)
                  0.04    0.00    3.46 v _620_/B (sky130_fd_sc_hd__and2b_1)
     2    0.00    0.04    0.16    3.62 v _620_/X (sky130_fd_sc_hd__and2b_1)
                                         _055_ (net)
                  0.04    0.00    3.62 v _635_/D (sky130_fd_sc_hd__or4_4)
     2    0.01    0.09    0.44    4.06 v _635_/X (sky130_fd_sc_hd__or4_4)
                                         _070_ (net)
                  0.09    0.00    4.06 v _636_/B_N (sky130_fd_sc_hd__or2b_4)
     1    0.01    0.04    0.23    4.29 ^ _636_/X (sky130_fd_sc_hd__or2b_4)
                                         _071_ (net)
                  0.04    0.00    4.29 ^ _637_/B (sky130_fd_sc_hd__xnor2_2)
     2    0.01    0.06    0.06    4.35 v _637_/Y (sky130_fd_sc_hd__xnor2_2)
                                         _072_ (net)
                  0.06    0.00    4.35 v _638_/B (sky130_fd_sc_hd__xor2_1)
     2    0.01    0.07    0.16    4.52 v _638_/X (sky130_fd_sc_hd__xor2_1)
                                         _073_ (net)
                  0.07    0.00    4.52 v _640_/A2 (sky130_fd_sc_hd__a21o_1)
     2    0.01    0.05    0.21    4.73 v _640_/X (sky130_fd_sc_hd__a21o_1)
                                         _075_ (net)
                  0.05    0.00    4.73 v _348_/A1 (sky130_fd_sc_hd__a21o_1)
     2    0.01    0.05    0.18    4.90 v _348_/X (sky130_fd_sc_hd__a21o_1)
                                         _113_ (net)
                  0.05    0.00    4.90 v _387_/A1 (sky130_fd_sc_hd__a21o_1)
     2    0.01    0.05    0.18    5.08 v _387_/X (sky130_fd_sc_hd__a21o_1)
                                         _152_ (net)
                  0.05    0.00    5.08 v _417_/A1 (sky130_fd_sc_hd__a21o_1)
     2    0.01    0.05    0.18    5.26 v _417_/X (sky130_fd_sc_hd__a21o_1)
                                         _181_ (net)
                  0.05    0.00    5.26 v _443_/A1 (sky130_fd_sc_hd__a21o_1)
     3    0.01    0.06    0.19    5.45 v _443_/X (sky130_fd_sc_hd__a21o_1)
                                         _206_ (net)
                  0.06    0.00    5.45 v _472_/A1 (sky130_fd_sc_hd__a21oi_1)
     1    0.00    0.14    0.16    5.60 ^ _472_/Y (sky130_fd_sc_hd__a21oi_1)
                                         _235_ (net)
                  0.14    0.00    5.60 ^ _473_/B (sky130_fd_sc_hd__xnor2_1)
     1    0.00    0.11    0.13    5.73 ^ _473_/Y (sky130_fd_sc_hd__xnor2_1)
                                         net21 (net)
                  0.11    0.00    5.73 ^ output21/A (sky130_fd_sc_hd__clkbuf_4)
     1    0.03    0.11    0.22    5.95 ^ output21/X (sky130_fd_sc_hd__clkbuf_4)
                                         prod[13] (net)
                  0.11    0.00    5.95 ^ prod[13] (out)
                                  5.95   data arrival time

                  0.00   10.00   10.00   clock clk (rise edge)
                          0.00   10.00   clock network delay (ideal)
                         -0.25    9.75   clock uncertainty
                          0.00    9.75   clock reconvergence pessimism
                         -2.00    7.75   output external delay
                                  7.75   data required time
-----------------------------------------------------------------------------
                                  7.75   data required time
                                 -5.95   data arrival time
-----------------------------------------------------------------------------
                                  1.80   slack (MET)


Startpoint: a[3] (input port clocked by clk)
Endpoint: prod[12] (output port clocked by clk)
Path Group: clk
Path Type: max

Fanout     Cap    Slew   Delay    Time   Description
-----------------------------------------------------------------------------
                  0.00    0.00    0.00   clock clk (rise edge)
                          0.00    0.00   clock network delay (ideal)
                          2.00    2.00 v input external delay
     1    0.00    0.01    0.01    2.01 v a[3] (in)
                                         a[3] (net)
                  0.01    0.00    2.01 v input4/A (sky130_fd_sc_hd__buf_6)
     3    0.01    0.02    0.10    2.11 v input4/X (sky130_fd_sc_hd__buf_6)
                                         net4 (net)
                  0.02    0.00    2.11 v _523_/A (sky130_fd_sc_hd__clkbuf_4)
    10    0.02    0.06    0.16    2.27 v _523_/X (sky130_fd_sc_hd__clkbuf_4)
                                         _272_ (net)
                  0.06    0.00    2.27 v _562_/A2 (sky130_fd_sc_hd__a22o_1)
     2    0.00    0.05    0.25    2.52 v _562_/X (sky130_fd_sc_hd__a22o_1)
                                         _311_ (net)
                  0.05    0.00    2.52 v _564_/B (sky130_fd_sc_hd__and3_1)
     4    0.01    0.06    0.19    2.71 v _564_/X (sky130_fd_sc_hd__and3_1)
                                         _313_ (net)
                  0.06    0.00    2.71 v _566_/B (sky130_fd_sc_hd__or3_4)
     2    0.00    0.06    0.38    3.09 v _566_/X (sky130_fd_sc_hd__or3_4)
                                         _001_ (net)
                  0.06    0.00    3.09 v _568_/B (sky130_fd_sc_hd__and2_4)
     2    0.01    0.03    0.17    3.26 v _568_/X (sky130_fd_sc_hd__and2_4)
                                         _003_ (net)
                  0.03    0.00    3.26 v _592_/A2 (sky130_fd_sc_hd__a21bo_1)
     2    0.00    0.04    0.19    3.46 v _592_/X (sky130_fd_sc_hd__a21bo_1)
                                         _027_ (net)
                  0.04    0.00    3.46 v _620_/B (sky130_fd_sc_hd__and2b_1)
     2    0.00    0.04    0.16    3.62 v _620_/X (sky130_fd_sc_hd__and2b_1)
                                         _055_ (net)
                  0.04    0.00    3.62 v _635_/D (sky130_fd_sc_hd__or4_4)
     2    0.01    0.09    0.44    4.06 v _635_/X (sky130_fd_sc_hd__or4_4)
                                         _070_ (net)
                  0.09    0.00    4.06 v _636_/B_N (sky130_fd_sc_hd__or2b_4)
     1    0.01    0.04    0.23    4.29 ^ _636_/X (sky130_fd_sc_hd__or2b_4)
                                         _071_ (net)
                  0.04    0.00    4.29 ^ _637_/B (sky130_fd_sc_hd__xnor2_2)
     2    0.01    0.06    0.06    4.35 v _637_/Y (sky130_fd_sc_hd__xnor2_2)
                                         _072_ (net)
                  0.06    0.00    4.35 v _638_/B (sky130_fd_sc_hd__xor2_1)
     2    0.01    0.07    0.16    4.52 v _638_/X (sky130_fd_sc_hd__xor2_1)
                                         _073_ (net)
                  0.07    0.00    4.52 v _640_/A2 (sky130_fd_sc_hd__a21o_1)
     2    0.01    0.05    0.21    4.73 v _640_/X (sky130_fd_sc_hd__a21o_1)
                                         _075_ (net)
                  0.05    0.00    4.73 v _348_/A1 (sky130_fd_sc_hd__a21o_1)
     2    0.01    0.05    0.18    4.90 v _348_/X (sky130_fd_sc_hd__a21o_1)
                                         _113_ (net)
                  0.05    0.00    4.90 v _387_/A1 (sky130_fd_sc_hd__a21o_1)
     2    0.01    0.05    0.18    5.08 v _387_/X (sky130_fd_sc_hd__a21o_1)
                                         _152_ (net)
                  0.05    0.00    5.08 v _417_/A1 (sky130_fd_sc_hd__a21o_1)
     2    0.01    0.05    0.18    5.26 v _417_/X (sky130_fd_sc_hd__a21o_1)
                                         _181_ (net)
                  0.05    0.00    5.26 v _443_/A1 (sky130_fd_sc_hd__a21o_1)
     3    0.01    0.06    0.19    5.45 v _443_/X (sky130_fd_sc_hd__a21o_1)
                                         _206_ (net)
                  0.06    0.00    5.45 v _460_/A (sky130_fd_sc_hd__xor2_1)
     1    0.00    0.10    0.14    5.59 ^ _460_/X (sky130_fd_sc_hd__xor2_1)
                                         net20 (net)
                  0.10    0.00    5.59 ^ output20/A (sky130_fd_sc_hd__clkbuf_4)
     1    0.03    0.11    0.22    5.81 ^ output20/X (sky130_fd_sc_hd__clkbuf_4)
                                         prod[12] (net)
                  0.11    0.00    5.81 ^ prod[12] (out)
                                  5.81   data arrival time

                  0.00   10.00   10.00   clock clk (rise edge)
                          0.00   10.00   clock network delay (ideal)
                         -0.25    9.75   clock uncertainty
                          0.00    9.75   clock reconvergence pessimism
                         -2.00    7.75   output external delay
                                  7.75   data required time
-----------------------------------------------------------------------------
                                  7.75   data required time
                                 -5.81   data arrival time
-----------------------------------------------------------------------------
                                  1.94   slack (MET)


Startpoint: a[3] (input port clocked by clk)
Endpoint: prod[11] (output port clocked by clk)
Path Group: clk
Path Type: max

Fanout     Cap    Slew   Delay    Time   Description
-----------------------------------------------------------------------------
                  0.00    0.00    0.00   clock clk (rise edge)
                          0.00    0.00   clock network delay (ideal)
                          2.00    2.00 v input external delay
     1    0.00    0.01    0.01    2.01 v a[3] (in)
                                         a[3] (net)
                  0.01    0.00    2.01 v input4/A (sky130_fd_sc_hd__buf_6)
     3    0.01    0.02    0.10    2.11 v input4/X (sky130_fd_sc_hd__buf_6)
                                         net4 (net)
                  0.02    0.00    2.11 v _523_/A (sky130_fd_sc_hd__clkbuf_4)
    10    0.02    0.06    0.16    2.27 v _523_/X (sky130_fd_sc_hd__clkbuf_4)
                                         _272_ (net)
                  0.06    0.00    2.27 v _562_/A2 (sky130_fd_sc_hd__a22o_1)
     2    0.00    0.05    0.25    2.52 v _562_/X (sky130_fd_sc_hd__a22o_1)
                                         _311_ (net)
                  0.05    0.00    2.52 v _564_/B (sky130_fd_sc_hd__and3_1)
     4    0.01    0.06    0.19    2.71 v _564_/X (sky130_fd_sc_hd__and3_1)
                                         _313_ (net)
                  0.06    0.00    2.71 v _566_/B (sky130_fd_sc_hd__or3_4)
     2    0.00    0.06    0.38    3.09 v _566_/X (sky130_fd_sc_hd__or3_4)
                                         _001_ (net)
                  0.06    0.00    3.09 v _568_/B (sky130_fd_sc_hd__and2_4)
     2    0.01    0.03    0.17    3.26 v _568_/X (sky130_fd_sc_hd__and2_4)
                                         _003_ (net)
                  0.03    0.00    3.26 v _592_/A2 (sky130_fd_sc_hd__a21bo_1)
     2    0.00    0.04    0.19    3.46 v _592_/X (sky130_fd_sc_hd__a21bo_1)
                                         _027_ (net)
                  0.04    0.00    3.46 v _620_/B (sky130_fd_sc_hd__and2b_1)
     2    0.00    0.04    0.16    3.62 v _620_/X (sky130_fd_sc_hd__and2b_1)
                                         _055_ (net)
                  0.04    0.00    3.62 v _635_/D (sky130_fd_sc_hd__or4_4)
     2    0.01    0.09    0.44    4.06 v _635_/X (sky130_fd_sc_hd__or4_4)
                                         _070_ (net)
                  0.09    0.00    4.06 v _636_/B_N (sky130_fd_sc_hd__or2b_4)
     1    0.01    0.04    0.23    4.29 ^ _636_/X (sky130_fd_sc_hd__or2b_4)
                                         _071_ (net)
                  0.04    0.00    4.29 ^ _637_/B (sky130_fd_sc_hd__xnor2_2)
     2    0.01    0.06    0.06    4.35 v _637_/Y (sky130_fd_sc_hd__xnor2_2)
                                         _072_ (net)
                  0.06    0.00    4.35 v _638_/B (sky130_fd_sc_hd__xor2_1)
     2    0.01    0.07    0.16    4.52 v _638_/X (sky130_fd_sc_hd__xor2_1)
                                         _073_ (net)
                  0.07    0.00    4.52 v _640_/A2 (sky130_fd_sc_hd__a21o_1)
     2    0.01    0.05    0.21    4.73 v _640_/X (sky130_fd_sc_hd__a21o_1)
                                         _075_ (net)
                  0.05    0.00    4.73 v _348_/A1 (sky130_fd_sc_hd__a21o_1)
     2    0.01    0.05    0.18    4.90 v _348_/X (sky130_fd_sc_hd__a21o_1)
                                         _113_ (net)
                  0.05    0.00    4.90 v _387_/A1 (sky130_fd_sc_hd__a21o_1)
     2    0.01    0.05    0.18    5.08 v _387_/X (sky130_fd_sc_hd__a21o_1)
                                         _152_ (net)
                  0.05    0.00    5.08 v _417_/A1 (sky130_fd_sc_hd__a21o_1)
     2    0.01    0.05    0.18    5.26 v _417_/X (sky130_fd_sc_hd__a21o_1)
                                         _181_ (net)
                  0.05    0.00    5.26 v _441_/A (sky130_fd_sc_hd__xor2_1)
     1    0.00    0.10    0.14    5.40 ^ _441_/X (sky130_fd_sc_hd__xor2_1)
                                         net19 (net)
                  0.10    0.00    5.40 ^ output19/A (sky130_fd_sc_hd__buf_2)
     1    0.03    0.17    0.23    5.62 ^ output19/X (sky130_fd_sc_hd__buf_2)
                                         prod[11] (net)
                  0.17    0.00    5.62 ^ prod[11] (out)
                                  5.62   data arrival time

                  0.00   10.00   10.00   clock clk (rise edge)
                          0.00   10.00   clock network delay (ideal)
                         -0.25    9.75   clock uncertainty
                          0.00    9.75   clock reconvergence pessimism
                         -2.00    7.75   output external delay
                                  7.75   data required time
-----------------------------------------------------------------------------
                                  7.75   data required time
                                 -5.62   data arrival time
-----------------------------------------------------------------------------
                                  2.13   slack (MET)


Startpoint: a[3] (input port clocked by clk)
Endpoint: prod[10] (output port clocked by clk)
Path Group: clk
Path Type: max

Fanout     Cap    Slew   Delay    Time   Description
-----------------------------------------------------------------------------
                  0.00    0.00    0.00   clock clk (rise edge)
                          0.00    0.00   clock network delay (ideal)
                          2.00    2.00 v input external delay
     1    0.00    0.01    0.01    2.01 v a[3] (in)
                                         a[3] (net)
                  0.01    0.00    2.01 v input4/A (sky130_fd_sc_hd__buf_6)
     3    0.01    0.02    0.10    2.11 v input4/X (sky130_fd_sc_hd__buf_6)
                                         net4 (net)
                  0.02    0.00    2.11 v _523_/A (sky130_fd_sc_hd__clkbuf_4)
    10    0.02    0.06    0.16    2.27 v _523_/X (sky130_fd_sc_hd__clkbuf_4)
                                         _272_ (net)
                  0.06    0.00    2.27 v _562_/A2 (sky130_fd_sc_hd__a22o_1)
     2    0.00    0.05    0.25    2.52 v _562_/X (sky130_fd_sc_hd__a22o_1)
                                         _311_ (net)
                  0.05    0.00    2.52 v _564_/B (sky130_fd_sc_hd__and3_1)
     4    0.01    0.06    0.19    2.71 v _564_/X (sky130_fd_sc_hd__and3_1)
                                         _313_ (net)
                  0.06    0.00    2.71 v _566_/B (sky130_fd_sc_hd__or3_4)
     2    0.00    0.06    0.38    3.09 v _566_/X (sky130_fd_sc_hd__or3_4)
                                         _001_ (net)
                  0.06    0.00    3.09 v _568_/B (sky130_fd_sc_hd__and2_4)
     2    0.01    0.03    0.17    3.26 v _568_/X (sky130_fd_sc_hd__and2_4)
                                         _003_ (net)
                  0.03    0.00    3.26 v _592_/A2 (sky130_fd_sc_hd__a21bo_1)
     2    0.00    0.04    0.19    3.46 v _592_/X (sky130_fd_sc_hd__a21bo_1)
                                         _027_ (net)
                  0.04    0.00    3.46 v rebuffer17/A (sky130_fd_sc_hd__clkbuf_1)
     1    0.00    0.03    0.10    3.55 v rebuffer17/X (sky130_fd_sc_hd__clkbuf_1)
                                         net49 (net)
                  0.03    0.00    3.55 v _596_/A (sky130_fd_sc_hd__xor2_1)
     2    0.01    0.07    0.17    3.73 v _596_/X (sky130_fd_sc_hd__xor2_1)
                                         _031_ (net)
                  0.07    0.00    3.73 v _597_/B (sky130_fd_sc_hd__xor2_1)
     2    0.01    0.09    0.17    3.90 v _597_/X (sky130_fd_sc_hd__xor2_1)
                                         _032_ (net)
                  0.09    0.00    3.90 v _618_/A2 (sky130_fd_sc_hd__a21o_1)
     2    0.01    0.07    0.24    4.14 v _618_/X (sky130_fd_sc_hd__a21o_1)
                                         _053_ (net)
                  0.07    0.00    4.14 v _328_/A1 (sky130_fd_sc_hd__a21oi_2)
     2    0.01    0.12    0.15    4.29 ^ _328_/Y (sky130_fd_sc_hd__a21oi_2)
                                         _093_ (net)
                  0.12    0.00    4.29 ^ _371_/B (sky130_fd_sc_hd__and2b_1)
     2    0.01    0.11    0.19    4.49 ^ _371_/X (sky130_fd_sc_hd__and2b_1)
                                         _136_ (net)
                  0.11    0.00    4.49 ^ _406_/A (sky130_fd_sc_hd__and2_1)
     2    0.01    0.08    0.17    4.65 ^ _406_/X (sky130_fd_sc_hd__and2_1)
                                         _171_ (net)
                  0.08    0.00    4.65 ^ _413_/A (sky130_fd_sc_hd__xor2_1)
     2    0.01    0.17    0.19    4.85 ^ _413_/X (sky130_fd_sc_hd__xor2_1)
                                         _178_ (net)
                  0.17    0.00    4.85 ^ _414_/B (sky130_fd_sc_hd__xor2_1)
     2    0.01    0.19    0.23    5.07 ^ _414_/X (sky130_fd_sc_hd__xor2_1)
                                         _179_ (net)
                  0.19    0.00    5.07 ^ _415_/B (sky130_fd_sc_hd__xor2_1)
     1    0.00    0.10    0.16    5.23 ^ _415_/X (sky130_fd_sc_hd__xor2_1)
                                         net18 (net)
                  0.10    0.00    5.23 ^ output18/A (sky130_fd_sc_hd__clkbuf_4)
     1    0.03    0.11    0.22    5.45 ^ output18/X (sky130_fd_sc_hd__clkbuf_4)
                                         prod[10] (net)
                  0.11    0.00    5.45 ^ prod[10] (out)
                                  5.45   data arrival time

                  0.00   10.00   10.00   clock clk (rise edge)
                          0.00   10.00   clock network delay (ideal)
                         -0.25    9.75   clock uncertainty
                          0.00    9.75   clock reconvergence pessimism
                         -2.00    7.75   output external delay
                                  7.75   data required time
-----------------------------------------------------------------------------
                                  7.75   data required time
                                 -5.45   data arrival time
-----------------------------------------------------------------------------
                                  2.30   slack (MET)


Startpoint: a[3] (input port clocked by clk)
Endpoint: prod[9] (output port clocked by clk)
Path Group: clk
Path Type: max

Fanout     Cap    Slew   Delay    Time   Description
-----------------------------------------------------------------------------
                  0.00    0.00    0.00   clock clk (rise edge)
                          0.00    0.00   clock network delay (ideal)
                          2.00    2.00 v input external delay
     1    0.00    0.01    0.01    2.01 v a[3] (in)
                                         a[3] (net)
                  0.01    0.00    2.01 v input4/A (sky130_fd_sc_hd__buf_6)
     3    0.01    0.02    0.10    2.11 v input4/X (sky130_fd_sc_hd__buf_6)
                                         net4 (net)
                  0.02    0.00    2.11 v _523_/A (sky130_fd_sc_hd__clkbuf_4)
    10    0.02    0.06    0.16    2.27 v _523_/X (sky130_fd_sc_hd__clkbuf_4)
                                         _272_ (net)
                  0.06    0.00    2.27 v _562_/A2 (sky130_fd_sc_hd__a22o_1)
     2    0.00    0.05    0.25    2.52 v _562_/X (sky130_fd_sc_hd__a22o_1)
                                         _311_ (net)
                  0.05    0.00    2.52 v _564_/B (sky130_fd_sc_hd__and3_1)
     4    0.01    0.06    0.19    2.71 v _564_/X (sky130_fd_sc_hd__and3_1)
                                         _313_ (net)
                  0.06    0.00    2.71 v _566_/B (sky130_fd_sc_hd__or3_4)
     2    0.00    0.06    0.38    3.09 v _566_/X (sky130_fd_sc_hd__or3_4)
                                         _001_ (net)
                  0.06    0.00    3.09 v _568_/B (sky130_fd_sc_hd__and2_4)
     2    0.01    0.03    0.17    3.26 v _568_/X (sky130_fd_sc_hd__and2_4)
                                         _003_ (net)
                  0.03    0.00    3.26 v _592_/A2 (sky130_fd_sc_hd__a21bo_1)
     2    0.00    0.04    0.19    3.46 v _592_/X (sky130_fd_sc_hd__a21bo_1)
                                         _027_ (net)
                  0.04    0.00    3.46 v _620_/B (sky130_fd_sc_hd__and2b_1)
     2    0.00    0.04    0.16    3.62 v _620_/X (sky130_fd_sc_hd__and2b_1)
                                         _055_ (net)
                  0.04    0.00    3.62 v _635_/D (sky130_fd_sc_hd__or4_4)
     2    0.01    0.09    0.44    4.06 v _635_/X (sky130_fd_sc_hd__or4_4)
                                         _070_ (net)
                  0.09    0.00    4.06 v _636_/B_N (sky130_fd_sc_hd__or2b_4)
     1    0.01    0.04    0.23    4.29 ^ _636_/X (sky130_fd_sc_hd__or2b_4)
                                         _071_ (net)
                  0.04    0.00    4.29 ^ _637_/B (sky130_fd_sc_hd__xnor2_2)
     2    0.01    0.14    0.11    4.40 ^ _637_/Y (sky130_fd_sc_hd__xnor2_2)
                                         _072_ (net)
                  0.14    0.00    4.40 ^ _638_/B (sky130_fd_sc_hd__xor2_1)
     2    0.01    0.19    0.22    4.62 ^ _638_/X (sky130_fd_sc_hd__xor2_1)
                                         _073_ (net)
                  0.19    0.00    4.62 ^ _640_/A2 (sky130_fd_sc_hd__a21o_1)
     2    0.01    0.07    0.18    4.80 ^ _640_/X (sky130_fd_sc_hd__a21o_1)
                                         _075_ (net)
                  0.07    0.00    4.80 ^ _348_/A1 (sky130_fd_sc_hd__a21o_1)
     2    0.01    0.07    0.14    4.94 ^ _348_/X (sky130_fd_sc_hd__a21o_1)
                                         _113_ (net)
                  0.07    0.00    4.94 ^ _493_/A (sky130_fd_sc_hd__xor2_1)
     1    0.00    0.10    0.13    5.07 ^ _493_/X (sky130_fd_sc_hd__xor2_1)
                                         net32 (net)
                  0.10    0.00    5.07 ^ output32/A (sky130_fd_sc_hd__clkbuf_4)
     1    0.03    0.11    0.22    5.28 ^ output32/X (sky130_fd_sc_hd__clkbuf_4)
                                         prod[9] (net)
                  0.11    0.00    5.28 ^ prod[9] (out)
                                  5.28   data arrival time

                  0.00   10.00   10.00   clock clk (rise edge)
                          0.00   10.00   clock network delay (ideal)
                         -0.25    9.75   clock uncertainty
                          0.00    9.75   clock reconvergence pessimism
                         -2.00    7.75   output external delay
                                  7.75   data required time
-----------------------------------------------------------------------------
                                  7.75   data required time
                                 -5.28   data arrival time
-----------------------------------------------------------------------------
                                  2.47   slack (MET)


Startpoint: a[3] (input port clocked by clk)
Endpoint: prod[8] (output port clocked by clk)
Path Group: clk
Path Type: max

Fanout     Cap    Slew   Delay    Time   Description
-----------------------------------------------------------------------------
                  0.00    0.00    0.00   clock clk (rise edge)
                          0.00    0.00   clock network delay (ideal)
                          2.00    2.00 v input external delay
     1    0.00    0.01    0.01    2.01 v a[3] (in)
                                         a[3] (net)
                  0.01    0.00    2.01 v input4/A (sky130_fd_sc_hd__buf_6)
     3    0.01    0.02    0.10    2.11 v input4/X (sky130_fd_sc_hd__buf_6)
                                         net4 (net)
                  0.02    0.00    2.11 v _523_/A (sky130_fd_sc_hd__clkbuf_4)
    10    0.02    0.06    0.16    2.27 v _523_/X (sky130_fd_sc_hd__clkbuf_4)
                                         _272_ (net)
                  0.06    0.00    2.27 v _562_/A2 (sky130_fd_sc_hd__a22o_1)
     2    0.00    0.05    0.25    2.52 v _562_/X (sky130_fd_sc_hd__a22o_1)
                                         _311_ (net)
                  0.05    0.00    2.52 v _564_/B (sky130_fd_sc_hd__and3_1)
     4    0.01    0.06    0.19    2.71 v _564_/X (sky130_fd_sc_hd__and3_1)
                                         _313_ (net)
                  0.06    0.00    2.71 v _566_/B (sky130_fd_sc_hd__or3_4)
     2    0.00    0.06    0.38    3.09 v _566_/X (sky130_fd_sc_hd__or3_4)
                                         _001_ (net)
                  0.06    0.00    3.09 v _568_/B (sky130_fd_sc_hd__and2_4)
     2    0.01    0.03    0.17    3.26 v _568_/X (sky130_fd_sc_hd__and2_4)
                                         _003_ (net)
                  0.03    0.00    3.26 v _592_/A2 (sky130_fd_sc_hd__a21bo_1)
     2    0.00    0.04    0.19    3.46 v _592_/X (sky130_fd_sc_hd__a21bo_1)
                                         _027_ (net)
                  0.04    0.00    3.46 v _620_/B (sky130_fd_sc_hd__and2b_1)
     2    0.00    0.04    0.16    3.62 v _620_/X (sky130_fd_sc_hd__and2b_1)
                                         _055_ (net)
                  0.04    0.00    3.62 v _635_/D (sky130_fd_sc_hd__or4_4)
     2    0.01    0.09    0.44    4.06 v _635_/X (sky130_fd_sc_hd__or4_4)
                                         _070_ (net)
                  0.09    0.00    4.06 v _636_/B_N (sky130_fd_sc_hd__or2b_4)
     1    0.01    0.04    0.23    4.29 ^ _636_/X (sky130_fd_sc_hd__or2b_4)
                                         _071_ (net)
                  0.04    0.00    4.29 ^ _637_/B (sky130_fd_sc_hd__xnor2_2)
     2    0.01    0.14    0.11    4.40 ^ _637_/Y (sky130_fd_sc_hd__xnor2_2)
                                         _072_ (net)
                  0.14    0.00    4.40 ^ _638_/B (sky130_fd_sc_hd__xor2_1)
     2    0.01    0.19    0.22    4.62 ^ _638_/X (sky130_fd_sc_hd__xor2_1)
                                         _073_ (net)
                  0.19    0.00    4.62 ^ _640_/A2 (sky130_fd_sc_hd__a21o_1)
     2    0.01    0.07    0.18    4.80 ^ _640_/X (sky130_fd_sc_hd__a21o_1)
                                         _075_ (net)
                  0.07    0.00    4.80 ^ _492_/A (sky130_fd_sc_hd__xor2_1)
     1    0.00    0.10    0.13    4.92 ^ _492_/X (sky130_fd_sc_hd__xor2_1)
                                         net31 (net)
                  0.10    0.00    4.92 ^ output31/A (sky130_fd_sc_hd__buf_2)
     1    0.03    0.17    0.23    5.15 ^ output31/X (sky130_fd_sc_hd__buf_2)
                                         prod[8] (net)
                  0.17    0.00    5.15 ^ prod[8] (out)
                                  5.15   data arrival time

                  0.00   10.00   10.00   clock clk (rise edge)
                          0.00   10.00   clock network delay (ideal)
                         -0.25    9.75   clock uncertainty
                          0.00    9.75   clock reconvergence pessimism
                         -2.00    7.75   output external delay
                                  7.75   data required time
-----------------------------------------------------------------------------
                                  7.75   data required time
                                 -5.15   data arrival time
-----------------------------------------------------------------------------
                                  2.60   slack (MET)


Startpoint: a[3] (input port clocked by clk)
Endpoint: prod[7] (output port clocked by clk)
Path Group: clk
Path Type: max

Fanout     Cap    Slew   Delay    Time   Description
-----------------------------------------------------------------------------
                  0.00    0.00    0.00   clock clk (rise edge)
                          0.00    0.00   clock network delay (ideal)
                          2.00    2.00 v input external delay
     1    0.00    0.01    0.01    2.01 v a[3] (in)
                                         a[3] (net)
                  0.01    0.00    2.01 v input4/A (sky130_fd_sc_hd__buf_6)
     3    0.01    0.02    0.10    2.11 v input4/X (sky130_fd_sc_hd__buf_6)
                                         net4 (net)
                  0.02    0.00    2.11 v _523_/A (sky130_fd_sc_hd__clkbuf_4)
    10    0.02    0.06    0.16    2.27 v _523_/X (sky130_fd_sc_hd__clkbuf_4)
                                         _272_ (net)
                  0.06    0.00    2.27 v _562_/A2 (sky130_fd_sc_hd__a22o_1)
     2    0.00    0.05    0.25    2.52 v _562_/X (sky130_fd_sc_hd__a22o_1)
                                         _311_ (net)
                  0.05    0.00    2.52 v _564_/B (sky130_fd_sc_hd__and3_1)
     4    0.01    0.06    0.19    2.71 v _564_/X (sky130_fd_sc_hd__and3_1)
                                         _313_ (net)
                  0.06    0.00    2.71 v _566_/B (sky130_fd_sc_hd__or3_4)
     2    0.00    0.06    0.38    3.09 v _566_/X (sky130_fd_sc_hd__or3_4)
                                         _001_ (net)
                  0.06    0.00    3.09 v _568_/B (sky130_fd_sc_hd__and2_4)
     2    0.01    0.03    0.17    3.26 v _568_/X (sky130_fd_sc_hd__and2_4)
                                         _003_ (net)
                  0.03    0.00    3.26 v _592_/A2 (sky130_fd_sc_hd__a21bo_1)
     2    0.00    0.04    0.19    3.46 v _592_/X (sky130_fd_sc_hd__a21bo_1)
                                         _027_ (net)
                  0.04    0.00    3.46 v _620_/B (sky130_fd_sc_hd__and2b_1)
     2    0.00    0.04    0.16    3.62 v _620_/X (sky130_fd_sc_hd__and2b_1)
                                         _055_ (net)
                  0.04    0.00    3.62 v _635_/D (sky130_fd_sc_hd__or4_4)
     2    0.01    0.09    0.44    4.06 v _635_/X (sky130_fd_sc_hd__or4_4)
                                         _070_ (net)
                  0.09    0.00    4.06 v _636_/B_N (sky130_fd_sc_hd__or2b_4)
     1    0.01    0.04    0.23    4.29 ^ _636_/X (sky130_fd_sc_hd__or2b_4)
                                         _071_ (net)
                  0.04    0.00    4.29 ^ _637_/B (sky130_fd_sc_hd__xnor2_2)
     2    0.01    0.14    0.11    4.40 ^ _637_/Y (sky130_fd_sc_hd__xnor2_2)
                                         _072_ (net)
                  0.14    0.00    4.40 ^ _638_/B (sky130_fd_sc_hd__xor2_1)
     2    0.01    0.19    0.22    4.62 ^ _638_/X (sky130_fd_sc_hd__xor2_1)
                                         _073_ (net)
                  0.19    0.00    4.62 ^ _491_/B (sky130_fd_sc_hd__xor2_1)
     1    0.00    0.10    0.16    4.78 ^ _491_/X (sky130_fd_sc_hd__xor2_1)
                                         net30 (net)
                  0.10    0.00    4.78 ^ output30/A (sky130_fd_sc_hd__clkbuf_4)
     1    0.03    0.11    0.22    5.00 ^ output30/X (sky130_fd_sc_hd__clkbuf_4)
                                         prod[7] (net)
                  0.11    0.00    5.00 ^ prod[7] (out)
                                  5.00   data arrival time

                  0.00   10.00   10.00   clock clk (rise edge)
                          0.00   10.00   clock network delay (ideal)
                         -0.25    9.75   clock uncertainty
                          0.00    9.75   clock reconvergence pessimism
                         -2.00    7.75   output external delay
                                  7.75   data required time
-----------------------------------------------------------------------------
                                  7.75   data required time
                                 -5.00   data arrival time
-----------------------------------------------------------------------------
                                  2.75   slack (MET)


Startpoint: a[3] (input port clocked by clk)
Endpoint: prod[6] (output port clocked by clk)
Path Group: clk
Path Type: max

Fanout     Cap    Slew   Delay    Time   Description
-----------------------------------------------------------------------------
                  0.00    0.00    0.00   clock clk (rise edge)
                          0.00    0.00   clock network delay (ideal)
                          2.00    2.00 v input external delay
     1    0.00    0.01    0.01    2.01 v a[3] (in)
                                         a[3] (net)
                  0.01    0.00    2.01 v input4/A (sky130_fd_sc_hd__buf_6)
     3    0.01    0.02    0.10    2.11 v input4/X (sky130_fd_sc_hd__buf_6)
                                         net4 (net)
                  0.02    0.00    2.11 v _523_/A (sky130_fd_sc_hd__clkbuf_4)
    10    0.02    0.06    0.16    2.27 v _523_/X (sky130_fd_sc_hd__clkbuf_4)
                                         _272_ (net)
                  0.06    0.00    2.27 v _562_/A2 (sky130_fd_sc_hd__a22o_1)
     2    0.00    0.05    0.25    2.52 v _562_/X (sky130_fd_sc_hd__a22o_1)
                                         _311_ (net)
                  0.05    0.00    2.52 v _564_/B (sky130_fd_sc_hd__and3_1)
     4    0.01    0.06    0.19    2.71 v _564_/X (sky130_fd_sc_hd__and3_1)
                                         _313_ (net)
                  0.06    0.00    2.71 v _566_/B (sky130_fd_sc_hd__or3_4)
     2    0.00    0.06    0.38    3.09 v _566_/X (sky130_fd_sc_hd__or3_4)
                                         _001_ (net)
                  0.06    0.00    3.09 v _568_/B (sky130_fd_sc_hd__and2_4)
     2    0.01    0.03    0.17    3.26 v _568_/X (sky130_fd_sc_hd__and2_4)
                                         _003_ (net)
                  0.03    0.00    3.26 v _592_/A2 (sky130_fd_sc_hd__a21bo_1)
     2    0.00    0.04    0.19    3.46 v _592_/X (sky130_fd_sc_hd__a21bo_1)
                                         _027_ (net)
                  0.04    0.00    3.46 v rebuffer17/A (sky130_fd_sc_hd__clkbuf_1)
     1    0.00    0.03    0.10    3.55 v rebuffer17/X (sky130_fd_sc_hd__clkbuf_1)
                                         net49 (net)
                  0.03    0.00    3.55 v _596_/A (sky130_fd_sc_hd__xor2_1)
     2    0.01    0.19    0.20    3.76 ^ _596_/X (sky130_fd_sc_hd__xor2_1)
                                         _031_ (net)
                  0.19    0.00    3.76 ^ _597_/B (sky130_fd_sc_hd__xor2_1)
     2    0.01    0.19    0.23    3.99 ^ _597_/X (sky130_fd_sc_hd__xor2_1)
                                         _032_ (net)
                  0.19    0.00    3.99 ^ _598_/B (sky130_fd_sc_hd__xor2_1)
     2    0.01    0.17    0.22    4.20 ^ _598_/X (sky130_fd_sc_hd__xor2_1)
                                         _033_ (net)
                  0.17    0.00    4.20 ^ _599_/B (sky130_fd_sc_hd__xor2_1)
     2    0.01    0.19    0.23    4.43 ^ _599_/X (sky130_fd_sc_hd__xor2_1)
                                         _034_ (net)
                  0.19    0.00    4.43 ^ _490_/B (sky130_fd_sc_hd__xor2_1)
     1    0.00    0.10    0.15    4.58 ^ _490_/X (sky130_fd_sc_hd__xor2_1)
                                         net29 (net)
                  0.10    0.00    4.58 ^ output29/A (sky130_fd_sc_hd__buf_2)
     1    0.03    0.17    0.23    4.81 ^ output29/X (sky130_fd_sc_hd__buf_2)
                                         prod[6] (net)
                  0.17    0.00    4.81 ^ prod[6] (out)
                                  4.81   data arrival time

                  0.00   10.00   10.00   clock clk (rise edge)
                          0.00   10.00   clock network delay (ideal)
                         -0.25    9.75   clock uncertainty
                          0.00    9.75   clock reconvergence pessimism
                         -2.00    7.75   output external delay
                                  7.75   data required time
-----------------------------------------------------------------------------
                                  7.75   data required time
                                 -4.81   data arrival time
-----------------------------------------------------------------------------
                                  2.94   slack (MET)


Startpoint: a[3] (input port clocked by clk)
Endpoint: prod[5] (output port clocked by clk)
Path Group: clk
Path Type: max

Fanout     Cap    Slew   Delay    Time   Description
-----------------------------------------------------------------------------
                  0.00    0.00    0.00   clock clk (rise edge)
                          0.00    0.00   clock network delay (ideal)
                          2.00    2.00 v input external delay
     1    0.00    0.01    0.01    2.01 v a[3] (in)
                                         a[3] (net)
                  0.01    0.00    2.01 v input4/A (sky130_fd_sc_hd__buf_6)
     3    0.01    0.02    0.10    2.11 v input4/X (sky130_fd_sc_hd__buf_6)
                                         net4 (net)
                  0.02    0.00    2.11 v _523_/A (sky130_fd_sc_hd__clkbuf_4)
    10    0.02    0.06    0.16    2.27 v _523_/X (sky130_fd_sc_hd__clkbuf_4)
                                         _272_ (net)
                  0.06    0.00    2.27 v _562_/A2 (sky130_fd_sc_hd__a22o_1)
     2    0.00    0.05    0.25    2.52 v _562_/X (sky130_fd_sc_hd__a22o_1)
                                         _311_ (net)
                  0.05    0.00    2.52 v _564_/B (sky130_fd_sc_hd__and3_1)
     4    0.01    0.06    0.19    2.71 v _564_/X (sky130_fd_sc_hd__and3_1)
                                         _313_ (net)
                  0.06    0.00    2.71 v _566_/B (sky130_fd_sc_hd__or3_4)
     2    0.00    0.06    0.38    3.09 v _566_/X (sky130_fd_sc_hd__or3_4)
                                         _001_ (net)
                  0.06    0.00    3.09 v _568_/B (sky130_fd_sc_hd__and2_4)
     2    0.01    0.03    0.17    3.26 v _568_/X (sky130_fd_sc_hd__and2_4)
                                         _003_ (net)
                  0.03    0.00    3.26 v _569_/B (sky130_fd_sc_hd__xor2_1)
     2    0.01    0.17    0.17    3.43 ^ _569_/X (sky130_fd_sc_hd__xor2_1)
                                         _004_ (net)
                  0.17    0.00    3.43 ^ _570_/B (sky130_fd_sc_hd__xor2_1)
     2    0.01    0.20    0.23    3.66 ^ _570_/X (sky130_fd_sc_hd__xor2_1)
                                         _005_ (net)
                  0.20    0.00    3.66 ^ _571_/B (sky130_fd_sc_hd__xnor2_1)
     2    0.01    0.21    0.18    3.85 ^ _571_/Y (sky130_fd_sc_hd__xnor2_1)
                                         _006_ (net)
                  0.21    0.00    3.85 ^ _572_/B (sky130_fd_sc_hd__xnor2_1)
     2    0.01    0.21    0.19    4.03 ^ _572_/Y (sky130_fd_sc_hd__xnor2_1)
                                         _007_ (net)
                  0.21    0.00    4.03 ^ _489_/B (sky130_fd_sc_hd__xnor2_1)
     1    0.00    0.11    0.14    4.18 ^ _489_/Y (sky130_fd_sc_hd__xnor2_1)
                                         net28 (net)
                  0.11    0.00    4.18 ^ output28/A (sky130_fd_sc_hd__clkbuf_4)
     1    0.03    0.11    0.22    4.39 ^ output28/X (sky130_fd_sc_hd__clkbuf_4)
                                         prod[5] (net)
                  0.11    0.00    4.39 ^ prod[5] (out)
                                  4.39   data arrival time

                  0.00   10.00   10.00   clock clk (rise edge)
                          0.00   10.00   clock network delay (ideal)
                         -0.25    9.75   clock uncertainty
                          0.00    9.75   clock reconvergence pessimism
                         -2.00    7.75   output external delay
                                  7.75   data required time
-----------------------------------------------------------------------------
                                  7.75   data required time
                                 -4.39   data arrival time
-----------------------------------------------------------------------------
                                  3.36   slack (MET)


Startpoint: a[3] (input port clocked by clk)
Endpoint: prod[4] (output port clocked by clk)
Path Group: clk
Path Type: max

Fanout     Cap    Slew   Delay    Time   Description
-----------------------------------------------------------------------------
                  0.00    0.00    0.00   clock clk (rise edge)
                          0.00    0.00   clock network delay (ideal)
                          2.00    2.00 ^ input external delay
     1    0.00    0.03    0.02    2.02 ^ a[3] (in)
                                         a[3] (net)
                  0.03    0.00    2.02 ^ input4/A (sky130_fd_sc_hd__buf_6)
     3    0.01    0.03    0.09    2.11 ^ input4/X (sky130_fd_sc_hd__buf_6)
                                         net4 (net)
                  0.03    0.00    2.11 ^ _523_/A (sky130_fd_sc_hd__clkbuf_4)
    10    0.02    0.09    0.17    2.27 ^ _523_/X (sky130_fd_sc_hd__clkbuf_4)
                                         _272_ (net)
                  0.09    0.00    2.27 ^ _524_/D (sky130_fd_sc_hd__nand4_2)
     4    0.01    0.09    0.13    2.40 v _524_/Y (sky130_fd_sc_hd__nand4_2)
                                         _273_ (net)
                  0.09    0.00    2.40 v _535_/A (sky130_fd_sc_hd__and3_1)
     2    0.00    0.04    0.18    2.58 v _535_/X (sky130_fd_sc_hd__and3_1)
                                         _284_ (net)
                  0.04    0.00    2.58 v rebuffer15/A (sky130_fd_sc_hd__clkbuf_1)
     1    0.00    0.04    0.10    2.68 v rebuffer15/X (sky130_fd_sc_hd__clkbuf_1)
                                         net47 (net)
                  0.04    0.00    2.68 v _537_/A (sky130_fd_sc_hd__xnor2_1)
     3    0.01    0.21    0.22    2.90 ^ _537_/Y (sky130_fd_sc_hd__xnor2_1)
                                         _286_ (net)
                  0.21    0.00    2.90 ^ rebuffer16/A (sky130_fd_sc_hd__clkbuf_1)
     1    0.00    0.07    0.14    3.03 ^ rebuffer16/X (sky130_fd_sc_hd__clkbuf_1)
                                         net48 (net)
                  0.07    0.00    3.03 ^ _538_/B (sky130_fd_sc_hd__xnor2_1)
     1    0.00    0.16    0.13    3.16 ^ _538_/Y (sky130_fd_sc_hd__xnor2_1)
                                         _287_ (net)
                  0.16    0.00    3.16 ^ _539_/B (sky130_fd_sc_hd__xnor2_1)
     2    0.00    0.14    0.15    3.31 ^ _539_/Y (sky130_fd_sc_hd__xnor2_1)
                                         _288_ (net)
                  0.14    0.00    3.31 ^ _540_/C (sky130_fd_sc_hd__and3_1)
     2    0.01    0.09    0.21    3.52 ^ _540_/X (sky130_fd_sc_hd__and3_1)
                                         _289_ (net)
                  0.09    0.00    3.52 ^ _542_/A (sky130_fd_sc_hd__nor2_1)
     2    0.00    0.04    0.06    3.58 v _542_/Y (sky130_fd_sc_hd__nor2_1)
                                         _291_ (net)
                  0.04    0.00    3.58 v _543_/C (sky130_fd_sc_hd__and3_1)
     3    0.01    0.07    0.22    3.80 v _543_/X (sky130_fd_sc_hd__and3_1)
                                         _292_ (net)
                  0.07    0.00    3.80 v _495_/A (sky130_fd_sc_hd__nor2_1)
     1    0.00    0.07    0.10    3.91 ^ _495_/Y (sky130_fd_sc_hd__nor2_1)
                                         net27 (net)
                  0.07    0.00    3.91 ^ output27/A (sky130_fd_sc_hd__clkbuf_4)
     1    0.03    0.11    0.20    4.11 ^ output27/X (sky130_fd_sc_hd__clkbuf_4)
                                         prod[4] (net)
                  0.11    0.00    4.11 ^ prod[4] (out)
                                  4.11   data arrival time

                  0.00   10.00   10.00   clock clk (rise edge)
                          0.00   10.00   clock network delay (ideal)
                         -0.25    9.75   clock uncertainty
                          0.00    9.75   clock reconvergence pessimism
                         -2.00    7.75   output external delay
                                  7.75   data required time
-----------------------------------------------------------------------------
                                  7.75   data required time
                                 -4.11   data arrival time
-----------------------------------------------------------------------------
                                  3.64   slack (MET)


Startpoint: a[3] (input port clocked by clk)
Endpoint: prod[3] (output port clocked by clk)
Path Group: clk
Path Type: max

Fanout     Cap    Slew   Delay    Time   Description
-----------------------------------------------------------------------------
                  0.00    0.00    0.00   clock clk (rise edge)
                          0.00    0.00   clock network delay (ideal)
                          2.00    2.00 ^ input external delay
     1    0.00    0.03    0.02    2.02 ^ a[3] (in)
                                         a[3] (net)
                  0.03    0.00    2.02 ^ input4/A (sky130_fd_sc_hd__buf_6)
     3    0.01    0.03    0.09    2.11 ^ input4/X (sky130_fd_sc_hd__buf_6)
                                         net4 (net)
                  0.03    0.00    2.11 ^ _523_/A (sky130_fd_sc_hd__clkbuf_4)
    10    0.02    0.09    0.17    2.27 ^ _523_/X (sky130_fd_sc_hd__clkbuf_4)
                                         _272_ (net)
                  0.09    0.00    2.27 ^ _524_/D (sky130_fd_sc_hd__nand4_2)
     4    0.01    0.09    0.13    2.40 v _524_/Y (sky130_fd_sc_hd__nand4_2)
                                         _273_ (net)
                  0.09    0.00    2.40 v _527_/A1 (sky130_fd_sc_hd__a21o_1)
     2    0.00    0.04    0.18    2.59 v _527_/X (sky130_fd_sc_hd__a21o_1)
                                         _276_ (net)
                  0.04    0.00    2.59 v _530_/D (sky130_fd_sc_hd__and4_1)
     2    0.00    0.04    0.21    2.79 v _530_/X (sky130_fd_sc_hd__and4_1)
                                         _279_ (net)
                  0.04    0.00    2.79 v _496_/A (sky130_fd_sc_hd__or2b_1)
     1    0.00    0.06    0.24    3.03 v _496_/X (sky130_fd_sc_hd__or2b_1)
                                         _252_ (net)
                  0.06    0.00    3.03 v _497_/B (sky130_fd_sc_hd__xnor2_1)
     1    0.00    0.11    0.13    3.16 ^ _497_/Y (sky130_fd_sc_hd__xnor2_1)
                                         net26 (net)
                  0.11    0.00    3.16 ^ output26/A (sky130_fd_sc_hd__clkbuf_4)
     1    0.03    0.11    0.22    3.37 ^ output26/X (sky130_fd_sc_hd__clkbuf_4)
                                         prod[3] (net)
                  0.11    0.00    3.37 ^ prod[3] (out)
                                  3.37   data arrival time

                  0.00   10.00   10.00   clock clk (rise edge)
                          0.00   10.00   clock network delay (ideal)
                         -0.25    9.75   clock uncertainty
                          0.00    9.75   clock reconvergence pessimism
                         -2.00    7.75   output external delay
                                  7.75   data required time
-----------------------------------------------------------------------------
                                  7.75   data required time
                                 -3.37   data arrival time
-----------------------------------------------------------------------------
                                  4.38   slack (MET)


Startpoint: b[1] (input port clocked by clk)
Endpoint: prod[2] (output port clocked by clk)
Path Group: clk
Path Type: max

Fanout     Cap    Slew   Delay    Time   Description
-----------------------------------------------------------------------------
                  0.00    0.00    0.00   clock clk (rise edge)
                          0.00    0.00   clock network delay (ideal)
                          2.00    2.00 ^ input external delay
     1    0.00    0.02    0.01    2.01 ^ b[1] (in)
                                         b[1] (net)
                  0.02    0.00    2.01 ^ input10/A (sky130_fd_sc_hd__buf_4)
     4    0.01    0.05    0.11    2.12 ^ input10/X (sky130_fd_sc_hd__buf_4)
                                         net10 (net)
                  0.05    0.00    2.12 ^ _500_/A (sky130_fd_sc_hd__buf_6)
     8    0.02    0.05    0.11    2.24 ^ _500_/X (sky130_fd_sc_hd__buf_6)
                                         _247_ (net)
                  0.05    0.00    2.24 ^ _501_/A (sky130_fd_sc_hd__nand2_1)
     2    0.00    0.04    0.06    2.29 v _501_/Y (sky130_fd_sc_hd__nand2_1)
                                         _251_ (net)
                  0.04    0.00    2.29 v _509_/A (sky130_fd_sc_hd__or3b_4)
     2    0.00    0.07    0.40    2.70 v _509_/X (sky130_fd_sc_hd__or3b_4)
                                         _259_ (net)
                  0.07    0.00    2.70 v _514_/A (sky130_fd_sc_hd__and3_1)
     3    0.01    0.05    0.17    2.87 v _514_/X (sky130_fd_sc_hd__and3_1)
                                         _264_ (net)
                  0.05    0.00    2.87 v rebuffer7/A (sky130_fd_sc_hd__clkbuf_1)
     1    0.00    0.02    0.09    2.96 v rebuffer7/X (sky130_fd_sc_hd__clkbuf_1)
                                         net39 (net)
                  0.02    0.00    2.96 v _515_/B (sky130_fd_sc_hd__nor2_1)
     1    0.00    0.07    0.07    3.03 ^ _515_/Y (sky130_fd_sc_hd__nor2_1)
                                         net25 (net)
                  0.07    0.00    3.03 ^ output25/A (sky130_fd_sc_hd__clkbuf_4)
     1    0.03    0.11    0.20    3.23 ^ output25/X (sky130_fd_sc_hd__clkbuf_4)
                                         prod[2] (net)
                  0.11    0.00    3.23 ^ prod[2] (out)
                                  3.23   data arrival time

                  0.00   10.00   10.00   clock clk (rise edge)
                          0.00   10.00   clock network delay (ideal)
                         -0.25    9.75   clock uncertainty
                          0.00    9.75   clock reconvergence pessimism
                         -2.00    7.75   output external delay
                                  7.75   data required time
-----------------------------------------------------------------------------
                                  7.75   data required time
                                 -3.23   data arrival time
-----------------------------------------------------------------------------
                                  4.52   slack (MET)


Startpoint: b[1] (input port clocked by clk)
Endpoint: prod[1] (output port clocked by clk)
Path Group: clk
Path Type: max

Fanout     Cap    Slew   Delay    Time   Description
-----------------------------------------------------------------------------
                  0.00    0.00    0.00   clock clk (rise edge)
                          0.00    0.00   clock network delay (ideal)
                          2.00    2.00 v input external delay
     1    0.00    0.01    0.00    2.00 v b[1] (in)
                                         b[1] (net)
                  0.01    0.00    2.00 v input10/A (sky130_fd_sc_hd__buf_4)
     4    0.01    0.04    0.13    2.14 v input10/X (sky130_fd_sc_hd__buf_4)
                                         net10 (net)
                  0.04    0.00    2.14 v _500_/A (sky130_fd_sc_hd__buf_6)
     8    0.02    0.03    0.13    2.26 v _500_/X (sky130_fd_sc_hd__buf_6)
                                         _247_ (net)
                  0.03    0.00    2.26 v _505_/A2 (sky130_fd_sc_hd__a22o_1)
     1    0.00    0.04    0.22    2.49 v _505_/X (sky130_fd_sc_hd__a22o_1)
                                         _256_ (net)
                  0.04    0.00    2.49 v _506_/B1 (sky130_fd_sc_hd__o21a_1)
     1    0.00    0.03    0.09    2.58 v _506_/X (sky130_fd_sc_hd__o21a_1)
                                         net24 (net)
                  0.03    0.00    2.58 v output24/A (sky130_fd_sc_hd__clkbuf_4)
     1    0.03    0.08    0.18    2.77 v output24/X (sky130_fd_sc_hd__clkbuf_4)
                                         prod[1] (net)
                  0.08    0.00    2.77 v prod[1] (out)
                                  2.77   data arrival time

                  0.00   10.00   10.00   clock clk (rise edge)
                          0.00   10.00   clock network delay (ideal)
                         -0.25    9.75   clock uncertainty
                          0.00    9.75   clock reconvergence pessimism
                         -2.00    7.75   output external delay
                                  7.75   data required time
-----------------------------------------------------------------------------
                                  7.75   data required time
                                 -2.77   data arrival time
-----------------------------------------------------------------------------
                                  4.98   slack (MET)


Startpoint: b[0] (input port clocked by clk)
Endpoint: prod[0] (output port clocked by clk)
Path Group: clk
Path Type: max

Fanout     Cap    Slew   Delay    Time   Description
-----------------------------------------------------------------------------
                  0.00    0.00    0.00   clock clk (rise edge)
                          0.00    0.00   clock network delay (ideal)
                          2.00    2.00 ^ input external delay
     1    0.00    0.02    0.01    2.01 ^ b[0] (in)
                                         b[0] (net)
                  0.02    0.00    2.01 ^ input9/A (sky130_fd_sc_hd__clkbuf_2)
     4    0.01    0.08    0.12    2.13 ^ input9/X (sky130_fd_sc_hd__clkbuf_2)
                                         net9 (net)
                  0.08    0.00    2.13 ^ _498_/B (sky130_fd_sc_hd__nand2_1)
     4    0.01    0.08    0.10    2.23 v _498_/Y (sky130_fd_sc_hd__nand2_1)
                                         _227_ (net)
                  0.08    0.00    2.23 v _499_/A (sky130_fd_sc_hd__inv_2)
     1    0.00    0.03    0.05    2.29 ^ _499_/Y (sky130_fd_sc_hd__inv_2)
                                         net17 (net)
                  0.03    0.00    2.29 ^ output17/A (sky130_fd_sc_hd__clkbuf_4)
     1    0.03    0.11    0.19    2.47 ^ output17/X (sky130_fd_sc_hd__clkbuf_4)
                                         prod[0] (net)
                  0.11    0.00    2.47 ^ prod[0] (out)
                                  2.47   data arrival time

                  0.00   10.00   10.00   clock clk (rise edge)
                          0.00   10.00   clock network delay (ideal)
                         -0.25    9.75   clock uncertainty
                          0.00    9.75   clock reconvergence pessimism
                         -2.00    7.75   output external delay
                                  7.75   data required time
-----------------------------------------------------------------------------
                                  7.75   data required time
                                 -2.47   data arrival time
-----------------------------------------------------------------------------
                                  5.28   slack (MET)



worst slack corner Typical: 1.7096
